[  0%] Built target _ds_multibeam_msgs_generate_messages_check_deps_LoadXmlCmd
[  0%] Built target std_msgs_generate_messages_cpp
[  0%] Built target ds_core_msgs_generate_messages_cpp
[  0%] Built target _ds_multibeam_msgs_generate_messages_check_deps_MultibeamGridStats
[  0%] Built target _ds_multibeam_msgs_generate_messages_check_deps_NorbitMB
[  0%] Built target _ds_multibeam_msgs_generate_messages_check_deps_SettingsCmd
[  0%] Built target _ds_multibeam_msgs_generate_messages_check_deps_MultibeamGrid
[  0%] Built target _ds_multibeam_msgs_generate_messages_check_deps_PingCmd
[  0%] Built target _ds_multibeam_msgs_generate_messages_check_deps_MultibeamRaw
[  0%] Built target _ds_multibeam_msgs_generate_messages_check_deps_MultibeamFilterStats
[  0%] Built target _ds_multibeam_msgs_generate_messages_check_deps_NorbitWC
[  0%] Built target _ds_multibeam_msgs_generate_messages_check_deps_QueryCmd
[  0%] Built target _ds_multibeam_msgs_generate_messages_check_deps_PwrCmd
[ 18%] Built target ds_multibeam_msgs_generate_messages_cpp
[ 18%] Built target ds_core_msgs_generate_messages_py
[ 18%] Built target std_msgs_generate_messages_py
[ 41%] Built target ds_multibeam_msgs_generate_messages_py
[ 41%] Built target ds_core_msgs_generate_messages_nodejs
[ 41%] Built target std_msgs_generate_messages_nodejs
[ 60%] Built target ds_multibeam_msgs_generate_messages_nodejs
[ 60%] Built target ds_core_msgs_generate_messages_lisp
[ 60%] Built target std_msgs_generate_messages_lisp
[ 79%] Built target ds_multibeam_msgs_generate_messages_lisp
[ 79%] Built target std_msgs_generate_messages_eus
[ 79%] Built target ds_core_msgs_generate_messages_eus
[100%] Built target ds_multibeam_msgs_generate_messages_eus
[100%] Built target ds_multibeam_msgs_generate_messages
[36mInstall the project...[0m
-- Install configuration: ""
-- Installing: /home/constance/uuv_ws/install/_setup_util.py
-- Installing: /home/constance/uuv_ws/install/env.sh
-- Installing: /home/constance/uuv_ws/install/setup.bash
-- Installing: /home/constance/uuv_ws/install/local_setup.bash
-- Installing: /home/constance/uuv_ws/install/setup.sh
-- Installing: /home/constance/uuv_ws/install/local_setup.sh
-- Installing: /home/constance/uuv_ws/install/setup.zsh
-- Installing: /home/constance/uuv_ws/install/local_setup.zsh
-- Installing: /home/constance/uuv_ws/install/.rosinstall
-- Installing: /home/constance/uuv_ws/install/share/ds_multibeam_msgs/msg/MultibeamRaw.msg
-- Installing: /home/constance/uuv_ws/install/share/ds_multibeam_msgs/msg/NorbitMB.msg
-- Installing: /home/constance/uuv_ws/install/share/ds_multibeam_msgs/msg/MultibeamGrid.msg
-- Installing: /home/constance/uuv_ws/install/share/ds_multibeam_msgs/msg/MultibeamGridStats.msg
-- Installing: /home/constance/uuv_ws/install/share/ds_multibeam_msgs/msg/MultibeamFilterStats.msg
-- Up-to-date: /home/constance/uuv_ws/install/share/ds_multibeam_msgs/msg/NorbitMB.msg
-- Installing: /home/constance/uuv_ws/install/share/ds_multibeam_msgs/msg/NorbitWC.msg
-- Installing: /home/constance/uuv_ws/install/share/ds_multibeam_msgs/srv/QueryCmd.srv
-- Installing: /home/constance/uuv_ws/install/share/ds_multibeam_msgs/srv/PingCmd.srv
-- Installing: /home/constance/uuv_ws/install/share/ds_multibeam_msgs/srv/PwrCmd.srv
-- Installing: /home/constance/uuv_ws/install/share/ds_multibeam_msgs/srv/SettingsCmd.srv
-- Installing: /home/constance/uuv_ws/install/share/ds_multibeam_msgs/srv/LoadXmlCmd.srv
-- Installing: /home/constance/uuv_ws/install/share/ds_multibeam_msgs/cmake/ds_multibeam_msgs-msg-paths.cmake
-- Installing: /home/constance/uuv_ws/install/include/ds_multibeam_msgs
-- Installing: /home/constance/uuv_ws/install/include/ds_multibeam_msgs/LoadXmlCmdResponse.h
-- Installing: /home/constance/uuv_ws/install/include/ds_multibeam_msgs/PwrCmdRequest.h
-- Installing: /home/constance/uuv_ws/install/include/ds_multibeam_msgs/PingCmdResponse.h
-- Installing: /home/constance/uuv_ws/install/include/ds_multibeam_msgs/MultibeamGrid.h
-- Installing: /home/constance/uuv_ws/install/include/ds_multibeam_msgs/PingCmdRequest.h
-- Installing: /home/constance/uuv_ws/install/include/ds_multibeam_msgs/SettingsCmdRequest.h
-- Installing: /home/constance/uuv_ws/install/include/ds_multibeam_msgs/NorbitWC.h
-- Installing: /home/constance/uuv_ws/install/include/ds_multibeam_msgs/MultibeamGridStats.h
-- Installing: /home/constance/uuv_ws/install/include/ds_multibeam_msgs/NorbitMB.h
-- Installing: /home/constance/uuv_ws/install/include/ds_multibeam_msgs/PwrCmd.h
-- Installing: /home/constance/uuv_ws/install/include/ds_multibeam_msgs/MultibeamFilterStats.h
-- Installing: /home/constance/uuv_ws/install/include/ds_multibeam_msgs/SettingsCmdResponse.h
-- Installing: /home/constance/uuv_ws/install/include/ds_multibeam_msgs/MultibeamRaw.h
-- Installing: /home/constance/uuv_ws/install/include/ds_multibeam_msgs/SettingsCmd.h
-- Installing: /home/constance/uuv_ws/install/include/ds_multibeam_msgs/QueryCmd.h
-- Installing: /home/constance/uuv_ws/install/include/ds_multibeam_msgs/PwrCmdResponse.h
-- Installing: /home/constance/uuv_ws/install/include/ds_multibeam_msgs/LoadXmlCmd.h
-- Installing: /home/constance/uuv_ws/install/include/ds_multibeam_msgs/PingCmd.h
-- Installing: /home/constance/uuv_ws/install/include/ds_multibeam_msgs/QueryCmdResponse.h
-- Installing: /home/constance/uuv_ws/install/include/ds_multibeam_msgs/QueryCmdRequest.h
-- Installing: /home/constance/uuv_ws/install/include/ds_multibeam_msgs/LoadXmlCmdRequest.h
-- Installing: /home/constance/uuv_ws/install/share/roseus/ros/ds_multibeam_msgs
-- Installing: /home/constance/uuv_ws/install/share/roseus/ros/ds_multibeam_msgs/srv
-- Installing: /home/constance/uuv_ws/install/share/roseus/ros/ds_multibeam_msgs/srv/QueryCmd.l
-- Installing: /home/constance/uuv_ws/install/share/roseus/ros/ds_multibeam_msgs/srv/PingCmd.l
-- Installing: /home/constance/uuv_ws/install/share/roseus/ros/ds_multibeam_msgs/srv/PwrCmd.l
-- Installing: /home/constance/uuv_ws/install/share/roseus/ros/ds_multibeam_msgs/srv/SettingsCmd.l
-- Installing: /home/constance/uuv_ws/install/share/roseus/ros/ds_multibeam_msgs/srv/LoadXmlCmd.l
-- Installing: /home/constance/uuv_ws/install/share/roseus/ros/ds_multibeam_msgs/manifest.l
-- Installing: /home/constance/uuv_ws/install/share/roseus/ros/ds_multibeam_msgs/msg
-- Installing: /home/constance/uuv_ws/install/share/roseus/ros/ds_multibeam_msgs/msg/MultibeamFilterStats.l
-- Installing: /home/constance/uuv_ws/install/share/roseus/ros/ds_multibeam_msgs/msg/MultibeamRaw.l
-- Installing: /home/constance/uuv_ws/install/share/roseus/ros/ds_multibeam_msgs/msg/MultibeamGridStats.l
-- Installing: /home/constance/uuv_ws/install/share/roseus/ros/ds_multibeam_msgs/msg/NorbitWC.l
-- Installing: /home/constance/uuv_ws/install/share/roseus/ros/ds_multibeam_msgs/msg/MultibeamGrid.l
-- Installing: /home/constance/uuv_ws/install/share/roseus/ros/ds_multibeam_msgs/msg/NorbitMB.l
-- Installing: /home/constance/uuv_ws/install/share/common-lisp/ros/ds_multibeam_msgs
-- Installing: /home/constance/uuv_ws/install/share/common-lisp/ros/ds_multibeam_msgs/srv
-- Installing: /home/constance/uuv_ws/install/share/common-lisp/ros/ds_multibeam_msgs/srv/_package_PingCmd.lisp
-- Installing: /home/constance/uuv_ws/install/share/common-lisp/ros/ds_multibeam_msgs/srv/LoadXmlCmd.lisp
-- Installing: /home/constance/uuv_ws/install/share/common-lisp/ros/ds_multibeam_msgs/srv/PwrCmd.lisp
-- Installing: /home/constance/uuv_ws/install/share/common-lisp/ros/ds_multibeam_msgs/srv/PingCmd.lisp
-- Installing: /home/constance/uuv_ws/install/share/common-lisp/ros/ds_multibeam_msgs/srv/QueryCmd.lisp
-- Installing: /home/constance/uuv_ws/install/share/common-lisp/ros/ds_multibeam_msgs/srv/_package.lisp
-- Installing: /home/constance/uuv_ws/install/share/common-lisp/ros/ds_multibeam_msgs/srv/_package_SettingsCmd.lisp
-- Installing: /home/constance/uuv_ws/install/share/common-lisp/ros/ds_multibeam_msgs/srv/_package_QueryCmd.lisp
-- Installing: /home/constance/uuv_ws/install/share/common-lisp/ros/ds_multibeam_msgs/srv/SettingsCmd.lisp
-- Installing: /home/constance/uuv_ws/install/share/common-lisp/ros/ds_multibeam_msgs/srv/_package_PwrCmd.lisp
-- Installing: /home/constance/uuv_ws/install/share/common-lisp/ros/ds_multibeam_msgs/srv/ds_multibeam_msgs-srv.asd
-- Installing: /home/constance/uuv_ws/install/share/common-lisp/ros/ds_multibeam_msgs/srv/_package_LoadXmlCmd.lisp
-- Installing: /home/constance/uuv_ws/install/share/common-lisp/ros/ds_multibeam_msgs/msg
-- Installing: /home/constance/uuv_ws/install/share/common-lisp/ros/ds_multibeam_msgs/msg/ds_multibeam_msgs-msg.asd
-- Installing: /home/constance/uuv_ws/install/share/common-lisp/ros/ds_multibeam_msgs/msg/_package_MultibeamFilterStats.lisp
-- Installing: /home/constance/uuv_ws/install/share/common-lisp/ros/ds_multibeam_msgs/msg/_package_MultibeamRaw.lisp
-- Installing: /home/constance/uuv_ws/install/share/common-lisp/ros/ds_multibeam_msgs/msg/MultibeamGrid.lisp
-- Installing: /home/constance/uuv_ws/install/share/common-lisp/ros/ds_multibeam_msgs/msg/MultibeamFilterStats.lisp
-- Installing: /home/constance/uuv_ws/install/share/common-lisp/ros/ds_multibeam_msgs/msg/NorbitWC.lisp
-- Installing: /home/constance/uuv_ws/install/share/common-lisp/ros/ds_multibeam_msgs/msg/MultibeamRaw.lisp
-- Installing: /home/constance/uuv_ws/install/share/common-lisp/ros/ds_multibeam_msgs/msg/_package.lisp
-- Installing: /home/constance/uuv_ws/install/share/common-lisp/ros/ds_multibeam_msgs/msg/_package_NorbitWC.lisp
-- Installing: /home/constance/uuv_ws/install/share/common-lisp/ros/ds_multibeam_msgs/msg/_package_MultibeamGridStats.lisp
-- Installing: /home/constance/uuv_ws/install/share/common-lisp/ros/ds_multibeam_msgs/msg/MultibeamGridStats.lisp
-- Installing: /home/constance/uuv_ws/install/share/common-lisp/ros/ds_multibeam_msgs/msg/NorbitMB.lisp
-- Installing: /home/constance/uuv_ws/install/share/common-lisp/ros/ds_multibeam_msgs/msg/_package_NorbitMB.lisp
-- Installing: /home/constance/uuv_ws/install/share/common-lisp/ros/ds_multibeam_msgs/msg/_package_MultibeamGrid.lisp
-- Installing: /home/constance/uuv_ws/install/share/gennodejs/ros/ds_multibeam_msgs
-- Installing: /home/constance/uuv_ws/install/share/gennodejs/ros/ds_multibeam_msgs/srv
-- Installing: /home/constance/uuv_ws/install/share/gennodejs/ros/ds_multibeam_msgs/srv/QueryCmd.js
-- Installing: /home/constance/uuv_ws/install/share/gennodejs/ros/ds_multibeam_msgs/srv/PwrCmd.js
-- Installing: /home/constance/uuv_ws/install/share/gennodejs/ros/ds_multibeam_msgs/srv/PingCmd.js
-- Installing: /home/constance/uuv_ws/install/share/gennodejs/ros/ds_multibeam_msgs/srv/_index.js
-- Installing: /home/constance/uuv_ws/install/share/gennodejs/ros/ds_multibeam_msgs/srv/LoadXmlCmd.js
-- Installing: /home/constance/uuv_ws/install/share/gennodejs/ros/ds_multibeam_msgs/srv/SettingsCmd.js
-- Installing: /home/constance/uuv_ws/install/share/gennodejs/ros/ds_multibeam_msgs/_index.js
-- Installing: /home/constance/uuv_ws/install/share/gennodejs/ros/ds_multibeam_msgs/msg
-- Installing: /home/constance/uuv_ws/install/share/gennodejs/ros/ds_multibeam_msgs/msg/MultibeamFilterStats.js
-- Installing: /home/constance/uuv_ws/install/share/gennodejs/ros/ds_multibeam_msgs/msg/NorbitMB.js
-- Installing: /home/constance/uuv_ws/install/share/gennodejs/ros/ds_multibeam_msgs/msg/MultibeamGridStats.js
-- Installing: /home/constance/uuv_ws/install/share/gennodejs/ros/ds_multibeam_msgs/msg/_index.js
-- Installing: /home/constance/uuv_ws/install/share/gennodejs/ros/ds_multibeam_msgs/msg/MultibeamRaw.js
-- Installing: /home/constance/uuv_ws/install/share/gennodejs/ros/ds_multibeam_msgs/msg/NorbitWC.js
-- Installing: /home/constance/uuv_ws/install/share/gennodejs/ros/ds_multibeam_msgs/msg/MultibeamGrid.js
Listing '/home/constance/uuv_ws/devel/.private/ds_multibeam_msgs/lib/python3/dist-packages/ds_multibeam_msgs'...
Compiling '/home/constance/uuv_ws/devel/.private/ds_multibeam_msgs/lib/python3/dist-packages/ds_multibeam_msgs/__init__.py'...
Listing '/home/constance/uuv_ws/devel/.private/ds_multibeam_msgs/lib/python3/dist-packages/ds_multibeam_msgs/msg'...
Compiling '/home/constance/uuv_ws/devel/.private/ds_multibeam_msgs/lib/python3/dist-packages/ds_multibeam_msgs/msg/_MultibeamFilterStats.py'...
Compiling '/home/constance/uuv_ws/devel/.private/ds_multibeam_msgs/lib/python3/dist-packages/ds_multibeam_msgs/msg/_MultibeamGrid.py'...
Compiling '/home/constance/uuv_ws/devel/.private/ds_multibeam_msgs/lib/python3/dist-packages/ds_multibeam_msgs/msg/_MultibeamGridStats.py'...
Compiling '/home/constance/uuv_ws/devel/.private/ds_multibeam_msgs/lib/python3/dist-packages/ds_multibeam_msgs/msg/_MultibeamRaw.py'...
Compiling '/home/constance/uuv_ws/devel/.private/ds_multibeam_msgs/lib/python3/dist-packages/ds_multibeam_msgs/msg/_NorbitMB.py'...
Compiling '/home/constance/uuv_ws/devel/.private/ds_multibeam_msgs/lib/python3/dist-packages/ds_multibeam_msgs/msg/_NorbitWC.py'...
Compiling '/home/constance/uuv_ws/devel/.private/ds_multibeam_msgs/lib/python3/dist-packages/ds_multibeam_msgs/msg/__init__.py'...
Listing '/home/constance/uuv_ws/devel/.private/ds_multibeam_msgs/lib/python3/dist-packages/ds_multibeam_msgs/srv'...
Compiling '/home/constance/uuv_ws/devel/.private/ds_multibeam_msgs/lib/python3/dist-packages/ds_multibeam_msgs/srv/_LoadXmlCmd.py'...
Compiling '/home/constance/uuv_ws/devel/.private/ds_multibeam_msgs/lib/python3/dist-packages/ds_multibeam_msgs/srv/_PingCmd.py'...
Compiling '/home/constance/uuv_ws/devel/.private/ds_multibeam_msgs/lib/python3/dist-packages/ds_multibeam_msgs/srv/_PwrCmd.py'...
Compiling '/home/constance/uuv_ws/devel/.private/ds_multibeam_msgs/lib/python3/dist-packages/ds_multibeam_msgs/srv/_QueryCmd.py'...
Compiling '/home/constance/uuv_ws/devel/.private/ds_multibeam_msgs/lib/python3/dist-packages/ds_multibeam_msgs/srv/_SettingsCmd.py'...
Compiling '/home/constance/uuv_ws/devel/.private/ds_multibeam_msgs/lib/python3/dist-packages/ds_multibeam_msgs/srv/__init__.py'...
-- Installing: /home/constance/uuv_ws/install/lib/python3/dist-packages/ds_multibeam_msgs
-- Installing: /home/constance/uuv_ws/install/lib/python3/dist-packages/ds_multibeam_msgs/srv
-- Installing: /home/constance/uuv_ws/install/lib/python3/dist-packages/ds_multibeam_msgs/srv/_SettingsCmd.py
-- Installing: /home/constance/uuv_ws/install/lib/python3/dist-packages/ds_multibeam_msgs/srv/_LoadXmlCmd.py
-- Installing: /home/constance/uuv_ws/install/lib/python3/dist-packages/ds_multibeam_msgs/srv/_PingCmd.py
-- Installing: /home/constance/uuv_ws/install/lib/python3/dist-packages/ds_multibeam_msgs/srv/__pycache__
-- Installing: /home/constance/uuv_ws/install/lib/python3/dist-packages/ds_multibeam_msgs/srv/__pycache__/__init__.cpython-38.pyc
-- Installing: /home/constance/uuv_ws/install/lib/python3/dist-packages/ds_multibeam_msgs/srv/__pycache__/_SettingsCmd.cpython-38.pyc
-- Installing: /home/constance/uuv_ws/install/lib/python3/dist-packages/ds_multibeam_msgs/srv/__pycache__/_LoadXmlCmd.cpython-38.pyc
-- Installing: /home/constance/uuv_ws/install/lib/python3/dist-packages/ds_multibeam_msgs/srv/__pycache__/_PwrCmd.cpython-38.pyc
-- Installing: /home/constance/uuv_ws/install/lib/python3/dist-packages/ds_multibeam_msgs/srv/__pycache__/_PingCmd.cpython-38.pyc
-- Installing: /home/constance/uuv_ws/install/lib/python3/dist-packages/ds_multibeam_msgs/srv/__pycache__/_QueryCmd.cpython-38.pyc
-- Installing: /home/constance/uuv_ws/install/lib/python3/dist-packages/ds_multibeam_msgs/srv/_PwrCmd.py
-- Installing: /home/constance/uuv_ws/install/lib/python3/dist-packages/ds_multibeam_msgs/srv/__init__.py
-- Installing: /home/constance/uuv_ws/install/lib/python3/dist-packages/ds_multibeam_msgs/srv/_QueryCmd.py
-- Installing: /home/constance/uuv_ws/install/lib/python3/dist-packages/ds_multibeam_msgs/__pycache__
-- Installing: /home/constance/uuv_ws/install/lib/python3/dist-packages/ds_multibeam_msgs/__pycache__/__init__.cpython-38.pyc
-- Installing: /home/constance/uuv_ws/install/lib/python3/dist-packages/ds_multibeam_msgs/msg
-- Installing: /home/constance/uuv_ws/install/lib/python3/dist-packages/ds_multibeam_msgs/msg/_MultibeamFilterStats.py
-- Installing: /home/constance/uuv_ws/install/lib/python3/dist-packages/ds_multibeam_msgs/msg/_NorbitWC.py
-- Installing: /home/constance/uuv_ws/install/lib/python3/dist-packages/ds_multibeam_msgs/msg/__pycache__
-- Installing: /home/constance/uuv_ws/install/lib/python3/dist-packages/ds_multibeam_msgs/msg/__pycache__/__init__.cpython-38.pyc
-- Installing: /home/constance/uuv_ws/install/lib/python3/dist-packages/ds_multibeam_msgs/msg/__pycache__/_MultibeamGridStats.cpython-38.pyc
-- Installing: /home/constance/uuv_ws/install/lib/python3/dist-packages/ds_multibeam_msgs/msg/__pycache__/_MultibeamGrid.cpython-38.pyc
-- Installing: /home/constance/uuv_ws/install/lib/python3/dist-packages/ds_multibeam_msgs/msg/__pycache__/_MultibeamFilterStats.cpython-38.pyc
-- Installing: /home/constance/uuv_ws/install/lib/python3/dist-packages/ds_multibeam_msgs/msg/__pycache__/_MultibeamRaw.cpython-38.pyc
-- Installing: /home/constance/uuv_ws/install/lib/python3/dist-packages/ds_multibeam_msgs/msg/__pycache__/_NorbitMB.cpython-38.pyc
-- Installing: /home/constance/uuv_ws/install/lib/python3/dist-packages/ds_multibeam_msgs/msg/__pycache__/_NorbitWC.cpython-38.pyc
-- Installing: /home/constance/uuv_ws/install/lib/python3/dist-packages/ds_multibeam_msgs/msg/_MultibeamGridStats.py
-- Installing: /home/constance/uuv_ws/install/lib/python3/dist-packages/ds_multibeam_msgs/msg/_MultibeamRaw.py
-- Installing: /home/constance/uuv_ws/install/lib/python3/dist-packages/ds_multibeam_msgs/msg/_NorbitMB.py
-- Installing: /home/constance/uuv_ws/install/lib/python3/dist-packages/ds_multibeam_msgs/msg/__init__.py
-- Installing: /home/constance/uuv_ws/install/lib/python3/dist-packages/ds_multibeam_msgs/msg/_MultibeamGrid.py
-- Installing: /home/constance/uuv_ws/install/lib/python3/dist-packages/ds_multibeam_msgs/__init__.py
-- Installing: /home/constance/uuv_ws/install/lib/pkgconfig/ds_multibeam_msgs.pc
-- Installing: /home/constance/uuv_ws/install/share/ds_multibeam_msgs/cmake/ds_multibeam_msgs-msg-extras.cmake
-- Installing: /home/constance/uuv_ws/install/share/ds_multibeam_msgs/cmake/ds_multibeam_msgsConfig.cmake
-- Installing: /home/constance/uuv_ws/install/share/ds_multibeam_msgs/cmake/ds_multibeam_msgsConfig-version.cmake
-- Installing: /home/constance/uuv_ws/install/share/ds_multibeam_msgs/package.xml
