Linked: (/home/constance/uuv_ws/devel/.private/ds_multibeam_msgs/include/ds_multibeam_msgs/LoadXmlCmdResponse.h, /home/constance/uuv_ws/devel/include/ds_multibeam_msgs/LoadXmlCmdResponse.h)
Linked: (/home/constance/uuv_ws/devel/.private/ds_multibeam_msgs/include/ds_multibeam_msgs/PwrCmdRequest.h, /home/constance/uuv_ws/devel/include/ds_multibeam_msgs/PwrCmdRequest.h)
Linked: (/home/constance/uuv_ws/devel/.private/ds_multibeam_msgs/include/ds_multibeam_msgs/PingCmdResponse.h, /home/constance/uuv_ws/devel/include/ds_multibeam_msgs/PingCmdResponse.h)
Linked: (/home/constance/uuv_ws/devel/.private/ds_multibeam_msgs/include/ds_multibeam_msgs/MultibeamGrid.h, /home/constance/uuv_ws/devel/include/ds_multibeam_msgs/MultibeamGrid.h)
Linked: (/home/constance/uuv_ws/devel/.private/ds_multibeam_msgs/include/ds_multibeam_msgs/PingCmdRequest.h, /home/constance/uuv_ws/devel/include/ds_multibeam_msgs/PingCmdRequest.h)
Linked: (/home/constance/uuv_ws/devel/.private/ds_multibeam_msgs/include/ds_multibeam_msgs/SettingsCmdRequest.h, /home/constance/uuv_ws/devel/include/ds_multibeam_msgs/SettingsCmdRequest.h)
Linked: (/home/constance/uuv_ws/devel/.private/ds_multibeam_msgs/include/ds_multibeam_msgs/NorbitWC.h, /home/constance/uuv_ws/devel/include/ds_multibeam_msgs/NorbitWC.h)
Linked: (/home/constance/uuv_ws/devel/.private/ds_multibeam_msgs/include/ds_multibeam_msgs/MultibeamGridStats.h, /home/constance/uuv_ws/devel/include/ds_multibeam_msgs/MultibeamGridStats.h)
Linked: (/home/constance/uuv_ws/devel/.private/ds_multibeam_msgs/include/ds_multibeam_msgs/NorbitMB.h, /home/constance/uuv_ws/devel/include/ds_multibeam_msgs/NorbitMB.h)
Linked: (/home/constance/uuv_ws/devel/.private/ds_multibeam_msgs/include/ds_multibeam_msgs/PwrCmd.h, /home/constance/uuv_ws/devel/include/ds_multibeam_msgs/PwrCmd.h)
Linked: (/home/constance/uuv_ws/devel/.private/ds_multibeam_msgs/include/ds_multibeam_msgs/MultibeamFilterStats.h, /home/constance/uuv_ws/devel/include/ds_multibeam_msgs/MultibeamFilterStats.h)
Linked: (/home/constance/uuv_ws/devel/.private/ds_multibeam_msgs/include/ds_multibeam_msgs/SettingsCmdResponse.h, /home/constance/uuv_ws/devel/include/ds_multibeam_msgs/SettingsCmdResponse.h)
Linked: (/home/constance/uuv_ws/devel/.private/ds_multibeam_msgs/include/ds_multibeam_msgs/MultibeamRaw.h, /home/constance/uuv_ws/devel/include/ds_multibeam_msgs/MultibeamRaw.h)
Linked: (/home/constance/uuv_ws/devel/.private/ds_multibeam_msgs/include/ds_multibeam_msgs/SettingsCmd.h, /home/constance/uuv_ws/devel/include/ds_multibeam_msgs/SettingsCmd.h)
Linked: (/home/constance/uuv_ws/devel/.private/ds_multibeam_msgs/include/ds_multibeam_msgs/QueryCmd.h, /home/constance/uuv_ws/devel/include/ds_multibeam_msgs/QueryCmd.h)
Linked: (/home/constance/uuv_ws/devel/.private/ds_multibeam_msgs/include/ds_multibeam_msgs/PwrCmdResponse.h, /home/constance/uuv_ws/devel/include/ds_multibeam_msgs/PwrCmdResponse.h)
Linked: (/home/constance/uuv_ws/devel/.private/ds_multibeam_msgs/include/ds_multibeam_msgs/LoadXmlCmd.h, /home/constance/uuv_ws/devel/include/ds_multibeam_msgs/LoadXmlCmd.h)
Linked: (/home/constance/uuv_ws/devel/.private/ds_multibeam_msgs/include/ds_multibeam_msgs/PingCmd.h, /home/constance/uuv_ws/devel/include/ds_multibeam_msgs/PingCmd.h)
Linked: (/home/constance/uuv_ws/devel/.private/ds_multibeam_msgs/include/ds_multibeam_msgs/QueryCmdResponse.h, /home/constance/uuv_ws/devel/include/ds_multibeam_msgs/QueryCmdResponse.h)
Linked: (/home/constance/uuv_ws/devel/.private/ds_multibeam_msgs/include/ds_multibeam_msgs/QueryCmdRequest.h, /home/constance/uuv_ws/devel/include/ds_multibeam_msgs/QueryCmdRequest.h)
Linked: (/home/constance/uuv_ws/devel/.private/ds_multibeam_msgs/include/ds_multibeam_msgs/LoadXmlCmdRequest.h, /home/constance/uuv_ws/devel/include/ds_multibeam_msgs/LoadXmlCmdRequest.h)
Linked: (/home/constance/uuv_ws/devel/.private/ds_multibeam_msgs/share/roseus/ros/ds_multibeam_msgs/manifest.l, /home/constance/uuv_ws/devel/share/roseus/ros/ds_multibeam_msgs/manifest.l)
Linked: (/home/constance/uuv_ws/devel/.private/ds_multibeam_msgs/share/roseus/ros/ds_multibeam_msgs/srv/QueryCmd.l, /home/constance/uuv_ws/devel/share/roseus/ros/ds_multibeam_msgs/srv/QueryCmd.l)
Linked: (/home/constance/uuv_ws/devel/.private/ds_multibeam_msgs/share/roseus/ros/ds_multibeam_msgs/srv/PingCmd.l, /home/constance/uuv_ws/devel/share/roseus/ros/ds_multibeam_msgs/srv/PingCmd.l)
Linked: (/home/constance/uuv_ws/devel/.private/ds_multibeam_msgs/share/roseus/ros/ds_multibeam_msgs/srv/PwrCmd.l, /home/constance/uuv_ws/devel/share/roseus/ros/ds_multibeam_msgs/srv/PwrCmd.l)
Linked: (/home/constance/uuv_ws/devel/.private/ds_multibeam_msgs/share/roseus/ros/ds_multibeam_msgs/srv/SettingsCmd.l, /home/constance/uuv_ws/devel/share/roseus/ros/ds_multibeam_msgs/srv/SettingsCmd.l)
Linked: (/home/constance/uuv_ws/devel/.private/ds_multibeam_msgs/share/roseus/ros/ds_multibeam_msgs/srv/LoadXmlCmd.l, /home/constance/uuv_ws/devel/share/roseus/ros/ds_multibeam_msgs/srv/LoadXmlCmd.l)
Linked: (/home/constance/uuv_ws/devel/.private/ds_multibeam_msgs/share/roseus/ros/ds_multibeam_msgs/msg/MultibeamFilterStats.l, /home/constance/uuv_ws/devel/share/roseus/ros/ds_multibeam_msgs/msg/MultibeamFilterStats.l)
Linked: (/home/constance/uuv_ws/devel/.private/ds_multibeam_msgs/share/roseus/ros/ds_multibeam_msgs/msg/MultibeamRaw.l, /home/constance/uuv_ws/devel/share/roseus/ros/ds_multibeam_msgs/msg/MultibeamRaw.l)
Linked: (/home/constance/uuv_ws/devel/.private/ds_multibeam_msgs/share/roseus/ros/ds_multibeam_msgs/msg/MultibeamGridStats.l, /home/constance/uuv_ws/devel/share/roseus/ros/ds_multibeam_msgs/msg/MultibeamGridStats.l)
Linked: (/home/constance/uuv_ws/devel/.private/ds_multibeam_msgs/share/roseus/ros/ds_multibeam_msgs/msg/NorbitWC.l, /home/constance/uuv_ws/devel/share/roseus/ros/ds_multibeam_msgs/msg/NorbitWC.l)
Linked: (/home/constance/uuv_ws/devel/.private/ds_multibeam_msgs/share/roseus/ros/ds_multibeam_msgs/msg/MultibeamGrid.l, /home/constance/uuv_ws/devel/share/roseus/ros/ds_multibeam_msgs/msg/MultibeamGrid.l)
Linked: (/home/constance/uuv_ws/devel/.private/ds_multibeam_msgs/share/roseus/ros/ds_multibeam_msgs/msg/NorbitMB.l, /home/constance/uuv_ws/devel/share/roseus/ros/ds_multibeam_msgs/msg/NorbitMB.l)
Linked: (/home/constance/uuv_ws/devel/.private/ds_multibeam_msgs/share/ds_multibeam_msgs/cmake/ds_multibeam_msgsConfig.cmake, /home/constance/uuv_ws/devel/share/ds_multibeam_msgs/cmake/ds_multibeam_msgsConfig.cmake)
Linked: (/home/constance/uuv_ws/devel/.private/ds_multibeam_msgs/share/ds_multibeam_msgs/cmake/ds_multibeam_msgs-msg-extras.cmake, /home/constance/uuv_ws/devel/share/ds_multibeam_msgs/cmake/ds_multibeam_msgs-msg-extras.cmake)
Linked: (/home/constance/uuv_ws/devel/.private/ds_multibeam_msgs/share/ds_multibeam_msgs/cmake/ds_multibeam_msgsConfig-version.cmake, /home/constance/uuv_ws/devel/share/ds_multibeam_msgs/cmake/ds_multibeam_msgsConfig-version.cmake)
Linked: (/home/constance/uuv_ws/devel/.private/ds_multibeam_msgs/share/ds_multibeam_msgs/cmake/ds_multibeam_msgs-msg-paths.cmake, /home/constance/uuv_ws/devel/share/ds_multibeam_msgs/cmake/ds_multibeam_msgs-msg-paths.cmake)
Linked: (/home/constance/uuv_ws/devel/.private/ds_multibeam_msgs/share/common-lisp/ros/ds_multibeam_msgs/srv/_package_PingCmd.lisp, /home/constance/uuv_ws/devel/share/common-lisp/ros/ds_multibeam_msgs/srv/_package_PingCmd.lisp)
Linked: (/home/constance/uuv_ws/devel/.private/ds_multibeam_msgs/share/common-lisp/ros/ds_multibeam_msgs/srv/LoadXmlCmd.lisp, /home/constance/uuv_ws/devel/share/common-lisp/ros/ds_multibeam_msgs/srv/LoadXmlCmd.lisp)
Linked: (/home/constance/uuv_ws/devel/.private/ds_multibeam_msgs/share/common-lisp/ros/ds_multibeam_msgs/srv/PwrCmd.lisp, /home/constance/uuv_ws/devel/share/common-lisp/ros/ds_multibeam_msgs/srv/PwrCmd.lisp)
Linked: (/home/constance/uuv_ws/devel/.private/ds_multibeam_msgs/share/common-lisp/ros/ds_multibeam_msgs/srv/PingCmd.lisp, /home/constance/uuv_ws/devel/share/common-lisp/ros/ds_multibeam_msgs/srv/PingCmd.lisp)
Linked: (/home/constance/uuv_ws/devel/.private/ds_multibeam_msgs/share/common-lisp/ros/ds_multibeam_msgs/srv/QueryCmd.lisp, /home/constance/uuv_ws/devel/share/common-lisp/ros/ds_multibeam_msgs/srv/QueryCmd.lisp)
Linked: (/home/constance/uuv_ws/devel/.private/ds_multibeam_msgs/share/common-lisp/ros/ds_multibeam_msgs/srv/_package.lisp, /home/constance/uuv_ws/devel/share/common-lisp/ros/ds_multibeam_msgs/srv/_package.lisp)
Linked: (/home/constance/uuv_ws/devel/.private/ds_multibeam_msgs/share/common-lisp/ros/ds_multibeam_msgs/srv/_package_SettingsCmd.lisp, /home/constance/uuv_ws/devel/share/common-lisp/ros/ds_multibeam_msgs/srv/_package_SettingsCmd.lisp)
Linked: (/home/constance/uuv_ws/devel/.private/ds_multibeam_msgs/share/common-lisp/ros/ds_multibeam_msgs/srv/_package_QueryCmd.lisp, /home/constance/uuv_ws/devel/share/common-lisp/ros/ds_multibeam_msgs/srv/_package_QueryCmd.lisp)
Linked: (/home/constance/uuv_ws/devel/.private/ds_multibeam_msgs/share/common-lisp/ros/ds_multibeam_msgs/srv/SettingsCmd.lisp, /home/constance/uuv_ws/devel/share/common-lisp/ros/ds_multibeam_msgs/srv/SettingsCmd.lisp)
Linked: (/home/constance/uuv_ws/devel/.private/ds_multibeam_msgs/share/common-lisp/ros/ds_multibeam_msgs/srv/_package_PwrCmd.lisp, /home/constance/uuv_ws/devel/share/common-lisp/ros/ds_multibeam_msgs/srv/_package_PwrCmd.lisp)
Linked: (/home/constance/uuv_ws/devel/.private/ds_multibeam_msgs/share/common-lisp/ros/ds_multibeam_msgs/srv/ds_multibeam_msgs-srv.asd, /home/constance/uuv_ws/devel/share/common-lisp/ros/ds_multibeam_msgs/srv/ds_multibeam_msgs-srv.asd)
Linked: (/home/constance/uuv_ws/devel/.private/ds_multibeam_msgs/share/common-lisp/ros/ds_multibeam_msgs/srv/_package_LoadXmlCmd.lisp, /home/constance/uuv_ws/devel/share/common-lisp/ros/ds_multibeam_msgs/srv/_package_LoadXmlCmd.lisp)
Linked: (/home/constance/uuv_ws/devel/.private/ds_multibeam_msgs/share/common-lisp/ros/ds_multibeam_msgs/msg/ds_multibeam_msgs-msg.asd, /home/constance/uuv_ws/devel/share/common-lisp/ros/ds_multibeam_msgs/msg/ds_multibeam_msgs-msg.asd)
Linked: (/home/constance/uuv_ws/devel/.private/ds_multibeam_msgs/share/common-lisp/ros/ds_multibeam_msgs/msg/_package_MultibeamFilterStats.lisp, /home/constance/uuv_ws/devel/share/common-lisp/ros/ds_multibeam_msgs/msg/_package_MultibeamFilterStats.lisp)
Linked: (/home/constance/uuv_ws/devel/.private/ds_multibeam_msgs/share/common-lisp/ros/ds_multibeam_msgs/msg/_package_MultibeamRaw.lisp, /home/constance/uuv_ws/devel/share/common-lisp/ros/ds_multibeam_msgs/msg/_package_MultibeamRaw.lisp)
Linked: (/home/constance/uuv_ws/devel/.private/ds_multibeam_msgs/share/common-lisp/ros/ds_multibeam_msgs/msg/MultibeamGrid.lisp, /home/constance/uuv_ws/devel/share/common-lisp/ros/ds_multibeam_msgs/msg/MultibeamGrid.lisp)
Linked: (/home/constance/uuv_ws/devel/.private/ds_multibeam_msgs/share/common-lisp/ros/ds_multibeam_msgs/msg/MultibeamFilterStats.lisp, /home/constance/uuv_ws/devel/share/common-lisp/ros/ds_multibeam_msgs/msg/MultibeamFilterStats.lisp)
Linked: (/home/constance/uuv_ws/devel/.private/ds_multibeam_msgs/share/common-lisp/ros/ds_multibeam_msgs/msg/NorbitWC.lisp, /home/constance/uuv_ws/devel/share/common-lisp/ros/ds_multibeam_msgs/msg/NorbitWC.lisp)
Linked: (/home/constance/uuv_ws/devel/.private/ds_multibeam_msgs/share/common-lisp/ros/ds_multibeam_msgs/msg/MultibeamRaw.lisp, /home/constance/uuv_ws/devel/share/common-lisp/ros/ds_multibeam_msgs/msg/MultibeamRaw.lisp)
Linked: (/home/constance/uuv_ws/devel/.private/ds_multibeam_msgs/share/common-lisp/ros/ds_multibeam_msgs/msg/_package.lisp, /home/constance/uuv_ws/devel/share/common-lisp/ros/ds_multibeam_msgs/msg/_package.lisp)
Linked: (/home/constance/uuv_ws/devel/.private/ds_multibeam_msgs/share/common-lisp/ros/ds_multibeam_msgs/msg/_package_NorbitWC.lisp, /home/constance/uuv_ws/devel/share/common-lisp/ros/ds_multibeam_msgs/msg/_package_NorbitWC.lisp)
Linked: (/home/constance/uuv_ws/devel/.private/ds_multibeam_msgs/share/common-lisp/ros/ds_multibeam_msgs/msg/_package_MultibeamGridStats.lisp, /home/constance/uuv_ws/devel/share/common-lisp/ros/ds_multibeam_msgs/msg/_package_MultibeamGridStats.lisp)
Linked: (/home/constance/uuv_ws/devel/.private/ds_multibeam_msgs/share/common-lisp/ros/ds_multibeam_msgs/msg/MultibeamGridStats.lisp, /home/constance/uuv_ws/devel/share/common-lisp/ros/ds_multibeam_msgs/msg/MultibeamGridStats.lisp)
Linked: (/home/constance/uuv_ws/devel/.private/ds_multibeam_msgs/share/common-lisp/ros/ds_multibeam_msgs/msg/NorbitMB.lisp, /home/constance/uuv_ws/devel/share/common-lisp/ros/ds_multibeam_msgs/msg/NorbitMB.lisp)
Linked: (/home/constance/uuv_ws/devel/.private/ds_multibeam_msgs/share/common-lisp/ros/ds_multibeam_msgs/msg/_package_NorbitMB.lisp, /home/constance/uuv_ws/devel/share/common-lisp/ros/ds_multibeam_msgs/msg/_package_NorbitMB.lisp)
Linked: (/home/constance/uuv_ws/devel/.private/ds_multibeam_msgs/share/common-lisp/ros/ds_multibeam_msgs/msg/_package_MultibeamGrid.lisp, /home/constance/uuv_ws/devel/share/common-lisp/ros/ds_multibeam_msgs/msg/_package_MultibeamGrid.lisp)
Linked: (/home/constance/uuv_ws/devel/.private/ds_multibeam_msgs/share/gennodejs/ros/ds_multibeam_msgs/_index.js, /home/constance/uuv_ws/devel/share/gennodejs/ros/ds_multibeam_msgs/_index.js)
Linked: (/home/constance/uuv_ws/devel/.private/ds_multibeam_msgs/share/gennodejs/ros/ds_multibeam_msgs/srv/QueryCmd.js, /home/constance/uuv_ws/devel/share/gennodejs/ros/ds_multibeam_msgs/srv/QueryCmd.js)
Linked: (/home/constance/uuv_ws/devel/.private/ds_multibeam_msgs/share/gennodejs/ros/ds_multibeam_msgs/srv/PwrCmd.js, /home/constance/uuv_ws/devel/share/gennodejs/ros/ds_multibeam_msgs/srv/PwrCmd.js)
Linked: (/home/constance/uuv_ws/devel/.private/ds_multibeam_msgs/share/gennodejs/ros/ds_multibeam_msgs/srv/PingCmd.js, /home/constance/uuv_ws/devel/share/gennodejs/ros/ds_multibeam_msgs/srv/PingCmd.js)
Linked: (/home/constance/uuv_ws/devel/.private/ds_multibeam_msgs/share/gennodejs/ros/ds_multibeam_msgs/srv/_index.js, /home/constance/uuv_ws/devel/share/gennodejs/ros/ds_multibeam_msgs/srv/_index.js)
Linked: (/home/constance/uuv_ws/devel/.private/ds_multibeam_msgs/share/gennodejs/ros/ds_multibeam_msgs/srv/LoadXmlCmd.js, /home/constance/uuv_ws/devel/share/gennodejs/ros/ds_multibeam_msgs/srv/LoadXmlCmd.js)
Linked: (/home/constance/uuv_ws/devel/.private/ds_multibeam_msgs/share/gennodejs/ros/ds_multibeam_msgs/srv/SettingsCmd.js, /home/constance/uuv_ws/devel/share/gennodejs/ros/ds_multibeam_msgs/srv/SettingsCmd.js)
Linked: (/home/constance/uuv_ws/devel/.private/ds_multibeam_msgs/share/gennodejs/ros/ds_multibeam_msgs/msg/MultibeamFilterStats.js, /home/constance/uuv_ws/devel/share/gennodejs/ros/ds_multibeam_msgs/msg/MultibeamFilterStats.js)
Linked: (/home/constance/uuv_ws/devel/.private/ds_multibeam_msgs/share/gennodejs/ros/ds_multibeam_msgs/msg/NorbitMB.js, /home/constance/uuv_ws/devel/share/gennodejs/ros/ds_multibeam_msgs/msg/NorbitMB.js)
Linked: (/home/constance/uuv_ws/devel/.private/ds_multibeam_msgs/share/gennodejs/ros/ds_multibeam_msgs/msg/MultibeamGridStats.js, /home/constance/uuv_ws/devel/share/gennodejs/ros/ds_multibeam_msgs/msg/MultibeamGridStats.js)
Linked: (/home/constance/uuv_ws/devel/.private/ds_multibeam_msgs/share/gennodejs/ros/ds_multibeam_msgs/msg/_index.js, /home/constance/uuv_ws/devel/share/gennodejs/ros/ds_multibeam_msgs/msg/_index.js)
Linked: (/home/constance/uuv_ws/devel/.private/ds_multibeam_msgs/share/gennodejs/ros/ds_multibeam_msgs/msg/MultibeamRaw.js, /home/constance/uuv_ws/devel/share/gennodejs/ros/ds_multibeam_msgs/msg/MultibeamRaw.js)
Linked: (/home/constance/uuv_ws/devel/.private/ds_multibeam_msgs/share/gennodejs/ros/ds_multibeam_msgs/msg/NorbitWC.js, /home/constance/uuv_ws/devel/share/gennodejs/ros/ds_multibeam_msgs/msg/NorbitWC.js)
Linked: (/home/constance/uuv_ws/devel/.private/ds_multibeam_msgs/share/gennodejs/ros/ds_multibeam_msgs/msg/MultibeamGrid.js, /home/constance/uuv_ws/devel/share/gennodejs/ros/ds_multibeam_msgs/msg/MultibeamGrid.js)
Linked: (/home/constance/uuv_ws/devel/.private/ds_multibeam_msgs/lib/python3/dist-packages/ds_multibeam_msgs/__init__.py, /home/constance/uuv_ws/devel/lib/python3/dist-packages/ds_multibeam_msgs/__init__.py)
Linked: (/home/constance/uuv_ws/devel/.private/ds_multibeam_msgs/lib/python3/dist-packages/ds_multibeam_msgs/srv/_SettingsCmd.py, /home/constance/uuv_ws/devel/lib/python3/dist-packages/ds_multibeam_msgs/srv/_SettingsCmd.py)
Linked: (/home/constance/uuv_ws/devel/.private/ds_multibeam_msgs/lib/python3/dist-packages/ds_multibeam_msgs/srv/_LoadXmlCmd.py, /home/constance/uuv_ws/devel/lib/python3/dist-packages/ds_multibeam_msgs/srv/_LoadXmlCmd.py)
Linked: (/home/constance/uuv_ws/devel/.private/ds_multibeam_msgs/lib/python3/dist-packages/ds_multibeam_msgs/srv/_PingCmd.py, /home/constance/uuv_ws/devel/lib/python3/dist-packages/ds_multibeam_msgs/srv/_PingCmd.py)
Linked: (/home/constance/uuv_ws/devel/.private/ds_multibeam_msgs/lib/python3/dist-packages/ds_multibeam_msgs/srv/_PwrCmd.py, /home/constance/uuv_ws/devel/lib/python3/dist-packages/ds_multibeam_msgs/srv/_PwrCmd.py)
Linked: (/home/constance/uuv_ws/devel/.private/ds_multibeam_msgs/lib/python3/dist-packages/ds_multibeam_msgs/srv/__init__.py, /home/constance/uuv_ws/devel/lib/python3/dist-packages/ds_multibeam_msgs/srv/__init__.py)
Linked: (/home/constance/uuv_ws/devel/.private/ds_multibeam_msgs/lib/python3/dist-packages/ds_multibeam_msgs/srv/_QueryCmd.py, /home/constance/uuv_ws/devel/lib/python3/dist-packages/ds_multibeam_msgs/srv/_QueryCmd.py)
Linked: (/home/constance/uuv_ws/devel/.private/ds_multibeam_msgs/lib/python3/dist-packages/ds_multibeam_msgs/msg/_MultibeamFilterStats.py, /home/constance/uuv_ws/devel/lib/python3/dist-packages/ds_multibeam_msgs/msg/_MultibeamFilterStats.py)
Linked: (/home/constance/uuv_ws/devel/.private/ds_multibeam_msgs/lib/python3/dist-packages/ds_multibeam_msgs/msg/_NorbitWC.py, /home/constance/uuv_ws/devel/lib/python3/dist-packages/ds_multibeam_msgs/msg/_NorbitWC.py)
Linked: (/home/constance/uuv_ws/devel/.private/ds_multibeam_msgs/lib/python3/dist-packages/ds_multibeam_msgs/msg/_MultibeamGridStats.py, /home/constance/uuv_ws/devel/lib/python3/dist-packages/ds_multibeam_msgs/msg/_MultibeamGridStats.py)
Linked: (/home/constance/uuv_ws/devel/.private/ds_multibeam_msgs/lib/python3/dist-packages/ds_multibeam_msgs/msg/_MultibeamRaw.py, /home/constance/uuv_ws/devel/lib/python3/dist-packages/ds_multibeam_msgs/msg/_MultibeamRaw.py)
Linked: (/home/constance/uuv_ws/devel/.private/ds_multibeam_msgs/lib/python3/dist-packages/ds_multibeam_msgs/msg/_NorbitMB.py, /home/constance/uuv_ws/devel/lib/python3/dist-packages/ds_multibeam_msgs/msg/_NorbitMB.py)
Linked: (/home/constance/uuv_ws/devel/.private/ds_multibeam_msgs/lib/python3/dist-packages/ds_multibeam_msgs/msg/__init__.py, /home/constance/uuv_ws/devel/lib/python3/dist-packages/ds_multibeam_msgs/msg/__init__.py)
Linked: (/home/constance/uuv_ws/devel/.private/ds_multibeam_msgs/lib/python3/dist-packages/ds_multibeam_msgs/msg/_MultibeamGrid.py, /home/constance/uuv_ws/devel/lib/python3/dist-packages/ds_multibeam_msgs/msg/_MultibeamGrid.py)
Linked: (/home/constance/uuv_ws/devel/.private/ds_multibeam_msgs/lib/pkgconfig/ds_multibeam_msgs.pc, /home/constance/uuv_ws/devel/lib/pkgconfig/ds_multibeam_msgs.pc)
