Symlinking /home/constance/uuv_ws/devel/include/ds_multibeam_msgs/LoadXmlCmdResponse.h
Symlinking /home/constance/uuv_ws/devel/include/ds_multibeam_msgs/PwrCmdRequest.h
Symlinking /home/constance/uuv_ws/devel/include/ds_multibeam_msgs/PingCmdResponse.h
Symlinking /home/constance/uuv_ws/devel/include/ds_multibeam_msgs/MultibeamGrid.h
Symlinking /home/constance/uuv_ws/devel/include/ds_multibeam_msgs/PingCmdRequest.h
Symlinking /home/constance/uuv_ws/devel/include/ds_multibeam_msgs/SettingsCmdRequest.h
Symlinking /home/constance/uuv_ws/devel/include/ds_multibeam_msgs/NorbitWC.h
Symlinking /home/constance/uuv_ws/devel/include/ds_multibeam_msgs/MultibeamGridStats.h
Symlinking /home/constance/uuv_ws/devel/include/ds_multibeam_msgs/NorbitMB.h
Symlinking /home/constance/uuv_ws/devel/include/ds_multibeam_msgs/PwrCmd.h
Symlinking /home/constance/uuv_ws/devel/include/ds_multibeam_msgs/MultibeamFilterStats.h
Symlinking /home/constance/uuv_ws/devel/include/ds_multibeam_msgs/SettingsCmdResponse.h
Symlinking /home/constance/uuv_ws/devel/include/ds_multibeam_msgs/MultibeamRaw.h
Symlinking /home/constance/uuv_ws/devel/include/ds_multibeam_msgs/SettingsCmd.h
Symlinking /home/constance/uuv_ws/devel/include/ds_multibeam_msgs/QueryCmd.h
Symlinking /home/constance/uuv_ws/devel/include/ds_multibeam_msgs/PwrCmdResponse.h
Symlinking /home/constance/uuv_ws/devel/include/ds_multibeam_msgs/LoadXmlCmd.h
Symlinking /home/constance/uuv_ws/devel/include/ds_multibeam_msgs/PingCmd.h
Symlinking /home/constance/uuv_ws/devel/include/ds_multibeam_msgs/QueryCmdResponse.h
Symlinking /home/constance/uuv_ws/devel/include/ds_multibeam_msgs/QueryCmdRequest.h
Symlinking /home/constance/uuv_ws/devel/include/ds_multibeam_msgs/LoadXmlCmdRequest.h
Symlinking /home/constance/uuv_ws/devel/share/roseus/ros/ds_multibeam_msgs/manifest.l
Symlinking /home/constance/uuv_ws/devel/share/roseus/ros/ds_multibeam_msgs/srv/QueryCmd.l
Symlinking /home/constance/uuv_ws/devel/share/roseus/ros/ds_multibeam_msgs/srv/PingCmd.l
Symlinking /home/constance/uuv_ws/devel/share/roseus/ros/ds_multibeam_msgs/srv/PwrCmd.l
Symlinking /home/constance/uuv_ws/devel/share/roseus/ros/ds_multibeam_msgs/srv/SettingsCmd.l
Symlinking /home/constance/uuv_ws/devel/share/roseus/ros/ds_multibeam_msgs/srv/LoadXmlCmd.l
Symlinking /home/constance/uuv_ws/devel/share/roseus/ros/ds_multibeam_msgs/msg/MultibeamFilterStats.l
Symlinking /home/constance/uuv_ws/devel/share/roseus/ros/ds_multibeam_msgs/msg/MultibeamRaw.l
Symlinking /home/constance/uuv_ws/devel/share/roseus/ros/ds_multibeam_msgs/msg/MultibeamGridStats.l
Symlinking /home/constance/uuv_ws/devel/share/roseus/ros/ds_multibeam_msgs/msg/NorbitWC.l
Symlinking /home/constance/uuv_ws/devel/share/roseus/ros/ds_multibeam_msgs/msg/MultibeamGrid.l
Symlinking /home/constance/uuv_ws/devel/share/roseus/ros/ds_multibeam_msgs/msg/NorbitMB.l
Symlinking /home/constance/uuv_ws/devel/share/ds_multibeam_msgs/cmake/ds_multibeam_msgsConfig.cmake
Symlinking /home/constance/uuv_ws/devel/share/ds_multibeam_msgs/cmake/ds_multibeam_msgs-msg-extras.cmake
Symlinking /home/constance/uuv_ws/devel/share/ds_multibeam_msgs/cmake/ds_multibeam_msgsConfig-version.cmake
Symlinking /home/constance/uuv_ws/devel/share/ds_multibeam_msgs/cmake/ds_multibeam_msgs-msg-paths.cmake
Symlinking /home/constance/uuv_ws/devel/share/common-lisp/ros/ds_multibeam_msgs/srv/_package_PingCmd.lisp
Symlinking /home/constance/uuv_ws/devel/share/common-lisp/ros/ds_multibeam_msgs/srv/LoadXmlCmd.lisp
Symlinking /home/constance/uuv_ws/devel/share/common-lisp/ros/ds_multibeam_msgs/srv/PwrCmd.lisp
Symlinking /home/constance/uuv_ws/devel/share/common-lisp/ros/ds_multibeam_msgs/srv/PingCmd.lisp
Symlinking /home/constance/uuv_ws/devel/share/common-lisp/ros/ds_multibeam_msgs/srv/QueryCmd.lisp
Symlinking /home/constance/uuv_ws/devel/share/common-lisp/ros/ds_multibeam_msgs/srv/_package.lisp
Symlinking /home/constance/uuv_ws/devel/share/common-lisp/ros/ds_multibeam_msgs/srv/_package_SettingsCmd.lisp
Symlinking /home/constance/uuv_ws/devel/share/common-lisp/ros/ds_multibeam_msgs/srv/_package_QueryCmd.lisp
Symlinking /home/constance/uuv_ws/devel/share/common-lisp/ros/ds_multibeam_msgs/srv/SettingsCmd.lisp
Symlinking /home/constance/uuv_ws/devel/share/common-lisp/ros/ds_multibeam_msgs/srv/_package_PwrCmd.lisp
Symlinking /home/constance/uuv_ws/devel/share/common-lisp/ros/ds_multibeam_msgs/srv/ds_multibeam_msgs-srv.asd
Symlinking /home/constance/uuv_ws/devel/share/common-lisp/ros/ds_multibeam_msgs/srv/_package_LoadXmlCmd.lisp
Symlinking /home/constance/uuv_ws/devel/share/common-lisp/ros/ds_multibeam_msgs/msg/ds_multibeam_msgs-msg.asd
Symlinking /home/constance/uuv_ws/devel/share/common-lisp/ros/ds_multibeam_msgs/msg/_package_MultibeamFilterStats.lisp
Symlinking /home/constance/uuv_ws/devel/share/common-lisp/ros/ds_multibeam_msgs/msg/_package_MultibeamRaw.lisp
Symlinking /home/constance/uuv_ws/devel/share/common-lisp/ros/ds_multibeam_msgs/msg/MultibeamGrid.lisp
Symlinking /home/constance/uuv_ws/devel/share/common-lisp/ros/ds_multibeam_msgs/msg/MultibeamFilterStats.lisp
Symlinking /home/constance/uuv_ws/devel/share/common-lisp/ros/ds_multibeam_msgs/msg/NorbitWC.lisp
Symlinking /home/constance/uuv_ws/devel/share/common-lisp/ros/ds_multibeam_msgs/msg/MultibeamRaw.lisp
Symlinking /home/constance/uuv_ws/devel/share/common-lisp/ros/ds_multibeam_msgs/msg/_package.lisp
Symlinking /home/constance/uuv_ws/devel/share/common-lisp/ros/ds_multibeam_msgs/msg/_package_NorbitWC.lisp
Symlinking /home/constance/uuv_ws/devel/share/common-lisp/ros/ds_multibeam_msgs/msg/_package_MultibeamGridStats.lisp
Symlinking /home/constance/uuv_ws/devel/share/common-lisp/ros/ds_multibeam_msgs/msg/MultibeamGridStats.lisp
Symlinking /home/constance/uuv_ws/devel/share/common-lisp/ros/ds_multibeam_msgs/msg/NorbitMB.lisp
Symlinking /home/constance/uuv_ws/devel/share/common-lisp/ros/ds_multibeam_msgs/msg/_package_NorbitMB.lisp
Symlinking /home/constance/uuv_ws/devel/share/common-lisp/ros/ds_multibeam_msgs/msg/_package_MultibeamGrid.lisp
Symlinking /home/constance/uuv_ws/devel/share/gennodejs/ros/ds_multibeam_msgs/_index.js
Symlinking /home/constance/uuv_ws/devel/share/gennodejs/ros/ds_multibeam_msgs/srv/QueryCmd.js
Symlinking /home/constance/uuv_ws/devel/share/gennodejs/ros/ds_multibeam_msgs/srv/PwrCmd.js
Symlinking /home/constance/uuv_ws/devel/share/gennodejs/ros/ds_multibeam_msgs/srv/PingCmd.js
Symlinking /home/constance/uuv_ws/devel/share/gennodejs/ros/ds_multibeam_msgs/srv/_index.js
Symlinking /home/constance/uuv_ws/devel/share/gennodejs/ros/ds_multibeam_msgs/srv/LoadXmlCmd.js
Symlinking /home/constance/uuv_ws/devel/share/gennodejs/ros/ds_multibeam_msgs/srv/SettingsCmd.js
Symlinking /home/constance/uuv_ws/devel/share/gennodejs/ros/ds_multibeam_msgs/msg/MultibeamFilterStats.js
Symlinking /home/constance/uuv_ws/devel/share/gennodejs/ros/ds_multibeam_msgs/msg/NorbitMB.js
Symlinking /home/constance/uuv_ws/devel/share/gennodejs/ros/ds_multibeam_msgs/msg/MultibeamGridStats.js
Symlinking /home/constance/uuv_ws/devel/share/gennodejs/ros/ds_multibeam_msgs/msg/_index.js
Symlinking /home/constance/uuv_ws/devel/share/gennodejs/ros/ds_multibeam_msgs/msg/MultibeamRaw.js
Symlinking /home/constance/uuv_ws/devel/share/gennodejs/ros/ds_multibeam_msgs/msg/NorbitWC.js
Symlinking /home/constance/uuv_ws/devel/share/gennodejs/ros/ds_multibeam_msgs/msg/MultibeamGrid.js
Symlinking /home/constance/uuv_ws/devel/lib/python3/dist-packages/ds_multibeam_msgs/__init__.py
Symlinking /home/constance/uuv_ws/devel/lib/python3/dist-packages/ds_multibeam_msgs/srv/_SettingsCmd.py
Symlinking /home/constance/uuv_ws/devel/lib/python3/dist-packages/ds_multibeam_msgs/srv/_LoadXmlCmd.py
Symlinking /home/constance/uuv_ws/devel/lib/python3/dist-packages/ds_multibeam_msgs/srv/_PingCmd.py
Symlinking /home/constance/uuv_ws/devel/lib/python3/dist-packages/ds_multibeam_msgs/srv/_PwrCmd.py
Symlinking /home/constance/uuv_ws/devel/lib/python3/dist-packages/ds_multibeam_msgs/srv/__init__.py
Symlinking /home/constance/uuv_ws/devel/lib/python3/dist-packages/ds_multibeam_msgs/srv/_QueryCmd.py
Symlinking /home/constance/uuv_ws/devel/lib/python3/dist-packages/ds_multibeam_msgs/msg/_MultibeamFilterStats.py
Symlinking /home/constance/uuv_ws/devel/lib/python3/dist-packages/ds_multibeam_msgs/msg/_NorbitWC.py
Symlinking /home/constance/uuv_ws/devel/lib/python3/dist-packages/ds_multibeam_msgs/msg/_MultibeamGridStats.py
Symlinking /home/constance/uuv_ws/devel/lib/python3/dist-packages/ds_multibeam_msgs/msg/_MultibeamRaw.py
Symlinking /home/constance/uuv_ws/devel/lib/python3/dist-packages/ds_multibeam_msgs/msg/_NorbitMB.py
Symlinking /home/constance/uuv_ws/devel/lib/python3/dist-packages/ds_multibeam_msgs/msg/__init__.py
Symlinking /home/constance/uuv_ws/devel/lib/python3/dist-packages/ds_multibeam_msgs/msg/_MultibeamGrid.py
Symlinking /home/constance/uuv_ws/devel/lib/pkgconfig/ds_multibeam_msgs.pc
