[35m[1mScanning dependencies of target _ds_multibeam_msgs_generate_messages_check_deps_LoadXmlCmd[0m
[  0%] Built target _ds_multibeam_msgs_generate_messages_check_deps_LoadXmlCmd
[35m[1mScanning dependencies of target std_msgs_generate_messages_cpp[0m
[  0%] Built target std_msgs_generate_messages_cpp
[35m[1mScanning dependencies of target ds_core_msgs_generate_messages_cpp[0m
[  0%] Built target ds_core_msgs_generate_messages_cpp
[35m[1mScanning dependencies of target _ds_multibeam_msgs_generate_messages_check_deps_MultibeamGridStats[0m
[  0%] Built target _ds_multibeam_msgs_generate_messages_check_deps_MultibeamGridStats
[35m[1mScanning dependencies of target _ds_multibeam_msgs_generate_messages_check_deps_NorbitMB[0m
[  0%] Built target _ds_multibeam_msgs_generate_messages_check_deps_NorbitMB
[35m[1mScanning dependencies of target _ds_multibeam_msgs_generate_messages_check_deps_SettingsCmd[0m
[  0%] Built target _ds_multibeam_msgs_generate_messages_check_deps_SettingsCmd
[35m[1mScanning dependencies of target _ds_multibeam_msgs_generate_messages_check_deps_MultibeamGrid[0m
[  0%] Built target _ds_multibeam_msgs_generate_messages_check_deps_MultibeamGrid
[35m[1mScanning dependencies of target _ds_multibeam_msgs_generate_messages_check_deps_PingCmd[0m
[  0%] Built target _ds_multibeam_msgs_generate_messages_check_deps_PingCmd
[35m[1mScanning dependencies of target _ds_multibeam_msgs_generate_messages_check_deps_MultibeamRaw[0m
[  0%] Built target _ds_multibeam_msgs_generate_messages_check_deps_MultibeamRaw
[35m[1mScanning dependencies of target _ds_multibeam_msgs_generate_messages_check_deps_MultibeamFilterStats[0m
[  0%] Built target _ds_multibeam_msgs_generate_messages_check_deps_MultibeamFilterStats
[35m[1mScanning dependencies of target _ds_multibeam_msgs_generate_messages_check_deps_NorbitWC[0m
[  0%] Built target _ds_multibeam_msgs_generate_messages_check_deps_NorbitWC
[35m[1mScanning dependencies of target _ds_multibeam_msgs_generate_messages_check_deps_QueryCmd[0m
[  0%] Built target _ds_multibeam_msgs_generate_messages_check_deps_QueryCmd
[35m[1mScanning dependencies of target _ds_multibeam_msgs_generate_messages_check_deps_PwrCmd[0m
[  0%] Built target _ds_multibeam_msgs_generate_messages_check_deps_PwrCmd
[35m[1mScanning dependencies of target ds_core_msgs_generate_messages_py[0m
[  0%] Built target ds_core_msgs_generate_messages_py
[35m[1mScanning dependencies of target std_msgs_generate_messages_py[0m
[  0%] Built target std_msgs_generate_messages_py
[35m[1mScanning dependencies of target ds_core_msgs_generate_messages_nodejs[0m
[  0%] Built target ds_core_msgs_generate_messages_nodejs
[35m[1mScanning dependencies of target std_msgs_generate_messages_nodejs[0m
[  0%] Built target std_msgs_generate_messages_nodejs
[35m[1mScanning dependencies of target ds_core_msgs_generate_messages_lisp[0m
[  0%] Built target ds_core_msgs_generate_messages_lisp
[35m[1mScanning dependencies of target std_msgs_generate_messages_lisp[0m
[  0%] Built target std_msgs_generate_messages_lisp
[35m[1mScanning dependencies of target std_msgs_generate_messages_eus[0m
[  0%] Built target std_msgs_generate_messages_eus
[35m[1mScanning dependencies of target ds_core_msgs_generate_messages_eus[0m
[  0%] Built target ds_core_msgs_generate_messages_eus
[35m[1mScanning dependencies of target ds_multibeam_msgs_generate_messages_cpp[0m
[  1%] [34m[1mGenerating C++ code from ds_multibeam_msgs/MultibeamRaw.msg[0m
[  3%] [34m[1mGenerating C++ code from ds_multibeam_msgs/NorbitMB.msg[0m
[  5%] [34m[1mGenerating C++ code from ds_multibeam_msgs/MultibeamGrid.msg[0m
[  6%] [34m[1mGenerating C++ code from ds_multibeam_msgs/MultibeamGridStats.msg[0m
[  8%] [34m[1mGenerating C++ code from ds_multibeam_msgs/MultibeamFilterStats.msg[0m
[ 10%] [34m[1mGenerating C++ code from ds_multibeam_msgs/NorbitWC.msg[0m
[ 12%] [34m[1mGenerating C++ code from ds_multibeam_msgs/QueryCmd.srv[0m
[ 13%] [34m[1mGenerating C++ code from ds_multibeam_msgs/PingCmd.srv[0m
[ 15%] [34m[1mGenerating C++ code from ds_multibeam_msgs/PwrCmd.srv[0m
[ 17%] [34m[1mGenerating C++ code from ds_multibeam_msgs/SettingsCmd.srv[0m
[ 18%] [34m[1mGenerating C++ code from ds_multibeam_msgs/LoadXmlCmd.srv[0m
[ 18%] Built target ds_multibeam_msgs_generate_messages_cpp
[35m[1mScanning dependencies of target ds_multibeam_msgs_generate_messages_py[0m
[ 20%] [34m[1mGenerating Python from MSG ds_multibeam_msgs/MultibeamRaw[0m
[ 22%] [34m[1mGenerating Python from MSG ds_multibeam_msgs/NorbitMB[0m
[ 24%] [34m[1mGenerating Python from MSG ds_multibeam_msgs/MultibeamGrid[0m
[ 25%] [34m[1mGenerating Python from MSG ds_multibeam_msgs/MultibeamGridStats[0m
[ 27%] [34m[1mGenerating Python from MSG ds_multibeam_msgs/MultibeamFilterStats[0m
[ 29%] [34m[1mGenerating Python from MSG ds_multibeam_msgs/NorbitWC[0m
[ 31%] [34m[1mGenerating Python code from SRV ds_multibeam_msgs/QueryCmd[0m
[ 32%] [34m[1mGenerating Python code from SRV ds_multibeam_msgs/PingCmd[0m
[ 34%] [34m[1mGenerating Python code from SRV ds_multibeam_msgs/PwrCmd[0m
[ 36%] [34m[1mGenerating Python code from SRV ds_multibeam_msgs/SettingsCmd[0m
[ 37%] [34m[1mGenerating Python code from SRV ds_multibeam_msgs/LoadXmlCmd[0m
[35m[1mScanning dependencies of target ds_multibeam_msgs_generate_messages_nodejs[0m
[ 39%] [34m[1mGenerating Javascript code from ds_multibeam_msgs/MultibeamRaw.msg[0m
[ 41%] [34m[1mGenerating Python msg __init__.py for ds_multibeam_msgs[0m
[ 43%] [34m[1mGenerating Javascript code from ds_multibeam_msgs/NorbitMB.msg[0m
[ 44%] [34m[1mGenerating Javascript code from ds_multibeam_msgs/MultibeamGrid.msg[0m
[ 46%] [34m[1mGenerating Javascript code from ds_multibeam_msgs/MultibeamGridStats.msg[0m
[ 48%] [34m[1mGenerating Javascript code from ds_multibeam_msgs/MultibeamFilterStats.msg[0m
[ 50%] [34m[1mGenerating Python srv __init__.py for ds_multibeam_msgs[0m
[ 51%] [34m[1mGenerating Javascript code from ds_multibeam_msgs/NorbitWC.msg[0m
[ 53%] [34m[1mGenerating Javascript code from ds_multibeam_msgs/QueryCmd.srv[0m
[ 55%] [34m[1mGenerating Javascript code from ds_multibeam_msgs/PingCmd.srv[0m
[ 56%] [34m[1mGenerating Javascript code from ds_multibeam_msgs/PwrCmd.srv[0m
[ 56%] Built target ds_multibeam_msgs_generate_messages_py
[35m[1mScanning dependencies of target ds_multibeam_msgs_generate_messages_lisp[0m
[ 58%] [34m[1mGenerating Lisp code from ds_multibeam_msgs/MultibeamRaw.msg[0m
[ 60%] [34m[1mGenerating Javascript code from ds_multibeam_msgs/SettingsCmd.srv[0m
[ 62%] [34m[1mGenerating Lisp code from ds_multibeam_msgs/NorbitMB.msg[0m
[ 63%] [34m[1mGenerating Lisp code from ds_multibeam_msgs/MultibeamGrid.msg[0m
[ 65%] [34m[1mGenerating Javascript code from ds_multibeam_msgs/LoadXmlCmd.srv[0m
[ 67%] [34m[1mGenerating Lisp code from ds_multibeam_msgs/MultibeamGridStats.msg[0m
[35m[1mScanning dependencies of target ds_multibeam_msgs_generate_messages_eus[0m
[ 68%] [34m[1mGenerating EusLisp code from ds_multibeam_msgs/MultibeamRaw.msg[0m
[ 68%] Built target ds_multibeam_msgs_generate_messages_nodejs
[ 70%] [34m[1mGenerating Lisp code from ds_multibeam_msgs/MultibeamFilterStats.msg[0m
[ 72%] [34m[1mGenerating EusLisp code from ds_multibeam_msgs/NorbitMB.msg[0m
[ 74%] [34m[1mGenerating Lisp code from ds_multibeam_msgs/NorbitWC.msg[0m
[ 75%] [34m[1mGenerating Lisp code from ds_multibeam_msgs/QueryCmd.srv[0m
[ 77%] [34m[1mGenerating EusLisp code from ds_multibeam_msgs/MultibeamGrid.msg[0m
[ 79%] [34m[1mGenerating Lisp code from ds_multibeam_msgs/PingCmd.srv[0m
[ 81%] [34m[1mGenerating Lisp code from ds_multibeam_msgs/PwrCmd.srv[0m
[ 82%] [34m[1mGenerating EusLisp code from ds_multibeam_msgs/MultibeamGridStats.msg[0m
[ 84%] [34m[1mGenerating Lisp code from ds_multibeam_msgs/SettingsCmd.srv[0m
[ 86%] [34m[1mGenerating EusLisp code from ds_multibeam_msgs/MultibeamFilterStats.msg[0m
[ 87%] [34m[1mGenerating Lisp code from ds_multibeam_msgs/LoadXmlCmd.srv[0m
[ 87%] Built target ds_multibeam_msgs_generate_messages_lisp
[ 89%] [34m[1mGenerating EusLisp code from ds_multibeam_msgs/NorbitWC.msg[0m
[ 91%] [34m[1mGenerating EusLisp code from ds_multibeam_msgs/QueryCmd.srv[0m
[ 93%] [34m[1mGenerating EusLisp code from ds_multibeam_msgs/PingCmd.srv[0m
[ 94%] [34m[1mGenerating EusLisp code from ds_multibeam_msgs/PwrCmd.srv[0m
[ 96%] [34m[1mGenerating EusLisp code from ds_multibeam_msgs/SettingsCmd.srv[0m
[ 98%] [34m[1mGenerating EusLisp code from ds_multibeam_msgs/LoadXmlCmd.srv[0m
[100%] [34m[1mGenerating EusLisp manifest code for ds_multibeam_msgs[0m
[100%] Built target ds_multibeam_msgs_generate_messages_eus
[35m[1mScanning dependencies of target ds_multibeam_msgs_generate_messages[0m
[100%] Built target ds_multibeam_msgs_generate_messages
