[  0%] Built target ds_core_msgs_generate_messages_cpp
[  0%] Built target std_msgs_generate_messages_cpp
[  0%] Built target _ds_multibeam_msgs_generate_messages_check_deps_MultibeamGridStats
[  0%] Built target _ds_multibeam_msgs_generate_messages_check_deps_LoadXmlCmd
[  0%] Built target _ds_multibeam_msgs_generate_messages_check_deps_NorbitMB
[  0%] Built target _ds_multibeam_msgs_generate_messages_check_deps_SettingsCmd
[  0%] Built target _ds_multibeam_msgs_generate_messages_check_deps_MultibeamGrid
[  0%] Built target _ds_multibeam_msgs_generate_messages_check_deps_PingCmd
[  0%] Built target _ds_multibeam_msgs_generate_messages_check_deps_MultibeamFilterStats
[  0%] Built target _ds_multibeam_msgs_generate_messages_check_deps_MultibeamRaw
[  0%] Built target ds_core_msgs_generate_messages_py
[  0%] Built target _ds_multibeam_msgs_generate_messages_check_deps_NorbitWC
[  0%] Built target std_msgs_generate_messages_py
[  0%] Built target _ds_multibeam_msgs_generate_messages_check_deps_QueryCmd
[  0%] Built target _ds_multibeam_msgs_generate_messages_check_deps_PwrCmd
[  0%] Built target ds_core_msgs_generate_messages_nodejs
[  0%] Built target std_msgs_generate_messages_nodejs
[  0%] Built target ds_core_msgs_generate_messages_lisp
[  0%] Built target std_msgs_generate_messages_eus
[  0%] Built target std_msgs_generate_messages_lisp
[  0%] Built target ds_core_msgs_generate_messages_eus
[ 18%] Built target ds_multibeam_msgs_generate_messages_cpp
[ 37%] Built target ds_multibeam_msgs_generate_messages_nodejs
[ 75%] Built target ds_multibeam_msgs_generate_messages_lisp
[ 79%] Built target ds_multibeam_msgs_generate_messages_py
[100%] Built target ds_multibeam_msgs_generate_messages_eus
[100%] Built target ds_multibeam_msgs_generate_messages
