[35m[1mScanning dependencies of target _ds_hotel_msgs_generate_messages_check_deps_ClioBattery[0m
[  0%] Built target _ds_hotel_msgs_generate_messages_check_deps_ClioBattery
[35m[1mScanning dependencies of target _ds_hotel_msgs_generate_messages_check_deps_Charge[0m
[  0%] Built target _ds_hotel_msgs_generate_messages_check_deps_Charge
[35m[1mScanning dependencies of target _ds_hotel_msgs_generate_messages_check_deps_TriggerChannelConfig[0m
[  0%] Built target _ds_hotel_msgs_generate_messages_check_deps_TriggerChannelConfig
[35m[1mScanning dependencies of target _ds_hotel_msgs_generate_messages_check_deps_PwrSwitchDeviceCmd[0m
[  0%] Built target _ds_hotel_msgs_generate_messages_check_deps_PwrSwitchDeviceCmd
[35m[1mScanning dependencies of target _ds_hotel_msgs_generate_messages_check_deps_PowerCmd[0m
[  0%] Built target _ds_hotel_msgs_generate_messages_check_deps_PowerCmd
[35m[1mScanning dependencies of target _ds_hotel_msgs_generate_messages_check_deps_HTPGL[0m
[  0%] Built target _ds_hotel_msgs_generate_messages_check_deps_HTPGL
[35m[1mScanning dependencies of target _ds_hotel_msgs_generate_messages_check_deps_ClioChgCmd[0m
[  0%] Built target _ds_hotel_msgs_generate_messages_check_deps_ClioChgCmd
[35m[1mScanning dependencies of target std_msgs_generate_messages_nodejs[0m
[  0%] Built target std_msgs_generate_messages_nodejs
[35m[1mScanning dependencies of target _ds_hotel_msgs_generate_messages_check_deps_A2D2[0m
[  0%] Built target _ds_hotel_msgs_generate_messages_check_deps_A2D2
[35m[1mScanning dependencies of target ds_core_msgs_generate_messages_nodejs[0m
[  0%] Built target ds_core_msgs_generate_messages_nodejs
[35m[1mScanning dependencies of target _ds_hotel_msgs_generate_messages_check_deps_BatteryCmd[0m
[  0%] Built target _ds_hotel_msgs_generate_messages_check_deps_BatteryCmd
[35m[1mScanning dependencies of target _ds_hotel_msgs_generate_messages_check_deps_PwrSwitchDeviceStatus[0m
[  0%] Built target _ds_hotel_msgs_generate_messages_check_deps_PwrSwitchDeviceStatus
[35m[1mScanning dependencies of target _ds_hotel_msgs_generate_messages_check_deps_HTP[0m
[  0%] Built target _ds_hotel_msgs_generate_messages_check_deps_HTP
[35m[1mScanning dependencies of target _ds_hotel_msgs_generate_messages_check_deps_PwrSwitch[0m
[  0%] Built target _ds_hotel_msgs_generate_messages_check_deps_PwrSwitch
[35m[1mScanning dependencies of target _ds_hotel_msgs_generate_messages_check_deps_ClioBatteryPack[0m
[  0%] Built target _ds_hotel_msgs_generate_messages_check_deps_ClioBatteryPack
[35m[1mScanning dependencies of target _ds_hotel_msgs_generate_messages_check_deps_PowerSupply[0m
[  0%] Built target _ds_hotel_msgs_generate_messages_check_deps_PowerSupply
[35m[1mScanning dependencies of target _ds_hotel_msgs_generate_messages_check_deps_PWRdevice[0m
[  0%] Built target _ds_hotel_msgs_generate_messages_check_deps_PWRdevice
[35m[1mScanning dependencies of target _ds_hotel_msgs_generate_messages_check_deps_XR[0m
[  0%] Built target _ds_hotel_msgs_generate_messages_check_deps_XR
[35m[1mScanning dependencies of target _ds_hotel_msgs_generate_messages_check_deps_XrSimState[0m
[  0%] Built target _ds_hotel_msgs_generate_messages_check_deps_XrSimState
[35m[1mScanning dependencies of target _ds_hotel_msgs_generate_messages_check_deps_AbortCmd[0m
[  0%] Built target _ds_hotel_msgs_generate_messages_check_deps_AbortCmd
[35m[1mScanning dependencies of target _ds_hotel_msgs_generate_messages_check_deps_PowerSupplyCommand[0m
[  0%] Built target _ds_hotel_msgs_generate_messages_check_deps_PowerSupplyCommand
[35m[1mScanning dependencies of target _ds_hotel_msgs_generate_messages_check_deps_PwrSwitchCmd[0m
[  0%] Built target _ds_hotel_msgs_generate_messages_check_deps_PwrSwitchCmd
[35m[1mScanning dependencies of target _ds_hotel_msgs_generate_messages_check_deps_ChargeCmd[0m
[  0%] Built target _ds_hotel_msgs_generate_messages_check_deps_ChargeCmd
[35m[1mScanning dependencies of target _ds_hotel_msgs_generate_messages_check_deps_PwrSwitchDevices[0m
[  0%] Built target _ds_hotel_msgs_generate_messages_check_deps_PwrSwitchDevices
[35m[1mScanning dependencies of target _ds_hotel_msgs_generate_messages_check_deps_TrigPrmCtrlCmd[0m
[  0%] Built target _ds_hotel_msgs_generate_messages_check_deps_TrigPrmCtrlCmd
[35m[1mScanning dependencies of target _ds_hotel_msgs_generate_messages_check_deps_BatMan[0m
[  0%] Built target _ds_hotel_msgs_generate_messages_check_deps_BatMan
[35m[1mScanning dependencies of target _ds_hotel_msgs_generate_messages_check_deps_PWR[0m
[  0%] Built target _ds_hotel_msgs_generate_messages_check_deps_PWR
[35m[1mScanning dependencies of target _ds_hotel_msgs_generate_messages_check_deps_Battery[0m
[  0%] Built target _ds_hotel_msgs_generate_messages_check_deps_Battery
[35m[1mScanning dependencies of target std_msgs_generate_messages_py[0m
[  0%] Built target std_msgs_generate_messages_py
[35m[1mScanning dependencies of target ds_core_msgs_generate_messages_py[0m
[  0%] Built target ds_core_msgs_generate_messages_py
[35m[1mScanning dependencies of target ds_core_msgs_generate_messages_lisp[0m
[  0%] Built target ds_core_msgs_generate_messages_lisp
[35m[1mScanning dependencies of target std_msgs_generate_messages_lisp[0m
[  0%] Built target std_msgs_generate_messages_lisp
[35m[1mScanning dependencies of target ds_core_msgs_generate_messages_cpp[0m
[  0%] Built target ds_core_msgs_generate_messages_cpp
[35m[1mScanning dependencies of target std_msgs_generate_messages_cpp[0m
[  0%] Built target std_msgs_generate_messages_cpp
[35m[1mScanning dependencies of target ds_core_msgs_generate_messages_eus[0m
[  0%] Built target ds_core_msgs_generate_messages_eus
[35m[1mScanning dependencies of target std_msgs_generate_messages_eus[0m
[  0%] Built target std_msgs_generate_messages_eus
[35m[1mScanning dependencies of target ds_hotel_msgs_generate_messages_nodejs[0m
[  0%] [34m[1mGenerating Javascript code from ds_hotel_msgs/Charge.msg[0m
[  1%] [34m[1mGenerating Javascript code from ds_hotel_msgs/PowerSupply.msg[0m
[  2%] [34m[1mGenerating Javascript code from ds_hotel_msgs/HTP.msg[0m
[  2%] [34m[1mGenerating Javascript code from ds_hotel_msgs/HTPGL.msg[0m
[  3%] [34m[1mGenerating Javascript code from ds_hotel_msgs/BatMan.msg[0m
[  4%] [34m[1mGenerating Javascript code from ds_hotel_msgs/Battery.msg[0m
[  4%] [34m[1mGenerating Javascript code from ds_hotel_msgs/ClioBattery.msg[0m
[  5%] [34m[1mGenerating Javascript code from ds_hotel_msgs/ClioBatteryPack.msg[0m
[  6%] [34m[1mGenerating Javascript code from ds_hotel_msgs/PWRdevice.msg[0m
[  7%] [34m[1mGenerating Javascript code from ds_hotel_msgs/PWR.msg[0m
[  7%] [34m[1mGenerating Javascript code from ds_hotel_msgs/PwrSwitch.msg[0m
[  8%] [34m[1mGenerating Javascript code from ds_hotel_msgs/PwrSwitchDevices.msg[0m
[  9%] [34m[1mGenerating Javascript code from ds_hotel_msgs/PwrSwitchDeviceStatus.msg[0m
[  9%] [34m[1mGenerating Javascript code from ds_hotel_msgs/TriggerChannelConfig.msg[0m
[ 10%] [34m[1mGenerating Javascript code from ds_hotel_msgs/PwrSwitchDeviceCmd.msg[0m
[ 11%] [34m[1mGenerating Javascript code from ds_hotel_msgs/XR.msg[0m
[ 12%] [34m[1mGenerating Javascript code from ds_hotel_msgs/XrSimState.msg[0m
[ 12%] [34m[1mGenerating Javascript code from ds_hotel_msgs/A2D2.msg[0m
[ 13%] [34m[1mGenerating Javascript code from ds_hotel_msgs/AbortCmd.srv[0m
[ 14%] [34m[1mGenerating Javascript code from ds_hotel_msgs/BatteryCmd.srv[0m
[ 14%] [34m[1mGenerating Javascript code from ds_hotel_msgs/PowerCmd.srv[0m
[ 15%] [34m[1mGenerating Javascript code from ds_hotel_msgs/PowerSupplyCommand.srv[0m
[ 17%] [34m[1mGenerating Javascript code from ds_hotel_msgs/PwrSwitchCmd.srv[0m
[ 18%] [34m[1mGenerating Javascript code from ds_hotel_msgs/ChargeCmd.srv[0m
[ 18%] [34m[1mGenerating Javascript code from ds_hotel_msgs/ClioChgCmd.srv[0m
[ 19%] [34m[1mGenerating Javascript code from ds_hotel_msgs/TrigPrmCtrlCmd.srv[0m
[ 19%] Built target ds_hotel_msgs_generate_messages_nodejs
[35m[1mScanning dependencies of target ds_hotel_msgs_generate_messages_py[0m
[ 20%] [34m[1mGenerating Python from MSG ds_hotel_msgs/Charge[0m
[ 20%] [34m[1mGenerating Python from MSG ds_hotel_msgs/PowerSupply[0m
[ 21%] [34m[1mGenerating Python from MSG ds_hotel_msgs/HTP[0m
[ 22%] [34m[1mGenerating Python from MSG ds_hotel_msgs/HTPGL[0m
[ 23%] [34m[1mGenerating Python from MSG ds_hotel_msgs/BatMan[0m
[ 23%] [34m[1mGenerating Python from MSG ds_hotel_msgs/Battery[0m
[ 24%] [34m[1mGenerating Python from MSG ds_hotel_msgs/ClioBattery[0m
[ 25%] [34m[1mGenerating Python from MSG ds_hotel_msgs/ClioBatteryPack[0m
[ 25%] [34m[1mGenerating Python from MSG ds_hotel_msgs/PWRdevice[0m
[ 26%] [34m[1mGenerating Python from MSG ds_hotel_msgs/PWR[0m
[ 27%] [34m[1mGenerating Python from MSG ds_hotel_msgs/PwrSwitch[0m
[35m[1mScanning dependencies of target ds_hotel_msgs_generate_messages_lisp[0m
[ 28%] [34m[1mGenerating Lisp code from ds_hotel_msgs/Charge.msg[0m
[ 28%] [34m[1mGenerating Python from MSG ds_hotel_msgs/PwrSwitchDevices[0m
[ 29%] [34m[1mGenerating Lisp code from ds_hotel_msgs/PowerSupply.msg[0m
[ 29%] [34m[1mGenerating Lisp code from ds_hotel_msgs/HTP.msg[0m
[ 30%] [34m[1mGenerating Lisp code from ds_hotel_msgs/HTPGL.msg[0m
[ 31%] [34m[1mGenerating Python from MSG ds_hotel_msgs/PwrSwitchDeviceStatus[0m
[ 32%] [34m[1mGenerating Lisp code from ds_hotel_msgs/BatMan.msg[0m
[ 32%] [34m[1mGenerating Lisp code from ds_hotel_msgs/Battery.msg[0m
[ 34%] [34m[1mGenerating Lisp code from ds_hotel_msgs/ClioBattery.msg[0m
[ 35%] [34m[1mGenerating Lisp code from ds_hotel_msgs/ClioBatteryPack.msg[0m
[ 36%] [34m[1mGenerating Python from MSG ds_hotel_msgs/TriggerChannelConfig[0m
[ 36%] [34m[1mGenerating Lisp code from ds_hotel_msgs/PWRdevice.msg[0m
[ 37%] [34m[1mGenerating Lisp code from ds_hotel_msgs/PWR.msg[0m
[ 38%] [34m[1mGenerating Lisp code from ds_hotel_msgs/PwrSwitch.msg[0m
[ 39%] [34m[1mGenerating Lisp code from ds_hotel_msgs/PwrSwitchDevices.msg[0m
[ 40%] [34m[1mGenerating Python from MSG ds_hotel_msgs/PwrSwitchDeviceCmd[0m
[ 40%] [34m[1mGenerating Lisp code from ds_hotel_msgs/PwrSwitchDeviceStatus.msg[0m
[ 41%] [34m[1mGenerating Lisp code from ds_hotel_msgs/TriggerChannelConfig.msg[0m
[ 42%] [34m[1mGenerating Lisp code from ds_hotel_msgs/PwrSwitchDeviceCmd.msg[0m
[ 42%] [34m[1mGenerating Lisp code from ds_hotel_msgs/XR.msg[0m
[ 42%] [34m[1mGenerating Python from MSG ds_hotel_msgs/XR[0m
[ 43%] [34m[1mGenerating Lisp code from ds_hotel_msgs/XrSimState.msg[0m
[ 44%] [34m[1mGenerating Lisp code from ds_hotel_msgs/A2D2.msg[0m
[ 45%] [34m[1mGenerating Lisp code from ds_hotel_msgs/AbortCmd.srv[0m
[ 45%] [34m[1mGenerating Lisp code from ds_hotel_msgs/BatteryCmd.srv[0m
[ 46%] [34m[1mGenerating Python from MSG ds_hotel_msgs/XrSimState[0m
[ 47%] [34m[1mGenerating Lisp code from ds_hotel_msgs/PowerCmd.srv[0m
[ 48%] [34m[1mGenerating Lisp code from ds_hotel_msgs/PowerSupplyCommand.srv[0m
[ 48%] [34m[1mGenerating Lisp code from ds_hotel_msgs/PwrSwitchCmd.srv[0m
[ 50%] [34m[1mGenerating Lisp code from ds_hotel_msgs/ChargeCmd.srv[0m
[ 51%] [34m[1mGenerating Python from MSG ds_hotel_msgs/A2D2[0m
[ 52%] [34m[1mGenerating Lisp code from ds_hotel_msgs/ClioChgCmd.srv[0m
[ 53%] [34m[1mGenerating Lisp code from ds_hotel_msgs/TrigPrmCtrlCmd.srv[0m
[ 53%] Built target ds_hotel_msgs_generate_messages_lisp
[35m[1mScanning dependencies of target ds_hotel_msgs_generate_messages_cpp[0m
[ 53%] [34m[1mGenerating C++ code from ds_hotel_msgs/Charge.msg[0m
[ 53%] [34m[1mGenerating Python code from SRV ds_hotel_msgs/AbortCmd[0m
[ 54%] [34m[1mGenerating C++ code from ds_hotel_msgs/PowerSupply.msg[0m
[ 55%] [34m[1mGenerating Python code from SRV ds_hotel_msgs/BatteryCmd[0m
[ 56%] [34m[1mGenerating C++ code from ds_hotel_msgs/HTP.msg[0m
[ 56%] [34m[1mGenerating C++ code from ds_hotel_msgs/HTPGL.msg[0m
[ 57%] [34m[1mGenerating Python code from SRV ds_hotel_msgs/PowerCmd[0m
[ 58%] [34m[1mGenerating C++ code from ds_hotel_msgs/BatMan.msg[0m
[ 59%] [34m[1mGenerating Python code from SRV ds_hotel_msgs/PowerSupplyCommand[0m
[ 60%] [34m[1mGenerating C++ code from ds_hotel_msgs/Battery.msg[0m
[ 60%] [34m[1mGenerating C++ code from ds_hotel_msgs/ClioBattery.msg[0m
[ 60%] [34m[1mGenerating Python code from SRV ds_hotel_msgs/PwrSwitchCmd[0m
[ 61%] [34m[1mGenerating C++ code from ds_hotel_msgs/ClioBatteryPack.msg[0m
[ 62%] [34m[1mGenerating Python code from SRV ds_hotel_msgs/ChargeCmd[0m
[ 63%] [34m[1mGenerating C++ code from ds_hotel_msgs/PWRdevice.msg[0m
[ 64%] [34m[1mGenerating C++ code from ds_hotel_msgs/PWR.msg[0m
[ 65%] [34m[1mGenerating Python code from SRV ds_hotel_msgs/ClioChgCmd[0m
[ 65%] [34m[1mGenerating C++ code from ds_hotel_msgs/PwrSwitch.msg[0m
[ 65%] [34m[1mGenerating Python code from SRV ds_hotel_msgs/TrigPrmCtrlCmd[0m
[ 67%] [34m[1mGenerating C++ code from ds_hotel_msgs/PwrSwitchDevices.msg[0m
[ 68%] [34m[1mGenerating C++ code from ds_hotel_msgs/PwrSwitchDeviceStatus.msg[0m
[ 69%] [34m[1mGenerating Python msg __init__.py for ds_hotel_msgs[0m
[ 69%] [34m[1mGenerating C++ code from ds_hotel_msgs/TriggerChannelConfig.msg[0m
[ 70%] [34m[1mGenerating Python srv __init__.py for ds_hotel_msgs[0m
[ 71%] [34m[1mGenerating C++ code from ds_hotel_msgs/PwrSwitchDeviceCmd.msg[0m
[ 72%] [34m[1mGenerating C++ code from ds_hotel_msgs/XR.msg[0m
[ 72%] Built target ds_hotel_msgs_generate_messages_py
[35m[1mScanning dependencies of target ds_hotel_msgs_generate_messages_eus[0m
[ 73%] [34m[1mGenerating EusLisp code from ds_hotel_msgs/Charge.msg[0m
[ 74%] [34m[1mGenerating C++ code from ds_hotel_msgs/XrSimState.msg[0m
[ 74%] [34m[1mGenerating EusLisp code from ds_hotel_msgs/PowerSupply.msg[0m
[ 74%] [34m[1mGenerating C++ code from ds_hotel_msgs/A2D2.msg[0m
[ 75%] [34m[1mGenerating EusLisp code from ds_hotel_msgs/HTP.msg[0m
[ 76%] [34m[1mGenerating EusLisp code from ds_hotel_msgs/HTPGL.msg[0m
[ 77%] [34m[1mGenerating C++ code from ds_hotel_msgs/AbortCmd.srv[0m
[ 77%] [34m[1mGenerating EusLisp code from ds_hotel_msgs/BatMan.msg[0m
[ 78%] [34m[1mGenerating EusLisp code from ds_hotel_msgs/Battery.msg[0m
[ 79%] [34m[1mGenerating C++ code from ds_hotel_msgs/BatteryCmd.srv[0m
[ 80%] [34m[1mGenerating EusLisp code from ds_hotel_msgs/ClioBattery.msg[0m
[ 81%] [34m[1mGenerating EusLisp code from ds_hotel_msgs/ClioBatteryPack.msg[0m
[ 81%] [34m[1mGenerating EusLisp code from ds_hotel_msgs/PWRdevice.msg[0m
[ 81%] [34m[1mGenerating C++ code from ds_hotel_msgs/PowerCmd.srv[0m
[ 82%] [34m[1mGenerating EusLisp code from ds_hotel_msgs/PWR.msg[0m
[ 84%] [34m[1mGenerating EusLisp code from ds_hotel_msgs/PwrSwitch.msg[0m
[ 85%] [34m[1mGenerating C++ code from ds_hotel_msgs/PowerSupplyCommand.srv[0m
[ 85%] [34m[1mGenerating EusLisp code from ds_hotel_msgs/PwrSwitchDevices.msg[0m
[ 86%] [34m[1mGenerating EusLisp code from ds_hotel_msgs/PwrSwitchDeviceStatus.msg[0m
[ 87%] [34m[1mGenerating EusLisp code from ds_hotel_msgs/TriggerChannelConfig.msg[0m
[ 88%] [34m[1mGenerating C++ code from ds_hotel_msgs/PwrSwitchCmd.srv[0m
[ 89%] [34m[1mGenerating EusLisp code from ds_hotel_msgs/PwrSwitchDeviceCmd.msg[0m
[ 89%] [34m[1mGenerating EusLisp code from ds_hotel_msgs/XR.msg[0m
[ 90%] [34m[1mGenerating C++ code from ds_hotel_msgs/ChargeCmd.srv[0m
[ 91%] [34m[1mGenerating EusLisp code from ds_hotel_msgs/XrSimState.msg[0m
[ 92%] [34m[1mGenerating EusLisp code from ds_hotel_msgs/A2D2.msg[0m
[ 92%] [34m[1mGenerating EusLisp code from ds_hotel_msgs/AbortCmd.srv[0m
[ 92%] [34m[1mGenerating C++ code from ds_hotel_msgs/ClioChgCmd.srv[0m
[ 93%] [34m[1mGenerating EusLisp code from ds_hotel_msgs/BatteryCmd.srv[0m
[ 94%] [34m[1mGenerating EusLisp code from ds_hotel_msgs/PowerCmd.srv[0m
[ 95%] [34m[1mGenerating C++ code from ds_hotel_msgs/TrigPrmCtrlCmd.srv[0m
[ 96%] [34m[1mGenerating EusLisp code from ds_hotel_msgs/PowerSupplyCommand.srv[0m
[ 96%] [34m[1mGenerating EusLisp code from ds_hotel_msgs/PwrSwitchCmd.srv[0m
[ 97%] [34m[1mGenerating EusLisp code from ds_hotel_msgs/ChargeCmd.srv[0m
[ 97%] Built target ds_hotel_msgs_generate_messages_cpp
[ 98%] [34m[1mGenerating EusLisp code from ds_hotel_msgs/ClioChgCmd.srv[0m
[ 98%] [34m[1mGenerating EusLisp code from ds_hotel_msgs/TrigPrmCtrlCmd.srv[0m
[100%] [34m[1mGenerating EusLisp manifest code for ds_hotel_msgs[0m
[100%] Built target ds_hotel_msgs_generate_messages_eus
[35m[1mScanning dependencies of target ds_hotel_msgs_generate_messages[0m
[100%] Built target ds_hotel_msgs_generate_messages
