[  0%] Built target _ds_hotel_msgs_generate_messages_check_deps_ClioBattery
[  0%] Built target _ds_hotel_msgs_generate_messages_check_deps_Charge
[  0%] Built target _ds_hotel_msgs_generate_messages_check_deps_TriggerChannelConfig
[  0%] Built target _ds_hotel_msgs_generate_messages_check_deps_PwrSwitchDeviceCmd
[  0%] Built target std_msgs_generate_messages_nodejs
[  0%] Built target _ds_hotel_msgs_generate_messages_check_deps_HTPGL
[  0%] Built target _ds_hotel_msgs_generate_messages_check_deps_PowerCmd
[  0%] Built target _ds_hotel_msgs_generate_messages_check_deps_ClioChgCmd
[  0%] Built target _ds_hotel_msgs_generate_messages_check_deps_A2D2
[  0%] Built target ds_core_msgs_generate_messages_nodejs
[  0%] Built target _ds_hotel_msgs_generate_messages_check_deps_PwrSwitchDeviceStatus
[  0%] Built target _ds_hotel_msgs_generate_messages_check_deps_BatteryCmd
[  0%] Built target _ds_hotel_msgs_generate_messages_check_deps_HTP
[  0%] Built target _ds_hotel_msgs_generate_messages_check_deps_PwrSwitch
[  0%] Built target _ds_hotel_msgs_generate_messages_check_deps_PowerSupply
[  0%] Built target _ds_hotel_msgs_generate_messages_check_deps_ClioBatteryPack
[  0%] Built target _ds_hotel_msgs_generate_messages_check_deps_PWRdevice
[  0%] Built target _ds_hotel_msgs_generate_messages_check_deps_XR
[  0%] Built target _ds_hotel_msgs_generate_messages_check_deps_XrSimState
[  0%] Built target _ds_hotel_msgs_generate_messages_check_deps_AbortCmd
[  0%] Built target _ds_hotel_msgs_generate_messages_check_deps_PowerSupplyCommand
[  0%] Built target _ds_hotel_msgs_generate_messages_check_deps_PwrSwitchCmd
[  0%] Built target _ds_hotel_msgs_generate_messages_check_deps_ChargeCmd
[  0%] Built target _ds_hotel_msgs_generate_messages_check_deps_PwrSwitchDevices
[  0%] Built target _ds_hotel_msgs_generate_messages_check_deps_TrigPrmCtrlCmd
[  0%] Built target _ds_hotel_msgs_generate_messages_check_deps_BatMan
[  0%] Built target std_msgs_generate_messages_py
[  0%] Built target _ds_hotel_msgs_generate_messages_check_deps_Battery
[  0%] Built target _ds_hotel_msgs_generate_messages_check_deps_PWR
[  0%] Built target ds_core_msgs_generate_messages_py
[  0%] Built target ds_core_msgs_generate_messages_lisp
[  0%] Built target std_msgs_generate_messages_lisp
[  0%] Built target ds_core_msgs_generate_messages_cpp
[  0%] Built target std_msgs_generate_messages_cpp
[  0%] Built target ds_core_msgs_generate_messages_eus
[  0%] Built target std_msgs_generate_messages_eus
[ 19%] Built target ds_hotel_msgs_generate_messages_nodejs
[ 40%] Built target ds_hotel_msgs_generate_messages_py
[ 60%] Built target ds_hotel_msgs_generate_messages_lisp
[ 79%] Built target ds_hotel_msgs_generate_messages_cpp
[100%] Built target ds_hotel_msgs_generate_messages_eus
[100%] Built target ds_hotel_msgs_generate_messages
