Symlinking /home/constance/uuv_ws/devel/include/ds_hotel_msgs/PowerCmdResponse.h
Symlinking /home/constance/uuv_ws/devel/include/ds_hotel_msgs/ClioBattery.h
Symlinking /home/constance/uuv_ws/devel/include/ds_hotel_msgs/ClioChgCmdResponse.h
Symlinking /home/constance/uuv_ws/devel/include/ds_hotel_msgs/ClioChgCmdRequest.h
Symlinking /home/constance/uuv_ws/devel/include/ds_hotel_msgs/PwrSwitchDeviceStatus.h
Symlinking /home/constance/uuv_ws/devel/include/ds_hotel_msgs/ChargeCmdResponse.h
Symlinking /home/constance/uuv_ws/devel/include/ds_hotel_msgs/PowerSupplyCommandResponse.h
Symlinking /home/constance/uuv_ws/devel/include/ds_hotel_msgs/AbortCmdResponse.h
Symlinking /home/constance/uuv_ws/devel/include/ds_hotel_msgs/HTPGL.h
Symlinking /home/constance/uuv_ws/devel/include/ds_hotel_msgs/PwrSwitchCmd.h
Symlinking /home/constance/uuv_ws/devel/include/ds_hotel_msgs/A2D2.h
Symlinking /home/constance/uuv_ws/devel/include/ds_hotel_msgs/Charge.h
Symlinking /home/constance/uuv_ws/devel/include/ds_hotel_msgs/TrigPrmCtrlCmdResponse.h
Symlinking /home/constance/uuv_ws/devel/include/ds_hotel_msgs/XR.h
Symlinking /home/constance/uuv_ws/devel/include/ds_hotel_msgs/BatteryCmdResponse.h
Symlinking /home/constance/uuv_ws/devel/include/ds_hotel_msgs/PowerSupply.h
Symlinking /home/constance/uuv_ws/devel/include/ds_hotel_msgs/PWR.h
Symlinking /home/constance/uuv_ws/devel/include/ds_hotel_msgs/PWRdevice.h
Symlinking /home/constance/uuv_ws/devel/include/ds_hotel_msgs/PwrSwitchCmdResponse.h
Symlinking /home/constance/uuv_ws/devel/include/ds_hotel_msgs/ClioBatteryPack.h
Symlinking /home/constance/uuv_ws/devel/include/ds_hotel_msgs/ChargeCmd.h
Symlinking /home/constance/uuv_ws/devel/include/ds_hotel_msgs/TrigPrmCtrlCmdRequest.h
Symlinking /home/constance/uuv_ws/devel/include/ds_hotel_msgs/PowerCmdRequest.h
Symlinking /home/constance/uuv_ws/devel/include/ds_hotel_msgs/AbortCmd.h
Symlinking /home/constance/uuv_ws/devel/include/ds_hotel_msgs/TriggerChannelConfig.h
Symlinking /home/constance/uuv_ws/devel/include/ds_hotel_msgs/PowerSupplyCommand.h
Symlinking /home/constance/uuv_ws/devel/include/ds_hotel_msgs/PwrSwitchDevices.h
Symlinking /home/constance/uuv_ws/devel/include/ds_hotel_msgs/BatMan.h
Symlinking /home/constance/uuv_ws/devel/include/ds_hotel_msgs/PowerCmd.h
Symlinking /home/constance/uuv_ws/devel/include/ds_hotel_msgs/BatteryCmd.h
Symlinking /home/constance/uuv_ws/devel/include/ds_hotel_msgs/PwrSwitch.h
Symlinking /home/constance/uuv_ws/devel/include/ds_hotel_msgs/HTP.h
Symlinking /home/constance/uuv_ws/devel/include/ds_hotel_msgs/TrigPrmCtrlCmd.h
Symlinking /home/constance/uuv_ws/devel/include/ds_hotel_msgs/PowerSupplyCommandRequest.h
Symlinking /home/constance/uuv_ws/devel/include/ds_hotel_msgs/ClioChgCmd.h
Symlinking /home/constance/uuv_ws/devel/include/ds_hotel_msgs/PwrSwitchDeviceCmd.h
Symlinking /home/constance/uuv_ws/devel/include/ds_hotel_msgs/Battery.h
Symlinking /home/constance/uuv_ws/devel/include/ds_hotel_msgs/ChargeCmdRequest.h
Symlinking /home/constance/uuv_ws/devel/include/ds_hotel_msgs/AbortCmdRequest.h
Symlinking /home/constance/uuv_ws/devel/include/ds_hotel_msgs/BatteryCmdRequest.h
Symlinking /home/constance/uuv_ws/devel/include/ds_hotel_msgs/PwrSwitchCmdRequest.h
Symlinking /home/constance/uuv_ws/devel/include/ds_hotel_msgs/XrSimState.h
Symlinking /home/constance/uuv_ws/devel/share/roseus/ros/ds_hotel_msgs/manifest.l
Symlinking /home/constance/uuv_ws/devel/share/roseus/ros/ds_hotel_msgs/srv/PowerCmd.l
Symlinking /home/constance/uuv_ws/devel/share/roseus/ros/ds_hotel_msgs/srv/TrigPrmCtrlCmd.l
Symlinking /home/constance/uuv_ws/devel/share/roseus/ros/ds_hotel_msgs/srv/PowerSupplyCommand.l
Symlinking /home/constance/uuv_ws/devel/share/roseus/ros/ds_hotel_msgs/srv/ChargeCmd.l
Symlinking /home/constance/uuv_ws/devel/share/roseus/ros/ds_hotel_msgs/srv/BatteryCmd.l
Symlinking /home/constance/uuv_ws/devel/share/roseus/ros/ds_hotel_msgs/srv/PwrSwitchCmd.l
Symlinking /home/constance/uuv_ws/devel/share/roseus/ros/ds_hotel_msgs/srv/ClioChgCmd.l
Symlinking /home/constance/uuv_ws/devel/share/roseus/ros/ds_hotel_msgs/srv/AbortCmd.l
Symlinking /home/constance/uuv_ws/devel/share/roseus/ros/ds_hotel_msgs/msg/XR.l
Symlinking /home/constance/uuv_ws/devel/share/roseus/ros/ds_hotel_msgs/msg/PowerSupply.l
Symlinking /home/constance/uuv_ws/devel/share/roseus/ros/ds_hotel_msgs/msg/XrSimState.l
Symlinking /home/constance/uuv_ws/devel/share/roseus/ros/ds_hotel_msgs/msg/HTP.l
Symlinking /home/constance/uuv_ws/devel/share/roseus/ros/ds_hotel_msgs/msg/BatMan.l
Symlinking /home/constance/uuv_ws/devel/share/roseus/ros/ds_hotel_msgs/msg/PwrSwitchDeviceStatus.l
Symlinking /home/constance/uuv_ws/devel/share/roseus/ros/ds_hotel_msgs/msg/ClioBattery.l
Symlinking /home/constance/uuv_ws/devel/share/roseus/ros/ds_hotel_msgs/msg/TriggerChannelConfig.l
Symlinking /home/constance/uuv_ws/devel/share/roseus/ros/ds_hotel_msgs/msg/PwrSwitchDeviceCmd.l
Symlinking /home/constance/uuv_ws/devel/share/roseus/ros/ds_hotel_msgs/msg/PwrSwitchDevices.l
Symlinking /home/constance/uuv_ws/devel/share/roseus/ros/ds_hotel_msgs/msg/HTPGL.l
Symlinking /home/constance/uuv_ws/devel/share/roseus/ros/ds_hotel_msgs/msg/PwrSwitch.l
Symlinking /home/constance/uuv_ws/devel/share/roseus/ros/ds_hotel_msgs/msg/PWR.l
Symlinking /home/constance/uuv_ws/devel/share/roseus/ros/ds_hotel_msgs/msg/PWRdevice.l
Symlinking /home/constance/uuv_ws/devel/share/roseus/ros/ds_hotel_msgs/msg/Battery.l
Symlinking /home/constance/uuv_ws/devel/share/roseus/ros/ds_hotel_msgs/msg/Charge.l
Symlinking /home/constance/uuv_ws/devel/share/roseus/ros/ds_hotel_msgs/msg/A2D2.l
Symlinking /home/constance/uuv_ws/devel/share/roseus/ros/ds_hotel_msgs/msg/ClioBatteryPack.l
Symlinking /home/constance/uuv_ws/devel/share/ds_hotel_msgs/cmake/ds_hotel_msgsConfig-version.cmake
Symlinking /home/constance/uuv_ws/devel/share/ds_hotel_msgs/cmake/ds_hotel_msgs-msg-paths.cmake
Symlinking /home/constance/uuv_ws/devel/share/ds_hotel_msgs/cmake/ds_hotel_msgs-msg-extras.cmake
Symlinking /home/constance/uuv_ws/devel/share/ds_hotel_msgs/cmake/ds_hotel_msgsConfig.cmake
Symlinking /home/constance/uuv_ws/devel/share/common-lisp/ros/ds_hotel_msgs/srv/BatteryCmd.lisp
Symlinking /home/constance/uuv_ws/devel/share/common-lisp/ros/ds_hotel_msgs/srv/_package_PwrSwitchCmd.lisp
Symlinking /home/constance/uuv_ws/devel/share/common-lisp/ros/ds_hotel_msgs/srv/_package_PowerSupplyCommand.lisp
Symlinking /home/constance/uuv_ws/devel/share/common-lisp/ros/ds_hotel_msgs/srv/ClioChgCmd.lisp
Symlinking /home/constance/uuv_ws/devel/share/common-lisp/ros/ds_hotel_msgs/srv/_package.lisp
Symlinking /home/constance/uuv_ws/devel/share/common-lisp/ros/ds_hotel_msgs/srv/_package_AbortCmd.lisp
Symlinking /home/constance/uuv_ws/devel/share/common-lisp/ros/ds_hotel_msgs/srv/_package_BatteryCmd.lisp
Symlinking /home/constance/uuv_ws/devel/share/common-lisp/ros/ds_hotel_msgs/srv/_package_ChargeCmd.lisp
Symlinking /home/constance/uuv_ws/devel/share/common-lisp/ros/ds_hotel_msgs/srv/ds_hotel_msgs-srv.asd
Symlinking /home/constance/uuv_ws/devel/share/common-lisp/ros/ds_hotel_msgs/srv/PowerCmd.lisp
Symlinking /home/constance/uuv_ws/devel/share/common-lisp/ros/ds_hotel_msgs/srv/_package_ClioChgCmd.lisp
Symlinking /home/constance/uuv_ws/devel/share/common-lisp/ros/ds_hotel_msgs/srv/PwrSwitchCmd.lisp
Symlinking /home/constance/uuv_ws/devel/share/common-lisp/ros/ds_hotel_msgs/srv/PowerSupplyCommand.lisp
Symlinking /home/constance/uuv_ws/devel/share/common-lisp/ros/ds_hotel_msgs/srv/_package_PowerCmd.lisp
Symlinking /home/constance/uuv_ws/devel/share/common-lisp/ros/ds_hotel_msgs/srv/ChargeCmd.lisp
Symlinking /home/constance/uuv_ws/devel/share/common-lisp/ros/ds_hotel_msgs/srv/TrigPrmCtrlCmd.lisp
Symlinking /home/constance/uuv_ws/devel/share/common-lisp/ros/ds_hotel_msgs/srv/_package_TrigPrmCtrlCmd.lisp
Symlinking /home/constance/uuv_ws/devel/share/common-lisp/ros/ds_hotel_msgs/srv/AbortCmd.lisp
Symlinking /home/constance/uuv_ws/devel/share/common-lisp/ros/ds_hotel_msgs/msg/_package_ClioBattery.lisp
Symlinking /home/constance/uuv_ws/devel/share/common-lisp/ros/ds_hotel_msgs/msg/_package_PWRdevice.lisp
Symlinking /home/constance/uuv_ws/devel/share/common-lisp/ros/ds_hotel_msgs/msg/PwrSwitchDeviceCmd.lisp
Symlinking /home/constance/uuv_ws/devel/share/common-lisp/ros/ds_hotel_msgs/msg/PwrSwitch.lisp
Symlinking /home/constance/uuv_ws/devel/share/common-lisp/ros/ds_hotel_msgs/msg/XrSimState.lisp
Symlinking /home/constance/uuv_ws/devel/share/common-lisp/ros/ds_hotel_msgs/msg/HTPGL.lisp
Symlinking /home/constance/uuv_ws/devel/share/common-lisp/ros/ds_hotel_msgs/msg/_package_TriggerChannelConfig.lisp
Symlinking /home/constance/uuv_ws/devel/share/common-lisp/ros/ds_hotel_msgs/msg/_package_ClioBatteryPack.lisp
Symlinking /home/constance/uuv_ws/devel/share/common-lisp/ros/ds_hotel_msgs/msg/_package_PwrSwitchDevices.lisp
Symlinking /home/constance/uuv_ws/devel/share/common-lisp/ros/ds_hotel_msgs/msg/PWR.lisp
Symlinking /home/constance/uuv_ws/devel/share/common-lisp/ros/ds_hotel_msgs/msg/_package_HTP.lisp
Symlinking /home/constance/uuv_ws/devel/share/common-lisp/ros/ds_hotel_msgs/msg/ds_hotel_msgs-msg.asd
Symlinking /home/constance/uuv_ws/devel/share/common-lisp/ros/ds_hotel_msgs/msg/_package_Charge.lisp
Symlinking /home/constance/uuv_ws/devel/share/common-lisp/ros/ds_hotel_msgs/msg/_package.lisp
Symlinking /home/constance/uuv_ws/devel/share/common-lisp/ros/ds_hotel_msgs/msg/A2D2.lisp
Symlinking /home/constance/uuv_ws/devel/share/common-lisp/ros/ds_hotel_msgs/msg/PwrSwitchDeviceStatus.lisp
Symlinking /home/constance/uuv_ws/devel/share/common-lisp/ros/ds_hotel_msgs/msg/PWRdevice.lisp
Symlinking /home/constance/uuv_ws/devel/share/common-lisp/ros/ds_hotel_msgs/msg/_package_Battery.lisp
Symlinking /home/constance/uuv_ws/devel/share/common-lisp/ros/ds_hotel_msgs/msg/BatMan.lisp
Symlinking /home/constance/uuv_ws/devel/share/common-lisp/ros/ds_hotel_msgs/msg/XR.lisp
Symlinking /home/constance/uuv_ws/devel/share/common-lisp/ros/ds_hotel_msgs/msg/_package_PwrSwitchDeviceCmd.lisp
Symlinking /home/constance/uuv_ws/devel/share/common-lisp/ros/ds_hotel_msgs/msg/_package_PwrSwitchDeviceStatus.lisp
Symlinking /home/constance/uuv_ws/devel/share/common-lisp/ros/ds_hotel_msgs/msg/_package_PWR.lisp
Symlinking /home/constance/uuv_ws/devel/share/common-lisp/ros/ds_hotel_msgs/msg/ClioBattery.lisp
Symlinking /home/constance/uuv_ws/devel/share/common-lisp/ros/ds_hotel_msgs/msg/_package_A2D2.lisp
Symlinking /home/constance/uuv_ws/devel/share/common-lisp/ros/ds_hotel_msgs/msg/PowerSupply.lisp
Symlinking /home/constance/uuv_ws/devel/share/common-lisp/ros/ds_hotel_msgs/msg/PwrSwitchDevices.lisp
Symlinking /home/constance/uuv_ws/devel/share/common-lisp/ros/ds_hotel_msgs/msg/_package_XR.lisp
Symlinking /home/constance/uuv_ws/devel/share/common-lisp/ros/ds_hotel_msgs/msg/_package_PowerSupply.lisp
Symlinking /home/constance/uuv_ws/devel/share/common-lisp/ros/ds_hotel_msgs/msg/_package_HTPGL.lisp
Symlinking /home/constance/uuv_ws/devel/share/common-lisp/ros/ds_hotel_msgs/msg/_package_BatMan.lisp
Symlinking /home/constance/uuv_ws/devel/share/common-lisp/ros/ds_hotel_msgs/msg/TriggerChannelConfig.lisp
Symlinking /home/constance/uuv_ws/devel/share/common-lisp/ros/ds_hotel_msgs/msg/Battery.lisp
Symlinking /home/constance/uuv_ws/devel/share/common-lisp/ros/ds_hotel_msgs/msg/HTP.lisp
Symlinking /home/constance/uuv_ws/devel/share/common-lisp/ros/ds_hotel_msgs/msg/_package_XrSimState.lisp
Symlinking /home/constance/uuv_ws/devel/share/common-lisp/ros/ds_hotel_msgs/msg/ClioBatteryPack.lisp
Symlinking /home/constance/uuv_ws/devel/share/common-lisp/ros/ds_hotel_msgs/msg/_package_PwrSwitch.lisp
Symlinking /home/constance/uuv_ws/devel/share/common-lisp/ros/ds_hotel_msgs/msg/Charge.lisp
Symlinking /home/constance/uuv_ws/devel/share/gennodejs/ros/ds_hotel_msgs/_index.js
Symlinking /home/constance/uuv_ws/devel/share/gennodejs/ros/ds_hotel_msgs/srv/TrigPrmCtrlCmd.js
Symlinking /home/constance/uuv_ws/devel/share/gennodejs/ros/ds_hotel_msgs/srv/_index.js
Symlinking /home/constance/uuv_ws/devel/share/gennodejs/ros/ds_hotel_msgs/srv/PowerCmd.js
Symlinking /home/constance/uuv_ws/devel/share/gennodejs/ros/ds_hotel_msgs/srv/BatteryCmd.js
Symlinking /home/constance/uuv_ws/devel/share/gennodejs/ros/ds_hotel_msgs/srv/PwrSwitchCmd.js
Symlinking /home/constance/uuv_ws/devel/share/gennodejs/ros/ds_hotel_msgs/srv/ChargeCmd.js
Symlinking /home/constance/uuv_ws/devel/share/gennodejs/ros/ds_hotel_msgs/srv/PowerSupplyCommand.js
Symlinking /home/constance/uuv_ws/devel/share/gennodejs/ros/ds_hotel_msgs/srv/AbortCmd.js
Symlinking /home/constance/uuv_ws/devel/share/gennodejs/ros/ds_hotel_msgs/srv/ClioChgCmd.js
Symlinking /home/constance/uuv_ws/devel/share/gennodejs/ros/ds_hotel_msgs/msg/PWR.js
Symlinking /home/constance/uuv_ws/devel/share/gennodejs/ros/ds_hotel_msgs/msg/PWRdevice.js
Symlinking /home/constance/uuv_ws/devel/share/gennodejs/ros/ds_hotel_msgs/msg/TriggerChannelConfig.js
Symlinking /home/constance/uuv_ws/devel/share/gennodejs/ros/ds_hotel_msgs/msg/Charge.js
Symlinking /home/constance/uuv_ws/devel/share/gennodejs/ros/ds_hotel_msgs/msg/A2D2.js
Symlinking /home/constance/uuv_ws/devel/share/gennodejs/ros/ds_hotel_msgs/msg/_index.js
Symlinking /home/constance/uuv_ws/devel/share/gennodejs/ros/ds_hotel_msgs/msg/HTP.js
Symlinking /home/constance/uuv_ws/devel/share/gennodejs/ros/ds_hotel_msgs/msg/XrSimState.js
Symlinking /home/constance/uuv_ws/devel/share/gennodejs/ros/ds_hotel_msgs/msg/PowerSupply.js
Symlinking /home/constance/uuv_ws/devel/share/gennodejs/ros/ds_hotel_msgs/msg/PwrSwitch.js
Symlinking /home/constance/uuv_ws/devel/share/gennodejs/ros/ds_hotel_msgs/msg/BatMan.js
Symlinking /home/constance/uuv_ws/devel/share/gennodejs/ros/ds_hotel_msgs/msg/PwrSwitchDevices.js
Symlinking /home/constance/uuv_ws/devel/share/gennodejs/ros/ds_hotel_msgs/msg/HTPGL.js
Symlinking /home/constance/uuv_ws/devel/share/gennodejs/ros/ds_hotel_msgs/msg/ClioBattery.js
Symlinking /home/constance/uuv_ws/devel/share/gennodejs/ros/ds_hotel_msgs/msg/XR.js
Symlinking /home/constance/uuv_ws/devel/share/gennodejs/ros/ds_hotel_msgs/msg/PwrSwitchDeviceCmd.js
Symlinking /home/constance/uuv_ws/devel/share/gennodejs/ros/ds_hotel_msgs/msg/ClioBatteryPack.js
Symlinking /home/constance/uuv_ws/devel/share/gennodejs/ros/ds_hotel_msgs/msg/PwrSwitchDeviceStatus.js
Symlinking /home/constance/uuv_ws/devel/share/gennodejs/ros/ds_hotel_msgs/msg/Battery.js
Symlinking /home/constance/uuv_ws/devel/lib/python3/dist-packages/ds_hotel_msgs/__init__.py
Symlinking /home/constance/uuv_ws/devel/lib/python3/dist-packages/ds_hotel_msgs/srv/_TrigPrmCtrlCmd.py
Symlinking /home/constance/uuv_ws/devel/lib/python3/dist-packages/ds_hotel_msgs/srv/_AbortCmd.py
Symlinking /home/constance/uuv_ws/devel/lib/python3/dist-packages/ds_hotel_msgs/srv/_ClioChgCmd.py
Symlinking /home/constance/uuv_ws/devel/lib/python3/dist-packages/ds_hotel_msgs/srv/_BatteryCmd.py
Symlinking /home/constance/uuv_ws/devel/lib/python3/dist-packages/ds_hotel_msgs/srv/_PowerSupplyCommand.py
Symlinking /home/constance/uuv_ws/devel/lib/python3/dist-packages/ds_hotel_msgs/srv/_PowerCmd.py
Symlinking /home/constance/uuv_ws/devel/lib/python3/dist-packages/ds_hotel_msgs/srv/_ChargeCmd.py
Symlinking /home/constance/uuv_ws/devel/lib/python3/dist-packages/ds_hotel_msgs/srv/_PwrSwitchCmd.py
Symlinking /home/constance/uuv_ws/devel/lib/python3/dist-packages/ds_hotel_msgs/srv/__init__.py
Symlinking /home/constance/uuv_ws/devel/lib/python3/dist-packages/ds_hotel_msgs/msg/_ClioBattery.py
Symlinking /home/constance/uuv_ws/devel/lib/python3/dist-packages/ds_hotel_msgs/msg/_ClioBatteryPack.py
Symlinking /home/constance/uuv_ws/devel/lib/python3/dist-packages/ds_hotel_msgs/msg/_Charge.py
Symlinking /home/constance/uuv_ws/devel/lib/python3/dist-packages/ds_hotel_msgs/msg/_PwrSwitchDeviceCmd.py
Symlinking /home/constance/uuv_ws/devel/lib/python3/dist-packages/ds_hotel_msgs/msg/_PWR.py
Symlinking /home/constance/uuv_ws/devel/lib/python3/dist-packages/ds_hotel_msgs/msg/_XrSimState.py
Symlinking /home/constance/uuv_ws/devel/lib/python3/dist-packages/ds_hotel_msgs/msg/_Battery.py
Symlinking /home/constance/uuv_ws/devel/lib/python3/dist-packages/ds_hotel_msgs/msg/_PwrSwitch.py
Symlinking /home/constance/uuv_ws/devel/lib/python3/dist-packages/ds_hotel_msgs/msg/_PwrSwitchDeviceStatus.py
Symlinking /home/constance/uuv_ws/devel/lib/python3/dist-packages/ds_hotel_msgs/msg/_PWRdevice.py
Symlinking /home/constance/uuv_ws/devel/lib/python3/dist-packages/ds_hotel_msgs/msg/_TriggerChannelConfig.py
Symlinking /home/constance/uuv_ws/devel/lib/python3/dist-packages/ds_hotel_msgs/msg/_HTPGL.py
Symlinking /home/constance/uuv_ws/devel/lib/python3/dist-packages/ds_hotel_msgs/msg/_PwrSwitchDevices.py
Symlinking /home/constance/uuv_ws/devel/lib/python3/dist-packages/ds_hotel_msgs/msg/_HTP.py
Symlinking /home/constance/uuv_ws/devel/lib/python3/dist-packages/ds_hotel_msgs/msg/_XR.py
Symlinking /home/constance/uuv_ws/devel/lib/python3/dist-packages/ds_hotel_msgs/msg/_BatMan.py
Symlinking /home/constance/uuv_ws/devel/lib/python3/dist-packages/ds_hotel_msgs/msg/_PowerSupply.py
Symlinking /home/constance/uuv_ws/devel/lib/python3/dist-packages/ds_hotel_msgs/msg/__init__.py
Symlinking /home/constance/uuv_ws/devel/lib/python3/dist-packages/ds_hotel_msgs/msg/_A2D2.py
Symlinking /home/constance/uuv_ws/devel/lib/pkgconfig/ds_hotel_msgs.pc
