Built target dave_robot_models_xacro_generated_to_devel_space_
[36mInstall the project...[0m
-- Install configuration: ""
-- Installing: /home/constance/uuv_ws/install/_setup_util.py
-- Installing: /home/constance/uuv_ws/install/env.sh
-- Installing: /home/constance/uuv_ws/install/setup.bash
-- Installing: /home/constance/uuv_ws/install/local_setup.bash
-- Installing: /home/constance/uuv_ws/install/setup.sh
-- Installing: /home/constance/uuv_ws/install/local_setup.sh
-- Installing: /home/constance/uuv_ws/install/setup.zsh
-- Installing: /home/constance/uuv_ws/install/local_setup.zsh
-- Installing: /home/constance/uuv_ws/install/.rosinstall
-- Up-to-date: /home/constance/uuv_ws/install/lib/pkgconfig/dave_robot_models.pc
-- Up-to-date: /home/constance/uuv_ws/install/share/dave_robot_models/cmake/dave_robot_modelsConfig.cmake
-- Up-to-date: /home/constance/uuv_ws/install/share/dave_robot_models/cmake/dave_robot_modelsConfig-version.cmake
-- Up-to-date: /home/constance/uuv_ws/install/share/dave_robot_models/package.xml
-- Up-to-date: /home/constance/uuv_ws/install/share/dave_robot_models/models
-- Up-to-date: /home/constance/uuv_ws/install/share/dave_robot_models/models/glider_hybrid_whoi
-- Up-to-date: /home/constance/uuv_ws/install/share/dave_robot_models/models/glider_hybrid_whoi/model.config
-- Up-to-date: /home/constance/uuv_ws/install/share/dave_robot_models/models/glider_hybrid_whoi/Screenshot.png
-- Up-to-date: /home/constance/uuv_ws/install/share/dave_robot_models/models/glider_hybrid_whoi/mesh
-- Up-to-date: /home/constance/uuv_ws/install/share/dave_robot_models/models/glider_hybrid_whoi/mesh/glider_hybrid_whoi_left_propeller.dae
-- Up-to-date: /home/constance/uuv_ws/install/share/dave_robot_models/models/glider_hybrid_whoi/mesh/glider_hybrid_whoi_right_propeller.dae
-- Up-to-date: /home/constance/uuv_ws/install/share/dave_robot_models/models/glider_hybrid_whoi/mesh/glider_hybrid_whoi_body.dae
-- Up-to-date: /home/constance/uuv_ws/install/share/dave_robot_models/models/glider_hybrid_whoi/mesh/WHOI-Hybrid-Glider.png
-- Up-to-date: /home/constance/uuv_ws/install/share/dave_robot_models/models/glider_hybrid_whoi/mesh/glider_hybrid_whoi_collision.dae
-- Up-to-date: /home/constance/uuv_ws/install/share/dave_robot_models/models/glider_hybrid_whoi/model.sdf
-- Up-to-date: /home/constance/uuv_ws/install/share/dave_robot_models/models/glider_wave
-- Up-to-date: /home/constance/uuv_ws/install/share/dave_robot_models/models/glider_wave/model.config
-- Up-to-date: /home/constance/uuv_ws/install/share/dave_robot_models/models/glider_wave/Screenshot.png
-- Up-to-date: /home/constance/uuv_ws/install/share/dave_robot_models/models/glider_wave/mesh
-- Up-to-date: /home/constance/uuv_ws/install/share/dave_robot_models/models/glider_wave/mesh/Wave Glider.dae
-- Up-to-date: /home/constance/uuv_ws/install/share/dave_robot_models/models/glider_wave/mesh/COLLISION-Wave Glider-sub.dae
-- Up-to-date: /home/constance/uuv_ws/install/share/dave_robot_models/models/glider_wave/mesh/Wave-Glider-sub.png
-- Up-to-date: /home/constance/uuv_ws/install/share/dave_robot_models/models/glider_wave/mesh/Wave Glider-Umbilical-Joint.dae
-- Up-to-date: /home/constance/uuv_ws/install/share/dave_robot_models/models/glider_wave/mesh/Wave Glider-Umbilical.dae
-- Up-to-date: /home/constance/uuv_ws/install/share/dave_robot_models/models/glider_wave/mesh/Wave Glider-Float.dae
-- Up-to-date: /home/constance/uuv_ws/install/share/dave_robot_models/models/glider_wave/mesh/Wave-Glider-umbilical-joint.png
-- Up-to-date: /home/constance/uuv_ws/install/share/dave_robot_models/models/glider_wave/mesh/Wave Glider-Sub.dae
-- Up-to-date: /home/constance/uuv_ws/install/share/dave_robot_models/models/glider_wave/mesh/WaveGlider.png
-- Up-to-date: /home/constance/uuv_ws/install/share/dave_robot_models/models/glider_wave/mesh/COLLISION-Wave Glider-float.dae
-- Up-to-date: /home/constance/uuv_ws/install/share/dave_robot_models/models/glider_wave/mesh/Wave-Glider-float.png
-- Up-to-date: /home/constance/uuv_ws/install/share/dave_robot_models/models/glider_wave/mesh/COLLISION-Wave Glider.dae
-- Up-to-date: /home/constance/uuv_ws/install/share/dave_robot_models/models/glider_wave/mesh/COLLISION-Wave Glider-umbilical.dae
-- Up-to-date: /home/constance/uuv_ws/install/share/dave_robot_models/models/glider_wave/mesh/Wave-Glider-umbilical.png
-- Up-to-date: /home/constance/uuv_ws/install/share/dave_robot_models/models/glider_wave/model.sdf
-- Up-to-date: /home/constance/uuv_ws/install/share/dave_robot_models/models/glider_slocum
-- Up-to-date: /home/constance/uuv_ws/install/share/dave_robot_models/models/glider_slocum/model.config
-- Up-to-date: /home/constance/uuv_ws/install/share/dave_robot_models/models/glider_slocum/Screenshot.png
-- Up-to-date: /home/constance/uuv_ws/install/share/dave_robot_models/models/glider_slocum/mesh
-- Up-to-date: /home/constance/uuv_ws/install/share/dave_robot_models/models/glider_slocum/mesh/Slocum-Glider.dae
-- Up-to-date: /home/constance/uuv_ws/install/share/dave_robot_models/models/glider_slocum/mesh/COLLISION-Slocum-Glider.dae
-- Up-to-date: /home/constance/uuv_ws/install/share/dave_robot_models/models/glider_slocum/mesh/Slocum-Glider-TopRudder.dae
-- Up-to-date: /home/constance/uuv_ws/install/share/dave_robot_models/models/glider_slocum/mesh/Slocum-Glider-RightFin.dae
-- Up-to-date: /home/constance/uuv_ws/install/share/dave_robot_models/models/glider_slocum/mesh/Slocum-Glider-LeftFin.dae
-- Up-to-date: /home/constance/uuv_ws/install/share/dave_robot_models/models/glider_slocum/mesh/Slocum-Glider-Propeller.dae
-- Up-to-date: /home/constance/uuv_ws/install/share/dave_robot_models/models/glider_slocum/mesh/Slocum-Glider.png
-- Up-to-date: /home/constance/uuv_ws/install/share/dave_robot_models/models/glider_slocum/model.sdf
