Linked: (/home/constance/uuv_ws/devel/.private/ds_mx_msgs/include/ds_mx_msgs/MissionDisplay.h, /home/constance/uuv_ws/devel/include/ds_mx_msgs/MissionDisplay.h)
Linked: (/home/constance/uuv_ws/devel/.private/ds_mx_msgs/include/ds_mx_msgs/MxEvent.h, /home/constance/uuv_ws/devel/include/ds_mx_msgs/MxEvent.h)
Linked: (/home/constance/uuv_ws/devel/.private/ds_mx_msgs/include/ds_mx_msgs/MxMissionStatus.h, /home/constance/uuv_ws/devel/include/ds_mx_msgs/MxMissionStatus.h)
Linked: (/home/constance/uuv_ws/devel/.private/ds_mx_msgs/include/ds_mx_msgs/StdPayloadCommand.h, /home/constance/uuv_ws/devel/include/ds_mx_msgs/StdPayloadCommand.h)
Linked: (/home/constance/uuv_ws/devel/.private/ds_mx_msgs/include/ds_mx_msgs/MissionElementDisplay.h, /home/constance/uuv_ws/devel/include/ds_mx_msgs/MissionElementDisplay.h)
Linked: (/home/constance/uuv_ws/devel/.private/ds_mx_msgs/include/ds_mx_msgs/MxUpdateSharedParams.h, /home/constance/uuv_ws/devel/include/ds_mx_msgs/MxUpdateSharedParams.h)
Linked: (/home/constance/uuv_ws/devel/.private/ds_mx_msgs/include/ds_mx_msgs/MxTaskStatus.h, /home/constance/uuv_ws/devel/include/ds_mx_msgs/MxTaskStatus.h)
Linked: (/home/constance/uuv_ws/devel/.private/ds_mx_msgs/include/ds_mx_msgs/MxUpdateSharedParamsResponse.h, /home/constance/uuv_ws/devel/include/ds_mx_msgs/MxUpdateSharedParamsResponse.h)
Linked: (/home/constance/uuv_ws/devel/.private/ds_mx_msgs/include/ds_mx_msgs/MxEventLog.h, /home/constance/uuv_ws/devel/include/ds_mx_msgs/MxEventLog.h)
Linked: (/home/constance/uuv_ws/devel/.private/ds_mx_msgs/include/ds_mx_msgs/MxUpdateSharedParamsRequest.h, /home/constance/uuv_ws/devel/include/ds_mx_msgs/MxUpdateSharedParamsRequest.h)
Linked: (/home/constance/uuv_ws/devel/.private/ds_mx_msgs/include/ds_mx_msgs/MxSharedParams.h, /home/constance/uuv_ws/devel/include/ds_mx_msgs/MxSharedParams.h)
Linked: (/home/constance/uuv_ws/devel/.private/ds_mx_msgs/share/roseus/ros/ds_mx_msgs/manifest.l, /home/constance/uuv_ws/devel/share/roseus/ros/ds_mx_msgs/manifest.l)
Linked: (/home/constance/uuv_ws/devel/.private/ds_mx_msgs/share/roseus/ros/ds_mx_msgs/srv/MxUpdateSharedParams.l, /home/constance/uuv_ws/devel/share/roseus/ros/ds_mx_msgs/srv/MxUpdateSharedParams.l)
Linked: (/home/constance/uuv_ws/devel/.private/ds_mx_msgs/share/roseus/ros/ds_mx_msgs/msg/MxSharedParams.l, /home/constance/uuv_ws/devel/share/roseus/ros/ds_mx_msgs/msg/MxSharedParams.l)
Linked: (/home/constance/uuv_ws/devel/.private/ds_mx_msgs/share/roseus/ros/ds_mx_msgs/msg/MissionDisplay.l, /home/constance/uuv_ws/devel/share/roseus/ros/ds_mx_msgs/msg/MissionDisplay.l)
Linked: (/home/constance/uuv_ws/devel/.private/ds_mx_msgs/share/roseus/ros/ds_mx_msgs/msg/MxTaskStatus.l, /home/constance/uuv_ws/devel/share/roseus/ros/ds_mx_msgs/msg/MxTaskStatus.l)
Linked: (/home/constance/uuv_ws/devel/.private/ds_mx_msgs/share/roseus/ros/ds_mx_msgs/msg/MxMissionStatus.l, /home/constance/uuv_ws/devel/share/roseus/ros/ds_mx_msgs/msg/MxMissionStatus.l)
Linked: (/home/constance/uuv_ws/devel/.private/ds_mx_msgs/share/roseus/ros/ds_mx_msgs/msg/MxEvent.l, /home/constance/uuv_ws/devel/share/roseus/ros/ds_mx_msgs/msg/MxEvent.l)
Linked: (/home/constance/uuv_ws/devel/.private/ds_mx_msgs/share/roseus/ros/ds_mx_msgs/msg/StdPayloadCommand.l, /home/constance/uuv_ws/devel/share/roseus/ros/ds_mx_msgs/msg/StdPayloadCommand.l)
Linked: (/home/constance/uuv_ws/devel/.private/ds_mx_msgs/share/roseus/ros/ds_mx_msgs/msg/MxEventLog.l, /home/constance/uuv_ws/devel/share/roseus/ros/ds_mx_msgs/msg/MxEventLog.l)
Linked: (/home/constance/uuv_ws/devel/.private/ds_mx_msgs/share/roseus/ros/ds_mx_msgs/msg/MissionElementDisplay.l, /home/constance/uuv_ws/devel/share/roseus/ros/ds_mx_msgs/msg/MissionElementDisplay.l)
Linked: (/home/constance/uuv_ws/devel/.private/ds_mx_msgs/share/ds_mx_msgs/cmake/ds_mx_msgsConfig-version.cmake, /home/constance/uuv_ws/devel/share/ds_mx_msgs/cmake/ds_mx_msgsConfig-version.cmake)
Linked: (/home/constance/uuv_ws/devel/.private/ds_mx_msgs/share/ds_mx_msgs/cmake/ds_mx_msgs-msg-paths.cmake, /home/constance/uuv_ws/devel/share/ds_mx_msgs/cmake/ds_mx_msgs-msg-paths.cmake)
Linked: (/home/constance/uuv_ws/devel/.private/ds_mx_msgs/share/ds_mx_msgs/cmake/ds_mx_msgsConfig.cmake, /home/constance/uuv_ws/devel/share/ds_mx_msgs/cmake/ds_mx_msgsConfig.cmake)
Linked: (/home/constance/uuv_ws/devel/.private/ds_mx_msgs/share/ds_mx_msgs/cmake/ds_mx_msgs-msg-extras.cmake, /home/constance/uuv_ws/devel/share/ds_mx_msgs/cmake/ds_mx_msgs-msg-extras.cmake)
Linked: (/home/constance/uuv_ws/devel/.private/ds_mx_msgs/share/common-lisp/ros/ds_mx_msgs/srv/ds_mx_msgs-srv.asd, /home/constance/uuv_ws/devel/share/common-lisp/ros/ds_mx_msgs/srv/ds_mx_msgs-srv.asd)
Linked: (/home/constance/uuv_ws/devel/.private/ds_mx_msgs/share/common-lisp/ros/ds_mx_msgs/srv/_package.lisp, /home/constance/uuv_ws/devel/share/common-lisp/ros/ds_mx_msgs/srv/_package.lisp)
Linked: (/home/constance/uuv_ws/devel/.private/ds_mx_msgs/share/common-lisp/ros/ds_mx_msgs/srv/MxUpdateSharedParams.lisp, /home/constance/uuv_ws/devel/share/common-lisp/ros/ds_mx_msgs/srv/MxUpdateSharedParams.lisp)
Linked: (/home/constance/uuv_ws/devel/.private/ds_mx_msgs/share/common-lisp/ros/ds_mx_msgs/srv/_package_MxUpdateSharedParams.lisp, /home/constance/uuv_ws/devel/share/common-lisp/ros/ds_mx_msgs/srv/_package_MxUpdateSharedParams.lisp)
Linked: (/home/constance/uuv_ws/devel/.private/ds_mx_msgs/share/common-lisp/ros/ds_mx_msgs/msg/_package_MxEventLog.lisp, /home/constance/uuv_ws/devel/share/common-lisp/ros/ds_mx_msgs/msg/_package_MxEventLog.lisp)
Linked: (/home/constance/uuv_ws/devel/.private/ds_mx_msgs/share/common-lisp/ros/ds_mx_msgs/msg/MissionElementDisplay.lisp, /home/constance/uuv_ws/devel/share/common-lisp/ros/ds_mx_msgs/msg/MissionElementDisplay.lisp)
Linked: (/home/constance/uuv_ws/devel/.private/ds_mx_msgs/share/common-lisp/ros/ds_mx_msgs/msg/MxSharedParams.lisp, /home/constance/uuv_ws/devel/share/common-lisp/ros/ds_mx_msgs/msg/MxSharedParams.lisp)
Linked: (/home/constance/uuv_ws/devel/.private/ds_mx_msgs/share/common-lisp/ros/ds_mx_msgs/msg/MxEventLog.lisp, /home/constance/uuv_ws/devel/share/common-lisp/ros/ds_mx_msgs/msg/MxEventLog.lisp)
Linked: (/home/constance/uuv_ws/devel/.private/ds_mx_msgs/share/common-lisp/ros/ds_mx_msgs/msg/MxTaskStatus.lisp, /home/constance/uuv_ws/devel/share/common-lisp/ros/ds_mx_msgs/msg/MxTaskStatus.lisp)
Linked: (/home/constance/uuv_ws/devel/.private/ds_mx_msgs/share/common-lisp/ros/ds_mx_msgs/msg/_package.lisp, /home/constance/uuv_ws/devel/share/common-lisp/ros/ds_mx_msgs/msg/_package.lisp)
Linked: (/home/constance/uuv_ws/devel/.private/ds_mx_msgs/share/common-lisp/ros/ds_mx_msgs/msg/ds_mx_msgs-msg.asd, /home/constance/uuv_ws/devel/share/common-lisp/ros/ds_mx_msgs/msg/ds_mx_msgs-msg.asd)
Linked: (/home/constance/uuv_ws/devel/.private/ds_mx_msgs/share/common-lisp/ros/ds_mx_msgs/msg/_package_MissionDisplay.lisp, /home/constance/uuv_ws/devel/share/common-lisp/ros/ds_mx_msgs/msg/_package_MissionDisplay.lisp)
Linked: (/home/constance/uuv_ws/devel/.private/ds_mx_msgs/share/common-lisp/ros/ds_mx_msgs/msg/MxEvent.lisp, /home/constance/uuv_ws/devel/share/common-lisp/ros/ds_mx_msgs/msg/MxEvent.lisp)
Linked: (/home/constance/uuv_ws/devel/.private/ds_mx_msgs/share/common-lisp/ros/ds_mx_msgs/msg/_package_MxTaskStatus.lisp, /home/constance/uuv_ws/devel/share/common-lisp/ros/ds_mx_msgs/msg/_package_MxTaskStatus.lisp)
Linked: (/home/constance/uuv_ws/devel/.private/ds_mx_msgs/share/common-lisp/ros/ds_mx_msgs/msg/MissionDisplay.lisp, /home/constance/uuv_ws/devel/share/common-lisp/ros/ds_mx_msgs/msg/MissionDisplay.lisp)
Linked: (/home/constance/uuv_ws/devel/.private/ds_mx_msgs/share/common-lisp/ros/ds_mx_msgs/msg/StdPayloadCommand.lisp, /home/constance/uuv_ws/devel/share/common-lisp/ros/ds_mx_msgs/msg/StdPayloadCommand.lisp)
Linked: (/home/constance/uuv_ws/devel/.private/ds_mx_msgs/share/common-lisp/ros/ds_mx_msgs/msg/_package_MxSharedParams.lisp, /home/constance/uuv_ws/devel/share/common-lisp/ros/ds_mx_msgs/msg/_package_MxSharedParams.lisp)
Linked: (/home/constance/uuv_ws/devel/.private/ds_mx_msgs/share/common-lisp/ros/ds_mx_msgs/msg/MxMissionStatus.lisp, /home/constance/uuv_ws/devel/share/common-lisp/ros/ds_mx_msgs/msg/MxMissionStatus.lisp)
Linked: (/home/constance/uuv_ws/devel/.private/ds_mx_msgs/share/common-lisp/ros/ds_mx_msgs/msg/_package_StdPayloadCommand.lisp, /home/constance/uuv_ws/devel/share/common-lisp/ros/ds_mx_msgs/msg/_package_StdPayloadCommand.lisp)
Linked: (/home/constance/uuv_ws/devel/.private/ds_mx_msgs/share/common-lisp/ros/ds_mx_msgs/msg/_package_MissionElementDisplay.lisp, /home/constance/uuv_ws/devel/share/common-lisp/ros/ds_mx_msgs/msg/_package_MissionElementDisplay.lisp)
Linked: (/home/constance/uuv_ws/devel/.private/ds_mx_msgs/share/common-lisp/ros/ds_mx_msgs/msg/_package_MxEvent.lisp, /home/constance/uuv_ws/devel/share/common-lisp/ros/ds_mx_msgs/msg/_package_MxEvent.lisp)
Linked: (/home/constance/uuv_ws/devel/.private/ds_mx_msgs/share/common-lisp/ros/ds_mx_msgs/msg/_package_MxMissionStatus.lisp, /home/constance/uuv_ws/devel/share/common-lisp/ros/ds_mx_msgs/msg/_package_MxMissionStatus.lisp)
Linked: (/home/constance/uuv_ws/devel/.private/ds_mx_msgs/share/gennodejs/ros/ds_mx_msgs/_index.js, /home/constance/uuv_ws/devel/share/gennodejs/ros/ds_mx_msgs/_index.js)
Linked: (/home/constance/uuv_ws/devel/.private/ds_mx_msgs/share/gennodejs/ros/ds_mx_msgs/srv/_index.js, /home/constance/uuv_ws/devel/share/gennodejs/ros/ds_mx_msgs/srv/_index.js)
Linked: (/home/constance/uuv_ws/devel/.private/ds_mx_msgs/share/gennodejs/ros/ds_mx_msgs/srv/MxUpdateSharedParams.js, /home/constance/uuv_ws/devel/share/gennodejs/ros/ds_mx_msgs/srv/MxUpdateSharedParams.js)
Linked: (/home/constance/uuv_ws/devel/.private/ds_mx_msgs/share/gennodejs/ros/ds_mx_msgs/msg/StdPayloadCommand.js, /home/constance/uuv_ws/devel/share/gennodejs/ros/ds_mx_msgs/msg/StdPayloadCommand.js)
Linked: (/home/constance/uuv_ws/devel/.private/ds_mx_msgs/share/gennodejs/ros/ds_mx_msgs/msg/MxEvent.js, /home/constance/uuv_ws/devel/share/gennodejs/ros/ds_mx_msgs/msg/MxEvent.js)
Linked: (/home/constance/uuv_ws/devel/.private/ds_mx_msgs/share/gennodejs/ros/ds_mx_msgs/msg/MxTaskStatus.js, /home/constance/uuv_ws/devel/share/gennodejs/ros/ds_mx_msgs/msg/MxTaskStatus.js)
Linked: (/home/constance/uuv_ws/devel/.private/ds_mx_msgs/share/gennodejs/ros/ds_mx_msgs/msg/_index.js, /home/constance/uuv_ws/devel/share/gennodejs/ros/ds_mx_msgs/msg/_index.js)
Linked: (/home/constance/uuv_ws/devel/.private/ds_mx_msgs/share/gennodejs/ros/ds_mx_msgs/msg/MissionDisplay.js, /home/constance/uuv_ws/devel/share/gennodejs/ros/ds_mx_msgs/msg/MissionDisplay.js)
Linked: (/home/constance/uuv_ws/devel/.private/ds_mx_msgs/share/gennodejs/ros/ds_mx_msgs/msg/MxSharedParams.js, /home/constance/uuv_ws/devel/share/gennodejs/ros/ds_mx_msgs/msg/MxSharedParams.js)
Linked: (/home/constance/uuv_ws/devel/.private/ds_mx_msgs/share/gennodejs/ros/ds_mx_msgs/msg/MxEventLog.js, /home/constance/uuv_ws/devel/share/gennodejs/ros/ds_mx_msgs/msg/MxEventLog.js)
Linked: (/home/constance/uuv_ws/devel/.private/ds_mx_msgs/share/gennodejs/ros/ds_mx_msgs/msg/MissionElementDisplay.js, /home/constance/uuv_ws/devel/share/gennodejs/ros/ds_mx_msgs/msg/MissionElementDisplay.js)
Linked: (/home/constance/uuv_ws/devel/.private/ds_mx_msgs/share/gennodejs/ros/ds_mx_msgs/msg/MxMissionStatus.js, /home/constance/uuv_ws/devel/share/gennodejs/ros/ds_mx_msgs/msg/MxMissionStatus.js)
Linked: (/home/constance/uuv_ws/devel/.private/ds_mx_msgs/lib/python3/dist-packages/ds_mx_msgs/__init__.py, /home/constance/uuv_ws/devel/lib/python3/dist-packages/ds_mx_msgs/__init__.py)
Linked: (/home/constance/uuv_ws/devel/.private/ds_mx_msgs/lib/python3/dist-packages/ds_mx_msgs/srv/_MxUpdateSharedParams.py, /home/constance/uuv_ws/devel/lib/python3/dist-packages/ds_mx_msgs/srv/_MxUpdateSharedParams.py)
Linked: (/home/constance/uuv_ws/devel/.private/ds_mx_msgs/lib/python3/dist-packages/ds_mx_msgs/srv/__init__.py, /home/constance/uuv_ws/devel/lib/python3/dist-packages/ds_mx_msgs/srv/__init__.py)
Linked: (/home/constance/uuv_ws/devel/.private/ds_mx_msgs/lib/python3/dist-packages/ds_mx_msgs/msg/_MxTaskStatus.py, /home/constance/uuv_ws/devel/lib/python3/dist-packages/ds_mx_msgs/msg/_MxTaskStatus.py)
Linked: (/home/constance/uuv_ws/devel/.private/ds_mx_msgs/lib/python3/dist-packages/ds_mx_msgs/msg/_MxEvent.py, /home/constance/uuv_ws/devel/lib/python3/dist-packages/ds_mx_msgs/msg/_MxEvent.py)
Linked: (/home/constance/uuv_ws/devel/.private/ds_mx_msgs/lib/python3/dist-packages/ds_mx_msgs/msg/_MxEventLog.py, /home/constance/uuv_ws/devel/lib/python3/dist-packages/ds_mx_msgs/msg/_MxEventLog.py)
Linked: (/home/constance/uuv_ws/devel/.private/ds_mx_msgs/lib/python3/dist-packages/ds_mx_msgs/msg/_MissionDisplay.py, /home/constance/uuv_ws/devel/lib/python3/dist-packages/ds_mx_msgs/msg/_MissionDisplay.py)
Linked: (/home/constance/uuv_ws/devel/.private/ds_mx_msgs/lib/python3/dist-packages/ds_mx_msgs/msg/_MxMissionStatus.py, /home/constance/uuv_ws/devel/lib/python3/dist-packages/ds_mx_msgs/msg/_MxMissionStatus.py)
Linked: (/home/constance/uuv_ws/devel/.private/ds_mx_msgs/lib/python3/dist-packages/ds_mx_msgs/msg/_MxSharedParams.py, /home/constance/uuv_ws/devel/lib/python3/dist-packages/ds_mx_msgs/msg/_MxSharedParams.py)
Linked: (/home/constance/uuv_ws/devel/.private/ds_mx_msgs/lib/python3/dist-packages/ds_mx_msgs/msg/__init__.py, /home/constance/uuv_ws/devel/lib/python3/dist-packages/ds_mx_msgs/msg/__init__.py)
Linked: (/home/constance/uuv_ws/devel/.private/ds_mx_msgs/lib/python3/dist-packages/ds_mx_msgs/msg/_StdPayloadCommand.py, /home/constance/uuv_ws/devel/lib/python3/dist-packages/ds_mx_msgs/msg/_StdPayloadCommand.py)
Linked: (/home/constance/uuv_ws/devel/.private/ds_mx_msgs/lib/python3/dist-packages/ds_mx_msgs/msg/_MissionElementDisplay.py, /home/constance/uuv_ws/devel/lib/python3/dist-packages/ds_mx_msgs/msg/_MissionElementDisplay.py)
Linked: (/home/constance/uuv_ws/devel/.private/ds_mx_msgs/lib/pkgconfig/ds_mx_msgs.pc, /home/constance/uuv_ws/devel/lib/pkgconfig/ds_mx_msgs.pc)
