Symlinking /home/constance/uuv_ws/devel/include/ds_mx_msgs/MissionDisplay.h
Symlinking /home/constance/uuv_ws/devel/include/ds_mx_msgs/MxEvent.h
Symlinking /home/constance/uuv_ws/devel/include/ds_mx_msgs/MxMissionStatus.h
Symlinking /home/constance/uuv_ws/devel/include/ds_mx_msgs/StdPayloadCommand.h
Symlinking /home/constance/uuv_ws/devel/include/ds_mx_msgs/MissionElementDisplay.h
Symlinking /home/constance/uuv_ws/devel/include/ds_mx_msgs/MxUpdateSharedParams.h
Symlinking /home/constance/uuv_ws/devel/include/ds_mx_msgs/MxTaskStatus.h
Symlinking /home/constance/uuv_ws/devel/include/ds_mx_msgs/MxUpdateSharedParamsResponse.h
Symlinking /home/constance/uuv_ws/devel/include/ds_mx_msgs/MxEventLog.h
Symlinking /home/constance/uuv_ws/devel/include/ds_mx_msgs/MxUpdateSharedParamsRequest.h
Symlinking /home/constance/uuv_ws/devel/include/ds_mx_msgs/MxSharedParams.h
Symlinking /home/constance/uuv_ws/devel/share/roseus/ros/ds_mx_msgs/manifest.l
Symlinking /home/constance/uuv_ws/devel/share/roseus/ros/ds_mx_msgs/srv/MxUpdateSharedParams.l
Symlinking /home/constance/uuv_ws/devel/share/roseus/ros/ds_mx_msgs/msg/MxSharedParams.l
Symlinking /home/constance/uuv_ws/devel/share/roseus/ros/ds_mx_msgs/msg/MissionDisplay.l
Symlinking /home/constance/uuv_ws/devel/share/roseus/ros/ds_mx_msgs/msg/MxTaskStatus.l
Symlinking /home/constance/uuv_ws/devel/share/roseus/ros/ds_mx_msgs/msg/MxMissionStatus.l
Symlinking /home/constance/uuv_ws/devel/share/roseus/ros/ds_mx_msgs/msg/MxEvent.l
Symlinking /home/constance/uuv_ws/devel/share/roseus/ros/ds_mx_msgs/msg/StdPayloadCommand.l
Symlinking /home/constance/uuv_ws/devel/share/roseus/ros/ds_mx_msgs/msg/MxEventLog.l
Symlinking /home/constance/uuv_ws/devel/share/roseus/ros/ds_mx_msgs/msg/MissionElementDisplay.l
Symlinking /home/constance/uuv_ws/devel/share/ds_mx_msgs/cmake/ds_mx_msgsConfig-version.cmake
Symlinking /home/constance/uuv_ws/devel/share/ds_mx_msgs/cmake/ds_mx_msgs-msg-paths.cmake
Symlinking /home/constance/uuv_ws/devel/share/ds_mx_msgs/cmake/ds_mx_msgsConfig.cmake
Symlinking /home/constance/uuv_ws/devel/share/ds_mx_msgs/cmake/ds_mx_msgs-msg-extras.cmake
Symlinking /home/constance/uuv_ws/devel/share/common-lisp/ros/ds_mx_msgs/srv/ds_mx_msgs-srv.asd
Symlinking /home/constance/uuv_ws/devel/share/common-lisp/ros/ds_mx_msgs/srv/_package.lisp
Symlinking /home/constance/uuv_ws/devel/share/common-lisp/ros/ds_mx_msgs/srv/MxUpdateSharedParams.lisp
Symlinking /home/constance/uuv_ws/devel/share/common-lisp/ros/ds_mx_msgs/srv/_package_MxUpdateSharedParams.lisp
Symlinking /home/constance/uuv_ws/devel/share/common-lisp/ros/ds_mx_msgs/msg/_package_MxEventLog.lisp
Symlinking /home/constance/uuv_ws/devel/share/common-lisp/ros/ds_mx_msgs/msg/MissionElementDisplay.lisp
Symlinking /home/constance/uuv_ws/devel/share/common-lisp/ros/ds_mx_msgs/msg/MxSharedParams.lisp
Symlinking /home/constance/uuv_ws/devel/share/common-lisp/ros/ds_mx_msgs/msg/MxEventLog.lisp
Symlinking /home/constance/uuv_ws/devel/share/common-lisp/ros/ds_mx_msgs/msg/MxTaskStatus.lisp
Symlinking /home/constance/uuv_ws/devel/share/common-lisp/ros/ds_mx_msgs/msg/_package.lisp
Symlinking /home/constance/uuv_ws/devel/share/common-lisp/ros/ds_mx_msgs/msg/ds_mx_msgs-msg.asd
Symlinking /home/constance/uuv_ws/devel/share/common-lisp/ros/ds_mx_msgs/msg/_package_MissionDisplay.lisp
Symlinking /home/constance/uuv_ws/devel/share/common-lisp/ros/ds_mx_msgs/msg/MxEvent.lisp
Symlinking /home/constance/uuv_ws/devel/share/common-lisp/ros/ds_mx_msgs/msg/_package_MxTaskStatus.lisp
Symlinking /home/constance/uuv_ws/devel/share/common-lisp/ros/ds_mx_msgs/msg/MissionDisplay.lisp
Symlinking /home/constance/uuv_ws/devel/share/common-lisp/ros/ds_mx_msgs/msg/StdPayloadCommand.lisp
Symlinking /home/constance/uuv_ws/devel/share/common-lisp/ros/ds_mx_msgs/msg/_package_MxSharedParams.lisp
Symlinking /home/constance/uuv_ws/devel/share/common-lisp/ros/ds_mx_msgs/msg/MxMissionStatus.lisp
Symlinking /home/constance/uuv_ws/devel/share/common-lisp/ros/ds_mx_msgs/msg/_package_StdPayloadCommand.lisp
Symlinking /home/constance/uuv_ws/devel/share/common-lisp/ros/ds_mx_msgs/msg/_package_MissionElementDisplay.lisp
Symlinking /home/constance/uuv_ws/devel/share/common-lisp/ros/ds_mx_msgs/msg/_package_MxEvent.lisp
Symlinking /home/constance/uuv_ws/devel/share/common-lisp/ros/ds_mx_msgs/msg/_package_MxMissionStatus.lisp
Symlinking /home/constance/uuv_ws/devel/share/gennodejs/ros/ds_mx_msgs/_index.js
Symlinking /home/constance/uuv_ws/devel/share/gennodejs/ros/ds_mx_msgs/srv/_index.js
Symlinking /home/constance/uuv_ws/devel/share/gennodejs/ros/ds_mx_msgs/srv/MxUpdateSharedParams.js
Symlinking /home/constance/uuv_ws/devel/share/gennodejs/ros/ds_mx_msgs/msg/StdPayloadCommand.js
Symlinking /home/constance/uuv_ws/devel/share/gennodejs/ros/ds_mx_msgs/msg/MxEvent.js
Symlinking /home/constance/uuv_ws/devel/share/gennodejs/ros/ds_mx_msgs/msg/MxTaskStatus.js
Symlinking /home/constance/uuv_ws/devel/share/gennodejs/ros/ds_mx_msgs/msg/_index.js
Symlinking /home/constance/uuv_ws/devel/share/gennodejs/ros/ds_mx_msgs/msg/MissionDisplay.js
Symlinking /home/constance/uuv_ws/devel/share/gennodejs/ros/ds_mx_msgs/msg/MxSharedParams.js
Symlinking /home/constance/uuv_ws/devel/share/gennodejs/ros/ds_mx_msgs/msg/MxEventLog.js
Symlinking /home/constance/uuv_ws/devel/share/gennodejs/ros/ds_mx_msgs/msg/MissionElementDisplay.js
Symlinking /home/constance/uuv_ws/devel/share/gennodejs/ros/ds_mx_msgs/msg/MxMissionStatus.js
Symlinking /home/constance/uuv_ws/devel/lib/python3/dist-packages/ds_mx_msgs/__init__.py
Symlinking /home/constance/uuv_ws/devel/lib/python3/dist-packages/ds_mx_msgs/srv/_MxUpdateSharedParams.py
Symlinking /home/constance/uuv_ws/devel/lib/python3/dist-packages/ds_mx_msgs/srv/__init__.py
Symlinking /home/constance/uuv_ws/devel/lib/python3/dist-packages/ds_mx_msgs/msg/_MxTaskStatus.py
Symlinking /home/constance/uuv_ws/devel/lib/python3/dist-packages/ds_mx_msgs/msg/_MxEvent.py
Symlinking /home/constance/uuv_ws/devel/lib/python3/dist-packages/ds_mx_msgs/msg/_MxEventLog.py
Symlinking /home/constance/uuv_ws/devel/lib/python3/dist-packages/ds_mx_msgs/msg/_MissionDisplay.py
Symlinking /home/constance/uuv_ws/devel/lib/python3/dist-packages/ds_mx_msgs/msg/_MxMissionStatus.py
Symlinking /home/constance/uuv_ws/devel/lib/python3/dist-packages/ds_mx_msgs/msg/_MxSharedParams.py
Symlinking /home/constance/uuv_ws/devel/lib/python3/dist-packages/ds_mx_msgs/msg/__init__.py
Symlinking /home/constance/uuv_ws/devel/lib/python3/dist-packages/ds_mx_msgs/msg/_StdPayloadCommand.py
Symlinking /home/constance/uuv_ws/devel/lib/python3/dist-packages/ds_mx_msgs/msg/_MissionElementDisplay.py
Symlinking /home/constance/uuv_ws/devel/lib/pkgconfig/ds_mx_msgs.pc
