[35m[1mScanning dependencies of target _ds_mx_msgs_generate_messages_check_deps_MissionDisplay[0m
[  0%] Built target _ds_mx_msgs_generate_messages_check_deps_MissionDisplay
[35m[1mScanning dependencies of target std_msgs_generate_messages_eus[0m
[  0%] Built target std_msgs_generate_messages_eus
[35m[1mScanning dependencies of target _ds_mx_msgs_generate_messages_check_deps_MissionElementDisplay[0m
[  0%] Built target _ds_mx_msgs_generate_messages_check_deps_MissionElementDisplay
[35m[1mScanning dependencies of target ds_core_msgs_generate_messages_eus[0m
[  0%] Built target ds_core_msgs_generate_messages_eus
[35m[1mScanning dependencies of target _ds_mx_msgs_generate_messages_check_deps_MxTaskStatus[0m
[  0%] Built target _ds_mx_msgs_generate_messages_check_deps_MxTaskStatus
[35m[1mScanning dependencies of target _ds_mx_msgs_generate_messages_check_deps_StdPayloadCommand[0m
[  0%] Built target _ds_mx_msgs_generate_messages_check_deps_StdPayloadCommand
[35m[1mScanning dependencies of target _ds_mx_msgs_generate_messages_check_deps_MxUpdateSharedParams[0m
[  0%] Built target _ds_mx_msgs_generate_messages_check_deps_MxUpdateSharedParams
[35m[1mScanning dependencies of target geometry_msgs_generate_messages_eus[0m
[  0%] Built target geometry_msgs_generate_messages_eus
[35m[1mScanning dependencies of target _ds_mx_msgs_generate_messages_check_deps_MxEvent[0m
[  0%] Built target _ds_mx_msgs_generate_messages_check_deps_MxEvent
[35m[1mScanning dependencies of target _ds_mx_msgs_generate_messages_check_deps_MxMissionStatus[0m
[  0%] Built target _ds_mx_msgs_generate_messages_check_deps_MxMissionStatus
[35m[1mScanning dependencies of target _ds_mx_msgs_generate_messages_check_deps_MxEventLog[0m
[  0%] Built target _ds_mx_msgs_generate_messages_check_deps_MxEventLog
[35m[1mScanning dependencies of target _ds_mx_msgs_generate_messages_check_deps_MxSharedParams[0m
[  0%] Built target _ds_mx_msgs_generate_messages_check_deps_MxSharedParams
[35m[1mScanning dependencies of target ds_core_msgs_generate_messages_nodejs[0m
[  0%] Built target ds_core_msgs_generate_messages_nodejs
[35m[1mScanning dependencies of target geometry_msgs_generate_messages_nodejs[0m
[  0%] Built target geometry_msgs_generate_messages_nodejs
[35m[1mScanning dependencies of target std_msgs_generate_messages_nodejs[0m
[  0%] Built target std_msgs_generate_messages_nodejs
[35m[1mScanning dependencies of target geometry_msgs_generate_messages_lisp[0m
[  0%] Built target geometry_msgs_generate_messages_lisp
[35m[1mScanning dependencies of target ds_core_msgs_generate_messages_lisp[0m
[  0%] Built target ds_core_msgs_generate_messages_lisp
[35m[1mScanning dependencies of target std_msgs_generate_messages_lisp[0m
[  0%] Built target std_msgs_generate_messages_lisp
[35m[1mScanning dependencies of target geometry_msgs_generate_messages_py[0m
[  0%] Built target geometry_msgs_generate_messages_py
[35m[1mScanning dependencies of target ds_core_msgs_generate_messages_py[0m
[  0%] Built target ds_core_msgs_generate_messages_py
[35m[1mScanning dependencies of target std_msgs_generate_messages_py[0m
[  0%] Built target std_msgs_generate_messages_py
[35m[1mScanning dependencies of target std_msgs_generate_messages_cpp[0m
[  0%] Built target std_msgs_generate_messages_cpp
[35m[1mScanning dependencies of target ds_core_msgs_generate_messages_cpp[0m
[  0%] Built target ds_core_msgs_generate_messages_cpp
[35m[1mScanning dependencies of target geometry_msgs_generate_messages_cpp[0m
[  0%] Built target geometry_msgs_generate_messages_cpp
[35m[1mScanning dependencies of target ds_mx_msgs_generate_messages_eus[0m
[  2%] [34m[1mGenerating EusLisp code from ds_mx_msgs/StdPayloadCommand.msg[0m
[  4%] [34m[1mGenerating EusLisp code from ds_mx_msgs/MxEvent.msg[0m
[  6%] [34m[1mGenerating EusLisp code from ds_mx_msgs/MxEventLog.msg[0m
[  8%] [34m[1mGenerating EusLisp code from ds_mx_msgs/MxTaskStatus.msg[0m
[ 10%] [34m[1mGenerating EusLisp code from ds_mx_msgs/MxMissionStatus.msg[0m
[ 12%] [34m[1mGenerating EusLisp code from ds_mx_msgs/MxSharedParams.msg[0m
[ 14%] [34m[1mGenerating EusLisp code from ds_mx_msgs/MissionDisplay.msg[0m
[ 16%] [34m[1mGenerating EusLisp code from ds_mx_msgs/MissionElementDisplay.msg[0m
[ 18%] [34m[1mGenerating EusLisp code from ds_mx_msgs/MxUpdateSharedParams.srv[0m
[ 20%] [34m[1mGenerating EusLisp manifest code for ds_mx_msgs[0m
[ 20%] Built target ds_mx_msgs_generate_messages_eus
[35m[1mScanning dependencies of target ds_mx_msgs_generate_messages_nodejs[0m
[ 22%] [34m[1mGenerating Javascript code from ds_mx_msgs/StdPayloadCommand.msg[0m
[ 25%] [34m[1mGenerating Javascript code from ds_mx_msgs/MxEvent.msg[0m
[ 27%] [34m[1mGenerating Javascript code from ds_mx_msgs/MxEventLog.msg[0m
[ 29%] [34m[1mGenerating Javascript code from ds_mx_msgs/MxTaskStatus.msg[0m
[ 31%] [34m[1mGenerating Javascript code from ds_mx_msgs/MxMissionStatus.msg[0m
[ 33%] [34m[1mGenerating Javascript code from ds_mx_msgs/MxSharedParams.msg[0m
[ 35%] [34m[1mGenerating Javascript code from ds_mx_msgs/MissionDisplay.msg[0m
[ 37%] [34m[1mGenerating Javascript code from ds_mx_msgs/MissionElementDisplay.msg[0m
[ 39%] [34m[1mGenerating Javascript code from ds_mx_msgs/MxUpdateSharedParams.srv[0m
[ 39%] Built target ds_mx_msgs_generate_messages_nodejs
[35m[1mScanning dependencies of target ds_mx_msgs_generate_messages_lisp[0m
[ 41%] [34m[1mGenerating Lisp code from ds_mx_msgs/StdPayloadCommand.msg[0m
[ 43%] [34m[1mGenerating Lisp code from ds_mx_msgs/MxEvent.msg[0m
[ 45%] [34m[1mGenerating Lisp code from ds_mx_msgs/MxEventLog.msg[0m
[ 47%] [34m[1mGenerating Lisp code from ds_mx_msgs/MxTaskStatus.msg[0m
[ 50%] [34m[1mGenerating Lisp code from ds_mx_msgs/MxMissionStatus.msg[0m
[ 52%] [34m[1mGenerating Lisp code from ds_mx_msgs/MxSharedParams.msg[0m
[ 54%] [34m[1mGenerating Lisp code from ds_mx_msgs/MissionDisplay.msg[0m
[ 56%] [34m[1mGenerating Lisp code from ds_mx_msgs/MissionElementDisplay.msg[0m
[ 58%] [34m[1mGenerating Lisp code from ds_mx_msgs/MxUpdateSharedParams.srv[0m
[ 58%] Built target ds_mx_msgs_generate_messages_lisp
[35m[1mScanning dependencies of target ds_mx_msgs_generate_messages_py[0m
[ 60%] [34m[1mGenerating Python from MSG ds_mx_msgs/StdPayloadCommand[0m
[ 62%] [34m[1mGenerating Python from MSG ds_mx_msgs/MxEvent[0m
[ 64%] [34m[1mGenerating Python from MSG ds_mx_msgs/MxEventLog[0m
[ 66%] [34m[1mGenerating Python from MSG ds_mx_msgs/MxTaskStatus[0m
[ 68%] [34m[1mGenerating Python from MSG ds_mx_msgs/MxMissionStatus[0m
[ 70%] [34m[1mGenerating Python from MSG ds_mx_msgs/MxSharedParams[0m
[ 72%] [34m[1mGenerating Python from MSG ds_mx_msgs/MissionDisplay[0m
[ 75%] [34m[1mGenerating Python from MSG ds_mx_msgs/MissionElementDisplay[0m
[ 77%] [34m[1mGenerating Python code from SRV ds_mx_msgs/MxUpdateSharedParams[0m
[ 79%] [34m[1mGenerating Python msg __init__.py for ds_mx_msgs[0m
[ 81%] [34m[1mGenerating Python srv __init__.py for ds_mx_msgs[0m
[ 81%] Built target ds_mx_msgs_generate_messages_py
[35m[1mScanning dependencies of target ds_mx_msgs_generate_messages_cpp[0m
[ 83%] [34m[1mGenerating C++ code from ds_mx_msgs/StdPayloadCommand.msg[0m
[ 85%] [34m[1mGenerating C++ code from ds_mx_msgs/MxEvent.msg[0m
[ 87%] [34m[1mGenerating C++ code from ds_mx_msgs/MxEventLog.msg[0m
[ 89%] [34m[1mGenerating C++ code from ds_mx_msgs/MxTaskStatus.msg[0m
[ 91%] [34m[1mGenerating C++ code from ds_mx_msgs/MxMissionStatus.msg[0m
[ 93%] [34m[1mGenerating C++ code from ds_mx_msgs/MxSharedParams.msg[0m
[ 95%] [34m[1mGenerating C++ code from ds_mx_msgs/MissionDisplay.msg[0m
[ 97%] [34m[1mGenerating C++ code from ds_mx_msgs/MissionElementDisplay.msg[0m
[100%] [34m[1mGenerating C++ code from ds_mx_msgs/MxUpdateSharedParams.srv[0m
[100%] Built target ds_mx_msgs_generate_messages_cpp
[35m[1mScanning dependencies of target ds_mx_msgs_generate_messages[0m
[100%] Built target ds_mx_msgs_generate_messages
