[36mInstall the project...[0m
-- Install configuration: ""
-- Installing: /home/constance/uuv_ws/install/_setup_util.py
-- Installing: /home/constance/uuv_ws/install/env.sh
-- Installing: /home/constance/uuv_ws/install/setup.bash
-- Installing: /home/constance/uuv_ws/install/local_setup.bash
-- Installing: /home/constance/uuv_ws/install/setup.sh
-- Installing: /home/constance/uuv_ws/install/local_setup.sh
-- Installing: /home/constance/uuv_ws/install/setup.zsh
-- Installing: /home/constance/uuv_ws/install/local_setup.zsh
-- Installing: /home/constance/uuv_ws/install/.rosinstall
+ cd /home/constance/uuv_ws/src/uuv_manipulators/uuv_manipulators_control
+ mkdir -p /home/constance/uuv_ws/install/lib/python3/dist-packages
+ /usr/bin/env PYTHONPATH=/home/constance/uuv_ws/install/lib/python3/dist-packages:/home/constance/uuv_ws/build/uuv_manipulators_control/lib/python3/dist-packages:/home/constance/uuv_ws/install/lib/python3/dist-packages:/opt/ros/noetic/lib/python3/dist-packages CATKIN_BINARY_DIR=/home/constance/uuv_ws/build/uuv_manipulators_control /usr/bin/python3 /home/constance/uuv_ws/src/uuv_manipulators/uuv_manipulators_control/setup.py build --build-base /home/constance/uuv_ws/build/uuv_manipulators_control install --root=/ --install-layout=deb --prefix=/home/constance/uuv_ws/install --install-scripts=/home/constance/uuv_ws/install/bin
running build
running build_py
creating /home/constance/uuv_ws/build/uuv_manipulators_control/lib
creating /home/constance/uuv_ws/build/uuv_manipulators_control/lib/uuv_manipulators_control
copying src/uuv_manipulators_control/cartesian_controller.py -> /home/constance/uuv_ws/build/uuv_manipulators_control/lib/uuv_manipulators_control
copying src/uuv_manipulators_control/__init__.py -> /home/constance/uuv_ws/build/uuv_manipulators_control/lib/uuv_manipulators_control
running install
running install_lib
creating /home/constance/uuv_ws/install/lib/python3/dist-packages/uuv_manipulators_control
copying /home/constance/uuv_ws/build/uuv_manipulators_control/lib/uuv_manipulators_control/cartesian_controller.py -> /home/constance/uuv_ws/install/lib/python3/dist-packages/uuv_manipulators_control
copying /home/constance/uuv_ws/build/uuv_manipulators_control/lib/uuv_manipulators_control/__init__.py -> /home/constance/uuv_ws/install/lib/python3/dist-packages/uuv_manipulators_control
byte-compiling /home/constance/uuv_ws/install/lib/python3/dist-packages/uuv_manipulators_control/cartesian_controller.py to cartesian_controller.cpython-38.pyc
byte-compiling /home/constance/uuv_ws/install/lib/python3/dist-packages/uuv_manipulators_control/__init__.py to __init__.cpython-38.pyc
running install_egg_info
Writing /home/constance/uuv_ws/install/lib/python3/dist-packages/uuv_manipulators_control-0.6.1.egg-info
-- Installing: /home/constance/uuv_ws/install/lib/pkgconfig/uuv_manipulators_control.pc
-- Installing: /home/constance/uuv_ws/install/share/uuv_manipulators_control/cmake/uuv_manipulators_controlConfig.cmake
-- Installing: /home/constance/uuv_ws/install/share/uuv_manipulators_control/cmake/uuv_manipulators_controlConfig-version.cmake
-- Installing: /home/constance/uuv_ws/install/share/uuv_manipulators_control/package.xml
-- Installing: /home/constance/uuv_ws/install/lib/uuv_manipulators_control/set_joint_config.py
-- Installing: /home/constance/uuv_ws/install/lib/uuv_manipulators_control/jt_cartesian_controller.py
-- Installing: /home/constance/uuv_ws/install/lib/uuv_manipulators_control/gripper_controller.py
-- Installing: /home/constance/uuv_ws/install/lib/uuv_manipulators_control/joint_position_controller.py
