Symlinking /home/constance/uuv_ws/devel/include/dave_gazebo_model_plugins/UsblCommand.h
Symlinking /home/constance/uuv_ws/devel/include/dave_gazebo_model_plugins/UsblResponse.h
Symlinking /home/constance/uuv_ws/devel/share/roseus/ros/dave_gazebo_model_plugins/manifest.l
Symlinking /home/constance/uuv_ws/devel/share/roseus/ros/dave_gazebo_model_plugins/msg/UsblResponse.l
Symlinking /home/constance/uuv_ws/devel/share/roseus/ros/dave_gazebo_model_plugins/msg/UsblCommand.l
Symlinking /home/constance/uuv_ws/devel/share/common-lisp/ros/dave_gazebo_model_plugins/msg/_package.lisp
Symlinking /home/constance/uuv_ws/devel/share/common-lisp/ros/dave_gazebo_model_plugins/msg/UsblCommand.lisp
Symlinking /home/constance/uuv_ws/devel/share/common-lisp/ros/dave_gazebo_model_plugins/msg/_package_UsblResponse.lisp
Symlinking /home/constance/uuv_ws/devel/share/common-lisp/ros/dave_gazebo_model_plugins/msg/UsblResponse.lisp
Symlinking /home/constance/uuv_ws/devel/share/common-lisp/ros/dave_gazebo_model_plugins/msg/_package_UsblCommand.lisp
Symlinking /home/constance/uuv_ws/devel/share/common-lisp/ros/dave_gazebo_model_plugins/msg/dave_gazebo_model_plugins-msg.asd
Symlinking /home/constance/uuv_ws/devel/share/gennodejs/ros/dave_gazebo_model_plugins/_index.js
Symlinking /home/constance/uuv_ws/devel/share/gennodejs/ros/dave_gazebo_model_plugins/msg/UsblResponse.js
Symlinking /home/constance/uuv_ws/devel/share/gennodejs/ros/dave_gazebo_model_plugins/msg/_index.js
Symlinking /home/constance/uuv_ws/devel/share/gennodejs/ros/dave_gazebo_model_plugins/msg/UsblCommand.js
Symlinking /home/constance/uuv_ws/devel/share/dave_gazebo_model_plugins/cmake/dave_gazebo_model_plugins-msg-extras.cmake
Symlinking /home/constance/uuv_ws/devel/share/dave_gazebo_model_plugins/cmake/dave_gazebo_model_pluginsConfig.cmake
Symlinking /home/constance/uuv_ws/devel/share/dave_gazebo_model_plugins/cmake/dave_gazebo_model_plugins-msg-paths.cmake
Symlinking /home/constance/uuv_ws/devel/share/dave_gazebo_model_plugins/cmake/dave_gazebo_model_pluginsConfig-version.cmake
Symlinking /home/constance/uuv_ws/devel/lib/libdave_ocean_current_model_plugin.so
Symlinking /home/constance/uuv_ws/devel/lib/libtransceiverPlugin.so
Symlinking /home/constance/uuv_ws/devel/lib/libtransponderPlugin.so
Symlinking /home/constance/uuv_ws/devel/lib/libplugAndSocketPlugin.so
Symlinking /home/constance/uuv_ws/devel/lib/libcustom_surface_properties.so
Symlinking /home/constance/uuv_ws/devel/lib/python3/dist-packages/dave_gazebo_model_plugins/__init__.py
Symlinking /home/constance/uuv_ws/devel/lib/python3/dist-packages/dave_gazebo_model_plugins/msg/_UsblResponse.py
Symlinking /home/constance/uuv_ws/devel/lib/python3/dist-packages/dave_gazebo_model_plugins/msg/_UsblCommand.py
Symlinking /home/constance/uuv_ws/devel/lib/python3/dist-packages/dave_gazebo_model_plugins/msg/__init__.py
Symlinking /home/constance/uuv_ws/devel/lib/pkgconfig/dave_gazebo_model_plugins.pc
