[  0%] Built target std_msgs_generate_messages_cpp
[ 18%] Built target custom_surface_properties
[ 18%] Built target plugAndSocketPlugin
[ 18%] Built target _dave_gazebo_model_plugins_generate_messages_check_deps_UsblCommand
[ 18%] Built target dynamic_reconfigure_generate_messages_eus
[ 18%] Built target dave_gazebo_ros_plugins_generate_messages_py
[ 18%] Built target dave_gazebo_ros_plugins_generate_messages_nodejs
[ 18%] Built target dave_gazebo_ros_plugins_generate_messages_lisp
[ 18%] Built target _dave_gazebo_model_plugins_generate_messages_check_deps_UsblResponse
[ 18%] Built target dave_gazebo_ros_plugins_generate_messages_cpp
[ 18%] Built target trajectory_msgs_generate_messages_nodejs
[ 18%] Built target trajectory_msgs_generate_messages_lisp
[ 18%] Built target trajectory_msgs_generate_messages_cpp
[ 18%] Built target gazebo_msgs_generate_messages_py
[ 18%] Built target gazebo_msgs_generate_messages_nodejs
[ 18%] Built target gazebo_msgs_generate_messages_cpp
[ 18%] Built target dynamic_reconfigure_gencfg
[ 18%] Built target std_srvs_generate_messages_lisp
[ 18%] Built target std_srvs_generate_messages_eus
[ 18%] Built target geometry_msgs_generate_messages_eus
[ 18%] Built target dave_gazebo_ros_plugins_generate_messages_eus
[ 18%] Built target std_msgs_generate_messages_nodejs
[ 18%] Built target std_msgs_generate_messages_py
[ 18%] Built target dynamic_reconfigure_generate_messages_lisp
[ 18%] Built target tf2_msgs_generate_messages_cpp
[ 18%] Built target rosgraph_msgs_generate_messages_nodejs
[ 18%] Built target actionlib_generate_messages_cpp
[ 18%] Built target actionlib_msgs_generate_messages_py
[ 18%] Built target roscpp_generate_messages_lisp
[ 18%] Built target actionlib_generate_messages_lisp
[ 18%] Built target std_msgs_generate_messages_lisp
[ 18%] Built target std_srvs_generate_messages_cpp
[ 18%] Built target std_srvs_generate_messages_nodejs
[ 18%] Built target tf_generate_messages_eus
[ 18%] Built target rosgraph_msgs_generate_messages_lisp
[ 18%] Built target dynamic_reconfigure_generate_messages_py
[ 18%] Built target actionlib_msgs_generate_messages_eus
[ 18%] Built target rosgraph_msgs_generate_messages_py
[ 18%] Built target roscpp_generate_messages_py
[ 18%] Built target trajectory_msgs_generate_messages_eus
[ 18%] Built target geometry_msgs_generate_messages_py
[ 18%] Built target gazebo_ros_gencfg
[ 18%] Built target roscpp_generate_messages_eus
[ 18%] Built target roscpp_generate_messages_cpp
[ 18%] Built target sensor_msgs_generate_messages_py
[ 18%] Built target tf2_msgs_generate_messages_eus
[ 18%] Built target geometry_msgs_generate_messages_cpp
[ 18%] Built target gazebo_msgs_generate_messages_lisp
[ 18%] Built target dynamic_reconfigure_generate_messages_nodejs
[ 18%] Built target tf2_msgs_generate_messages_py
[ 18%] Built target geometry_msgs_generate_messages_lisp
[ 18%] Built target tf_generate_messages_cpp
[ 18%] Built target roscpp_generate_messages_nodejs
[ 18%] Built target rosgraph_msgs_generate_messages_eus
[ 18%] Built target std_srvs_generate_messages_py
[ 18%] Built target tf_generate_messages_lisp
[ 18%] Built target dynamic_reconfigure_generate_messages_cpp
[ 18%] Built target sensor_msgs_generate_messages_cpp
[ 18%] Built target tf_generate_messages_nodejs
[ 18%] Built target sensor_msgs_generate_messages_eus
[ 18%] Built target sensor_msgs_generate_messages_lisp
[ 18%] Built target sensor_msgs_generate_messages_nodejs
[ 18%] Built target trajectory_msgs_generate_messages_py
[ 18%] Built target rosgraph_msgs_generate_messages_cpp
[ 18%] Built target actionlib_generate_messages_eus
[ 18%] Built target actionlib_generate_messages_nodejs
[ 18%] Built target actionlib_msgs_generate_messages_cpp
[ 18%] Built target actionlib_generate_messages_py
[ 18%] Built target tf_generate_messages_py
[ 18%] Built target actionlib_msgs_generate_messages_nodejs
[ 18%] Built target std_msgs_generate_messages_eus
[ 18%] Built target actionlib_msgs_generate_messages_lisp
[ 18%] Built target tf2_msgs_generate_messages_lisp
[ 18%] Built target tf2_msgs_generate_messages_nodejs
[ 18%] Built target gazebo_msgs_generate_messages_eus
[ 18%] Built target geometry_msgs_generate_messages_nodejs
[ 27%] Built target dave_gazebo_model_plugins_generate_messages_nodejs
[ 40%] Built target dave_gazebo_model_plugins_generate_messages_py
[ 50%] Built target dave_gazebo_model_plugins_generate_messages_lisp
[ 63%] Built target dave_gazebo_model_plugins_generate_messages_eus
[ 72%] Built target dave_gazebo_model_plugins_generate_messages_cpp
[ 72%] Built target dave_gazebo_model_plugins_generate_messages
[ 81%] Built target dave_ocean_current_model_plugin
[ 90%] Built target transceiverPlugin
[100%] Built target transponderPlugin
