[35m[1mScanning dependencies of target custom_surface_properties[0m
[  4%] [32mBuilding CXX object CMakeFiles/custom_surface_properties.dir/src/custom_surface_properties.cc.o[0m
[35m[1mScanning dependencies of target plugAndSocketPlugin[0m
[35m[1mScanning dependencies of target std_msgs_generate_messages_cpp[0m
[  4%] Built target std_msgs_generate_messages_cpp
[35m[1mScanning dependencies of target _dave_gazebo_model_plugins_generate_messages_check_deps_UsblCommand[0m
[  4%] Built target _dave_gazebo_model_plugins_generate_messages_check_deps_UsblCommand
[35m[1mScanning dependencies of target _dave_gazebo_model_plugins_generate_messages_check_deps_UsblResponse[0m
[  9%] [32mBuilding CXX object CMakeFiles/plugAndSocketPlugin.dir/src/plug_and_socket_plugin.cc.o[0m
[  9%] Built target _dave_gazebo_model_plugins_generate_messages_check_deps_UsblResponse
[35m[1mScanning dependencies of target dynamic_reconfigure_generate_messages_eus[0m
[  9%] Built target dynamic_reconfigure_generate_messages_eus
[35m[1mScanning dependencies of target dave_gazebo_ros_plugins_generate_messages_py[0m
[  9%] Built target dave_gazebo_ros_plugins_generate_messages_py
[35m[1mScanning dependencies of target dave_gazebo_ros_plugins_generate_messages_nodejs[0m
[  9%] Built target dave_gazebo_ros_plugins_generate_messages_nodejs
[35m[1mScanning dependencies of target dave_gazebo_ros_plugins_generate_messages_lisp[0m
[  9%] Built target dave_gazebo_ros_plugins_generate_messages_lisp
[35m[1mScanning dependencies of target dave_gazebo_ros_plugins_generate_messages_cpp[0m
[  9%] Built target dave_gazebo_ros_plugins_generate_messages_cpp
[35m[1mScanning dependencies of target trajectory_msgs_generate_messages_nodejs[0m
[  9%] Built target trajectory_msgs_generate_messages_nodejs
[35m[1mScanning dependencies of target trajectory_msgs_generate_messages_lisp[0m
[  9%] Built target trajectory_msgs_generate_messages_lisp
[35m[1mScanning dependencies of target trajectory_msgs_generate_messages_cpp[0m
[  9%] Built target trajectory_msgs_generate_messages_cpp
[35m[1mScanning dependencies of target gazebo_msgs_generate_messages_py[0m
[  9%] Built target gazebo_msgs_generate_messages_py
[35m[1mScanning dependencies of target gazebo_msgs_generate_messages_nodejs[0m
[  9%] Built target gazebo_msgs_generate_messages_nodejs
[35m[1mScanning dependencies of target gazebo_msgs_generate_messages_cpp[0m
[  9%] Built target gazebo_msgs_generate_messages_cpp
[35m[1mScanning dependencies of target dynamic_reconfigure_gencfg[0m
[  9%] Built target dynamic_reconfigure_gencfg
[35m[1mScanning dependencies of target std_srvs_generate_messages_lisp[0m
[  9%] Built target std_srvs_generate_messages_lisp
[35m[1mScanning dependencies of target std_srvs_generate_messages_eus[0m
[  9%] Built target std_srvs_generate_messages_eus
[35m[1mScanning dependencies of target geometry_msgs_generate_messages_eus[0m
[  9%] Built target geometry_msgs_generate_messages_eus
[35m[1mScanning dependencies of target dave_gazebo_ros_plugins_generate_messages_eus[0m
[  9%] Built target dave_gazebo_ros_plugins_generate_messages_eus
[35m[1mScanning dependencies of target std_msgs_generate_messages_nodejs[0m
[  9%] Built target std_msgs_generate_messages_nodejs
[35m[1mScanning dependencies of target std_msgs_generate_messages_py[0m
[  9%] Built target std_msgs_generate_messages_py
[35m[1mScanning dependencies of target dynamic_reconfigure_generate_messages_lisp[0m
[  9%] Built target dynamic_reconfigure_generate_messages_lisp
[35m[1mScanning dependencies of target tf2_msgs_generate_messages_cpp[0m
[  9%] Built target tf2_msgs_generate_messages_cpp
[35m[1mScanning dependencies of target rosgraph_msgs_generate_messages_nodejs[0m
[  9%] Built target rosgraph_msgs_generate_messages_nodejs
[35m[1mScanning dependencies of target actionlib_generate_messages_cpp[0m
[  9%] Built target actionlib_generate_messages_cpp
[35m[1mScanning dependencies of target actionlib_msgs_generate_messages_py[0m
[  9%] Built target actionlib_msgs_generate_messages_py
[35m[1mScanning dependencies of target roscpp_generate_messages_lisp[0m
[  9%] Built target roscpp_generate_messages_lisp
[35m[1mScanning dependencies of target actionlib_generate_messages_lisp[0m
[  9%] Built target actionlib_generate_messages_lisp
[35m[1mScanning dependencies of target std_msgs_generate_messages_lisp[0m
[  9%] Built target std_msgs_generate_messages_lisp
[35m[1mScanning dependencies of target std_srvs_generate_messages_cpp[0m
[  9%] Built target std_srvs_generate_messages_cpp
[35m[1mScanning dependencies of target std_srvs_generate_messages_nodejs[0m
[  9%] Built target std_srvs_generate_messages_nodejs
[35m[1mScanning dependencies of target tf_generate_messages_eus[0m
[  9%] Built target tf_generate_messages_eus
[35m[1mScanning dependencies of target rosgraph_msgs_generate_messages_lisp[0m
[  9%] Built target rosgraph_msgs_generate_messages_lisp
[35m[1mScanning dependencies of target dynamic_reconfigure_generate_messages_py[0m
[  9%] Built target dynamic_reconfigure_generate_messages_py
[35m[1mScanning dependencies of target actionlib_msgs_generate_messages_eus[0m
[  9%] Built target actionlib_msgs_generate_messages_eus
[35m[1mScanning dependencies of target rosgraph_msgs_generate_messages_py[0m
[  9%] Built target rosgraph_msgs_generate_messages_py
[35m[1mScanning dependencies of target trajectory_msgs_generate_messages_eus[0m
[  9%] Built target trajectory_msgs_generate_messages_eus
[35m[1mScanning dependencies of target roscpp_generate_messages_py[0m
[  9%] Built target roscpp_generate_messages_py
[35m[1mScanning dependencies of target geometry_msgs_generate_messages_py[0m
[  9%] Built target geometry_msgs_generate_messages_py
[35m[1mScanning dependencies of target gazebo_ros_gencfg[0m
[  9%] Built target gazebo_ros_gencfg
[35m[1mScanning dependencies of target roscpp_generate_messages_cpp[0m
[  9%] Built target roscpp_generate_messages_cpp
[35m[1mScanning dependencies of target roscpp_generate_messages_eus[0m
[  9%] Built target roscpp_generate_messages_eus
[35m[1mScanning dependencies of target sensor_msgs_generate_messages_py[0m
[  9%] Built target sensor_msgs_generate_messages_py
[35m[1mScanning dependencies of target tf2_msgs_generate_messages_eus[0m
[  9%] Built target tf2_msgs_generate_messages_eus
[35m[1mScanning dependencies of target geometry_msgs_generate_messages_cpp[0m
[  9%] Built target geometry_msgs_generate_messages_cpp
[35m[1mScanning dependencies of target gazebo_msgs_generate_messages_lisp[0m
[  9%] Built target gazebo_msgs_generate_messages_lisp
[35m[1mScanning dependencies of target dynamic_reconfigure_generate_messages_nodejs[0m
[  9%] Built target dynamic_reconfigure_generate_messages_nodejs
[35m[1mScanning dependencies of target tf2_msgs_generate_messages_py[0m
[  9%] Built target tf2_msgs_generate_messages_py
[35m[1mScanning dependencies of target geometry_msgs_generate_messages_lisp[0m
[  9%] Built target geometry_msgs_generate_messages_lisp
[35m[1mScanning dependencies of target tf_generate_messages_cpp[0m
[  9%] Built target tf_generate_messages_cpp
[35m[1mScanning dependencies of target roscpp_generate_messages_nodejs[0m
[  9%] Built target roscpp_generate_messages_nodejs
[35m[1mScanning dependencies of target std_srvs_generate_messages_py[0m
[  9%] Built target std_srvs_generate_messages_py
[35m[1mScanning dependencies of target rosgraph_msgs_generate_messages_eus[0m
[  9%] Built target rosgraph_msgs_generate_messages_eus
[35m[1mScanning dependencies of target tf_generate_messages_lisp[0m
[  9%] Built target tf_generate_messages_lisp
[35m[1mScanning dependencies of target dynamic_reconfigure_generate_messages_cpp[0m
[  9%] Built target dynamic_reconfigure_generate_messages_cpp
[35m[1mScanning dependencies of target tf_generate_messages_nodejs[0m
[  9%] Built target tf_generate_messages_nodejs
[35m[1mScanning dependencies of target sensor_msgs_generate_messages_cpp[0m
[  9%] Built target sensor_msgs_generate_messages_cpp
[35m[1mScanning dependencies of target sensor_msgs_generate_messages_eus[0m
[  9%] Built target sensor_msgs_generate_messages_eus
[35m[1mScanning dependencies of target sensor_msgs_generate_messages_lisp[0m
[  9%] Built target sensor_msgs_generate_messages_lisp
[35m[1mScanning dependencies of target sensor_msgs_generate_messages_nodejs[0m
[  9%] Built target sensor_msgs_generate_messages_nodejs
[35m[1mScanning dependencies of target trajectory_msgs_generate_messages_py[0m
[  9%] Built target trajectory_msgs_generate_messages_py
[35m[1mScanning dependencies of target rosgraph_msgs_generate_messages_cpp[0m
[  9%] Built target rosgraph_msgs_generate_messages_cpp
[35m[1mScanning dependencies of target actionlib_generate_messages_eus[0m
[  9%] Built target actionlib_generate_messages_eus
[35m[1mScanning dependencies of target actionlib_msgs_generate_messages_cpp[0m
[  9%] Built target actionlib_msgs_generate_messages_cpp
[35m[1mScanning dependencies of target actionlib_generate_messages_nodejs[0m
[  9%] Built target actionlib_generate_messages_nodejs
[35m[1mScanning dependencies of target actionlib_generate_messages_py[0m
[  9%] Built target actionlib_generate_messages_py
[35m[1mScanning dependencies of target tf_generate_messages_py[0m
[  9%] Built target tf_generate_messages_py
[35m[1mScanning dependencies of target std_msgs_generate_messages_eus[0m
[  9%] Built target std_msgs_generate_messages_eus
[35m[1mScanning dependencies of target actionlib_msgs_generate_messages_nodejs[0m
[  9%] Built target actionlib_msgs_generate_messages_nodejs
[35m[1mScanning dependencies of target actionlib_msgs_generate_messages_lisp[0m
[  9%] Built target actionlib_msgs_generate_messages_lisp
[35m[1mScanning dependencies of target tf2_msgs_generate_messages_lisp[0m
[  9%] Built target tf2_msgs_generate_messages_lisp
[35m[1mScanning dependencies of target tf2_msgs_generate_messages_nodejs[0m
[  9%] Built target tf2_msgs_generate_messages_nodejs
[35m[1mScanning dependencies of target gazebo_msgs_generate_messages_eus[0m
[  9%] Built target gazebo_msgs_generate_messages_eus
[35m[1mScanning dependencies of target geometry_msgs_generate_messages_nodejs[0m
[  9%] Built target geometry_msgs_generate_messages_nodejs
[35m[1mScanning dependencies of target dave_gazebo_model_plugins_generate_messages_nodejs[0m
[ 13%] [34m[1mGenerating Javascript code from dave_gazebo_model_plugins/UsblCommand.msg[0m
[ 18%] [34m[1mGenerating Javascript code from dave_gazebo_model_plugins/UsblResponse.msg[0m
[ 18%] Built target dave_gazebo_model_plugins_generate_messages_nodejs
[35m[1mScanning dependencies of target dave_gazebo_model_plugins_generate_messages_py[0m
[ 22%] [34m[1mGenerating Python from MSG dave_gazebo_model_plugins/UsblCommand[0m
[ 27%] [34m[1mGenerating Python from MSG dave_gazebo_model_plugins/UsblResponse[0m
[35m[1mScanning dependencies of target dave_gazebo_model_plugins_generate_messages_lisp[0m
[ 31%] [34m[1mGenerating Lisp code from dave_gazebo_model_plugins/UsblCommand.msg[0m
[ 36%] [34m[1mGenerating Python msg __init__.py for dave_gazebo_model_plugins[0m
[ 40%] [34m[1mGenerating Lisp code from dave_gazebo_model_plugins/UsblResponse.msg[0m
[ 40%] Built target dave_gazebo_model_plugins_generate_messages_lisp
[35m[1mScanning dependencies of target dave_gazebo_model_plugins_generate_messages_eus[0m
[ 45%] [34m[1mGenerating EusLisp code from dave_gazebo_model_plugins/UsblCommand.msg[0m
[ 50%] [34m[1mGenerating EusLisp code from dave_gazebo_model_plugins/UsblResponse.msg[0m
[ 50%] Built target dave_gazebo_model_plugins_generate_messages_py
[35m[1mScanning dependencies of target dave_gazebo_model_plugins_generate_messages_cpp[0m
[ 54%] [34m[1mGenerating C++ code from dave_gazebo_model_plugins/UsblCommand.msg[0m
[ 59%] [34m[1mGenerating EusLisp manifest code for dave_gazebo_model_plugins[0m
[ 63%] [34m[1mGenerating C++ code from dave_gazebo_model_plugins/UsblResponse.msg[0m
[ 63%] Built target dave_gazebo_model_plugins_generate_messages_cpp
[35m[1mScanning dependencies of target dave_ocean_current_model_plugin[0m
[ 68%] [32mBuilding CXX object CMakeFiles/dave_ocean_current_model_plugin.dir/src/ocean_current_model_plugin.cc.o[0m
[ 68%] Built target dave_gazebo_model_plugins_generate_messages_eus
[35m[1mScanning dependencies of target transponderPlugin[0m
[ 72%] [32mBuilding CXX object CMakeFiles/transponderPlugin.dir/src/usbl_transponder_plugin.cc.o[0m
[ 77%] [32m[1mLinking CXX shared library /home/constance/uuv_ws/devel/.private/dave_gazebo_model_plugins/lib/libcustom_surface_properties.so[0m
[ 77%] Built target custom_surface_properties
[35m[1mScanning dependencies of target transceiverPlugin[0m
[ 81%] [32mBuilding CXX object CMakeFiles/transceiverPlugin.dir/src/usbl_transceiver_plugin.cc.o[0m
[ 86%] [32m[1mLinking CXX shared library /home/constance/uuv_ws/devel/.private/dave_gazebo_model_plugins/lib/libplugAndSocketPlugin.so[0m
[ 86%] Built target plugAndSocketPlugin
[35m[1mScanning dependencies of target dave_gazebo_model_plugins_generate_messages[0m
[ 86%] Built target dave_gazebo_model_plugins_generate_messages
[ 90%] [32m[1mLinking CXX shared library /home/constance/uuv_ws/devel/.private/dave_gazebo_model_plugins/lib/libdave_ocean_current_model_plugin.so[0m
[ 95%] [32m[1mLinking CXX shared library /home/constance/uuv_ws/devel/.private/dave_gazebo_model_plugins/lib/libtransponderPlugin.so[0m
[ 95%] Built target transponderPlugin
[ 95%] Built target dave_ocean_current_model_plugin
[100%] [32m[1mLinking CXX shared library /home/constance/uuv_ws/devel/.private/dave_gazebo_model_plugins/lib/libtransceiverPlugin.so[0m
[100%] Built target transceiverPlugin
