[  9%] Built target custom_surface_properties
[ 18%] Built target plugAndSocketPlugin
[ 18%] Built target std_msgs_generate_messages_cpp
[ 18%] Built target _dave_gazebo_model_plugins_generate_messages_check_deps_UsblCommand
[ 18%] Built target _dave_gazebo_model_plugins_generate_messages_check_deps_UsblResponse
[ 27%] Built target dave_gazebo_model_plugins_generate_messages_cpp
[ 36%] Built target transponderPlugin
[ 45%] Built target transceiverPlugin
[ 45%] Built target dynamic_reconfigure_generate_messages_eus
[ 45%] Built target dave_gazebo_ros_plugins_generate_messages_py
[ 45%] Built target dave_gazebo_ros_plugins_generate_messages_nodejs
[ 45%] Built target dave_gazebo_ros_plugins_generate_messages_lisp
[ 45%] Built target dave_gazebo_ros_plugins_generate_messages_cpp
[ 45%] Built target trajectory_msgs_generate_messages_nodejs
[ 45%] Built target trajectory_msgs_generate_messages_lisp
[ 45%] Built target trajectory_msgs_generate_messages_cpp
[ 45%] Built target gazebo_msgs_generate_messages_py
[ 45%] Built target gazebo_msgs_generate_messages_nodejs
[ 45%] Built target gazebo_msgs_generate_messages_cpp
[ 45%] Built target dynamic_reconfigure_gencfg
[ 45%] Built target std_srvs_generate_messages_lisp
[ 45%] Built target std_srvs_generate_messages_eus
[ 45%] Built target geometry_msgs_generate_messages_eus
[ 45%] Built target dave_gazebo_ros_plugins_generate_messages_eus
[ 45%] Built target std_msgs_generate_messages_nodejs
[ 45%] Built target std_msgs_generate_messages_py
[ 45%] Built target dynamic_reconfigure_generate_messages_lisp
[ 45%] Built target tf2_msgs_generate_messages_cpp
[ 45%] Built target rosgraph_msgs_generate_messages_nodejs
[ 45%] Built target actionlib_generate_messages_cpp
[ 45%] Built target actionlib_msgs_generate_messages_py
[ 45%] Built target roscpp_generate_messages_lisp
[ 45%] Built target actionlib_generate_messages_lisp
[ 45%] Built target std_msgs_generate_messages_lisp
[ 45%] Built target std_srvs_generate_messages_cpp
[ 45%] Built target std_srvs_generate_messages_nodejs
[ 45%] Built target tf_generate_messages_eus
[ 45%] Built target rosgraph_msgs_generate_messages_lisp
[ 45%] Built target dynamic_reconfigure_generate_messages_py
[ 45%] Built target actionlib_msgs_generate_messages_eus
[ 45%] Built target rosgraph_msgs_generate_messages_py
[ 45%] Built target trajectory_msgs_generate_messages_eus
[ 45%] Built target roscpp_generate_messages_py
[ 45%] Built target geometry_msgs_generate_messages_py
[ 45%] Built target gazebo_ros_gencfg
[ 45%] Built target roscpp_generate_messages_cpp
[ 45%] Built target roscpp_generate_messages_eus
[ 45%] Built target sensor_msgs_generate_messages_py
[ 45%] Built target tf2_msgs_generate_messages_eus
[ 45%] Built target geometry_msgs_generate_messages_cpp
[ 45%] Built target gazebo_msgs_generate_messages_lisp
[ 45%] Built target dynamic_reconfigure_generate_messages_nodejs
[ 45%] Built target tf2_msgs_generate_messages_py
[ 45%] Built target geometry_msgs_generate_messages_lisp
[ 45%] Built target tf_generate_messages_cpp
[ 45%] Built target roscpp_generate_messages_nodejs
[ 45%] Built target std_srvs_generate_messages_py
[ 45%] Built target rosgraph_msgs_generate_messages_eus
[ 45%] Built target tf_generate_messages_lisp
[ 45%] Built target dynamic_reconfigure_generate_messages_cpp
[ 45%] Built target tf_generate_messages_nodejs
[ 45%] Built target sensor_msgs_generate_messages_cpp
[ 45%] Built target sensor_msgs_generate_messages_eus
[ 45%] Built target sensor_msgs_generate_messages_lisp
[ 45%] Built target sensor_msgs_generate_messages_nodejs
[ 45%] Built target trajectory_msgs_generate_messages_py
[ 45%] Built target rosgraph_msgs_generate_messages_cpp
[ 45%] Built target actionlib_generate_messages_eus
[ 45%] Built target actionlib_msgs_generate_messages_cpp
[ 45%] Built target actionlib_generate_messages_nodejs
[ 45%] Built target actionlib_generate_messages_py
[ 45%] Built target tf_generate_messages_py
[ 45%] Built target std_msgs_generate_messages_eus
[ 45%] Built target actionlib_msgs_generate_messages_nodejs
[ 45%] Built target actionlib_msgs_generate_messages_lisp
[ 45%] Built target tf2_msgs_generate_messages_lisp
[ 45%] Built target tf2_msgs_generate_messages_nodejs
[ 45%] Built target gazebo_msgs_generate_messages_eus
[ 45%] Built target geometry_msgs_generate_messages_nodejs
[ 54%] Built target dave_ocean_current_model_plugin
[ 63%] Built target dave_gazebo_model_plugins_generate_messages_nodejs
[ 77%] Built target dave_gazebo_model_plugins_generate_messages_py
[ 86%] Built target dave_gazebo_model_plugins_generate_messages_lisp
[100%] Built target dave_gazebo_model_plugins_generate_messages_eus
[100%] Built target dave_gazebo_model_plugins_generate_messages
[36mInstall the project...[0m
-- Install configuration: ""
-- Installing: /home/constance/uuv_ws/install/_setup_util.py
-- Installing: /home/constance/uuv_ws/install/env.sh
-- Installing: /home/constance/uuv_ws/install/setup.bash
-- Installing: /home/constance/uuv_ws/install/local_setup.bash
-- Installing: /home/constance/uuv_ws/install/setup.sh
-- Installing: /home/constance/uuv_ws/install/local_setup.sh
-- Installing: /home/constance/uuv_ws/install/setup.zsh
-- Installing: /home/constance/uuv_ws/install/local_setup.zsh
-- Installing: /home/constance/uuv_ws/install/.rosinstall
-- Up-to-date: /home/constance/uuv_ws/install/share/dave_gazebo_model_plugins/msg/UsblCommand.msg
-- Up-to-date: /home/constance/uuv_ws/install/share/dave_gazebo_model_plugins/msg/UsblResponse.msg
-- Up-to-date: /home/constance/uuv_ws/install/share/dave_gazebo_model_plugins/cmake/dave_gazebo_model_plugins-msg-paths.cmake
-- Up-to-date: /home/constance/uuv_ws/install/include/dave_gazebo_model_plugins
-- Up-to-date: /home/constance/uuv_ws/install/include/dave_gazebo_model_plugins/UsblCommand.h
-- Up-to-date: /home/constance/uuv_ws/install/include/dave_gazebo_model_plugins/UsblResponse.h
-- Up-to-date: /home/constance/uuv_ws/install/share/roseus/ros/dave_gazebo_model_plugins
-- Up-to-date: /home/constance/uuv_ws/install/share/roseus/ros/dave_gazebo_model_plugins/manifest.l
-- Up-to-date: /home/constance/uuv_ws/install/share/roseus/ros/dave_gazebo_model_plugins/msg
-- Up-to-date: /home/constance/uuv_ws/install/share/roseus/ros/dave_gazebo_model_plugins/msg/UsblResponse.l
-- Up-to-date: /home/constance/uuv_ws/install/share/roseus/ros/dave_gazebo_model_plugins/msg/UsblCommand.l
-- Up-to-date: /home/constance/uuv_ws/install/share/common-lisp/ros/dave_gazebo_model_plugins
-- Up-to-date: /home/constance/uuv_ws/install/share/common-lisp/ros/dave_gazebo_model_plugins/msg
-- Up-to-date: /home/constance/uuv_ws/install/share/common-lisp/ros/dave_gazebo_model_plugins/msg/_package.lisp
-- Up-to-date: /home/constance/uuv_ws/install/share/common-lisp/ros/dave_gazebo_model_plugins/msg/UsblCommand.lisp
-- Up-to-date: /home/constance/uuv_ws/install/share/common-lisp/ros/dave_gazebo_model_plugins/msg/_package_UsblResponse.lisp
-- Up-to-date: /home/constance/uuv_ws/install/share/common-lisp/ros/dave_gazebo_model_plugins/msg/UsblResponse.lisp
-- Up-to-date: /home/constance/uuv_ws/install/share/common-lisp/ros/dave_gazebo_model_plugins/msg/_package_UsblCommand.lisp
-- Up-to-date: /home/constance/uuv_ws/install/share/common-lisp/ros/dave_gazebo_model_plugins/msg/dave_gazebo_model_plugins-msg.asd
-- Up-to-date: /home/constance/uuv_ws/install/share/gennodejs/ros/dave_gazebo_model_plugins
-- Up-to-date: /home/constance/uuv_ws/install/share/gennodejs/ros/dave_gazebo_model_plugins/_index.js
-- Up-to-date: /home/constance/uuv_ws/install/share/gennodejs/ros/dave_gazebo_model_plugins/msg
-- Up-to-date: /home/constance/uuv_ws/install/share/gennodejs/ros/dave_gazebo_model_plugins/msg/UsblResponse.js
-- Up-to-date: /home/constance/uuv_ws/install/share/gennodejs/ros/dave_gazebo_model_plugins/msg/_index.js
-- Up-to-date: /home/constance/uuv_ws/install/share/gennodejs/ros/dave_gazebo_model_plugins/msg/UsblCommand.js
Listing '/home/constance/uuv_ws/devel/.private/dave_gazebo_model_plugins/lib/python3/dist-packages/dave_gazebo_model_plugins'...
Listing '/home/constance/uuv_ws/devel/.private/dave_gazebo_model_plugins/lib/python3/dist-packages/dave_gazebo_model_plugins/msg'...
-- Up-to-date: /home/constance/uuv_ws/install/lib/python3/dist-packages/dave_gazebo_model_plugins
-- Up-to-date: /home/constance/uuv_ws/install/lib/python3/dist-packages/dave_gazebo_model_plugins/__pycache__
-- Up-to-date: /home/constance/uuv_ws/install/lib/python3/dist-packages/dave_gazebo_model_plugins/__pycache__/__init__.cpython-38.pyc
-- Up-to-date: /home/constance/uuv_ws/install/lib/python3/dist-packages/dave_gazebo_model_plugins/msg
-- Up-to-date: /home/constance/uuv_ws/install/lib/python3/dist-packages/dave_gazebo_model_plugins/msg/_UsblResponse.py
-- Up-to-date: /home/constance/uuv_ws/install/lib/python3/dist-packages/dave_gazebo_model_plugins/msg/__pycache__
-- Up-to-date: /home/constance/uuv_ws/install/lib/python3/dist-packages/dave_gazebo_model_plugins/msg/__pycache__/__init__.cpython-38.pyc
-- Up-to-date: /home/constance/uuv_ws/install/lib/python3/dist-packages/dave_gazebo_model_plugins/msg/__pycache__/_UsblCommand.cpython-38.pyc
-- Up-to-date: /home/constance/uuv_ws/install/lib/python3/dist-packages/dave_gazebo_model_plugins/msg/__pycache__/_UsblResponse.cpython-38.pyc
-- Up-to-date: /home/constance/uuv_ws/install/lib/python3/dist-packages/dave_gazebo_model_plugins/msg/_UsblCommand.py
-- Up-to-date: /home/constance/uuv_ws/install/lib/python3/dist-packages/dave_gazebo_model_plugins/msg/__init__.py
-- Up-to-date: /home/constance/uuv_ws/install/lib/python3/dist-packages/dave_gazebo_model_plugins/__init__.py
-- Up-to-date: /home/constance/uuv_ws/install/lib/pkgconfig/dave_gazebo_model_plugins.pc
-- Up-to-date: /home/constance/uuv_ws/install/share/dave_gazebo_model_plugins/cmake/dave_gazebo_model_plugins-msg-extras.cmake
-- Up-to-date: /home/constance/uuv_ws/install/share/dave_gazebo_model_plugins/cmake/dave_gazebo_model_pluginsConfig.cmake
-- Up-to-date: /home/constance/uuv_ws/install/share/dave_gazebo_model_plugins/cmake/dave_gazebo_model_pluginsConfig-version.cmake
-- Up-to-date: /home/constance/uuv_ws/install/share/dave_gazebo_model_plugins/package.xml
-- Up-to-date: /home/constance/uuv_ws/install/lib/libdave_ocean_current_model_plugin.so
-- Up-to-date: /home/constance/uuv_ws/install/include/dave_gazebo_model_plugins
-- Up-to-date: /home/constance/uuv_ws/install/include/dave_gazebo_model_plugins/usbl_transponder_plugin.h
-- Up-to-date: /home/constance/uuv_ws/install/include/dave_gazebo_model_plugins/custom_surface_properties.h
-- Up-to-date: /home/constance/uuv_ws/install/include/dave_gazebo_model_plugins/plug_and_socket_plugin.h
-- Up-to-date: /home/constance/uuv_ws/install/include/dave_gazebo_model_plugins/ocean_current_model_plugin.h
-- Up-to-date: /home/constance/uuv_ws/install/include/dave_gazebo_model_plugins/usbl_command_id.h
-- Up-to-date: /home/constance/uuv_ws/install/include/dave_gazebo_model_plugins/usbl_transceiver_plugin.h
-- Up-to-date: /home/constance/uuv_ws/install/include
-- Up-to-date: /home/constance/uuv_ws/install/include/dave_gazebo_model_plugins
-- Up-to-date: /home/constance/uuv_ws/install/include/dave_gazebo_model_plugins
-- Up-to-date: /home/constance/uuv_ws/install/include/dave_gazebo_model_plugins/cmake
-- Up-to-date: /home/constance/uuv_ws/install/include/dave_gazebo_model_plugins/catkin_generated
-- Up-to-date: /home/constance/uuv_ws/install/include/dave_gazebo_model_plugins/catkin_generated/installspace
-- Up-to-date: /home/constance/uuv_ws/install/include/dave_gazebo_model_plugins/catkin_generated/stamps
-- Up-to-date: /home/constance/uuv_ws/install/include/dave_gazebo_model_plugins/catkin_generated/stamps/dave_gazebo_model_plugins
-- Up-to-date: /home/constance/uuv_ws/install/include/dave_gazebo_model_plugins/bin
-- Up-to-date: /home/constance/uuv_ws/install/include/dave_gazebo_model_plugins/test_results
-- Up-to-date: /home/constance/uuv_ws/install/include/dave_gazebo_model_plugins/gtest
-- Up-to-date: /home/constance/uuv_ws/install/include/dave_gazebo_model_plugins/gtest/googlemock
-- Up-to-date: /home/constance/uuv_ws/install/include/dave_gazebo_model_plugins/gtest/googlemock/CMakeFiles
-- Up-to-date: /home/constance/uuv_ws/install/include/dave_gazebo_model_plugins/gtest/googlemock/CMakeFiles/gmock.dir
-- Up-to-date: /home/constance/uuv_ws/install/include/dave_gazebo_model_plugins/gtest/googlemock/CMakeFiles/gmock.dir/src
-- Up-to-date: /home/constance/uuv_ws/install/include/dave_gazebo_model_plugins/gtest/googlemock/CMakeFiles/gmock_main.dir
-- Up-to-date: /home/constance/uuv_ws/install/include/dave_gazebo_model_plugins/gtest/googlemock/CMakeFiles/gmock_main.dir/src
-- Up-to-date: /home/constance/uuv_ws/install/include/dave_gazebo_model_plugins/gtest/googletest
-- Up-to-date: /home/constance/uuv_ws/install/include/dave_gazebo_model_plugins/gtest/googletest/CMakeFiles
-- Up-to-date: /home/constance/uuv_ws/install/include/dave_gazebo_model_plugins/gtest/googletest/CMakeFiles/gtest.dir
-- Up-to-date: /home/constance/uuv_ws/install/include/dave_gazebo_model_plugins/gtest/googletest/CMakeFiles/gtest.dir/src
-- Up-to-date: /home/constance/uuv_ws/install/include/dave_gazebo_model_plugins/gtest/googletest/CMakeFiles/gtest_main.dir
-- Up-to-date: /home/constance/uuv_ws/install/include/dave_gazebo_model_plugins/gtest/googletest/CMakeFiles/gtest_main.dir/src
-- Up-to-date: /home/constance/uuv_ws/install/include/dave_gazebo_model_plugins/gtest/CMakeFiles
-- Up-to-date: /home/constance/uuv_ws/install/include/dave_gazebo_model_plugins/gtest/lib
-- Up-to-date: /home/constance/uuv_ws/install/include/dave_gazebo_model_plugins/catkin
-- Up-to-date: /home/constance/uuv_ws/install/include/dave_gazebo_model_plugins/catkin/catkin_generated
-- Up-to-date: /home/constance/uuv_ws/install/include/dave_gazebo_model_plugins/catkin/catkin_generated/version
-- Up-to-date: /home/constance/uuv_ws/install/include/dave_gazebo_model_plugins/atomic_configure
-- Up-to-date: /home/constance/uuv_ws/install/include/dave_gazebo_model_plugins/CMakeFiles
-- Up-to-date: /home/constance/uuv_ws/install/include/dave_gazebo_model_plugins/CMakeFiles/geometry_msgs_generate_messages_lisp.dir
-- Up-to-date: /home/constance/uuv_ws/install/include/dave_gazebo_model_plugins/CMakeFiles/roscpp_generate_messages_lisp.dir
-- Up-to-date: /home/constance/uuv_ws/install/include/dave_gazebo_model_plugins/CMakeFiles/tf2_msgs_generate_messages_nodejs.dir
-- Up-to-date: /home/constance/uuv_ws/install/include/dave_gazebo_model_plugins/CMakeFiles/dave_gazebo_ros_plugins_generate_messages_eus.dir
-- Up-to-date: /home/constance/uuv_ws/install/include/dave_gazebo_model_plugins/CMakeFiles/actionlib_msgs_generate_messages_eus.dir
-- Up-to-date: /home/constance/uuv_ws/install/include/dave_gazebo_model_plugins/CMakeFiles/sensor_msgs_generate_messages_nodejs.dir
-- Up-to-date: /home/constance/uuv_ws/install/include/dave_gazebo_model_plugins/CMakeFiles/gazebo_msgs_generate_messages_nodejs.dir
-- Up-to-date: /home/constance/uuv_ws/install/include/dave_gazebo_model_plugins/CMakeFiles/sensor_msgs_generate_messages_lisp.dir
-- Up-to-date: /home/constance/uuv_ws/install/include/dave_gazebo_model_plugins/CMakeFiles/roscpp_generate_messages_cpp.dir
-- Up-to-date: /home/constance/uuv_ws/install/include/dave_gazebo_model_plugins/CMakeFiles/actionlib_generate_messages_lisp.dir
-- Up-to-date: /home/constance/uuv_ws/install/include/dave_gazebo_model_plugins/CMakeFiles/trajectory_msgs_generate_messages_eus.dir
-- Up-to-date: /home/constance/uuv_ws/install/include/dave_gazebo_model_plugins/CMakeFiles/trajectory_msgs_generate_messages_py.dir
-- Up-to-date: /home/constance/uuv_ws/install/include/dave_gazebo_model_plugins/CMakeFiles/tf2_msgs_generate_messages_cpp.dir
-- Up-to-date: /home/constance/uuv_ws/install/include/dave_gazebo_model_plugins/CMakeFiles/transponderPlugin.dir
-- Up-to-date: /home/constance/uuv_ws/install/include/dave_gazebo_model_plugins/CMakeFiles/transponderPlugin.dir/src
-- Up-to-date: /home/constance/uuv_ws/install/include/dave_gazebo_model_plugins/CMakeFiles/std_msgs_generate_messages_py.dir
-- Up-to-date: /home/constance/uuv_ws/install/include/dave_gazebo_model_plugins/CMakeFiles/tf_generate_messages_eus.dir
-- Up-to-date: /home/constance/uuv_ws/install/include/dave_gazebo_model_plugins/CMakeFiles/dave_gazebo_model_plugins_generate_messages_eus.dir
-- Up-to-date: /home/constance/uuv_ws/install/include/dave_gazebo_model_plugins/CMakeFiles/dave_gazebo_model_plugins_gencpp.dir
-- Up-to-date: /home/constance/uuv_ws/install/include/dave_gazebo_model_plugins/CMakeFiles/std_msgs_generate_messages_nodejs.dir
-- Up-to-date: /home/constance/uuv_ws/install/include/dave_gazebo_model_plugins/CMakeFiles/dynamic_reconfigure_generate_messages_py.dir
-- Up-to-date: /home/constance/uuv_ws/install/include/dave_gazebo_model_plugins/CMakeFiles/std_srvs_generate_messages_cpp.dir
-- Up-to-date: /home/constance/uuv_ws/install/include/dave_gazebo_model_plugins/CMakeFiles/trajectory_msgs_generate_messages_nodejs.dir
-- Up-to-date: /home/constance/uuv_ws/install/include/dave_gazebo_model_plugins/CMakeFiles/roscpp_generate_messages_py.dir
-- Up-to-date: /home/constance/uuv_ws/install/include/dave_gazebo_model_plugins/CMakeFiles/gazebo_ros_gencfg.dir
-- Up-to-date: /home/constance/uuv_ws/install/include/dave_gazebo_model_plugins/CMakeFiles/dave_gazebo_model_plugins_generate_messages_lisp.dir
-- Up-to-date: /home/constance/uuv_ws/install/include/dave_gazebo_model_plugins/CMakeFiles/std_msgs_generate_messages_cpp.dir
-- Up-to-date: /home/constance/uuv_ws/install/include/dave_gazebo_model_plugins/CMakeFiles/dave_gazebo_ros_plugins_generate_messages_py.dir
-- Up-to-date: /home/constance/uuv_ws/install/include/dave_gazebo_model_plugins/CMakeFiles/tf2_msgs_generate_messages_py.dir
-- Up-to-date: /home/constance/uuv_ws/install/include/dave_gazebo_model_plugins/CMakeFiles/download_extra_data.dir
-- Up-to-date: /home/constance/uuv_ws/install/include/dave_gazebo_model_plugins/CMakeFiles/dave_gazebo_ros_plugins_generate_messages_cpp.dir
-- Up-to-date: /home/constance/uuv_ws/install/include/dave_gazebo_model_plugins/CMakeFiles/actionlib_generate_messages_nodejs.dir
-- Up-to-date: /home/constance/uuv_ws/install/include/dave_gazebo_model_plugins/CMakeFiles/geometry_msgs_generate_messages_py.dir
-- Up-to-date: /home/constance/uuv_ws/install/include/dave_gazebo_model_plugins/CMakeFiles/std_srvs_generate_messages_lisp.dir
-- Up-to-date: /home/constance/uuv_ws/install/include/dave_gazebo_model_plugins/CMakeFiles/trajectory_msgs_generate_messages_lisp.dir
-- Up-to-date: /home/constance/uuv_ws/install/include/dave_gazebo_model_plugins/CMakeFiles/tests.dir
-- Up-to-date: /home/constance/uuv_ws/install/include/dave_gazebo_model_plugins/CMakeFiles/actionlib_msgs_generate_messages_nodejs.dir
-- Up-to-date: /home/constance/uuv_ws/install/include/dave_gazebo_model_plugins/CMakeFiles/gazebo_msgs_generate_messages_cpp.dir
-- Up-to-date: /home/constance/uuv_ws/install/include/dave_gazebo_model_plugins/CMakeFiles/rosgraph_msgs_generate_messages_py.dir
-- Up-to-date: /home/constance/uuv_ws/install/include/dave_gazebo_model_plugins/CMakeFiles/rosgraph_msgs_generate_messages_lisp.dir
-- Up-to-date: /home/constance/uuv_ws/install/include/dave_gazebo_model_plugins/CMakeFiles/tf_generate_messages_py.dir
-- Up-to-date: /home/constance/uuv_ws/install/include/dave_gazebo_model_plugins/CMakeFiles/gazebo_msgs_generate_messages_py.dir
-- Up-to-date: /home/constance/uuv_ws/install/include/dave_gazebo_model_plugins/CMakeFiles/actionlib_generate_messages_py.dir
-- Up-to-date: /home/constance/uuv_ws/install/include/dave_gazebo_model_plugins/CMakeFiles/std_srvs_generate_messages_py.dir
-- Up-to-date: /home/constance/uuv_ws/install/include/dave_gazebo_model_plugins/CMakeFiles/dave_gazebo_model_plugins_genlisp.dir
-- Up-to-date: /home/constance/uuv_ws/install/include/dave_gazebo_model_plugins/CMakeFiles/tf_generate_messages_cpp.dir
-- Up-to-date: /home/constance/uuv_ws/install/include/dave_gazebo_model_plugins/CMakeFiles/plugAndSocketPlugin.dir
-- Up-to-date: /home/constance/uuv_ws/install/include/dave_gazebo_model_plugins/CMakeFiles/plugAndSocketPlugin.dir/src
-- Up-to-date: /home/constance/uuv_ws/install/include/dave_gazebo_model_plugins/CMakeFiles/sensor_msgs_generate_messages_py.dir
-- Up-to-date: /home/constance/uuv_ws/install/include/dave_gazebo_model_plugins/CMakeFiles/geometry_msgs_generate_messages_eus.dir
-- Up-to-date: /home/constance/uuv_ws/install/include/dave_gazebo_model_plugins/CMakeFiles/actionlib_msgs_generate_messages_cpp.dir
-- Up-to-date: /home/constance/uuv_ws/install/include/dave_gazebo_model_plugins/CMakeFiles/rosgraph_msgs_generate_messages_eus.dir
-- Up-to-date: /home/constance/uuv_ws/install/include/dave_gazebo_model_plugins/CMakeFiles/actionlib_generate_messages_cpp.dir
-- Up-to-date: /home/constance/uuv_ws/install/include/dave_gazebo_model_plugins/CMakeFiles/dave_gazebo_model_plugins_gennodejs.dir
-- Up-to-date: /home/constance/uuv_ws/install/include/dave_gazebo_model_plugins/CMakeFiles/dave_gazebo_model_plugins_generate_messages_cpp.dir
-- Up-to-date: /home/constance/uuv_ws/install/include/dave_gazebo_model_plugins/CMakeFiles/trajectory_msgs_generate_messages_cpp.dir
-- Up-to-date: /home/constance/uuv_ws/install/include/dave_gazebo_model_plugins/CMakeFiles/dave_gazebo_model_plugins_generate_messages_py.dir
-- Up-to-date: /home/constance/uuv_ws/install/include/dave_gazebo_model_plugins/CMakeFiles/tf2_msgs_generate_messages_eus.dir
-- Up-to-date: /home/constance/uuv_ws/install/include/dave_gazebo_model_plugins/CMakeFiles/std_srvs_generate_messages_nodejs.dir
-- Up-to-date: /home/constance/uuv_ws/install/include/dave_gazebo_model_plugins/CMakeFiles/actionlib_msgs_generate_messages_py.dir
-- Up-to-date: /home/constance/uuv_ws/install/include/dave_gazebo_model_plugins/CMakeFiles/dave_ocean_current_model_plugin.dir
-- Up-to-date: /home/constance/uuv_ws/install/include/dave_gazebo_model_plugins/CMakeFiles/dave_ocean_current_model_plugin.dir/src
-- Up-to-date: /home/constance/uuv_ws/install/include/dave_gazebo_model_plugins/CMakeFiles/gazebo_msgs_generate_messages_eus.dir
-- Up-to-date: /home/constance/uuv_ws/install/include/dave_gazebo_model_plugins/CMakeFiles/std_msgs_generate_messages_eus.dir
-- Up-to-date: /home/constance/uuv_ws/install/include/dave_gazebo_model_plugins/CMakeFiles/geometry_msgs_generate_messages_nodejs.dir
-- Up-to-date: /home/constance/uuv_ws/install/include/dave_gazebo_model_plugins/CMakeFiles/_dave_gazebo_model_plugins_generate_messages_check_deps_UsblResponse.dir
-- Up-to-date: /home/constance/uuv_ws/install/include/dave_gazebo_model_plugins/CMakeFiles/dynamic_reconfigure_generate_messages_eus.dir
-- Up-to-date: /home/constance/uuv_ws/install/include/dave_gazebo_model_plugins/CMakeFiles/transceiverPlugin.dir
-- Up-to-date: /home/constance/uuv_ws/install/include/dave_gazebo_model_plugins/CMakeFiles/transceiverPlugin.dir/src
-- Up-to-date: /home/constance/uuv_ws/install/include/dave_gazebo_model_plugins/CMakeFiles/sensor_msgs_generate_messages_cpp.dir
-- Up-to-date: /home/constance/uuv_ws/install/include/dave_gazebo_model_plugins/CMakeFiles/rosgraph_msgs_generate_messages_nodejs.dir
-- Up-to-date: /home/constance/uuv_ws/install/include/dave_gazebo_model_plugins/CMakeFiles/tf_generate_messages_nodejs.dir
-- Up-to-date: /home/constance/uuv_ws/install/include/dave_gazebo_model_plugins/CMakeFiles/doxygen.dir
-- Up-to-date: /home/constance/uuv_ws/install/include/dave_gazebo_model_plugins/CMakeFiles/dave_gazebo_model_plugins_geneus.dir
-- Up-to-date: /home/constance/uuv_ws/install/include/dave_gazebo_model_plugins/CMakeFiles/dave_gazebo_ros_plugins_generate_messages_lisp.dir
-- Up-to-date: /home/constance/uuv_ws/install/include/dave_gazebo_model_plugins/CMakeFiles/rosgraph_msgs_generate_messages_cpp.dir
-- Up-to-date: /home/constance/uuv_ws/install/include/dave_gazebo_model_plugins/CMakeFiles/clean_test_results.dir
-- Up-to-date: /home/constance/uuv_ws/install/include/dave_gazebo_model_plugins/CMakeFiles/geometry_msgs_generate_messages_cpp.dir
-- Up-to-date: /home/constance/uuv_ws/install/include/dave_gazebo_model_plugins/CMakeFiles/tf_generate_messages_lisp.dir
-- Up-to-date: /home/constance/uuv_ws/install/include/dave_gazebo_model_plugins/CMakeFiles/dave_gazebo_ros_plugins_generate_messages_nodejs.dir
-- Up-to-date: /home/constance/uuv_ws/install/include/dave_gazebo_model_plugins/CMakeFiles/sensor_msgs_generate_messages_eus.dir
-- Up-to-date: /home/constance/uuv_ws/install/include/dave_gazebo_model_plugins/CMakeFiles/3.16.3
-- Up-to-date: /home/constance/uuv_ws/install/include/dave_gazebo_model_plugins/CMakeFiles/3.16.3/CompilerIdCXX
-- Up-to-date: /home/constance/uuv_ws/install/include/dave_gazebo_model_plugins/CMakeFiles/3.16.3/CompilerIdCXX/tmp
-- Up-to-date: /home/constance/uuv_ws/install/include/dave_gazebo_model_plugins/CMakeFiles/3.16.3/CompilerIdC
-- Up-to-date: /home/constance/uuv_ws/install/include/dave_gazebo_model_plugins/CMakeFiles/3.16.3/CompilerIdC/tmp
-- Up-to-date: /home/constance/uuv_ws/install/include/dave_gazebo_model_plugins/CMakeFiles/dave_gazebo_model_plugins_generate_messages_nodejs.dir
-- Up-to-date: /home/constance/uuv_ws/install/include/dave_gazebo_model_plugins/CMakeFiles/std_srvs_generate_messages_eus.dir
-- Up-to-date: /home/constance/uuv_ws/install/include/dave_gazebo_model_plugins/CMakeFiles/roscpp_generate_messages_nodejs.dir
-- Up-to-date: /home/constance/uuv_ws/install/include/dave_gazebo_model_plugins/CMakeFiles/roscpp_generate_messages_eus.dir
-- Up-to-date: /home/constance/uuv_ws/install/include/dave_gazebo_model_plugins/CMakeFiles/_dave_gazebo_model_plugins_generate_messages_check_deps_UsblCommand.dir
-- Up-to-date: /home/constance/uuv_ws/install/include/dave_gazebo_model_plugins/CMakeFiles/actionlib_msgs_generate_messages_lisp.dir
-- Up-to-date: /home/constance/uuv_ws/install/include/dave_gazebo_model_plugins/CMakeFiles/dave_gazebo_model_plugins_generate_messages.dir
-- Up-to-date: /home/constance/uuv_ws/install/include/dave_gazebo_model_plugins/CMakeFiles/dynamic_reconfigure_generate_messages_cpp.dir
-- Up-to-date: /home/constance/uuv_ws/install/include/dave_gazebo_model_plugins/CMakeFiles/std_msgs_generate_messages_lisp.dir
-- Up-to-date: /home/constance/uuv_ws/install/include/dave_gazebo_model_plugins/CMakeFiles/run_tests.dir
-- Up-to-date: /home/constance/uuv_ws/install/include/dave_gazebo_model_plugins/CMakeFiles/custom_surface_properties.dir
-- Up-to-date: /home/constance/uuv_ws/install/include/dave_gazebo_model_plugins/CMakeFiles/custom_surface_properties.dir/src
-- Up-to-date: /home/constance/uuv_ws/install/include/dave_gazebo_model_plugins/CMakeFiles/dynamic_reconfigure_gencfg.dir
-- Up-to-date: /home/constance/uuv_ws/install/include/dave_gazebo_model_plugins/CMakeFiles/dynamic_reconfigure_generate_messages_nodejs.dir
-- Up-to-date: /home/constance/uuv_ws/install/include/dave_gazebo_model_plugins/CMakeFiles/CMakeTmp
-- Up-to-date: /home/constance/uuv_ws/install/include/dave_gazebo_model_plugins/CMakeFiles/actionlib_generate_messages_eus.dir
-- Up-to-date: /home/constance/uuv_ws/install/include/dave_gazebo_model_plugins/CMakeFiles/tf2_msgs_generate_messages_lisp.dir
-- Up-to-date: /home/constance/uuv_ws/install/include/dave_gazebo_model_plugins/CMakeFiles/dave_gazebo_model_plugins_genpy.dir
-- Up-to-date: /home/constance/uuv_ws/install/include/dave_gazebo_model_plugins/CMakeFiles/gazebo_msgs_generate_messages_lisp.dir
-- Up-to-date: /home/constance/uuv_ws/install/include/dave_gazebo_model_plugins/CMakeFiles/dynamic_reconfigure_generate_messages_lisp.dir
