Linked: (/home/constance/uuv_ws/devel/.private/dave_gazebo_ros_plugins/include/dave_gazebo_ros_plugins/TransformToSphericalCoord.h, /home/constance/uuv_ws/devel/include/dave_gazebo_ros_plugins/TransformToSphericalCoord.h)
Linked: (/home/constance/uuv_ws/devel/.private/dave_gazebo_ros_plugins/include/dave_gazebo_ros_plugins/SetCurrentModelResponse.h, /home/constance/uuv_ws/devel/include/dave_gazebo_ros_plugins/SetCurrentModelResponse.h)
Linked: (/home/constance/uuv_ws/devel/.private/dave_gazebo_ros_plugins/include/dave_gazebo_ros_plugins/SetCurrentVelocityResponse.h, /home/constance/uuv_ws/devel/include/dave_gazebo_ros_plugins/SetCurrentVelocityResponse.h)
Linked: (/home/constance/uuv_ws/devel/.private/dave_gazebo_ros_plugins/include/dave_gazebo_ros_plugins/TransformToSphericalCoordRequest.h, /home/constance/uuv_ws/devel/include/dave_gazebo_ros_plugins/TransformToSphericalCoordRequest.h)
Linked: (/home/constance/uuv_ws/devel/.private/dave_gazebo_ros_plugins/include/dave_gazebo_ros_plugins/SetCurrentDirectionResponse.h, /home/constance/uuv_ws/devel/include/dave_gazebo_ros_plugins/SetCurrentDirectionResponse.h)
Linked: (/home/constance/uuv_ws/devel/.private/dave_gazebo_ros_plugins/include/dave_gazebo_ros_plugins/StratifiedCurrentVelocity.h, /home/constance/uuv_ws/devel/include/dave_gazebo_ros_plugins/StratifiedCurrentVelocity.h)
Linked: (/home/constance/uuv_ws/devel/.private/dave_gazebo_ros_plugins/include/dave_gazebo_ros_plugins/SetCurrentVelocity.h, /home/constance/uuv_ws/devel/include/dave_gazebo_ros_plugins/SetCurrentVelocity.h)
Linked: (/home/constance/uuv_ws/devel/.private/dave_gazebo_ros_plugins/include/dave_gazebo_ros_plugins/TransformToSphericalCoordResponse.h, /home/constance/uuv_ws/devel/include/dave_gazebo_ros_plugins/TransformToSphericalCoordResponse.h)
Linked: (/home/constance/uuv_ws/devel/.private/dave_gazebo_ros_plugins/include/dave_gazebo_ros_plugins/SetCurrentModel.h, /home/constance/uuv_ws/devel/include/dave_gazebo_ros_plugins/SetCurrentModel.h)
Linked: (/home/constance/uuv_ws/devel/.private/dave_gazebo_ros_plugins/include/dave_gazebo_ros_plugins/GetCurrentModelRequest.h, /home/constance/uuv_ws/devel/include/dave_gazebo_ros_plugins/GetCurrentModelRequest.h)
Linked: (/home/constance/uuv_ws/devel/.private/dave_gazebo_ros_plugins/include/dave_gazebo_ros_plugins/TransformFromSphericalCoordResponse.h, /home/constance/uuv_ws/devel/include/dave_gazebo_ros_plugins/TransformFromSphericalCoordResponse.h)
Linked: (/home/constance/uuv_ws/devel/.private/dave_gazebo_ros_plugins/include/dave_gazebo_ros_plugins/SetStratifiedCurrentVelocityResponse.h, /home/constance/uuv_ws/devel/include/dave_gazebo_ros_plugins/SetStratifiedCurrentVelocityResponse.h)
Linked: (/home/constance/uuv_ws/devel/.private/dave_gazebo_ros_plugins/include/dave_gazebo_ros_plugins/GetCurrentModel.h, /home/constance/uuv_ws/devel/include/dave_gazebo_ros_plugins/GetCurrentModel.h)
Linked: (/home/constance/uuv_ws/devel/.private/dave_gazebo_ros_plugins/include/dave_gazebo_ros_plugins/GetCurrentModelResponse.h, /home/constance/uuv_ws/devel/include/dave_gazebo_ros_plugins/GetCurrentModelResponse.h)
Linked: (/home/constance/uuv_ws/devel/.private/dave_gazebo_ros_plugins/include/dave_gazebo_ros_plugins/SetStratifiedCurrentVelocity.h, /home/constance/uuv_ws/devel/include/dave_gazebo_ros_plugins/SetStratifiedCurrentVelocity.h)
Linked: (/home/constance/uuv_ws/devel/.private/dave_gazebo_ros_plugins/include/dave_gazebo_ros_plugins/SetStratifiedCurrentDirection.h, /home/constance/uuv_ws/devel/include/dave_gazebo_ros_plugins/SetStratifiedCurrentDirection.h)
Linked: (/home/constance/uuv_ws/devel/.private/dave_gazebo_ros_plugins/include/dave_gazebo_ros_plugins/SetStratifiedCurrentDirectionResponse.h, /home/constance/uuv_ws/devel/include/dave_gazebo_ros_plugins/SetStratifiedCurrentDirectionResponse.h)
Linked: (/home/constance/uuv_ws/devel/.private/dave_gazebo_ros_plugins/include/dave_gazebo_ros_plugins/SetOriginSphericalCoordResponse.h, /home/constance/uuv_ws/devel/include/dave_gazebo_ros_plugins/SetOriginSphericalCoordResponse.h)
Linked: (/home/constance/uuv_ws/devel/.private/dave_gazebo_ros_plugins/include/dave_gazebo_ros_plugins/GetOriginSphericalCoord.h, /home/constance/uuv_ws/devel/include/dave_gazebo_ros_plugins/GetOriginSphericalCoord.h)
Linked: (/home/constance/uuv_ws/devel/.private/dave_gazebo_ros_plugins/include/dave_gazebo_ros_plugins/GetOriginSphericalCoordRequest.h, /home/constance/uuv_ws/devel/include/dave_gazebo_ros_plugins/GetOriginSphericalCoordRequest.h)
Linked: (/home/constance/uuv_ws/devel/.private/dave_gazebo_ros_plugins/include/dave_gazebo_ros_plugins/SetOriginSphericalCoord.h, /home/constance/uuv_ws/devel/include/dave_gazebo_ros_plugins/SetOriginSphericalCoord.h)
Linked: (/home/constance/uuv_ws/devel/.private/dave_gazebo_ros_plugins/include/dave_gazebo_ros_plugins/TransformFromSphericalCoordRequest.h, /home/constance/uuv_ws/devel/include/dave_gazebo_ros_plugins/TransformFromSphericalCoordRequest.h)
Linked: (/home/constance/uuv_ws/devel/.private/dave_gazebo_ros_plugins/include/dave_gazebo_ros_plugins/TransformFromSphericalCoord.h, /home/constance/uuv_ws/devel/include/dave_gazebo_ros_plugins/TransformFromSphericalCoord.h)
Linked: (/home/constance/uuv_ws/devel/.private/dave_gazebo_ros_plugins/include/dave_gazebo_ros_plugins/SetOriginSphericalCoordRequest.h, /home/constance/uuv_ws/devel/include/dave_gazebo_ros_plugins/SetOriginSphericalCoordRequest.h)
Linked: (/home/constance/uuv_ws/devel/.private/dave_gazebo_ros_plugins/include/dave_gazebo_ros_plugins/SetStratifiedCurrentDirectionRequest.h, /home/constance/uuv_ws/devel/include/dave_gazebo_ros_plugins/SetStratifiedCurrentDirectionRequest.h)
Linked: (/home/constance/uuv_ws/devel/.private/dave_gazebo_ros_plugins/include/dave_gazebo_ros_plugins/GetOriginSphericalCoordResponse.h, /home/constance/uuv_ws/devel/include/dave_gazebo_ros_plugins/GetOriginSphericalCoordResponse.h)
Linked: (/home/constance/uuv_ws/devel/.private/dave_gazebo_ros_plugins/include/dave_gazebo_ros_plugins/SetCurrentVelocityRequest.h, /home/constance/uuv_ws/devel/include/dave_gazebo_ros_plugins/SetCurrentVelocityRequest.h)
Linked: (/home/constance/uuv_ws/devel/.private/dave_gazebo_ros_plugins/include/dave_gazebo_ros_plugins/StratifiedCurrentDatabase.h, /home/constance/uuv_ws/devel/include/dave_gazebo_ros_plugins/StratifiedCurrentDatabase.h)
Linked: (/home/constance/uuv_ws/devel/.private/dave_gazebo_ros_plugins/include/dave_gazebo_ros_plugins/SetCurrentDirection.h, /home/constance/uuv_ws/devel/include/dave_gazebo_ros_plugins/SetCurrentDirection.h)
Linked: (/home/constance/uuv_ws/devel/.private/dave_gazebo_ros_plugins/include/dave_gazebo_ros_plugins/SetCurrentModelRequest.h, /home/constance/uuv_ws/devel/include/dave_gazebo_ros_plugins/SetCurrentModelRequest.h)
Linked: (/home/constance/uuv_ws/devel/.private/dave_gazebo_ros_plugins/include/dave_gazebo_ros_plugins/SetCurrentDirectionRequest.h, /home/constance/uuv_ws/devel/include/dave_gazebo_ros_plugins/SetCurrentDirectionRequest.h)
Linked: (/home/constance/uuv_ws/devel/.private/dave_gazebo_ros_plugins/include/dave_gazebo_ros_plugins/SetStratifiedCurrentVelocityRequest.h, /home/constance/uuv_ws/devel/include/dave_gazebo_ros_plugins/SetStratifiedCurrentVelocityRequest.h)
Linked: (/home/constance/uuv_ws/devel/.private/dave_gazebo_ros_plugins/share/roseus/ros/dave_gazebo_ros_plugins/manifest.l, /home/constance/uuv_ws/devel/share/roseus/ros/dave_gazebo_ros_plugins/manifest.l)
Linked: (/home/constance/uuv_ws/devel/.private/dave_gazebo_ros_plugins/share/roseus/ros/dave_gazebo_ros_plugins/srv/SetStratifiedCurrentVelocity.l, /home/constance/uuv_ws/devel/share/roseus/ros/dave_gazebo_ros_plugins/srv/SetStratifiedCurrentVelocity.l)
Linked: (/home/constance/uuv_ws/devel/.private/dave_gazebo_ros_plugins/share/roseus/ros/dave_gazebo_ros_plugins/srv/SetCurrentModel.l, /home/constance/uuv_ws/devel/share/roseus/ros/dave_gazebo_ros_plugins/srv/SetCurrentModel.l)
Linked: (/home/constance/uuv_ws/devel/.private/dave_gazebo_ros_plugins/share/roseus/ros/dave_gazebo_ros_plugins/srv/TransformToSphericalCoord.l, /home/constance/uuv_ws/devel/share/roseus/ros/dave_gazebo_ros_plugins/srv/TransformToSphericalCoord.l)
Linked: (/home/constance/uuv_ws/devel/.private/dave_gazebo_ros_plugins/share/roseus/ros/dave_gazebo_ros_plugins/srv/SetCurrentVelocity.l, /home/constance/uuv_ws/devel/share/roseus/ros/dave_gazebo_ros_plugins/srv/SetCurrentVelocity.l)
Linked: (/home/constance/uuv_ws/devel/.private/dave_gazebo_ros_plugins/share/roseus/ros/dave_gazebo_ros_plugins/srv/GetCurrentModel.l, /home/constance/uuv_ws/devel/share/roseus/ros/dave_gazebo_ros_plugins/srv/GetCurrentModel.l)
Linked: (/home/constance/uuv_ws/devel/.private/dave_gazebo_ros_plugins/share/roseus/ros/dave_gazebo_ros_plugins/srv/SetOriginSphericalCoord.l, /home/constance/uuv_ws/devel/share/roseus/ros/dave_gazebo_ros_plugins/srv/SetOriginSphericalCoord.l)
Linked: (/home/constance/uuv_ws/devel/.private/dave_gazebo_ros_plugins/share/roseus/ros/dave_gazebo_ros_plugins/srv/SetCurrentDirection.l, /home/constance/uuv_ws/devel/share/roseus/ros/dave_gazebo_ros_plugins/srv/SetCurrentDirection.l)
Linked: (/home/constance/uuv_ws/devel/.private/dave_gazebo_ros_plugins/share/roseus/ros/dave_gazebo_ros_plugins/srv/TransformFromSphericalCoord.l, /home/constance/uuv_ws/devel/share/roseus/ros/dave_gazebo_ros_plugins/srv/TransformFromSphericalCoord.l)
Linked: (/home/constance/uuv_ws/devel/.private/dave_gazebo_ros_plugins/share/roseus/ros/dave_gazebo_ros_plugins/srv/SetStratifiedCurrentDirection.l, /home/constance/uuv_ws/devel/share/roseus/ros/dave_gazebo_ros_plugins/srv/SetStratifiedCurrentDirection.l)
Linked: (/home/constance/uuv_ws/devel/.private/dave_gazebo_ros_plugins/share/roseus/ros/dave_gazebo_ros_plugins/srv/GetOriginSphericalCoord.l, /home/constance/uuv_ws/devel/share/roseus/ros/dave_gazebo_ros_plugins/srv/GetOriginSphericalCoord.l)
Linked: (/home/constance/uuv_ws/devel/.private/dave_gazebo_ros_plugins/share/roseus/ros/dave_gazebo_ros_plugins/msg/StratifiedCurrentDatabase.l, /home/constance/uuv_ws/devel/share/roseus/ros/dave_gazebo_ros_plugins/msg/StratifiedCurrentDatabase.l)
Linked: (/home/constance/uuv_ws/devel/.private/dave_gazebo_ros_plugins/share/roseus/ros/dave_gazebo_ros_plugins/msg/StratifiedCurrentVelocity.l, /home/constance/uuv_ws/devel/share/roseus/ros/dave_gazebo_ros_plugins/msg/StratifiedCurrentVelocity.l)
Linked: (/home/constance/uuv_ws/devel/.private/dave_gazebo_ros_plugins/share/dave_gazebo_ros_plugins/cmake/dave_gazebo_ros_plugins-msg-extras.cmake, /home/constance/uuv_ws/devel/share/dave_gazebo_ros_plugins/cmake/dave_gazebo_ros_plugins-msg-extras.cmake)
Linked: (/home/constance/uuv_ws/devel/.private/dave_gazebo_ros_plugins/share/dave_gazebo_ros_plugins/cmake/dave_gazebo_ros_pluginsConfig.cmake, /home/constance/uuv_ws/devel/share/dave_gazebo_ros_plugins/cmake/dave_gazebo_ros_pluginsConfig.cmake)
Linked: (/home/constance/uuv_ws/devel/.private/dave_gazebo_ros_plugins/share/dave_gazebo_ros_plugins/cmake/dave_gazebo_ros_plugins-msg-paths.cmake, /home/constance/uuv_ws/devel/share/dave_gazebo_ros_plugins/cmake/dave_gazebo_ros_plugins-msg-paths.cmake)
Linked: (/home/constance/uuv_ws/devel/.private/dave_gazebo_ros_plugins/share/dave_gazebo_ros_plugins/cmake/dave_gazebo_ros_pluginsConfig-version.cmake, /home/constance/uuv_ws/devel/share/dave_gazebo_ros_plugins/cmake/dave_gazebo_ros_pluginsConfig-version.cmake)
Linked: (/home/constance/uuv_ws/devel/.private/dave_gazebo_ros_plugins/share/common-lisp/ros/dave_gazebo_ros_plugins/srv/_package_SetOriginSphericalCoord.lisp, /home/constance/uuv_ws/devel/share/common-lisp/ros/dave_gazebo_ros_plugins/srv/_package_SetOriginSphericalCoord.lisp)
Linked: (/home/constance/uuv_ws/devel/.private/dave_gazebo_ros_plugins/share/common-lisp/ros/dave_gazebo_ros_plugins/srv/GetCurrentModel.lisp, /home/constance/uuv_ws/devel/share/common-lisp/ros/dave_gazebo_ros_plugins/srv/GetCurrentModel.lisp)
Linked: (/home/constance/uuv_ws/devel/.private/dave_gazebo_ros_plugins/share/common-lisp/ros/dave_gazebo_ros_plugins/srv/_package.lisp, /home/constance/uuv_ws/devel/share/common-lisp/ros/dave_gazebo_ros_plugins/srv/_package.lisp)
Linked: (/home/constance/uuv_ws/devel/.private/dave_gazebo_ros_plugins/share/common-lisp/ros/dave_gazebo_ros_plugins/srv/_package_SetStratifiedCurrentDirection.lisp, /home/constance/uuv_ws/devel/share/common-lisp/ros/dave_gazebo_ros_plugins/srv/_package_SetStratifiedCurrentDirection.lisp)
Linked: (/home/constance/uuv_ws/devel/.private/dave_gazebo_ros_plugins/share/common-lisp/ros/dave_gazebo_ros_plugins/srv/_package_SetCurrentModel.lisp, /home/constance/uuv_ws/devel/share/common-lisp/ros/dave_gazebo_ros_plugins/srv/_package_SetCurrentModel.lisp)
Linked: (/home/constance/uuv_ws/devel/.private/dave_gazebo_ros_plugins/share/common-lisp/ros/dave_gazebo_ros_plugins/srv/_package_SetCurrentVelocity.lisp, /home/constance/uuv_ws/devel/share/common-lisp/ros/dave_gazebo_ros_plugins/srv/_package_SetCurrentVelocity.lisp)
Linked: (/home/constance/uuv_ws/devel/.private/dave_gazebo_ros_plugins/share/common-lisp/ros/dave_gazebo_ros_plugins/srv/SetOriginSphericalCoord.lisp, /home/constance/uuv_ws/devel/share/common-lisp/ros/dave_gazebo_ros_plugins/srv/SetOriginSphericalCoord.lisp)
Linked: (/home/constance/uuv_ws/devel/.private/dave_gazebo_ros_plugins/share/common-lisp/ros/dave_gazebo_ros_plugins/srv/_package_TransformToSphericalCoord.lisp, /home/constance/uuv_ws/devel/share/common-lisp/ros/dave_gazebo_ros_plugins/srv/_package_TransformToSphericalCoord.lisp)
Linked: (/home/constance/uuv_ws/devel/.private/dave_gazebo_ros_plugins/share/common-lisp/ros/dave_gazebo_ros_plugins/srv/_package_GetOriginSphericalCoord.lisp, /home/constance/uuv_ws/devel/share/common-lisp/ros/dave_gazebo_ros_plugins/srv/_package_GetOriginSphericalCoord.lisp)
Linked: (/home/constance/uuv_ws/devel/.private/dave_gazebo_ros_plugins/share/common-lisp/ros/dave_gazebo_ros_plugins/srv/TransformToSphericalCoord.lisp, /home/constance/uuv_ws/devel/share/common-lisp/ros/dave_gazebo_ros_plugins/srv/TransformToSphericalCoord.lisp)
Linked: (/home/constance/uuv_ws/devel/.private/dave_gazebo_ros_plugins/share/common-lisp/ros/dave_gazebo_ros_plugins/srv/GetOriginSphericalCoord.lisp, /home/constance/uuv_ws/devel/share/common-lisp/ros/dave_gazebo_ros_plugins/srv/GetOriginSphericalCoord.lisp)
Linked: (/home/constance/uuv_ws/devel/.private/dave_gazebo_ros_plugins/share/common-lisp/ros/dave_gazebo_ros_plugins/srv/SetStratifiedCurrentDirection.lisp, /home/constance/uuv_ws/devel/share/common-lisp/ros/dave_gazebo_ros_plugins/srv/SetStratifiedCurrentDirection.lisp)
Linked: (/home/constance/uuv_ws/devel/.private/dave_gazebo_ros_plugins/share/common-lisp/ros/dave_gazebo_ros_plugins/srv/SetStratifiedCurrentVelocity.lisp, /home/constance/uuv_ws/devel/share/common-lisp/ros/dave_gazebo_ros_plugins/srv/SetStratifiedCurrentVelocity.lisp)
Linked: (/home/constance/uuv_ws/devel/.private/dave_gazebo_ros_plugins/share/common-lisp/ros/dave_gazebo_ros_plugins/srv/_package_SetCurrentDirection.lisp, /home/constance/uuv_ws/devel/share/common-lisp/ros/dave_gazebo_ros_plugins/srv/_package_SetCurrentDirection.lisp)
Linked: (/home/constance/uuv_ws/devel/.private/dave_gazebo_ros_plugins/share/common-lisp/ros/dave_gazebo_ros_plugins/srv/TransformFromSphericalCoord.lisp, /home/constance/uuv_ws/devel/share/common-lisp/ros/dave_gazebo_ros_plugins/srv/TransformFromSphericalCoord.lisp)
Linked: (/home/constance/uuv_ws/devel/.private/dave_gazebo_ros_plugins/share/common-lisp/ros/dave_gazebo_ros_plugins/srv/_package_GetCurrentModel.lisp, /home/constance/uuv_ws/devel/share/common-lisp/ros/dave_gazebo_ros_plugins/srv/_package_GetCurrentModel.lisp)
Linked: (/home/constance/uuv_ws/devel/.private/dave_gazebo_ros_plugins/share/common-lisp/ros/dave_gazebo_ros_plugins/srv/SetCurrentDirection.lisp, /home/constance/uuv_ws/devel/share/common-lisp/ros/dave_gazebo_ros_plugins/srv/SetCurrentDirection.lisp)
Linked: (/home/constance/uuv_ws/devel/.private/dave_gazebo_ros_plugins/share/common-lisp/ros/dave_gazebo_ros_plugins/srv/dave_gazebo_ros_plugins-srv.asd, /home/constance/uuv_ws/devel/share/common-lisp/ros/dave_gazebo_ros_plugins/srv/dave_gazebo_ros_plugins-srv.asd)
Linked: (/home/constance/uuv_ws/devel/.private/dave_gazebo_ros_plugins/share/common-lisp/ros/dave_gazebo_ros_plugins/srv/SetCurrentModel.lisp, /home/constance/uuv_ws/devel/share/common-lisp/ros/dave_gazebo_ros_plugins/srv/SetCurrentModel.lisp)
Linked: (/home/constance/uuv_ws/devel/.private/dave_gazebo_ros_plugins/share/common-lisp/ros/dave_gazebo_ros_plugins/srv/_package_SetStratifiedCurrentVelocity.lisp, /home/constance/uuv_ws/devel/share/common-lisp/ros/dave_gazebo_ros_plugins/srv/_package_SetStratifiedCurrentVelocity.lisp)
Linked: (/home/constance/uuv_ws/devel/.private/dave_gazebo_ros_plugins/share/common-lisp/ros/dave_gazebo_ros_plugins/srv/_package_TransformFromSphericalCoord.lisp, /home/constance/uuv_ws/devel/share/common-lisp/ros/dave_gazebo_ros_plugins/srv/_package_TransformFromSphericalCoord.lisp)
Linked: (/home/constance/uuv_ws/devel/.private/dave_gazebo_ros_plugins/share/common-lisp/ros/dave_gazebo_ros_plugins/srv/SetCurrentVelocity.lisp, /home/constance/uuv_ws/devel/share/common-lisp/ros/dave_gazebo_ros_plugins/srv/SetCurrentVelocity.lisp)
Linked: (/home/constance/uuv_ws/devel/.private/dave_gazebo_ros_plugins/share/common-lisp/ros/dave_gazebo_ros_plugins/msg/StratifiedCurrentDatabase.lisp, /home/constance/uuv_ws/devel/share/common-lisp/ros/dave_gazebo_ros_plugins/msg/StratifiedCurrentDatabase.lisp)
Linked: (/home/constance/uuv_ws/devel/.private/dave_gazebo_ros_plugins/share/common-lisp/ros/dave_gazebo_ros_plugins/msg/_package.lisp, /home/constance/uuv_ws/devel/share/common-lisp/ros/dave_gazebo_ros_plugins/msg/_package.lisp)
Linked: (/home/constance/uuv_ws/devel/.private/dave_gazebo_ros_plugins/share/common-lisp/ros/dave_gazebo_ros_plugins/msg/_package_StratifiedCurrentDatabase.lisp, /home/constance/uuv_ws/devel/share/common-lisp/ros/dave_gazebo_ros_plugins/msg/_package_StratifiedCurrentDatabase.lisp)
Linked: (/home/constance/uuv_ws/devel/.private/dave_gazebo_ros_plugins/share/common-lisp/ros/dave_gazebo_ros_plugins/msg/_package_StratifiedCurrentVelocity.lisp, /home/constance/uuv_ws/devel/share/common-lisp/ros/dave_gazebo_ros_plugins/msg/_package_StratifiedCurrentVelocity.lisp)
Linked: (/home/constance/uuv_ws/devel/.private/dave_gazebo_ros_plugins/share/common-lisp/ros/dave_gazebo_ros_plugins/msg/StratifiedCurrentVelocity.lisp, /home/constance/uuv_ws/devel/share/common-lisp/ros/dave_gazebo_ros_plugins/msg/StratifiedCurrentVelocity.lisp)
Linked: (/home/constance/uuv_ws/devel/.private/dave_gazebo_ros_plugins/share/common-lisp/ros/dave_gazebo_ros_plugins/msg/dave_gazebo_ros_plugins-msg.asd, /home/constance/uuv_ws/devel/share/common-lisp/ros/dave_gazebo_ros_plugins/msg/dave_gazebo_ros_plugins-msg.asd)
Linked: (/home/constance/uuv_ws/devel/.private/dave_gazebo_ros_plugins/share/gennodejs/ros/dave_gazebo_ros_plugins/_index.js, /home/constance/uuv_ws/devel/share/gennodejs/ros/dave_gazebo_ros_plugins/_index.js)
Linked: (/home/constance/uuv_ws/devel/.private/dave_gazebo_ros_plugins/share/gennodejs/ros/dave_gazebo_ros_plugins/srv/SetCurrentDirection.js, /home/constance/uuv_ws/devel/share/gennodejs/ros/dave_gazebo_ros_plugins/srv/SetCurrentDirection.js)
Linked: (/home/constance/uuv_ws/devel/.private/dave_gazebo_ros_plugins/share/gennodejs/ros/dave_gazebo_ros_plugins/srv/SetStratifiedCurrentVelocity.js, /home/constance/uuv_ws/devel/share/gennodejs/ros/dave_gazebo_ros_plugins/srv/SetStratifiedCurrentVelocity.js)
Linked: (/home/constance/uuv_ws/devel/.private/dave_gazebo_ros_plugins/share/gennodejs/ros/dave_gazebo_ros_plugins/srv/GetCurrentModel.js, /home/constance/uuv_ws/devel/share/gennodejs/ros/dave_gazebo_ros_plugins/srv/GetCurrentModel.js)
Linked: (/home/constance/uuv_ws/devel/.private/dave_gazebo_ros_plugins/share/gennodejs/ros/dave_gazebo_ros_plugins/srv/_index.js, /home/constance/uuv_ws/devel/share/gennodejs/ros/dave_gazebo_ros_plugins/srv/_index.js)
Linked: (/home/constance/uuv_ws/devel/.private/dave_gazebo_ros_plugins/share/gennodejs/ros/dave_gazebo_ros_plugins/srv/TransformToSphericalCoord.js, /home/constance/uuv_ws/devel/share/gennodejs/ros/dave_gazebo_ros_plugins/srv/TransformToSphericalCoord.js)
Linked: (/home/constance/uuv_ws/devel/.private/dave_gazebo_ros_plugins/share/gennodejs/ros/dave_gazebo_ros_plugins/srv/SetCurrentVelocity.js, /home/constance/uuv_ws/devel/share/gennodejs/ros/dave_gazebo_ros_plugins/srv/SetCurrentVelocity.js)
Linked: (/home/constance/uuv_ws/devel/.private/dave_gazebo_ros_plugins/share/gennodejs/ros/dave_gazebo_ros_plugins/srv/SetStratifiedCurrentDirection.js, /home/constance/uuv_ws/devel/share/gennodejs/ros/dave_gazebo_ros_plugins/srv/SetStratifiedCurrentDirection.js)
Linked: (/home/constance/uuv_ws/devel/.private/dave_gazebo_ros_plugins/share/gennodejs/ros/dave_gazebo_ros_plugins/srv/SetCurrentModel.js, /home/constance/uuv_ws/devel/share/gennodejs/ros/dave_gazebo_ros_plugins/srv/SetCurrentModel.js)
Linked: (/home/constance/uuv_ws/devel/.private/dave_gazebo_ros_plugins/share/gennodejs/ros/dave_gazebo_ros_plugins/srv/SetOriginSphericalCoord.js, /home/constance/uuv_ws/devel/share/gennodejs/ros/dave_gazebo_ros_plugins/srv/SetOriginSphericalCoord.js)
Linked: (/home/constance/uuv_ws/devel/.private/dave_gazebo_ros_plugins/share/gennodejs/ros/dave_gazebo_ros_plugins/srv/TransformFromSphericalCoord.js, /home/constance/uuv_ws/devel/share/gennodejs/ros/dave_gazebo_ros_plugins/srv/TransformFromSphericalCoord.js)
Linked: (/home/constance/uuv_ws/devel/.private/dave_gazebo_ros_plugins/share/gennodejs/ros/dave_gazebo_ros_plugins/srv/GetOriginSphericalCoord.js, /home/constance/uuv_ws/devel/share/gennodejs/ros/dave_gazebo_ros_plugins/srv/GetOriginSphericalCoord.js)
Linked: (/home/constance/uuv_ws/devel/.private/dave_gazebo_ros_plugins/share/gennodejs/ros/dave_gazebo_ros_plugins/msg/StratifiedCurrentVelocity.js, /home/constance/uuv_ws/devel/share/gennodejs/ros/dave_gazebo_ros_plugins/msg/StratifiedCurrentVelocity.js)
Linked: (/home/constance/uuv_ws/devel/.private/dave_gazebo_ros_plugins/share/gennodejs/ros/dave_gazebo_ros_plugins/msg/_index.js, /home/constance/uuv_ws/devel/share/gennodejs/ros/dave_gazebo_ros_plugins/msg/_index.js)
Linked: (/home/constance/uuv_ws/devel/.private/dave_gazebo_ros_plugins/share/gennodejs/ros/dave_gazebo_ros_plugins/msg/StratifiedCurrentDatabase.js, /home/constance/uuv_ws/devel/share/gennodejs/ros/dave_gazebo_ros_plugins/msg/StratifiedCurrentDatabase.js)
Linked: (/home/constance/uuv_ws/devel/.private/dave_gazebo_ros_plugins/lib/libdave_pulse_lidar_plugin.so, /home/constance/uuv_ws/devel/lib/libdave_pulse_lidar_plugin.so)
Linked: (/home/constance/uuv_ws/devel/.private/dave_gazebo_ros_plugins/lib/libdave_sc_coordinates_interface.so, /home/constance/uuv_ws/devel/lib/libdave_sc_coordinates_interface.so)
Linked: (/home/constance/uuv_ws/devel/.private/dave_gazebo_ros_plugins/lib/libdave_ocean_current_plugin.so, /home/constance/uuv_ws/devel/lib/libdave_ocean_current_plugin.so)
Linked: (/home/constance/uuv_ws/devel/.private/dave_gazebo_ros_plugins/lib/python3/dist-packages/dave_gazebo_ros_plugins/__init__.py, /home/constance/uuv_ws/devel/lib/python3/dist-packages/dave_gazebo_ros_plugins/__init__.py)
Linked: (/home/constance/uuv_ws/devel/.private/dave_gazebo_ros_plugins/lib/python3/dist-packages/dave_gazebo_ros_plugins/srv/_SetCurrentModel.py, /home/constance/uuv_ws/devel/lib/python3/dist-packages/dave_gazebo_ros_plugins/srv/_SetCurrentModel.py)
Linked: (/home/constance/uuv_ws/devel/.private/dave_gazebo_ros_plugins/lib/python3/dist-packages/dave_gazebo_ros_plugins/srv/_GetOriginSphericalCoord.py, /home/constance/uuv_ws/devel/lib/python3/dist-packages/dave_gazebo_ros_plugins/srv/_GetOriginSphericalCoord.py)
Linked: (/home/constance/uuv_ws/devel/.private/dave_gazebo_ros_plugins/lib/python3/dist-packages/dave_gazebo_ros_plugins/srv/_TransformFromSphericalCoord.py, /home/constance/uuv_ws/devel/lib/python3/dist-packages/dave_gazebo_ros_plugins/srv/_TransformFromSphericalCoord.py)
Linked: (/home/constance/uuv_ws/devel/.private/dave_gazebo_ros_plugins/lib/python3/dist-packages/dave_gazebo_ros_plugins/srv/_SetCurrentDirection.py, /home/constance/uuv_ws/devel/lib/python3/dist-packages/dave_gazebo_ros_plugins/srv/_SetCurrentDirection.py)
Linked: (/home/constance/uuv_ws/devel/.private/dave_gazebo_ros_plugins/lib/python3/dist-packages/dave_gazebo_ros_plugins/srv/_SetOriginSphericalCoord.py, /home/constance/uuv_ws/devel/lib/python3/dist-packages/dave_gazebo_ros_plugins/srv/_SetOriginSphericalCoord.py)
Linked: (/home/constance/uuv_ws/devel/.private/dave_gazebo_ros_plugins/lib/python3/dist-packages/dave_gazebo_ros_plugins/srv/_GetCurrentModel.py, /home/constance/uuv_ws/devel/lib/python3/dist-packages/dave_gazebo_ros_plugins/srv/_GetCurrentModel.py)
Linked: (/home/constance/uuv_ws/devel/.private/dave_gazebo_ros_plugins/lib/python3/dist-packages/dave_gazebo_ros_plugins/srv/_SetCurrentVelocity.py, /home/constance/uuv_ws/devel/lib/python3/dist-packages/dave_gazebo_ros_plugins/srv/_SetCurrentVelocity.py)
Linked: (/home/constance/uuv_ws/devel/.private/dave_gazebo_ros_plugins/lib/python3/dist-packages/dave_gazebo_ros_plugins/srv/_SetStratifiedCurrentVelocity.py, /home/constance/uuv_ws/devel/lib/python3/dist-packages/dave_gazebo_ros_plugins/srv/_SetStratifiedCurrentVelocity.py)
Linked: (/home/constance/uuv_ws/devel/.private/dave_gazebo_ros_plugins/lib/python3/dist-packages/dave_gazebo_ros_plugins/srv/_TransformToSphericalCoord.py, /home/constance/uuv_ws/devel/lib/python3/dist-packages/dave_gazebo_ros_plugins/srv/_TransformToSphericalCoord.py)
Linked: (/home/constance/uuv_ws/devel/.private/dave_gazebo_ros_plugins/lib/python3/dist-packages/dave_gazebo_ros_plugins/srv/__init__.py, /home/constance/uuv_ws/devel/lib/python3/dist-packages/dave_gazebo_ros_plugins/srv/__init__.py)
Linked: (/home/constance/uuv_ws/devel/.private/dave_gazebo_ros_plugins/lib/python3/dist-packages/dave_gazebo_ros_plugins/srv/_SetStratifiedCurrentDirection.py, /home/constance/uuv_ws/devel/lib/python3/dist-packages/dave_gazebo_ros_plugins/srv/_SetStratifiedCurrentDirection.py)
Linked: (/home/constance/uuv_ws/devel/.private/dave_gazebo_ros_plugins/lib/python3/dist-packages/dave_gazebo_ros_plugins/msg/_StratifiedCurrentVelocity.py, /home/constance/uuv_ws/devel/lib/python3/dist-packages/dave_gazebo_ros_plugins/msg/_StratifiedCurrentVelocity.py)
Linked: (/home/constance/uuv_ws/devel/.private/dave_gazebo_ros_plugins/lib/python3/dist-packages/dave_gazebo_ros_plugins/msg/_StratifiedCurrentDatabase.py, /home/constance/uuv_ws/devel/lib/python3/dist-packages/dave_gazebo_ros_plugins/msg/_StratifiedCurrentDatabase.py)
Linked: (/home/constance/uuv_ws/devel/.private/dave_gazebo_ros_plugins/lib/python3/dist-packages/dave_gazebo_ros_plugins/msg/__init__.py, /home/constance/uuv_ws/devel/lib/python3/dist-packages/dave_gazebo_ros_plugins/msg/__init__.py)
Linked: (/home/constance/uuv_ws/devel/.private/dave_gazebo_ros_plugins/lib/pkgconfig/dave_gazebo_ros_plugins.pc, /home/constance/uuv_ws/devel/lib/pkgconfig/dave_gazebo_ros_plugins.pc)
