[  0%] Built target actionlib_msgs_generate_messages_lisp
[  0%] Built target dynamic_reconfigure_generate_messages_cpp
[  0%] Built target dynamic_reconfigure_gencfg
[  0%] Built target tf2_msgs_generate_messages_nodejs
[  0%] Built target tf2_msgs_generate_messages_cpp
[  0%] Built target tf2_msgs_generate_messages_lisp
[  0%] Built target dynamic_reconfigure_generate_messages_lisp
[  0%] Built target actionlib_msgs_generate_messages_py
[  0%] Built target trajectory_msgs_generate_messages_lisp
[  0%] Built target trajectory_msgs_generate_messages_nodejs
[  0%] Built target gazebo_msgs_generate_messages_nodejs
[  0%] Built target actionlib_generate_messages_nodejs
[  0%] Built target gazebo_msgs_generate_messages_cpp
[  0%] Built target tf_generate_messages_nodejs
[  0%] Built target std_msgs_generate_messages_py
[  0%] Built target std_msgs_generate_messages_nodejs
[  0%] Built target geometry_msgs_generate_messages_eus
[  0%] Built target trajectory_msgs_generate_messages_cpp
[  0%] Built target actionlib_generate_messages_py
[  0%] Built target std_msgs_generate_messages_cpp
[  0%] Built target gazebo_msgs_generate_messages_py
[  0%] Built target rosgraph_msgs_generate_messages_nodejs
[  0%] Built target actionlib_generate_messages_cpp
[  0%] Built target roscpp_generate_messages_lisp
[  0%] Built target actionlib_generate_messages_lisp
[  0%] Built target dynamic_reconfigure_generate_messages_nodejs
[  0%] Built target tf2_msgs_generate_messages_py
[  0%] Built target gazebo_msgs_generate_messages_lisp
[  0%] Built target std_msgs_generate_messages_lisp
[  0%] Built target std_srvs_generate_messages_nodejs
[  0%] Built target std_srvs_generate_messages_cpp
[  0%] Built target tf_generate_messages_eus
[  0%] Built target rosgraph_msgs_generate_messages_lisp
[  0%] Built target dynamic_reconfigure_generate_messages_py
[  0%] Built target actionlib_msgs_generate_messages_eus
[  0%] Built target rosgraph_msgs_generate_messages_py
[  0%] Built target trajectory_msgs_generate_messages_eus
[  0%] Built target roscpp_generate_messages_py
[  0%] Built target roscpp_generate_messages_nodejs
[  0%] Built target roscpp_generate_messages_eus
[  0%] Built target roscpp_generate_messages_cpp
[  0%] Built target rosgraph_msgs_generate_messages_eus
[  0%] Built target std_srvs_generate_messages_py
[  0%] Built target geometry_msgs_generate_messages_cpp
[  0%] Built target tf_generate_messages_cpp
[  0%] Built target geometry_msgs_generate_messages_lisp
[  0%] Built target dynamic_reconfigure_generate_messages_eus
[  0%] Built target tf2_msgs_generate_messages_eus
[  0%] Built target gazebo_msgs_generate_messages_eus
[  0%] Built target geometry_msgs_generate_messages_nodejs
[  0%] Built target sensor_msgs_generate_messages_py
[  0%] Built target sensor_msgs_generate_messages_cpp
[  0%] Built target sensor_msgs_generate_messages_eus
[  0%] Built target sensor_msgs_generate_messages_lisp
[  0%] Built target sensor_msgs_generate_messages_nodejs
[  0%] Built target std_srvs_generate_messages_lisp
[  0%] Built target std_srvs_generate_messages_eus
[  0%] Built target geometry_msgs_generate_messages_py
[  0%] Built target gazebo_ros_gencfg
[  0%] Built target trajectory_msgs_generate_messages_py
[  0%] Built target rosgraph_msgs_generate_messages_cpp
[  0%] Built target tf_generate_messages_lisp
[  0%] Built target actionlib_generate_messages_eus
[  0%] Built target actionlib_msgs_generate_messages_cpp
[  0%] Built target tf_generate_messages_py
[  0%] Built target actionlib_msgs_generate_messages_nodejs
[  0%] Built target std_msgs_generate_messages_eus
[  0%] Built target _dave_gazebo_ros_plugins_generate_messages_check_deps_TransformToSphericalCoord
[  0%] Built target _dave_gazebo_ros_plugins_generate_messages_check_deps_TransformFromSphericalCoord
[  0%] Built target _dave_gazebo_ros_plugins_generate_messages_check_deps_GetOriginSphericalCoord
[  0%] Built target _dave_gazebo_ros_plugins_generate_messages_check_deps_SetStratifiedCurrentDirection
[  0%] Built target _dave_gazebo_ros_plugins_generate_messages_check_deps_SetStratifiedCurrentVelocity
[  0%] Built target _dave_gazebo_ros_plugins_generate_messages_check_deps_SetCurrentDirection
[  0%] Built target _dave_gazebo_ros_plugins_generate_messages_check_deps_SetCurrentVelocity
[  0%] Built target _dave_gazebo_ros_plugins_generate_messages_check_deps_GetCurrentModel
[  0%] Built target _dave_gazebo_ros_plugins_generate_messages_check_deps_SetCurrentModel
[  0%] Built target _dave_gazebo_ros_plugins_generate_messages_check_deps_StratifiedCurrentVelocity
[  0%] Built target _dave_gazebo_ros_plugins_generate_messages_check_deps_SetOriginSphericalCoord
[  0%] Built target _dave_gazebo_ros_plugins_generate_messages_check_deps_StratifiedCurrentDatabase
[ 14%] Built target dave_pulse_lidar_plugin
[ 21%] Built target dave_gazebo_ros_plugins_generate_messages_eus
[ 42%] Built target dave_gazebo_ros_plugins_generate_messages_py
[ 59%] Built target dave_gazebo_ros_plugins_generate_messages_nodejs
[ 94%] Built target dave_gazebo_ros_plugins_generate_messages_lisp
[ 94%] Built target dave_gazebo_ros_plugins_generate_messages_cpp
[ 94%] Built target dave_gazebo_ros_plugins_generate_messages
[ 97%] Built target dave_ocean_current_plugin
[100%] Built target dave_sc_coordinates_interface
