[35m[1mScanning dependencies of target actionlib_msgs_generate_messages_lisp[0m
[  0%] Built target actionlib_msgs_generate_messages_lisp
[35m[1mScanning dependencies of target dynamic_reconfigure_gencfg[0m
[  0%] Built target dynamic_reconfigure_gencfg
[35m[1mScanning dependencies of target dynamic_reconfigure_generate_messages_cpp[0m
[  0%] Built target dynamic_reconfigure_generate_messages_cpp
[35m[1mScanning dependencies of target tf2_msgs_generate_messages_nodejs[0m
[  0%] Built target tf2_msgs_generate_messages_nodejs
[35m[1mScanning dependencies of target tf2_msgs_generate_messages_lisp[0m
[  0%] Built target tf2_msgs_generate_messages_lisp
[35m[1mScanning dependencies of target dynamic_reconfigure_generate_messages_lisp[0m
[  0%] Built target dynamic_reconfigure_generate_messages_lisp
[35m[1mScanning dependencies of target tf2_msgs_generate_messages_cpp[0m
[  0%] Built target tf2_msgs_generate_messages_cpp
[35m[1mScanning dependencies of target actionlib_msgs_generate_messages_py[0m
[  0%] Built target actionlib_msgs_generate_messages_py
[35m[1mScanning dependencies of target trajectory_msgs_generate_messages_lisp[0m
[  0%] Built target trajectory_msgs_generate_messages_lisp
[35m[1mScanning dependencies of target gazebo_msgs_generate_messages_nodejs[0m
[  0%] Built target gazebo_msgs_generate_messages_nodejs
[35m[1mScanning dependencies of target trajectory_msgs_generate_messages_nodejs[0m
[  0%] Built target trajectory_msgs_generate_messages_nodejs
[35m[1mScanning dependencies of target actionlib_generate_messages_nodejs[0m
[  0%] Built target actionlib_generate_messages_nodejs
[35m[1mScanning dependencies of target gazebo_msgs_generate_messages_cpp[0m
[  0%] Built target gazebo_msgs_generate_messages_cpp
[35m[1mScanning dependencies of target tf_generate_messages_nodejs[0m
[  0%] Built target tf_generate_messages_nodejs
[35m[1mScanning dependencies of target std_msgs_generate_messages_py[0m
[  0%] Built target std_msgs_generate_messages_py
[35m[1mScanning dependencies of target std_msgs_generate_messages_nodejs[0m
[  0%] Built target std_msgs_generate_messages_nodejs
[35m[1mScanning dependencies of target geometry_msgs_generate_messages_eus[0m
[  0%] Built target geometry_msgs_generate_messages_eus
[35m[1mScanning dependencies of target trajectory_msgs_generate_messages_cpp[0m
[  0%] Built target trajectory_msgs_generate_messages_cpp
[35m[1mScanning dependencies of target actionlib_generate_messages_py[0m
[  0%] Built target actionlib_generate_messages_py
[35m[1mScanning dependencies of target std_msgs_generate_messages_cpp[0m
[  0%] Built target std_msgs_generate_messages_cpp
[35m[1mScanning dependencies of target gazebo_msgs_generate_messages_py[0m
[  0%] Built target gazebo_msgs_generate_messages_py
[35m[1mScanning dependencies of target rosgraph_msgs_generate_messages_nodejs[0m
[  0%] Built target rosgraph_msgs_generate_messages_nodejs
[35m[1mScanning dependencies of target actionlib_generate_messages_cpp[0m
[  0%] Built target actionlib_generate_messages_cpp
[35m[1mScanning dependencies of target roscpp_generate_messages_lisp[0m
[  0%] Built target roscpp_generate_messages_lisp
[35m[1mScanning dependencies of target actionlib_generate_messages_lisp[0m
[  0%] Built target actionlib_generate_messages_lisp
[35m[1mScanning dependencies of target dynamic_reconfigure_generate_messages_nodejs[0m
[  0%] Built target dynamic_reconfigure_generate_messages_nodejs
[35m[1mScanning dependencies of target tf2_msgs_generate_messages_py[0m
[  0%] Built target tf2_msgs_generate_messages_py
[35m[1mScanning dependencies of target gazebo_msgs_generate_messages_lisp[0m
[  0%] Built target gazebo_msgs_generate_messages_lisp
[35m[1mScanning dependencies of target std_msgs_generate_messages_lisp[0m
[  0%] Built target std_msgs_generate_messages_lisp
[35m[1mScanning dependencies of target std_srvs_generate_messages_cpp[0m
[  0%] Built target std_srvs_generate_messages_cpp
[35m[1mScanning dependencies of target std_srvs_generate_messages_nodejs[0m
[  0%] Built target std_srvs_generate_messages_nodejs
[35m[1mScanning dependencies of target tf_generate_messages_eus[0m
[  0%] Built target tf_generate_messages_eus
[35m[1mScanning dependencies of target rosgraph_msgs_generate_messages_lisp[0m
[  0%] Built target rosgraph_msgs_generate_messages_lisp
[35m[1mScanning dependencies of target dynamic_reconfigure_generate_messages_py[0m
[  0%] Built target dynamic_reconfigure_generate_messages_py
[35m[1mScanning dependencies of target actionlib_msgs_generate_messages_eus[0m
[  0%] Built target actionlib_msgs_generate_messages_eus
[35m[1mScanning dependencies of target rosgraph_msgs_generate_messages_py[0m
[  0%] Built target rosgraph_msgs_generate_messages_py
[35m[1mScanning dependencies of target trajectory_msgs_generate_messages_eus[0m
[  0%] Built target trajectory_msgs_generate_messages_eus
[35m[1mScanning dependencies of target roscpp_generate_messages_py[0m
[  0%] Built target roscpp_generate_messages_py
[35m[1mScanning dependencies of target roscpp_generate_messages_cpp[0m
[  0%] Built target roscpp_generate_messages_cpp
[35m[1mScanning dependencies of target roscpp_generate_messages_eus[0m
[  0%] Built target roscpp_generate_messages_eus
[35m[1mScanning dependencies of target roscpp_generate_messages_nodejs[0m
[  0%] Built target roscpp_generate_messages_nodejs
[35m[1mScanning dependencies of target rosgraph_msgs_generate_messages_eus[0m
[  0%] Built target rosgraph_msgs_generate_messages_eus
[35m[1mScanning dependencies of target std_srvs_generate_messages_py[0m
[  0%] Built target std_srvs_generate_messages_py
[35m[1mScanning dependencies of target geometry_msgs_generate_messages_cpp[0m
[  0%] Built target geometry_msgs_generate_messages_cpp
[35m[1mScanning dependencies of target geometry_msgs_generate_messages_lisp[0m
[  0%] Built target geometry_msgs_generate_messages_lisp
[35m[1mScanning dependencies of target tf_generate_messages_cpp[0m
[  0%] Built target tf_generate_messages_cpp
[35m[1mScanning dependencies of target dynamic_reconfigure_generate_messages_eus[0m
[  0%] Built target dynamic_reconfigure_generate_messages_eus
[35m[1mScanning dependencies of target gazebo_msgs_generate_messages_eus[0m
[  0%] Built target gazebo_msgs_generate_messages_eus
[35m[1mScanning dependencies of target geometry_msgs_generate_messages_nodejs[0m
[  0%] Built target geometry_msgs_generate_messages_nodejs
[35m[1mScanning dependencies of target tf2_msgs_generate_messages_eus[0m
[  0%] Built target tf2_msgs_generate_messages_eus
[35m[1mScanning dependencies of target sensor_msgs_generate_messages_py[0m
[  0%] Built target sensor_msgs_generate_messages_py
[35m[1mScanning dependencies of target sensor_msgs_generate_messages_cpp[0m
[  0%] Built target sensor_msgs_generate_messages_cpp
[35m[1mScanning dependencies of target sensor_msgs_generate_messages_eus[0m
[  0%] Built target sensor_msgs_generate_messages_eus
[35m[1mScanning dependencies of target sensor_msgs_generate_messages_lisp[0m
[  0%] Built target sensor_msgs_generate_messages_lisp
[35m[1mScanning dependencies of target sensor_msgs_generate_messages_nodejs[0m
[  0%] Built target sensor_msgs_generate_messages_nodejs
[35m[1mScanning dependencies of target std_srvs_generate_messages_eus[0m
[  0%] Built target std_srvs_generate_messages_eus
[35m[1mScanning dependencies of target std_srvs_generate_messages_lisp[0m
[  0%] Built target std_srvs_generate_messages_lisp
[35m[1mScanning dependencies of target geometry_msgs_generate_messages_py[0m
[  0%] Built target geometry_msgs_generate_messages_py
[35m[1mScanning dependencies of target gazebo_ros_gencfg[0m
[  0%] Built target gazebo_ros_gencfg
[35m[1mScanning dependencies of target tf_generate_messages_lisp[0m
[  0%] Built target tf_generate_messages_lisp
[35m[1mScanning dependencies of target rosgraph_msgs_generate_messages_cpp[0m
[  0%] Built target rosgraph_msgs_generate_messages_cpp
[35m[1mScanning dependencies of target trajectory_msgs_generate_messages_py[0m
[  0%] Built target trajectory_msgs_generate_messages_py
[35m[1mScanning dependencies of target actionlib_generate_messages_eus[0m
[  0%] Built target actionlib_generate_messages_eus
[35m[1mScanning dependencies of target actionlib_msgs_generate_messages_cpp[0m
[  0%] Built target actionlib_msgs_generate_messages_cpp
[35m[1mScanning dependencies of target actionlib_msgs_generate_messages_nodejs[0m
[  0%] Built target actionlib_msgs_generate_messages_nodejs
[35m[1mScanning dependencies of target tf_generate_messages_py[0m
[  0%] Built target tf_generate_messages_py
[35m[1mScanning dependencies of target std_msgs_generate_messages_eus[0m
[  0%] Built target std_msgs_generate_messages_eus
[35m[1mScanning dependencies of target _dave_gazebo_ros_plugins_generate_messages_check_deps_TransformFromSphericalCoord[0m
[  0%] Built target _dave_gazebo_ros_plugins_generate_messages_check_deps_TransformFromSphericalCoord
[35m[1mScanning dependencies of target _dave_gazebo_ros_plugins_generate_messages_check_deps_TransformToSphericalCoord[0m
[  0%] Built target _dave_gazebo_ros_plugins_generate_messages_check_deps_TransformToSphericalCoord
[35m[1mScanning dependencies of target _dave_gazebo_ros_plugins_generate_messages_check_deps_GetOriginSphericalCoord[0m
[  0%] Built target _dave_gazebo_ros_plugins_generate_messages_check_deps_GetOriginSphericalCoord
[35m[1mScanning dependencies of target _dave_gazebo_ros_plugins_generate_messages_check_deps_SetStratifiedCurrentDirection[0m
[  0%] Built target _dave_gazebo_ros_plugins_generate_messages_check_deps_SetStratifiedCurrentDirection
[35m[1mScanning dependencies of target _dave_gazebo_ros_plugins_generate_messages_check_deps_SetStratifiedCurrentVelocity[0m
[  0%] Built target _dave_gazebo_ros_plugins_generate_messages_check_deps_SetStratifiedCurrentVelocity
[35m[1mScanning dependencies of target _dave_gazebo_ros_plugins_generate_messages_check_deps_SetCurrentDirection[0m
[  0%] Built target _dave_gazebo_ros_plugins_generate_messages_check_deps_SetCurrentDirection
[35m[1mScanning dependencies of target _dave_gazebo_ros_plugins_generate_messages_check_deps_SetCurrentVelocity[0m
[  0%] Built target _dave_gazebo_ros_plugins_generate_messages_check_deps_SetCurrentVelocity
[35m[1mScanning dependencies of target _dave_gazebo_ros_plugins_generate_messages_check_deps_GetCurrentModel[0m
[  0%] Built target _dave_gazebo_ros_plugins_generate_messages_check_deps_GetCurrentModel
[35m[1mScanning dependencies of target _dave_gazebo_ros_plugins_generate_messages_check_deps_SetCurrentModel[0m
[  0%] Built target _dave_gazebo_ros_plugins_generate_messages_check_deps_SetCurrentModel
[35m[1mScanning dependencies of target _dave_gazebo_ros_plugins_generate_messages_check_deps_StratifiedCurrentVelocity[0m
[  0%] Built target _dave_gazebo_ros_plugins_generate_messages_check_deps_StratifiedCurrentVelocity
[35m[1mScanning dependencies of target _dave_gazebo_ros_plugins_generate_messages_check_deps_SetOriginSphericalCoord[0m
[  0%] Built target _dave_gazebo_ros_plugins_generate_messages_check_deps_SetOriginSphericalCoord
[35m[1mScanning dependencies of target _dave_gazebo_ros_plugins_generate_messages_check_deps_StratifiedCurrentDatabase[0m
[  0%] Built target _dave_gazebo_ros_plugins_generate_messages_check_deps_StratifiedCurrentDatabase
[35m[1mScanning dependencies of target dave_pulse_lidar_plugin[0m
[  1%] [32mBuilding CXX object CMakeFiles/dave_pulse_lidar_plugin.dir/src/pulse_lidar_plugin.cpp.o[0m
[35m[1mScanning dependencies of target dave_gazebo_ros_plugins_generate_messages_eus[0m
[  2%] [34m[1mGenerating EusLisp code from dave_gazebo_ros_plugins/StratifiedCurrentDatabase.msg[0m
[  4%] [34m[1mGenerating EusLisp code from dave_gazebo_ros_plugins/StratifiedCurrentVelocity.msg[0m
[  5%] [34m[1mGenerating EusLisp code from dave_gazebo_ros_plugins/SetCurrentModel.srv[0m
[  7%] [34m[1mGenerating EusLisp code from dave_gazebo_ros_plugins/GetCurrentModel.srv[0m
[  8%] [34m[1mGenerating EusLisp code from dave_gazebo_ros_plugins/SetCurrentVelocity.srv[0m
[ 10%] [34m[1mGenerating EusLisp code from dave_gazebo_ros_plugins/SetCurrentDirection.srv[0m
[ 11%] [34m[1mGenerating EusLisp code from dave_gazebo_ros_plugins/SetStratifiedCurrentVelocity.srv[0m
[ 13%] [34m[1mGenerating EusLisp code from dave_gazebo_ros_plugins/SetStratifiedCurrentDirection.srv[0m
[ 14%] [34m[1mGenerating EusLisp code from dave_gazebo_ros_plugins/SetOriginSphericalCoord.srv[0m
[ 15%] [34m[1mGenerating EusLisp code from dave_gazebo_ros_plugins/GetOriginSphericalCoord.srv[0m
[ 17%] [34m[1mGenerating EusLisp code from dave_gazebo_ros_plugins/TransformToSphericalCoord.srv[0m
[ 18%] [34m[1mGenerating EusLisp code from dave_gazebo_ros_plugins/TransformFromSphericalCoord.srv[0m
[ 20%] [34m[1mGenerating EusLisp manifest code for dave_gazebo_ros_plugins[0m
[ 21%] [32m[1mLinking CXX shared library /home/constance/uuv_ws/devel/.private/dave_gazebo_ros_plugins/lib/libdave_pulse_lidar_plugin.so[0m
[ 21%] Built target dave_pulse_lidar_plugin
[35m[1mScanning dependencies of target dave_gazebo_ros_plugins_generate_messages_py[0m
[ 23%] [34m[1mGenerating Python from MSG dave_gazebo_ros_plugins/StratifiedCurrentDatabase[0m
[ 23%] Built target dave_gazebo_ros_plugins_generate_messages_eus
[35m[1mScanning dependencies of target dave_gazebo_ros_plugins_generate_messages_nodejs[0m
[ 24%] [34m[1mGenerating Javascript code from dave_gazebo_ros_plugins/StratifiedCurrentDatabase.msg[0m
[ 26%] [34m[1mGenerating Javascript code from dave_gazebo_ros_plugins/StratifiedCurrentVelocity.msg[0m
[ 27%] [34m[1mGenerating Javascript code from dave_gazebo_ros_plugins/SetCurrentModel.srv[0m
[ 28%] [34m[1mGenerating Python from MSG dave_gazebo_ros_plugins/StratifiedCurrentVelocity[0m
[ 30%] [34m[1mGenerating Javascript code from dave_gazebo_ros_plugins/GetCurrentModel.srv[0m
[ 31%] [34m[1mGenerating Javascript code from dave_gazebo_ros_plugins/SetCurrentVelocity.srv[0m
[ 33%] [34m[1mGenerating Javascript code from dave_gazebo_ros_plugins/SetCurrentDirection.srv[0m
[ 34%] [34m[1mGenerating Javascript code from dave_gazebo_ros_plugins/SetStratifiedCurrentVelocity.srv[0m
[ 36%] [34m[1mGenerating Python code from SRV dave_gazebo_ros_plugins/SetCurrentModel[0m
[ 37%] [34m[1mGenerating Javascript code from dave_gazebo_ros_plugins/SetStratifiedCurrentDirection.srv[0m
[ 39%] [34m[1mGenerating Javascript code from dave_gazebo_ros_plugins/SetOriginSphericalCoord.srv[0m
[ 40%] [34m[1mGenerating Javascript code from dave_gazebo_ros_plugins/GetOriginSphericalCoord.srv[0m
[ 42%] [34m[1mGenerating Javascript code from dave_gazebo_ros_plugins/TransformToSphericalCoord.srv[0m
[ 43%] [34m[1mGenerating Python code from SRV dave_gazebo_ros_plugins/GetCurrentModel[0m
[ 44%] [34m[1mGenerating Javascript code from dave_gazebo_ros_plugins/TransformFromSphericalCoord.srv[0m
[ 44%] Built target dave_gazebo_ros_plugins_generate_messages_nodejs
[35m[1mScanning dependencies of target dave_gazebo_ros_plugins_generate_messages_cpp[0m
[ 46%] [34m[1mGenerating C++ code from dave_gazebo_ros_plugins/StratifiedCurrentDatabase.msg[0m
[ 47%] [34m[1mGenerating Python code from SRV dave_gazebo_ros_plugins/SetCurrentVelocity[0m
[ 49%] [34m[1mGenerating C++ code from dave_gazebo_ros_plugins/StratifiedCurrentVelocity.msg[0m
[ 50%] [34m[1mGenerating C++ code from dave_gazebo_ros_plugins/SetCurrentModel.srv[0m
[ 52%] [34m[1mGenerating Python code from SRV dave_gazebo_ros_plugins/SetCurrentDirection[0m
[ 53%] [34m[1mGenerating C++ code from dave_gazebo_ros_plugins/GetCurrentModel.srv[0m
[ 55%] [34m[1mGenerating Python code from SRV dave_gazebo_ros_plugins/SetStratifiedCurrentVelocity[0m
[ 56%] [34m[1mGenerating C++ code from dave_gazebo_ros_plugins/SetCurrentVelocity.srv[0m
[ 57%] [34m[1mGenerating Python code from SRV dave_gazebo_ros_plugins/SetStratifiedCurrentDirection[0m
[ 59%] [34m[1mGenerating C++ code from dave_gazebo_ros_plugins/SetCurrentDirection.srv[0m
[ 60%] [34m[1mGenerating Python code from SRV dave_gazebo_ros_plugins/SetOriginSphericalCoord[0m
[ 62%] [34m[1mGenerating Python code from SRV dave_gazebo_ros_plugins/GetOriginSphericalCoord[0m
[ 63%] [34m[1mGenerating C++ code from dave_gazebo_ros_plugins/SetStratifiedCurrentVelocity.srv[0m
[ 65%] [34m[1mGenerating Python code from SRV dave_gazebo_ros_plugins/TransformToSphericalCoord[0m
[ 66%] [34m[1mGenerating C++ code from dave_gazebo_ros_plugins/SetStratifiedCurrentDirection.srv[0m
[ 68%] [34m[1mGenerating Python code from SRV dave_gazebo_ros_plugins/TransformFromSphericalCoord[0m
[ 69%] [34m[1mGenerating C++ code from dave_gazebo_ros_plugins/SetOriginSphericalCoord.srv[0m
[ 71%] [34m[1mGenerating Python msg __init__.py for dave_gazebo_ros_plugins[0m
[ 72%] [34m[1mGenerating C++ code from dave_gazebo_ros_plugins/GetOriginSphericalCoord.srv[0m
[ 73%] [34m[1mGenerating Python srv __init__.py for dave_gazebo_ros_plugins[0m
[ 75%] [34m[1mGenerating C++ code from dave_gazebo_ros_plugins/TransformToSphericalCoord.srv[0m
[ 75%] Built target dave_gazebo_ros_plugins_generate_messages_py
[35m[1mScanning dependencies of target dave_gazebo_ros_plugins_generate_messages_lisp[0m
[ 76%] [34m[1mGenerating Lisp code from dave_gazebo_ros_plugins/StratifiedCurrentDatabase.msg[0m
[ 78%] [34m[1mGenerating Lisp code from dave_gazebo_ros_plugins/StratifiedCurrentVelocity.msg[0m
[ 79%] [34m[1mGenerating Lisp code from dave_gazebo_ros_plugins/SetCurrentModel.srv[0m
[ 81%] [34m[1mGenerating C++ code from dave_gazebo_ros_plugins/TransformFromSphericalCoord.srv[0m
[ 82%] [34m[1mGenerating Lisp code from dave_gazebo_ros_plugins/GetCurrentModel.srv[0m
[ 84%] [34m[1mGenerating Lisp code from dave_gazebo_ros_plugins/SetCurrentVelocity.srv[0m
[ 85%] [34m[1mGenerating Lisp code from dave_gazebo_ros_plugins/SetCurrentDirection.srv[0m
[ 86%] [34m[1mGenerating Lisp code from dave_gazebo_ros_plugins/SetStratifiedCurrentVelocity.srv[0m
[ 86%] Built target dave_gazebo_ros_plugins_generate_messages_cpp
[ 88%] [34m[1mGenerating Lisp code from dave_gazebo_ros_plugins/SetStratifiedCurrentDirection.srv[0m
[ 89%] [34m[1mGenerating Lisp code from dave_gazebo_ros_plugins/SetOriginSphericalCoord.srv[0m
[ 91%] [34m[1mGenerating Lisp code from dave_gazebo_ros_plugins/GetOriginSphericalCoord.srv[0m
[ 92%] [34m[1mGenerating Lisp code from dave_gazebo_ros_plugins/TransformToSphericalCoord.srv[0m
[ 94%] [34m[1mGenerating Lisp code from dave_gazebo_ros_plugins/TransformFromSphericalCoord.srv[0m
[ 94%] Built target dave_gazebo_ros_plugins_generate_messages_lisp
[35m[1mScanning dependencies of target dave_gazebo_ros_plugins_generate_messages[0m
[ 94%] Built target dave_gazebo_ros_plugins_generate_messages
[35m[1mScanning dependencies of target dave_ocean_current_plugin[0m
[ 95%] [32mBuilding CXX object CMakeFiles/dave_ocean_current_plugin.dir/src/ocean_current_plugin.cpp.o[0m
[35m[1mScanning dependencies of target dave_sc_coordinates_interface[0m
[ 97%] [32mBuilding CXX object CMakeFiles/dave_sc_coordinates_interface.dir/src/spherical_coordinates_interface.cpp.o[0m
[ 98%] [32m[1mLinking CXX shared library /home/constance/uuv_ws/devel/.private/dave_gazebo_ros_plugins/lib/libdave_ocean_current_plugin.so[0m
[ 98%] Built target dave_ocean_current_plugin
[100%] [32m[1mLinking CXX shared library /home/constance/uuv_ws/devel/.private/dave_gazebo_ros_plugins/lib/libdave_sc_coordinates_interface.so[0m
[100%] Built target dave_sc_coordinates_interface
