Symlinking /home/constance/uuv_ws/devel/include/dave_gazebo_ros_plugins/TransformToSphericalCoord.h
Symlinking /home/constance/uuv_ws/devel/include/dave_gazebo_ros_plugins/SetCurrentModelResponse.h
Symlinking /home/constance/uuv_ws/devel/include/dave_gazebo_ros_plugins/SetCurrentVelocityResponse.h
Symlinking /home/constance/uuv_ws/devel/include/dave_gazebo_ros_plugins/TransformToSphericalCoordRequest.h
Symlinking /home/constance/uuv_ws/devel/include/dave_gazebo_ros_plugins/SetCurrentDirectionResponse.h
Symlinking /home/constance/uuv_ws/devel/include/dave_gazebo_ros_plugins/StratifiedCurrentVelocity.h
Symlinking /home/constance/uuv_ws/devel/include/dave_gazebo_ros_plugins/SetCurrentVelocity.h
Symlinking /home/constance/uuv_ws/devel/include/dave_gazebo_ros_plugins/TransformToSphericalCoordResponse.h
Symlinking /home/constance/uuv_ws/devel/include/dave_gazebo_ros_plugins/SetCurrentModel.h
Symlinking /home/constance/uuv_ws/devel/include/dave_gazebo_ros_plugins/GetCurrentModelRequest.h
Symlinking /home/constance/uuv_ws/devel/include/dave_gazebo_ros_plugins/TransformFromSphericalCoordResponse.h
Symlinking /home/constance/uuv_ws/devel/include/dave_gazebo_ros_plugins/SetStratifiedCurrentVelocityResponse.h
Symlinking /home/constance/uuv_ws/devel/include/dave_gazebo_ros_plugins/GetCurrentModel.h
Symlinking /home/constance/uuv_ws/devel/include/dave_gazebo_ros_plugins/GetCurrentModelResponse.h
Symlinking /home/constance/uuv_ws/devel/include/dave_gazebo_ros_plugins/SetStratifiedCurrentVelocity.h
Symlinking /home/constance/uuv_ws/devel/include/dave_gazebo_ros_plugins/SetStratifiedCurrentDirection.h
Symlinking /home/constance/uuv_ws/devel/include/dave_gazebo_ros_plugins/SetStratifiedCurrentDirectionResponse.h
Symlinking /home/constance/uuv_ws/devel/include/dave_gazebo_ros_plugins/SetOriginSphericalCoordResponse.h
Symlinking /home/constance/uuv_ws/devel/include/dave_gazebo_ros_plugins/GetOriginSphericalCoord.h
Symlinking /home/constance/uuv_ws/devel/include/dave_gazebo_ros_plugins/GetOriginSphericalCoordRequest.h
Symlinking /home/constance/uuv_ws/devel/include/dave_gazebo_ros_plugins/SetOriginSphericalCoord.h
Symlinking /home/constance/uuv_ws/devel/include/dave_gazebo_ros_plugins/TransformFromSphericalCoordRequest.h
Symlinking /home/constance/uuv_ws/devel/include/dave_gazebo_ros_plugins/TransformFromSphericalCoord.h
Symlinking /home/constance/uuv_ws/devel/include/dave_gazebo_ros_plugins/SetOriginSphericalCoordRequest.h
Symlinking /home/constance/uuv_ws/devel/include/dave_gazebo_ros_plugins/SetStratifiedCurrentDirectionRequest.h
Symlinking /home/constance/uuv_ws/devel/include/dave_gazebo_ros_plugins/GetOriginSphericalCoordResponse.h
Symlinking /home/constance/uuv_ws/devel/include/dave_gazebo_ros_plugins/SetCurrentVelocityRequest.h
Symlinking /home/constance/uuv_ws/devel/include/dave_gazebo_ros_plugins/StratifiedCurrentDatabase.h
Symlinking /home/constance/uuv_ws/devel/include/dave_gazebo_ros_plugins/SetCurrentDirection.h
Symlinking /home/constance/uuv_ws/devel/include/dave_gazebo_ros_plugins/SetCurrentModelRequest.h
Symlinking /home/constance/uuv_ws/devel/include/dave_gazebo_ros_plugins/SetCurrentDirectionRequest.h
Symlinking /home/constance/uuv_ws/devel/include/dave_gazebo_ros_plugins/SetStratifiedCurrentVelocityRequest.h
Symlinking /home/constance/uuv_ws/devel/share/roseus/ros/dave_gazebo_ros_plugins/manifest.l
Symlinking /home/constance/uuv_ws/devel/share/roseus/ros/dave_gazebo_ros_plugins/srv/SetStratifiedCurrentVelocity.l
Symlinking /home/constance/uuv_ws/devel/share/roseus/ros/dave_gazebo_ros_plugins/srv/SetCurrentModel.l
Symlinking /home/constance/uuv_ws/devel/share/roseus/ros/dave_gazebo_ros_plugins/srv/TransformToSphericalCoord.l
Symlinking /home/constance/uuv_ws/devel/share/roseus/ros/dave_gazebo_ros_plugins/srv/SetCurrentVelocity.l
Symlinking /home/constance/uuv_ws/devel/share/roseus/ros/dave_gazebo_ros_plugins/srv/GetCurrentModel.l
Symlinking /home/constance/uuv_ws/devel/share/roseus/ros/dave_gazebo_ros_plugins/srv/SetOriginSphericalCoord.l
Symlinking /home/constance/uuv_ws/devel/share/roseus/ros/dave_gazebo_ros_plugins/srv/SetCurrentDirection.l
Symlinking /home/constance/uuv_ws/devel/share/roseus/ros/dave_gazebo_ros_plugins/srv/TransformFromSphericalCoord.l
Symlinking /home/constance/uuv_ws/devel/share/roseus/ros/dave_gazebo_ros_plugins/srv/SetStratifiedCurrentDirection.l
Symlinking /home/constance/uuv_ws/devel/share/roseus/ros/dave_gazebo_ros_plugins/srv/GetOriginSphericalCoord.l
Symlinking /home/constance/uuv_ws/devel/share/roseus/ros/dave_gazebo_ros_plugins/msg/StratifiedCurrentDatabase.l
Symlinking /home/constance/uuv_ws/devel/share/roseus/ros/dave_gazebo_ros_plugins/msg/StratifiedCurrentVelocity.l
Symlinking /home/constance/uuv_ws/devel/share/dave_gazebo_ros_plugins/cmake/dave_gazebo_ros_plugins-msg-extras.cmake
Symlinking /home/constance/uuv_ws/devel/share/dave_gazebo_ros_plugins/cmake/dave_gazebo_ros_pluginsConfig.cmake
Symlinking /home/constance/uuv_ws/devel/share/dave_gazebo_ros_plugins/cmake/dave_gazebo_ros_plugins-msg-paths.cmake
Symlinking /home/constance/uuv_ws/devel/share/dave_gazebo_ros_plugins/cmake/dave_gazebo_ros_pluginsConfig-version.cmake
Symlinking /home/constance/uuv_ws/devel/share/common-lisp/ros/dave_gazebo_ros_plugins/srv/_package_SetOriginSphericalCoord.lisp
Symlinking /home/constance/uuv_ws/devel/share/common-lisp/ros/dave_gazebo_ros_plugins/srv/GetCurrentModel.lisp
Symlinking /home/constance/uuv_ws/devel/share/common-lisp/ros/dave_gazebo_ros_plugins/srv/_package.lisp
Symlinking /home/constance/uuv_ws/devel/share/common-lisp/ros/dave_gazebo_ros_plugins/srv/_package_SetStratifiedCurrentDirection.lisp
Symlinking /home/constance/uuv_ws/devel/share/common-lisp/ros/dave_gazebo_ros_plugins/srv/_package_SetCurrentModel.lisp
Symlinking /home/constance/uuv_ws/devel/share/common-lisp/ros/dave_gazebo_ros_plugins/srv/_package_SetCurrentVelocity.lisp
Symlinking /home/constance/uuv_ws/devel/share/common-lisp/ros/dave_gazebo_ros_plugins/srv/SetOriginSphericalCoord.lisp
Symlinking /home/constance/uuv_ws/devel/share/common-lisp/ros/dave_gazebo_ros_plugins/srv/_package_TransformToSphericalCoord.lisp
Symlinking /home/constance/uuv_ws/devel/share/common-lisp/ros/dave_gazebo_ros_plugins/srv/_package_GetOriginSphericalCoord.lisp
Symlinking /home/constance/uuv_ws/devel/share/common-lisp/ros/dave_gazebo_ros_plugins/srv/TransformToSphericalCoord.lisp
Symlinking /home/constance/uuv_ws/devel/share/common-lisp/ros/dave_gazebo_ros_plugins/srv/GetOriginSphericalCoord.lisp
Symlinking /home/constance/uuv_ws/devel/share/common-lisp/ros/dave_gazebo_ros_plugins/srv/SetStratifiedCurrentDirection.lisp
Symlinking /home/constance/uuv_ws/devel/share/common-lisp/ros/dave_gazebo_ros_plugins/srv/SetStratifiedCurrentVelocity.lisp
Symlinking /home/constance/uuv_ws/devel/share/common-lisp/ros/dave_gazebo_ros_plugins/srv/_package_SetCurrentDirection.lisp
Symlinking /home/constance/uuv_ws/devel/share/common-lisp/ros/dave_gazebo_ros_plugins/srv/TransformFromSphericalCoord.lisp
Symlinking /home/constance/uuv_ws/devel/share/common-lisp/ros/dave_gazebo_ros_plugins/srv/_package_GetCurrentModel.lisp
Symlinking /home/constance/uuv_ws/devel/share/common-lisp/ros/dave_gazebo_ros_plugins/srv/SetCurrentDirection.lisp
Symlinking /home/constance/uuv_ws/devel/share/common-lisp/ros/dave_gazebo_ros_plugins/srv/dave_gazebo_ros_plugins-srv.asd
Symlinking /home/constance/uuv_ws/devel/share/common-lisp/ros/dave_gazebo_ros_plugins/srv/SetCurrentModel.lisp
Symlinking /home/constance/uuv_ws/devel/share/common-lisp/ros/dave_gazebo_ros_plugins/srv/_package_SetStratifiedCurrentVelocity.lisp
Symlinking /home/constance/uuv_ws/devel/share/common-lisp/ros/dave_gazebo_ros_plugins/srv/_package_TransformFromSphericalCoord.lisp
Symlinking /home/constance/uuv_ws/devel/share/common-lisp/ros/dave_gazebo_ros_plugins/srv/SetCurrentVelocity.lisp
Symlinking /home/constance/uuv_ws/devel/share/common-lisp/ros/dave_gazebo_ros_plugins/msg/StratifiedCurrentDatabase.lisp
Symlinking /home/constance/uuv_ws/devel/share/common-lisp/ros/dave_gazebo_ros_plugins/msg/_package.lisp
Symlinking /home/constance/uuv_ws/devel/share/common-lisp/ros/dave_gazebo_ros_plugins/msg/_package_StratifiedCurrentDatabase.lisp
Symlinking /home/constance/uuv_ws/devel/share/common-lisp/ros/dave_gazebo_ros_plugins/msg/_package_StratifiedCurrentVelocity.lisp
Symlinking /home/constance/uuv_ws/devel/share/common-lisp/ros/dave_gazebo_ros_plugins/msg/StratifiedCurrentVelocity.lisp
Symlinking /home/constance/uuv_ws/devel/share/common-lisp/ros/dave_gazebo_ros_plugins/msg/dave_gazebo_ros_plugins-msg.asd
Symlinking /home/constance/uuv_ws/devel/share/gennodejs/ros/dave_gazebo_ros_plugins/_index.js
Symlinking /home/constance/uuv_ws/devel/share/gennodejs/ros/dave_gazebo_ros_plugins/srv/SetCurrentDirection.js
Symlinking /home/constance/uuv_ws/devel/share/gennodejs/ros/dave_gazebo_ros_plugins/srv/SetStratifiedCurrentVelocity.js
Symlinking /home/constance/uuv_ws/devel/share/gennodejs/ros/dave_gazebo_ros_plugins/srv/GetCurrentModel.js
Symlinking /home/constance/uuv_ws/devel/share/gennodejs/ros/dave_gazebo_ros_plugins/srv/_index.js
Symlinking /home/constance/uuv_ws/devel/share/gennodejs/ros/dave_gazebo_ros_plugins/srv/TransformToSphericalCoord.js
Symlinking /home/constance/uuv_ws/devel/share/gennodejs/ros/dave_gazebo_ros_plugins/srv/SetCurrentVelocity.js
Symlinking /home/constance/uuv_ws/devel/share/gennodejs/ros/dave_gazebo_ros_plugins/srv/SetStratifiedCurrentDirection.js
Symlinking /home/constance/uuv_ws/devel/share/gennodejs/ros/dave_gazebo_ros_plugins/srv/SetCurrentModel.js
Symlinking /home/constance/uuv_ws/devel/share/gennodejs/ros/dave_gazebo_ros_plugins/srv/SetOriginSphericalCoord.js
Symlinking /home/constance/uuv_ws/devel/share/gennodejs/ros/dave_gazebo_ros_plugins/srv/TransformFromSphericalCoord.js
Symlinking /home/constance/uuv_ws/devel/share/gennodejs/ros/dave_gazebo_ros_plugins/srv/GetOriginSphericalCoord.js
Symlinking /home/constance/uuv_ws/devel/share/gennodejs/ros/dave_gazebo_ros_plugins/msg/StratifiedCurrentVelocity.js
Symlinking /home/constance/uuv_ws/devel/share/gennodejs/ros/dave_gazebo_ros_plugins/msg/_index.js
Symlinking /home/constance/uuv_ws/devel/share/gennodejs/ros/dave_gazebo_ros_plugins/msg/StratifiedCurrentDatabase.js
Symlinking /home/constance/uuv_ws/devel/lib/libdave_pulse_lidar_plugin.so
Symlinking /home/constance/uuv_ws/devel/lib/libdave_sc_coordinates_interface.so
Symlinking /home/constance/uuv_ws/devel/lib/libdave_ocean_current_plugin.so
Symlinking /home/constance/uuv_ws/devel/lib/python3/dist-packages/dave_gazebo_ros_plugins/__init__.py
Symlinking /home/constance/uuv_ws/devel/lib/python3/dist-packages/dave_gazebo_ros_plugins/srv/_SetCurrentModel.py
Symlinking /home/constance/uuv_ws/devel/lib/python3/dist-packages/dave_gazebo_ros_plugins/srv/_GetOriginSphericalCoord.py
Symlinking /home/constance/uuv_ws/devel/lib/python3/dist-packages/dave_gazebo_ros_plugins/srv/_TransformFromSphericalCoord.py
Symlinking /home/constance/uuv_ws/devel/lib/python3/dist-packages/dave_gazebo_ros_plugins/srv/_SetCurrentDirection.py
Symlinking /home/constance/uuv_ws/devel/lib/python3/dist-packages/dave_gazebo_ros_plugins/srv/_SetOriginSphericalCoord.py
Symlinking /home/constance/uuv_ws/devel/lib/python3/dist-packages/dave_gazebo_ros_plugins/srv/_GetCurrentModel.py
Symlinking /home/constance/uuv_ws/devel/lib/python3/dist-packages/dave_gazebo_ros_plugins/srv/_SetCurrentVelocity.py
Symlinking /home/constance/uuv_ws/devel/lib/python3/dist-packages/dave_gazebo_ros_plugins/srv/_SetStratifiedCurrentVelocity.py
Symlinking /home/constance/uuv_ws/devel/lib/python3/dist-packages/dave_gazebo_ros_plugins/srv/_TransformToSphericalCoord.py
Symlinking /home/constance/uuv_ws/devel/lib/python3/dist-packages/dave_gazebo_ros_plugins/srv/__init__.py
Symlinking /home/constance/uuv_ws/devel/lib/python3/dist-packages/dave_gazebo_ros_plugins/srv/_SetStratifiedCurrentDirection.py
Symlinking /home/constance/uuv_ws/devel/lib/python3/dist-packages/dave_gazebo_ros_plugins/msg/_StratifiedCurrentVelocity.py
Symlinking /home/constance/uuv_ws/devel/lib/python3/dist-packages/dave_gazebo_ros_plugins/msg/_StratifiedCurrentDatabase.py
Symlinking /home/constance/uuv_ws/devel/lib/python3/dist-packages/dave_gazebo_ros_plugins/msg/__init__.py
Symlinking /home/constance/uuv_ws/devel/lib/pkgconfig/dave_gazebo_ros_plugins.pc
