[  0%] Built target trajectory_msgs_generate_messages_lisp
[  0%] Built target uuv_sensor_ros_plugins_msgs_generate_messages_py
[  0%] Built target visualization_msgs_generate_messages_py
[  0%] Built target visualization_msgs_generate_messages_nodejs
[  0%] Built target visualization_msgs_generate_messages_lisp
[  0%] Built target dynamic_reconfigure_gencfg
[  0%] Built target dynamic_reconfigure_generate_messages_cpp
[  0%] Built target nav_msgs_generate_messages_lisp
[  0%] Built target nav_msgs_generate_messages_eus
[  0%] Built target visualization_msgs_generate_messages_eus
[  0%] Built target nav_msgs_generate_messages_cpp
[  0%] Built target bond_generate_messages_py
[  0%] Built target bond_generate_messages_nodejs
[ 20%] Built target uuv_sensor_gazebo_msgs
[ 20%] Built target bond_generate_messages_lisp
[ 20%] Built target bond_generate_messages_eus
[ 20%] Built target nodelet_generate_messages_nodejs
[ 20%] Built target nodelet_generate_messages_eus
[ 20%] Built target uuv_sensor_ros_plugins_msgs_generate_messages_cpp
[ 20%] Built target nodelet_generate_messages_cpp
[ 20%] Built target nodelet_generate_messages_py
[ 20%] Built target std_srvs_generate_messages_nodejs
[ 20%] Built target std_srvs_generate_messages_lisp
[ 20%] Built target std_srvs_generate_messages_eus
[ 20%] Built target trajectory_msgs_generate_messages_nodejs
[ 20%] Built target rosgraph_msgs_generate_messages_nodejs
[ 20%] Built target actionlib_generate_messages_cpp
[ 20%] Built target actionlib_msgs_generate_messages_py
[ 20%] Built target dynamic_reconfigure_generate_messages_py
[ 20%] Built target actionlib_msgs_generate_messages_eus
[ 20%] Built target std_srvs_generate_messages_py
[ 20%] Built target rosgraph_msgs_generate_messages_eus
[ 20%] Built target uuv_sensor_ros_plugins_msgs_generate_messages_eus
[ 20%] Built target roscpp_generate_messages_eus
[ 20%] Built target nodelet_generate_messages_lisp
[ 20%] Built target std_msgs_generate_messages_nodejs
[ 20%] Built target geometry_msgs_generate_messages_eus
[ 20%] Built target std_msgs_generate_messages_cpp
[ 20%] Built target rosgraph_msgs_generate_messages_lisp
[ 20%] Built target tf_generate_messages_eus
[ 20%] Built target dynamic_reconfigure_generate_messages_lisp
[ 20%] Built target tf2_msgs_generate_messages_cpp
[ 20%] Built target gazebo_msgs_generate_messages_py
[ 20%] Built target roscpp_generate_messages_nodejs
[ 20%] Built target geometry_msgs_generate_messages_lisp
[ 20%] Built target uuv_sensor_ros_plugins_msgs_generate_messages_nodejs
[ 20%] Built target tf_generate_messages_cpp
[ 20%] Built target roscpp_generate_messages_lisp
[ 20%] Built target actionlib_generate_messages_lisp
[ 20%] Built target roscpp_generate_messages_cpp
[ 20%] Built target geometry_msgs_generate_messages_py
[ 20%] Built target tf2_msgs_generate_messages_eus
[ 20%] Built target sensor_msgs_generate_messages_py
[ 20%] Built target sensor_msgs_generate_messages_nodejs
[ 20%] Built target visualization_msgs_generate_messages_cpp
[ 20%] Built target sensor_msgs_generate_messages_eus
[ 20%] Built target sensor_msgs_generate_messages_lisp
[ 20%] Built target std_msgs_generate_messages_lisp
[ 20%] Built target std_srvs_generate_messages_cpp
[ 20%] Built target gazebo_plugins_gencfg
[ 20%] Built target rosgraph_msgs_generate_messages_py
[ 20%] Built target std_msgs_generate_messages_py
[ 20%] Built target nav_msgs_generate_messages_nodejs
[ 20%] Built target sensor_msgs_generate_messages_cpp
[ 20%] Built target geometry_msgs_generate_messages_cpp
[ 20%] Built target dynamic_reconfigure_generate_messages_nodejs
[ 20%] Built target bond_generate_messages_cpp
[ 20%] Built target gazebo_msgs_generate_messages_lisp
[ 20%] Built target tf2_msgs_generate_messages_py
[ 20%] Built target nav_msgs_generate_messages_py
[ 20%] Built target tf_generate_messages_lisp
[ 20%] Built target tf_generate_messages_nodejs
[ 20%] Built target uuv_sensor_ros_plugins_msgs_generate_messages_lisp
[ 20%] Built target gazebo_msgs_generate_messages_cpp
[ 20%] Built target trajectory_msgs_generate_messages_py
[ 20%] Built target rosgraph_msgs_generate_messages_cpp
[ 20%] Built target actionlib_generate_messages_eus
[ 20%] Built target actionlib_msgs_generate_messages_cpp
[ 20%] Built target actionlib_generate_messages_nodejs
[ 20%] Built target gazebo_msgs_generate_messages_nodejs
[ 20%] Built target roscpp_generate_messages_py
[ 20%] Built target trajectory_msgs_generate_messages_eus
[ 20%] Built target actionlib_generate_messages_py
[ 20%] Built target trajectory_msgs_generate_messages_cpp
[ 20%] Built target std_msgs_generate_messages_eus
[ 20%] Built target tf_generate_messages_py
[ 20%] Built target actionlib_msgs_generate_messages_nodejs
[ 20%] Built target actionlib_msgs_generate_messages_lisp
[ 20%] Built target tf2_msgs_generate_messages_lisp
[ 20%] Built target tf2_msgs_generate_messages_nodejs
[ 20%] Built target dynamic_reconfigure_generate_messages_eus
[ 20%] Built target geometry_msgs_generate_messages_nodejs
[ 20%] Built target gazebo_msgs_generate_messages_eus
[ 28%] Built target uuv_gazebo_ros_rpt_plugin
[ 35%] Built target uuv_gazebo_ros_imu_plugin
[ 43%] Built target uuv_gazebo_ros_dvl_plugin
[ 49%] Built target uuv_gazebo_ros_base_sensor_plugin
[ 54%] Built target uuv_gazebo_ros_base_model_plugin
[ 54%] Built target uuv_sensor_ros_plugins_xacro_generated_to_devel_space_
[ 62%] Built target uuv_gazebo_ros_magnetometer_plugin
[ 66%] Built target image_sonar_ros_plugin
[ 73%] Built target uuv_gazebo_ros_cpc_plugin
[ 81%] Built target uuv_gazebo_ros_subsea_pressure_plugin
[ 88%] Built target uuv_gazebo_ros_pose_gt_plugin
[ 96%] Built target uuv_gazebo_ros_gps_plugin
[100%] Built target uuv_gazebo_ros_camera_plugin
[36mInstall the project...[0m
-- Install configuration: ""
-- Installing: /home/constance/uuv_ws/install/_setup_util.py
-- Installing: /home/constance/uuv_ws/install/env.sh
-- Installing: /home/constance/uuv_ws/install/setup.bash
-- Installing: /home/constance/uuv_ws/install/local_setup.bash
-- Installing: /home/constance/uuv_ws/install/setup.sh
-- Installing: /home/constance/uuv_ws/install/local_setup.sh
-- Installing: /home/constance/uuv_ws/install/setup.zsh
-- Installing: /home/constance/uuv_ws/install/local_setup.zsh
-- Installing: /home/constance/uuv_ws/install/.rosinstall
-- Installing: /home/constance/uuv_ws/install/lib/pkgconfig/uuv_sensor_ros_plugins.pc
-- Installing: /home/constance/uuv_ws/install/share/uuv_sensor_ros_plugins/cmake/uuv_sensor_ros_pluginsConfig.cmake
-- Installing: /home/constance/uuv_ws/install/share/uuv_sensor_ros_plugins/cmake/uuv_sensor_ros_pluginsConfig-version.cmake
-- Installing: /home/constance/uuv_ws/install/share/uuv_sensor_ros_plugins/package.xml
-- Installing: /home/constance/uuv_ws/install/lib/libuuv_sensor_gazebo_msgs.so
-- Set runtime path of "/home/constance/uuv_ws/install/lib/libuuv_sensor_gazebo_msgs.so" to ""
-- Installing: /home/constance/uuv_ws/install/lib/libuuv_gazebo_ros_base_model_plugin.so
-- Set runtime path of "/home/constance/uuv_ws/install/lib/libuuv_gazebo_ros_base_model_plugin.so" to ""
-- Installing: /home/constance/uuv_ws/install/lib/libuuv_gazebo_ros_base_sensor_plugin.so
-- Set runtime path of "/home/constance/uuv_ws/install/lib/libuuv_gazebo_ros_base_sensor_plugin.so" to ""
-- Installing: /home/constance/uuv_ws/install/lib/libuuv_gazebo_ros_gps_plugin.so
-- Set runtime path of "/home/constance/uuv_ws/install/lib/libuuv_gazebo_ros_gps_plugin.so" to ""
-- Installing: /home/constance/uuv_ws/install/lib/libuuv_gazebo_ros_pose_gt_plugin.so
-- Set runtime path of "/home/constance/uuv_ws/install/lib/libuuv_gazebo_ros_pose_gt_plugin.so" to ""
-- Installing: /home/constance/uuv_ws/install/lib/libuuv_gazebo_ros_subsea_pressure_plugin.so
-- Set runtime path of "/home/constance/uuv_ws/install/lib/libuuv_gazebo_ros_subsea_pressure_plugin.so" to ""
-- Installing: /home/constance/uuv_ws/install/lib/libuuv_gazebo_ros_dvl_plugin.so
-- Set runtime path of "/home/constance/uuv_ws/install/lib/libuuv_gazebo_ros_dvl_plugin.so" to ""
-- Installing: /home/constance/uuv_ws/install/lib/libuuv_gazebo_ros_magnetometer_plugin.so
-- Set runtime path of "/home/constance/uuv_ws/install/lib/libuuv_gazebo_ros_magnetometer_plugin.so" to ""
-- Installing: /home/constance/uuv_ws/install/lib/libuuv_gazebo_ros_cpc_plugin.so
-- Set runtime path of "/home/constance/uuv_ws/install/lib/libuuv_gazebo_ros_cpc_plugin.so" to ""
-- Installing: /home/constance/uuv_ws/install/lib/libuuv_gazebo_ros_imu_plugin.so
-- Set runtime path of "/home/constance/uuv_ws/install/lib/libuuv_gazebo_ros_imu_plugin.so" to ""
-- Installing: /home/constance/uuv_ws/install/lib/libuuv_gazebo_ros_rpt_plugin.so
-- Set runtime path of "/home/constance/uuv_ws/install/lib/libuuv_gazebo_ros_rpt_plugin.so" to ""
-- Installing: /home/constance/uuv_ws/install/lib/libuuv_gazebo_ros_camera_plugin.so
-- Set runtime path of "/home/constance/uuv_ws/install/lib/libuuv_gazebo_ros_camera_plugin.so" to ""
-- Installing: /home/constance/uuv_ws/install/lib/libimage_sonar_ros_plugin.so
-- Set runtime path of "/home/constance/uuv_ws/install/lib/libimage_sonar_ros_plugin.so" to ""
-- Installing: /home/constance/uuv_ws/install/include/uuv_sensor_ros_plugins
-- Installing: /home/constance/uuv_ws/install/include/uuv_sensor_ros_plugins/ROSBasePlugin.hh
-- Installing: /home/constance/uuv_ws/install/include/uuv_sensor_ros_plugins/DVLROSPlugin.hh
-- Installing: /home/constance/uuv_ws/install/include/uuv_sensor_ros_plugins/SubseaPressureROSPlugin.hh
-- Installing: /home/constance/uuv_ws/install/include/uuv_sensor_ros_plugins/Common.hh
-- Installing: /home/constance/uuv_ws/install/include/uuv_sensor_ros_plugins/MagnetometerROSPlugin.hh
-- Installing: /home/constance/uuv_ws/install/include/uuv_sensor_ros_plugins/ROSBaseModelPlugin.hh
-- Installing: /home/constance/uuv_ws/install/include/uuv_sensor_ros_plugins/RPTROSPlugin.hh
-- Installing: /home/constance/uuv_ws/install/include/uuv_sensor_ros_plugins/UnderwaterCameraROSPlugin.hh
-- Installing: /home/constance/uuv_ws/install/include/uuv_sensor_ros_plugins/GPSROSPlugin.hh
-- Installing: /home/constance/uuv_ws/install/include/uuv_sensor_ros_plugins/PoseGTROSPlugin.hh
-- Installing: /home/constance/uuv_ws/install/include/uuv_sensor_ros_plugins/gazebo_ros_image_sonar.hh
-- Installing: /home/constance/uuv_ws/install/include/uuv_sensor_ros_plugins/IMUROSPlugin.hh
-- Installing: /home/constance/uuv_ws/install/include/uuv_sensor_ros_plugins/ROSBaseSensorPlugin.hh
-- Installing: /home/constance/uuv_ws/install/include/uuv_sensor_ros_plugins/CPCROSPlugin.hh
-- Up-to-date: /home/constance/uuv_ws/install/include/uuv_sensor_ros_plugins
-- Installing: /home/constance/uuv_ws/install/include/uuv_sensor_ros_plugins/SensorMagnetic.pb.h
-- Installing: /home/constance/uuv_ws/install/include/uuv_sensor_ros_plugins/catkin_generated
-- Installing: /home/constance/uuv_ws/install/include/uuv_sensor_ros_plugins/catkin_generated/installspace
-- Installing: /home/constance/uuv_ws/install/include/uuv_sensor_ros_plugins/catkin_generated/stamps
-- Installing: /home/constance/uuv_ws/install/include/uuv_sensor_ros_plugins/catkin_generated/stamps/uuv_sensor_ros_plugins
-- Installing: /home/constance/uuv_ws/install/include/uuv_sensor_ros_plugins/SensorPressure.pb.cc
-- Installing: /home/constance/uuv_ws/install/include/uuv_sensor_ros_plugins/bin
-- Installing: /home/constance/uuv_ws/install/include/uuv_sensor_ros_plugins/test_results
-- Installing: /home/constance/uuv_ws/install/include/uuv_sensor_ros_plugins/SensorDvl.pb.cc
-- Installing: /home/constance/uuv_ws/install/include/uuv_sensor_ros_plugins/SensorPressure.pb.h
-- Installing: /home/constance/uuv_ws/install/include/uuv_sensor_ros_plugins/gtest
-- Installing: /home/constance/uuv_ws/install/include/uuv_sensor_ros_plugins/gtest/googlemock
-- Installing: /home/constance/uuv_ws/install/include/uuv_sensor_ros_plugins/gtest/googlemock/CMakeFiles
-- Installing: /home/constance/uuv_ws/install/include/uuv_sensor_ros_plugins/gtest/googlemock/CMakeFiles/gmock.dir
-- Installing: /home/constance/uuv_ws/install/include/uuv_sensor_ros_plugins/gtest/googlemock/CMakeFiles/gmock.dir/src
-- Installing: /home/constance/uuv_ws/install/include/uuv_sensor_ros_plugins/gtest/googlemock/CMakeFiles/gmock_main.dir
-- Installing: /home/constance/uuv_ws/install/include/uuv_sensor_ros_plugins/gtest/googlemock/CMakeFiles/gmock_main.dir/src
-- Installing: /home/constance/uuv_ws/install/include/uuv_sensor_ros_plugins/gtest/googletest
-- Installing: /home/constance/uuv_ws/install/include/uuv_sensor_ros_plugins/gtest/googletest/CMakeFiles
-- Installing: /home/constance/uuv_ws/install/include/uuv_sensor_ros_plugins/gtest/googletest/CMakeFiles/gtest.dir
-- Installing: /home/constance/uuv_ws/install/include/uuv_sensor_ros_plugins/gtest/googletest/CMakeFiles/gtest.dir/src
-- Installing: /home/constance/uuv_ws/install/include/uuv_sensor_ros_plugins/gtest/googletest/CMakeFiles/gtest_main.dir
-- Installing: /home/constance/uuv_ws/install/include/uuv_sensor_ros_plugins/gtest/googletest/CMakeFiles/gtest_main.dir/src
-- Installing: /home/constance/uuv_ws/install/include/uuv_sensor_ros_plugins/gtest/CMakeFiles
-- Installing: /home/constance/uuv_ws/install/include/uuv_sensor_ros_plugins/gtest/lib
-- Installing: /home/constance/uuv_ws/install/include/uuv_sensor_ros_plugins/SensorImu.pb.cc
-- Installing: /home/constance/uuv_ws/install/include/uuv_sensor_ros_plugins/catkin
-- Installing: /home/constance/uuv_ws/install/include/uuv_sensor_ros_plugins/catkin/catkin_generated
-- Installing: /home/constance/uuv_ws/install/include/uuv_sensor_ros_plugins/catkin/catkin_generated/version
-- Installing: /home/constance/uuv_ws/install/include/uuv_sensor_ros_plugins/atomic_configure
-- Installing: /home/constance/uuv_ws/install/include/uuv_sensor_ros_plugins/CMakeFiles
-- Installing: /home/constance/uuv_ws/install/include/uuv_sensor_ros_plugins/CMakeFiles/geometry_msgs_generate_messages_lisp.dir
-- Installing: /home/constance/uuv_ws/install/include/uuv_sensor_ros_plugins/CMakeFiles/roscpp_generate_messages_lisp.dir
-- Installing: /home/constance/uuv_ws/install/include/uuv_sensor_ros_plugins/CMakeFiles/tf2_msgs_generate_messages_nodejs.dir
-- Installing: /home/constance/uuv_ws/install/include/uuv_sensor_ros_plugins/CMakeFiles/actionlib_msgs_generate_messages_eus.dir
-- Installing: /home/constance/uuv_ws/install/include/uuv_sensor_ros_plugins/CMakeFiles/uuv_gazebo_ros_magnetometer_plugin.dir
-- Installing: /home/constance/uuv_ws/install/include/uuv_sensor_ros_plugins/CMakeFiles/uuv_gazebo_ros_magnetometer_plugin.dir/src
-- Installing: /home/constance/uuv_ws/install/include/uuv_sensor_ros_plugins/CMakeFiles/uuv_gazebo_ros_gps_plugin.dir
-- Installing: /home/constance/uuv_ws/install/include/uuv_sensor_ros_plugins/CMakeFiles/uuv_gazebo_ros_gps_plugin.dir/src
-- Installing: /home/constance/uuv_ws/install/include/uuv_sensor_ros_plugins/CMakeFiles/sensor_msgs_generate_messages_nodejs.dir
-- Installing: /home/constance/uuv_ws/install/include/uuv_sensor_ros_plugins/CMakeFiles/gazebo_msgs_generate_messages_nodejs.dir
-- Installing: /home/constance/uuv_ws/install/include/uuv_sensor_ros_plugins/CMakeFiles/sensor_msgs_generate_messages_lisp.dir
-- Installing: /home/constance/uuv_ws/install/include/uuv_sensor_ros_plugins/CMakeFiles/run_tests_uuv_sensor_ros_plugins_rostest_test_test_urdf_files.test.dir
-- Installing: /home/constance/uuv_ws/install/include/uuv_sensor_ros_plugins/CMakeFiles/run_tests_uuv_sensor_ros_plugins_rostest.dir
-- Installing: /home/constance/uuv_ws/install/include/uuv_sensor_ros_plugins/CMakeFiles/nav_msgs_generate_messages_eus.dir
-- Installing: /home/constance/uuv_ws/install/include/uuv_sensor_ros_plugins/CMakeFiles/roscpp_generate_messages_cpp.dir
-- Installing: /home/constance/uuv_ws/install/include/uuv_sensor_ros_plugins/CMakeFiles/uuv_sensor_ros_plugins_msgs_generate_messages_cpp.dir
-- Installing: /home/constance/uuv_ws/install/include/uuv_sensor_ros_plugins/CMakeFiles/actionlib_generate_messages_lisp.dir
-- Installing: /home/constance/uuv_ws/install/include/uuv_sensor_ros_plugins/CMakeFiles/trajectory_msgs_generate_messages_eus.dir
-- Installing: /home/constance/uuv_ws/install/include/uuv_sensor_ros_plugins/CMakeFiles/nav_msgs_generate_messages_cpp.dir
-- Installing: /home/constance/uuv_ws/install/include/uuv_sensor_ros_plugins/CMakeFiles/trajectory_msgs_generate_messages_py.dir
-- Installing: /home/constance/uuv_ws/install/include/uuv_sensor_ros_plugins/CMakeFiles/bond_generate_messages_nodejs.dir
-- Installing: /home/constance/uuv_ws/install/include/uuv_sensor_ros_plugins/CMakeFiles/tf2_msgs_generate_messages_cpp.dir
-- Installing: /home/constance/uuv_ws/install/include/uuv_sensor_ros_plugins/CMakeFiles/uuv_sensor_gazebo_msgs.dir
-- Installing: /home/constance/uuv_ws/install/include/uuv_sensor_ros_plugins/CMakeFiles/uuv_sensor_gazebo_msgs.dir/SensorDvl.pb.cc.o
-- Installing: /home/constance/uuv_ws/install/include/uuv_sensor_ros_plugins/CMakeFiles/uuv_sensor_gazebo_msgs.dir/SensorMagnetic.pb.cc.o
-- Installing: /home/constance/uuv_ws/install/include/uuv_sensor_ros_plugins/CMakeFiles/uuv_sensor_gazebo_msgs.dir/SensorImu.pb.cc.o
-- Installing: /home/constance/uuv_ws/install/include/uuv_sensor_ros_plugins/CMakeFiles/uuv_sensor_gazebo_msgs.dir/SensorPressure.pb.cc.o
-- Installing: /home/constance/uuv_ws/install/include/uuv_sensor_ros_plugins/CMakeFiles/uuv_sensor_gazebo_msgs.dir/SensorRpt.pb.cc.o
-- Installing: /home/constance/uuv_ws/install/include/uuv_sensor_ros_plugins/CMakeFiles/std_msgs_generate_messages_py.dir
-- Installing: /home/constance/uuv_ws/install/include/uuv_sensor_ros_plugins/CMakeFiles/tf_generate_messages_eus.dir
-- Installing: /home/constance/uuv_ws/install/include/uuv_sensor_ros_plugins/CMakeFiles/uuv_gazebo_ros_base_model_plugin.dir
-- Installing: /home/constance/uuv_ws/install/include/uuv_sensor_ros_plugins/CMakeFiles/uuv_gazebo_ros_base_model_plugin.dir/src
-- Installing: /home/constance/uuv_ws/install/include/uuv_sensor_ros_plugins/CMakeFiles/std_msgs_generate_messages_nodejs.dir
-- Installing: /home/constance/uuv_ws/install/include/uuv_sensor_ros_plugins/CMakeFiles/dynamic_reconfigure_generate_messages_py.dir
-- Installing: /home/constance/uuv_ws/install/include/uuv_sensor_ros_plugins/CMakeFiles/_run_tests_uuv_sensor_ros_plugins.dir
-- Installing: /home/constance/uuv_ws/install/include/uuv_sensor_ros_plugins/CMakeFiles/std_srvs_generate_messages_cpp.dir
-- Installing: /home/constance/uuv_ws/install/include/uuv_sensor_ros_plugins/CMakeFiles/trajectory_msgs_generate_messages_nodejs.dir
-- Installing: /home/constance/uuv_ws/install/include/uuv_sensor_ros_plugins/CMakeFiles/roscpp_generate_messages_py.dir
-- Installing: /home/constance/uuv_ws/install/include/uuv_sensor_ros_plugins/CMakeFiles/_run_tests_uuv_sensor_ros_plugins_rostest.dir
-- Installing: /home/constance/uuv_ws/install/include/uuv_sensor_ros_plugins/CMakeFiles/std_msgs_generate_messages_cpp.dir
-- Installing: /home/constance/uuv_ws/install/include/uuv_sensor_ros_plugins/CMakeFiles/tf2_msgs_generate_messages_py.dir
-- Installing: /home/constance/uuv_ws/install/include/uuv_sensor_ros_plugins/CMakeFiles/download_extra_data.dir
-- Installing: /home/constance/uuv_ws/install/include/uuv_sensor_ros_plugins/CMakeFiles/nodelet_generate_messages_nodejs.dir
-- Installing: /home/constance/uuv_ws/install/include/uuv_sensor_ros_plugins/CMakeFiles/actionlib_generate_messages_nodejs.dir
-- Installing: /home/constance/uuv_ws/install/include/uuv_sensor_ros_plugins/CMakeFiles/bond_generate_messages_lisp.dir
-- Installing: /home/constance/uuv_ws/install/include/uuv_sensor_ros_plugins/CMakeFiles/geometry_msgs_generate_messages_py.dir
-- Installing: /home/constance/uuv_ws/install/include/uuv_sensor_ros_plugins/CMakeFiles/std_srvs_generate_messages_lisp.dir
-- Installing: /home/constance/uuv_ws/install/include/uuv_sensor_ros_plugins/CMakeFiles/trajectory_msgs_generate_messages_lisp.dir
-- Installing: /home/constance/uuv_ws/install/include/uuv_sensor_ros_plugins/CMakeFiles/_run_tests_uuv_sensor_ros_plugins_rostest_test_test_urdf_files.test.dir
-- Installing: /home/constance/uuv_ws/install/include/uuv_sensor_ros_plugins/CMakeFiles/bond_generate_messages_eus.dir
-- Installing: /home/constance/uuv_ws/install/include/uuv_sensor_ros_plugins/CMakeFiles/tests.dir
-- Installing: /home/constance/uuv_ws/install/include/uuv_sensor_ros_plugins/CMakeFiles/actionlib_msgs_generate_messages_nodejs.dir
-- Installing: /home/constance/uuv_ws/install/include/uuv_sensor_ros_plugins/CMakeFiles/gazebo_msgs_generate_messages_cpp.dir
-- Installing: /home/constance/uuv_ws/install/include/uuv_sensor_ros_plugins/CMakeFiles/rosgraph_msgs_generate_messages_py.dir
-- Installing: /home/constance/uuv_ws/install/include/uuv_sensor_ros_plugins/CMakeFiles/rosgraph_msgs_generate_messages_lisp.dir
-- Installing: /home/constance/uuv_ws/install/include/uuv_sensor_ros_plugins/CMakeFiles/image_sonar_ros_plugin.dir
-- Installing: /home/constance/uuv_ws/install/include/uuv_sensor_ros_plugins/CMakeFiles/image_sonar_ros_plugin.dir/src
-- Installing: /home/constance/uuv_ws/install/include/uuv_sensor_ros_plugins/CMakeFiles/tf_generate_messages_py.dir
-- Installing: /home/constance/uuv_ws/install/include/uuv_sensor_ros_plugins/CMakeFiles/gazebo_msgs_generate_messages_py.dir
-- Installing: /home/constance/uuv_ws/install/include/uuv_sensor_ros_plugins/CMakeFiles/actionlib_generate_messages_py.dir
-- Installing: /home/constance/uuv_ws/install/include/uuv_sensor_ros_plugins/CMakeFiles/std_srvs_generate_messages_py.dir
-- Installing: /home/constance/uuv_ws/install/include/uuv_sensor_ros_plugins/CMakeFiles/uuv_gazebo_ros_rpt_plugin.dir
-- Installing: /home/constance/uuv_ws/install/include/uuv_sensor_ros_plugins/CMakeFiles/uuv_gazebo_ros_rpt_plugin.dir/src
-- Installing: /home/constance/uuv_ws/install/include/uuv_sensor_ros_plugins/CMakeFiles/tf_generate_messages_cpp.dir
-- Installing: /home/constance/uuv_ws/install/include/uuv_sensor_ros_plugins/CMakeFiles/uuv_gazebo_ros_dvl_plugin.dir
-- Installing: /home/constance/uuv_ws/install/include/uuv_sensor_ros_plugins/CMakeFiles/uuv_gazebo_ros_dvl_plugin.dir/src
-- Installing: /home/constance/uuv_ws/install/include/uuv_sensor_ros_plugins/CMakeFiles/sensor_msgs_generate_messages_py.dir
-- Installing: /home/constance/uuv_ws/install/include/uuv_sensor_ros_plugins/CMakeFiles/uuv_gazebo_ros_camera_plugin.dir
-- Installing: /home/constance/uuv_ws/install/include/uuv_sensor_ros_plugins/CMakeFiles/uuv_gazebo_ros_camera_plugin.dir/src
-- Installing: /home/constance/uuv_ws/install/include/uuv_sensor_ros_plugins/CMakeFiles/uuv_sensor_ros_plugins_msgs_generate_messages_py.dir
-- Installing: /home/constance/uuv_ws/install/include/uuv_sensor_ros_plugins/CMakeFiles/geometry_msgs_generate_messages_eus.dir
-- Installing: /home/constance/uuv_ws/install/include/uuv_sensor_ros_plugins/CMakeFiles/visualization_msgs_generate_messages_cpp.dir
-- Installing: /home/constance/uuv_ws/install/include/uuv_sensor_ros_plugins/CMakeFiles/actionlib_msgs_generate_messages_cpp.dir
-- Installing: /home/constance/uuv_ws/install/include/uuv_sensor_ros_plugins/CMakeFiles/uuv_sensor_ros_plugins_msgs_generate_messages_lisp.dir
-- Installing: /home/constance/uuv_ws/install/include/uuv_sensor_ros_plugins/CMakeFiles/rosgraph_msgs_generate_messages_eus.dir
-- Installing: /home/constance/uuv_ws/install/include/uuv_sensor_ros_plugins/CMakeFiles/actionlib_generate_messages_cpp.dir
-- Installing: /home/constance/uuv_ws/install/include/uuv_sensor_ros_plugins/CMakeFiles/trajectory_msgs_generate_messages_cpp.dir
-- Installing: /home/constance/uuv_ws/install/include/uuv_sensor_ros_plugins/CMakeFiles/tf2_msgs_generate_messages_eus.dir
-- Installing: /home/constance/uuv_ws/install/include/uuv_sensor_ros_plugins/CMakeFiles/std_srvs_generate_messages_nodejs.dir
-- Installing: /home/constance/uuv_ws/install/include/uuv_sensor_ros_plugins/CMakeFiles/nav_msgs_generate_messages_py.dir
-- Installing: /home/constance/uuv_ws/install/include/uuv_sensor_ros_plugins/CMakeFiles/actionlib_msgs_generate_messages_py.dir
-- Installing: /home/constance/uuv_ws/install/include/uuv_sensor_ros_plugins/CMakeFiles/nodelet_generate_messages_eus.dir
-- Installing: /home/constance/uuv_ws/install/include/uuv_sensor_ros_plugins/CMakeFiles/uuv_gazebo_ros_pose_gt_plugin.dir
-- Installing: /home/constance/uuv_ws/install/include/uuv_sensor_ros_plugins/CMakeFiles/uuv_gazebo_ros_pose_gt_plugin.dir/src
-- Installing: /home/constance/uuv_ws/install/include/uuv_sensor_ros_plugins/CMakeFiles/uuv_gazebo_ros_base_sensor_plugin.dir
-- Installing: /home/constance/uuv_ws/install/include/uuv_sensor_ros_plugins/CMakeFiles/uuv_gazebo_ros_base_sensor_plugin.dir/src
-- Installing: /home/constance/uuv_ws/install/include/uuv_sensor_ros_plugins/CMakeFiles/gazebo_msgs_generate_messages_eus.dir
-- Installing: /home/constance/uuv_ws/install/include/uuv_sensor_ros_plugins/CMakeFiles/std_msgs_generate_messages_eus.dir
-- Installing: /home/constance/uuv_ws/install/include/uuv_sensor_ros_plugins/CMakeFiles/geometry_msgs_generate_messages_nodejs.dir
-- Installing: /home/constance/uuv_ws/install/include/uuv_sensor_ros_plugins/CMakeFiles/uuv_gazebo_ros_cpc_plugin.dir
-- Installing: /home/constance/uuv_ws/install/include/uuv_sensor_ros_plugins/CMakeFiles/uuv_gazebo_ros_cpc_plugin.dir/src
-- Installing: /home/constance/uuv_ws/install/include/uuv_sensor_ros_plugins/CMakeFiles/dynamic_reconfigure_generate_messages_eus.dir
-- Installing: /home/constance/uuv_ws/install/include/uuv_sensor_ros_plugins/CMakeFiles/sensor_msgs_generate_messages_cpp.dir
-- Installing: /home/constance/uuv_ws/install/include/uuv_sensor_ros_plugins/CMakeFiles/rosgraph_msgs_generate_messages_nodejs.dir
-- Installing: /home/constance/uuv_ws/install/include/uuv_sensor_ros_plugins/CMakeFiles/tf_generate_messages_nodejs.dir
-- Installing: /home/constance/uuv_ws/install/include/uuv_sensor_ros_plugins/CMakeFiles/doxygen.dir
-- Installing: /home/constance/uuv_ws/install/include/uuv_sensor_ros_plugins/CMakeFiles/uuv_sensor_ros_plugins_msgs_generate_messages_nodejs.dir
-- Installing: /home/constance/uuv_ws/install/include/uuv_sensor_ros_plugins/CMakeFiles/nav_msgs_generate_messages_nodejs.dir
-- Installing: /home/constance/uuv_ws/install/include/uuv_sensor_ros_plugins/CMakeFiles/rosgraph_msgs_generate_messages_cpp.dir
-- Installing: /home/constance/uuv_ws/install/include/uuv_sensor_ros_plugins/CMakeFiles/clean_test_results.dir
-- Installing: /home/constance/uuv_ws/install/include/uuv_sensor_ros_plugins/CMakeFiles/geometry_msgs_generate_messages_cpp.dir
-- Installing: /home/constance/uuv_ws/install/include/uuv_sensor_ros_plugins/CMakeFiles/nodelet_generate_messages_cpp.dir
-- Installing: /home/constance/uuv_ws/install/include/uuv_sensor_ros_plugins/CMakeFiles/nav_msgs_generate_messages_lisp.dir
-- Installing: /home/constance/uuv_ws/install/include/uuv_sensor_ros_plugins/CMakeFiles/tf_generate_messages_lisp.dir
-- Installing: /home/constance/uuv_ws/install/include/uuv_sensor_ros_plugins/CMakeFiles/visualization_msgs_generate_messages_py.dir
-- Installing: /home/constance/uuv_ws/install/include/uuv_sensor_ros_plugins/CMakeFiles/sensor_msgs_generate_messages_eus.dir
-- Installing: /home/constance/uuv_ws/install/include/uuv_sensor_ros_plugins/CMakeFiles/3.16.3
-- Installing: /home/constance/uuv_ws/install/include/uuv_sensor_ros_plugins/CMakeFiles/3.16.3/CompilerIdCXX
-- Installing: /home/constance/uuv_ws/install/include/uuv_sensor_ros_plugins/CMakeFiles/3.16.3/CompilerIdCXX/tmp
-- Installing: /home/constance/uuv_ws/install/include/uuv_sensor_ros_plugins/CMakeFiles/3.16.3/CompilerIdC
-- Installing: /home/constance/uuv_ws/install/include/uuv_sensor_ros_plugins/CMakeFiles/3.16.3/CompilerIdC/tmp
-- Installing: /home/constance/uuv_ws/install/include/uuv_sensor_ros_plugins/CMakeFiles/std_srvs_generate_messages_eus.dir
-- Installing: /home/constance/uuv_ws/install/include/uuv_sensor_ros_plugins/CMakeFiles/roscpp_generate_messages_nodejs.dir
-- Installing: /home/constance/uuv_ws/install/include/uuv_sensor_ros_plugins/CMakeFiles/run_tests_uuv_sensor_ros_plugins.dir
-- Installing: /home/constance/uuv_ws/install/include/uuv_sensor_ros_plugins/CMakeFiles/uuv_sensor_ros_plugins_xacro_generated_to_devel_space_.dir
-- Installing: /home/constance/uuv_ws/install/include/uuv_sensor_ros_plugins/CMakeFiles/roscpp_generate_messages_eus.dir
-- Installing: /home/constance/uuv_ws/install/include/uuv_sensor_ros_plugins/CMakeFiles/uuv_sensor_ros_plugins_msgs_generate_messages_eus.dir
-- Installing: /home/constance/uuv_ws/install/include/uuv_sensor_ros_plugins/CMakeFiles/bond_generate_messages_cpp.dir
-- Installing: /home/constance/uuv_ws/install/include/uuv_sensor_ros_plugins/CMakeFiles/nodelet_generate_messages_py.dir
-- Installing: /home/constance/uuv_ws/install/include/uuv_sensor_ros_plugins/CMakeFiles/visualization_msgs_generate_messages_nodejs.dir
-- Installing: /home/constance/uuv_ws/install/include/uuv_sensor_ros_plugins/CMakeFiles/actionlib_msgs_generate_messages_lisp.dir
-- Installing: /home/constance/uuv_ws/install/include/uuv_sensor_ros_plugins/CMakeFiles/nodelet_generate_messages_lisp.dir
-- Installing: /home/constance/uuv_ws/install/include/uuv_sensor_ros_plugins/CMakeFiles/dynamic_reconfigure_generate_messages_cpp.dir
-- Installing: /home/constance/uuv_ws/install/include/uuv_sensor_ros_plugins/CMakeFiles/std_msgs_generate_messages_lisp.dir
-- Installing: /home/constance/uuv_ws/install/include/uuv_sensor_ros_plugins/CMakeFiles/gazebo_plugins_gencfg.dir
-- Installing: /home/constance/uuv_ws/install/include/uuv_sensor_ros_plugins/CMakeFiles/run_tests.dir
-- Installing: /home/constance/uuv_ws/install/include/uuv_sensor_ros_plugins/CMakeFiles/bond_generate_messages_py.dir
-- Installing: /home/constance/uuv_ws/install/include/uuv_sensor_ros_plugins/CMakeFiles/uuv_gazebo_ros_subsea_pressure_plugin.dir
-- Installing: /home/constance/uuv_ws/install/include/uuv_sensor_ros_plugins/CMakeFiles/uuv_gazebo_ros_subsea_pressure_plugin.dir/src
-- Installing: /home/constance/uuv_ws/install/include/uuv_sensor_ros_plugins/CMakeFiles/uuv_gazebo_ros_imu_plugin.dir
-- Installing: /home/constance/uuv_ws/install/include/uuv_sensor_ros_plugins/CMakeFiles/uuv_gazebo_ros_imu_plugin.dir/src
-- Installing: /home/constance/uuv_ws/install/include/uuv_sensor_ros_plugins/CMakeFiles/dynamic_reconfigure_gencfg.dir
-- Installing: /home/constance/uuv_ws/install/include/uuv_sensor_ros_plugins/CMakeFiles/dynamic_reconfigure_generate_messages_nodejs.dir
-- Installing: /home/constance/uuv_ws/install/include/uuv_sensor_ros_plugins/CMakeFiles/CMakeTmp
-- Installing: /home/constance/uuv_ws/install/include/uuv_sensor_ros_plugins/CMakeFiles/clean_test_results_uuv_sensor_ros_plugins.dir
-- Installing: /home/constance/uuv_ws/install/include/uuv_sensor_ros_plugins/CMakeFiles/actionlib_generate_messages_eus.dir
-- Installing: /home/constance/uuv_ws/install/include/uuv_sensor_ros_plugins/CMakeFiles/tf2_msgs_generate_messages_lisp.dir
-- Installing: /home/constance/uuv_ws/install/include/uuv_sensor_ros_plugins/CMakeFiles/visualization_msgs_generate_messages_eus.dir
-- Installing: /home/constance/uuv_ws/install/include/uuv_sensor_ros_plugins/CMakeFiles/visualization_msgs_generate_messages_lisp.dir
-- Installing: /home/constance/uuv_ws/install/include/uuv_sensor_ros_plugins/CMakeFiles/gazebo_msgs_generate_messages_lisp.dir
-- Installing: /home/constance/uuv_ws/install/include/uuv_sensor_ros_plugins/CMakeFiles/dynamic_reconfigure_generate_messages_lisp.dir
-- Installing: /home/constance/uuv_ws/install/include/uuv_sensor_ros_plugins/SensorRpt.pb.cc
-- Installing: /home/constance/uuv_ws/install/include/uuv_sensor_ros_plugins/SensorImu.pb.h
-- Installing: /home/constance/uuv_ws/install/include/uuv_sensor_ros_plugins/SensorMagnetic.pb.cc
-- Installing: /home/constance/uuv_ws/install/include/uuv_sensor_ros_plugins/SensorDvl.pb.h
-- Installing: /home/constance/uuv_ws/install/include/uuv_sensor_ros_plugins/SensorRpt.pb.h
-- Installing: /home/constance/uuv_ws/install/share/uuv_sensor_ros_plugins/meshes
-- Installing: /home/constance/uuv_ws/install/share/uuv_sensor_ros_plugins/meshes/rpt.blend
-- Installing: /home/constance/uuv_ws/install/share/uuv_sensor_ros_plugins/meshes/dvl.dae
-- Installing: /home/constance/uuv_ws/install/share/uuv_sensor_ros_plugins/meshes/oe14-372.blend
-- Installing: /home/constance/uuv_ws/install/share/uuv_sensor_ros_plugins/meshes/duo3d.dae
-- Installing: /home/constance/uuv_ws/install/share/uuv_sensor_ros_plugins/meshes/rpt.dae
-- Installing: /home/constance/uuv_ws/install/share/uuv_sensor_ros_plugins/meshes/p900.dae
-- Installing: /home/constance/uuv_ws/install/share/uuv_sensor_ros_plugins/meshes/oe14-372.dae
-- Installing: /home/constance/uuv_ws/install/share/uuv_sensor_ros_plugins/meshes/m450-130.dae
-- Installing: /home/constance/uuv_ws/install/share/uuv_sensor_ros_plugins/meshes/pressure.blend
-- Installing: /home/constance/uuv_ws/install/share/uuv_sensor_ros_plugins/meshes/m450-130.blend
-- Installing: /home/constance/uuv_ws/install/share/uuv_sensor_ros_plugins/meshes/p900.stl
-- Installing: /home/constance/uuv_ws/install/share/uuv_sensor_ros_plugins/meshes/pressure.dae
-- Installing: /home/constance/uuv_ws/install/share/uuv_sensor_ros_plugins/meshes/p900.blend
-- Installing: /home/constance/uuv_ws/install/share/uuv_sensor_ros_plugins/meshes/dvl.blend
-- Installing: /home/constance/uuv_ws/install/share/uuv_sensor_ros_plugins/urdf
-- Installing: /home/constance/uuv_ws/install/share/uuv_sensor_ros_plugins/urdf/magnetometer_snippets.xacro
-- Installing: /home/constance/uuv_ws/install/share/uuv_sensor_ros_plugins/urdf/pressure_snippets.xacro
-- Installing: /home/constance/uuv_ws/install/share/uuv_sensor_ros_plugins/urdf/camera_snippets.xacro
-- Installing: /home/constance/uuv_ws/install/share/uuv_sensor_ros_plugins/urdf/rpt_snippets.xacro
-- Installing: /home/constance/uuv_ws/install/share/uuv_sensor_ros_plugins/urdf/sensor_snippets.xacro
-- Installing: /home/constance/uuv_ws/install/share/uuv_sensor_ros_plugins/urdf/chemical_concentration_snippets.xacro
-- Installing: /home/constance/uuv_ws/install/share/uuv_sensor_ros_plugins/urdf/pose_3d_snippets.xacro
-- Installing: /home/constance/uuv_ws/install/share/uuv_sensor_ros_plugins/urdf/gps_sensor_snippets.xacro
-- Installing: /home/constance/uuv_ws/install/share/uuv_sensor_ros_plugins/urdf/sonar_snippets.xacro
-- Installing: /home/constance/uuv_ws/install/share/uuv_sensor_ros_plugins/urdf/dvl_snippets.xacro
-- Installing: /home/constance/uuv_ws/install/share/uuv_sensor_ros_plugins/urdf/stereo_snippets.xacro
-- Installing: /home/constance/uuv_ws/install/share/uuv_sensor_ros_plugins/urdf/imu_snippets.xacro
