[  0%] Built target _uuv_gazebo_ros_plugins_msgs_generate_messages_check_deps_GetThrusterState
[  0%] Built target geometry_msgs_generate_messages_nodejs
[  0%] Built target _uuv_gazebo_ros_plugins_msgs_generate_messages_check_deps_GetListParam
[  0%] Built target _uuv_gazebo_ros_plugins_msgs_generate_messages_check_deps_GetThrusterConversionFcn
[  0%] Built target _uuv_gazebo_ros_plugins_msgs_generate_messages_check_deps_SetFloat
[  0%] Built target std_msgs_generate_messages_nodejs
[  0%] Built target _uuv_gazebo_ros_plugins_msgs_generate_messages_check_deps_SetUseGlobalCurrentVel
[  0%] Built target _uuv_gazebo_ros_plugins_msgs_generate_messages_check_deps_FloatStamped
[  0%] Built target _uuv_gazebo_ros_plugins_msgs_generate_messages_check_deps_GetModelProperties
[  0%] Built target _uuv_gazebo_ros_plugins_msgs_generate_messages_check_deps_UnderwaterObjectModel
[  0%] Built target _uuv_gazebo_ros_plugins_msgs_generate_messages_check_deps_SetThrusterEfficiency
[  0%] Built target _uuv_gazebo_ros_plugins_msgs_generate_messages_check_deps_ThrusterConversionFcn
[  0%] Built target _uuv_gazebo_ros_plugins_msgs_generate_messages_check_deps_GetFloat
[  0%] Built target _uuv_gazebo_ros_plugins_msgs_generate_messages_check_deps_SetThrusterState
[  0%] Built target _uuv_gazebo_ros_plugins_msgs_generate_messages_check_deps_GetThrusterEfficiency
[ 19%] Built target uuv_gazebo_ros_plugins_msgs_generate_messages_nodejs
[ 19%] Built target std_msgs_generate_messages_py
[ 19%] Built target geometry_msgs_generate_messages_py
[ 41%] Built target uuv_gazebo_ros_plugins_msgs_generate_messages_py
[ 41%] Built target std_msgs_generate_messages_lisp
[ 41%] Built target geometry_msgs_generate_messages_lisp
[ 60%] Built target uuv_gazebo_ros_plugins_msgs_generate_messages_lisp
[ 60%] Built target std_msgs_generate_messages_eus
[ 60%] Built target geometry_msgs_generate_messages_eus
[ 80%] Built target uuv_gazebo_ros_plugins_msgs_generate_messages_eus
[ 80%] Built target geometry_msgs_generate_messages_cpp
[ 80%] Built target std_msgs_generate_messages_cpp
[100%] Built target uuv_gazebo_ros_plugins_msgs_generate_messages_cpp
[100%] Built target uuv_gazebo_ros_plugins_msgs_generate_messages
[36mInstall the project...[0m
-- Install configuration: ""
-- Installing: /home/constance/uuv_ws/install/_setup_util.py
-- Installing: /home/constance/uuv_ws/install/env.sh
-- Installing: /home/constance/uuv_ws/install/setup.bash
-- Installing: /home/constance/uuv_ws/install/local_setup.bash
-- Installing: /home/constance/uuv_ws/install/setup.sh
-- Installing: /home/constance/uuv_ws/install/local_setup.sh
-- Installing: /home/constance/uuv_ws/install/setup.zsh
-- Installing: /home/constance/uuv_ws/install/local_setup.zsh
-- Installing: /home/constance/uuv_ws/install/.rosinstall
-- Up-to-date: /home/constance/uuv_ws/install/share/uuv_gazebo_ros_plugins_msgs/msg/FloatStamped.msg
-- Up-to-date: /home/constance/uuv_ws/install/share/uuv_gazebo_ros_plugins_msgs/msg/UnderwaterObjectModel.msg
-- Up-to-date: /home/constance/uuv_ws/install/share/uuv_gazebo_ros_plugins_msgs/msg/ThrusterConversionFcn.msg
-- Up-to-date: /home/constance/uuv_ws/install/share/uuv_gazebo_ros_plugins_msgs/srv/SetThrusterEfficiency.srv
-- Up-to-date: /home/constance/uuv_ws/install/share/uuv_gazebo_ros_plugins_msgs/srv/SetThrusterState.srv
-- Up-to-date: /home/constance/uuv_ws/install/share/uuv_gazebo_ros_plugins_msgs/srv/GetThrusterEfficiency.srv
-- Up-to-date: /home/constance/uuv_ws/install/share/uuv_gazebo_ros_plugins_msgs/srv/GetThrusterState.srv
-- Up-to-date: /home/constance/uuv_ws/install/share/uuv_gazebo_ros_plugins_msgs/srv/SetUseGlobalCurrentVel.srv
-- Up-to-date: /home/constance/uuv_ws/install/share/uuv_gazebo_ros_plugins_msgs/srv/GetModelProperties.srv
-- Up-to-date: /home/constance/uuv_ws/install/share/uuv_gazebo_ros_plugins_msgs/srv/SetFloat.srv
-- Up-to-date: /home/constance/uuv_ws/install/share/uuv_gazebo_ros_plugins_msgs/srv/GetFloat.srv
-- Up-to-date: /home/constance/uuv_ws/install/share/uuv_gazebo_ros_plugins_msgs/srv/GetListParam.srv
-- Up-to-date: /home/constance/uuv_ws/install/share/uuv_gazebo_ros_plugins_msgs/srv/GetThrusterConversionFcn.srv
-- Up-to-date: /home/constance/uuv_ws/install/share/uuv_gazebo_ros_plugins_msgs/cmake/uuv_gazebo_ros_plugins_msgs-msg-paths.cmake
-- Up-to-date: /home/constance/uuv_ws/install/include/uuv_gazebo_ros_plugins_msgs
-- Up-to-date: /home/constance/uuv_ws/install/include/uuv_gazebo_ros_plugins_msgs/GetListParamRequest.h
-- Up-to-date: /home/constance/uuv_ws/install/include/uuv_gazebo_ros_plugins_msgs/GetFloat.h
-- Up-to-date: /home/constance/uuv_ws/install/include/uuv_gazebo_ros_plugins_msgs/SetFloat.h
-- Up-to-date: /home/constance/uuv_ws/install/include/uuv_gazebo_ros_plugins_msgs/SetThrusterState.h
-- Up-to-date: /home/constance/uuv_ws/install/include/uuv_gazebo_ros_plugins_msgs/ThrusterConversionFcn.h
-- Up-to-date: /home/constance/uuv_ws/install/include/uuv_gazebo_ros_plugins_msgs/SetThrusterEfficiency.h
-- Up-to-date: /home/constance/uuv_ws/install/include/uuv_gazebo_ros_plugins_msgs/FloatStamped.h
-- Up-to-date: /home/constance/uuv_ws/install/include/uuv_gazebo_ros_plugins_msgs/GetFloatResponse.h
-- Up-to-date: /home/constance/uuv_ws/install/include/uuv_gazebo_ros_plugins_msgs/GetFloatRequest.h
-- Up-to-date: /home/constance/uuv_ws/install/include/uuv_gazebo_ros_plugins_msgs/SetUseGlobalCurrentVelRequest.h
-- Up-to-date: /home/constance/uuv_ws/install/include/uuv_gazebo_ros_plugins_msgs/GetThrusterConversionFcn.h
-- Up-to-date: /home/constance/uuv_ws/install/include/uuv_gazebo_ros_plugins_msgs/GetThrusterConversionFcnRequest.h
-- Up-to-date: /home/constance/uuv_ws/install/include/uuv_gazebo_ros_plugins_msgs/SetFloatRequest.h
-- Up-to-date: /home/constance/uuv_ws/install/include/uuv_gazebo_ros_plugins_msgs/SetThrusterStateResponse.h
-- Up-to-date: /home/constance/uuv_ws/install/include/uuv_gazebo_ros_plugins_msgs/GetThrusterState.h
-- Up-to-date: /home/constance/uuv_ws/install/include/uuv_gazebo_ros_plugins_msgs/GetModelPropertiesRequest.h
-- Up-to-date: /home/constance/uuv_ws/install/include/uuv_gazebo_ros_plugins_msgs/SetUseGlobalCurrentVel.h
-- Up-to-date: /home/constance/uuv_ws/install/include/uuv_gazebo_ros_plugins_msgs/GetModelPropertiesResponse.h
-- Up-to-date: /home/constance/uuv_ws/install/include/uuv_gazebo_ros_plugins_msgs/GetThrusterEfficiencyResponse.h
-- Up-to-date: /home/constance/uuv_ws/install/include/uuv_gazebo_ros_plugins_msgs/UnderwaterObjectModel.h
-- Up-to-date: /home/constance/uuv_ws/install/include/uuv_gazebo_ros_plugins_msgs/SetUseGlobalCurrentVelResponse.h
-- Up-to-date: /home/constance/uuv_ws/install/include/uuv_gazebo_ros_plugins_msgs/SetThrusterStateRequest.h
-- Up-to-date: /home/constance/uuv_ws/install/include/uuv_gazebo_ros_plugins_msgs/SetFloatResponse.h
-- Up-to-date: /home/constance/uuv_ws/install/include/uuv_gazebo_ros_plugins_msgs/GetThrusterEfficiencyRequest.h
-- Up-to-date: /home/constance/uuv_ws/install/include/uuv_gazebo_ros_plugins_msgs/GetModelProperties.h
-- Up-to-date: /home/constance/uuv_ws/install/include/uuv_gazebo_ros_plugins_msgs/GetThrusterEfficiency.h
-- Up-to-date: /home/constance/uuv_ws/install/include/uuv_gazebo_ros_plugins_msgs/SetThrusterEfficiencyResponse.h
-- Up-to-date: /home/constance/uuv_ws/install/include/uuv_gazebo_ros_plugins_msgs/SetThrusterEfficiencyRequest.h
-- Up-to-date: /home/constance/uuv_ws/install/include/uuv_gazebo_ros_plugins_msgs/GetListParam.h
-- Up-to-date: /home/constance/uuv_ws/install/include/uuv_gazebo_ros_plugins_msgs/GetThrusterStateResponse.h
-- Up-to-date: /home/constance/uuv_ws/install/include/uuv_gazebo_ros_plugins_msgs/GetThrusterConversionFcnResponse.h
-- Up-to-date: /home/constance/uuv_ws/install/include/uuv_gazebo_ros_plugins_msgs/GetThrusterStateRequest.h
-- Up-to-date: /home/constance/uuv_ws/install/include/uuv_gazebo_ros_plugins_msgs/GetListParamResponse.h
-- Up-to-date: /home/constance/uuv_ws/install/share/roseus/ros/uuv_gazebo_ros_plugins_msgs
-- Up-to-date: /home/constance/uuv_ws/install/share/roseus/ros/uuv_gazebo_ros_plugins_msgs/srv
-- Up-to-date: /home/constance/uuv_ws/install/share/roseus/ros/uuv_gazebo_ros_plugins_msgs/srv/SetThrusterState.l
-- Up-to-date: /home/constance/uuv_ws/install/share/roseus/ros/uuv_gazebo_ros_plugins_msgs/srv/GetFloat.l
-- Up-to-date: /home/constance/uuv_ws/install/share/roseus/ros/uuv_gazebo_ros_plugins_msgs/srv/SetUseGlobalCurrentVel.l
-- Up-to-date: /home/constance/uuv_ws/install/share/roseus/ros/uuv_gazebo_ros_plugins_msgs/srv/GetThrusterState.l
-- Up-to-date: /home/constance/uuv_ws/install/share/roseus/ros/uuv_gazebo_ros_plugins_msgs/srv/GetModelProperties.l
-- Up-to-date: /home/constance/uuv_ws/install/share/roseus/ros/uuv_gazebo_ros_plugins_msgs/srv/GetListParam.l
-- Up-to-date: /home/constance/uuv_ws/install/share/roseus/ros/uuv_gazebo_ros_plugins_msgs/srv/GetThrusterEfficiency.l
-- Up-to-date: /home/constance/uuv_ws/install/share/roseus/ros/uuv_gazebo_ros_plugins_msgs/srv/SetThrusterEfficiency.l
-- Up-to-date: /home/constance/uuv_ws/install/share/roseus/ros/uuv_gazebo_ros_plugins_msgs/srv/SetFloat.l
-- Up-to-date: /home/constance/uuv_ws/install/share/roseus/ros/uuv_gazebo_ros_plugins_msgs/srv/GetThrusterConversionFcn.l
-- Up-to-date: /home/constance/uuv_ws/install/share/roseus/ros/uuv_gazebo_ros_plugins_msgs/manifest.l
-- Up-to-date: /home/constance/uuv_ws/install/share/roseus/ros/uuv_gazebo_ros_plugins_msgs/msg
-- Up-to-date: /home/constance/uuv_ws/install/share/roseus/ros/uuv_gazebo_ros_plugins_msgs/msg/UnderwaterObjectModel.l
-- Up-to-date: /home/constance/uuv_ws/install/share/roseus/ros/uuv_gazebo_ros_plugins_msgs/msg/ThrusterConversionFcn.l
-- Up-to-date: /home/constance/uuv_ws/install/share/roseus/ros/uuv_gazebo_ros_plugins_msgs/msg/FloatStamped.l
-- Up-to-date: /home/constance/uuv_ws/install/share/common-lisp/ros/uuv_gazebo_ros_plugins_msgs
-- Up-to-date: /home/constance/uuv_ws/install/share/common-lisp/ros/uuv_gazebo_ros_plugins_msgs/srv
-- Up-to-date: /home/constance/uuv_ws/install/share/common-lisp/ros/uuv_gazebo_ros_plugins_msgs/srv/_package_SetThrusterState.lisp
-- Up-to-date: /home/constance/uuv_ws/install/share/common-lisp/ros/uuv_gazebo_ros_plugins_msgs/srv/SetUseGlobalCurrentVel.lisp
-- Up-to-date: /home/constance/uuv_ws/install/share/common-lisp/ros/uuv_gazebo_ros_plugins_msgs/srv/_package.lisp
-- Up-to-date: /home/constance/uuv_ws/install/share/common-lisp/ros/uuv_gazebo_ros_plugins_msgs/srv/_package_GetThrusterEfficiency.lisp
-- Up-to-date: /home/constance/uuv_ws/install/share/common-lisp/ros/uuv_gazebo_ros_plugins_msgs/srv/SetThrusterEfficiency.lisp
-- Up-to-date: /home/constance/uuv_ws/install/share/common-lisp/ros/uuv_gazebo_ros_plugins_msgs/srv/GetListParam.lisp
-- Up-to-date: /home/constance/uuv_ws/install/share/common-lisp/ros/uuv_gazebo_ros_plugins_msgs/srv/SetThrusterState.lisp
-- Up-to-date: /home/constance/uuv_ws/install/share/common-lisp/ros/uuv_gazebo_ros_plugins_msgs/srv/_package_GetModelProperties.lisp
-- Up-to-date: /home/constance/uuv_ws/install/share/common-lisp/ros/uuv_gazebo_ros_plugins_msgs/srv/_package_GetThrusterState.lisp
-- Up-to-date: /home/constance/uuv_ws/install/share/common-lisp/ros/uuv_gazebo_ros_plugins_msgs/srv/_package_SetFloat.lisp
-- Up-to-date: /home/constance/uuv_ws/install/share/common-lisp/ros/uuv_gazebo_ros_plugins_msgs/srv/_package_GetThrusterConversionFcn.lisp
-- Up-to-date: /home/constance/uuv_ws/install/share/common-lisp/ros/uuv_gazebo_ros_plugins_msgs/srv/GetThrusterEfficiency.lisp
-- Up-to-date: /home/constance/uuv_ws/install/share/common-lisp/ros/uuv_gazebo_ros_plugins_msgs/srv/GetFloat.lisp
-- Up-to-date: /home/constance/uuv_ws/install/share/common-lisp/ros/uuv_gazebo_ros_plugins_msgs/srv/GetModelProperties.lisp
-- Up-to-date: /home/constance/uuv_ws/install/share/common-lisp/ros/uuv_gazebo_ros_plugins_msgs/srv/SetFloat.lisp
-- Up-to-date: /home/constance/uuv_ws/install/share/common-lisp/ros/uuv_gazebo_ros_plugins_msgs/srv/_package_SetUseGlobalCurrentVel.lisp
-- Up-to-date: /home/constance/uuv_ws/install/share/common-lisp/ros/uuv_gazebo_ros_plugins_msgs/srv/uuv_gazebo_ros_plugins_msgs-srv.asd
-- Up-to-date: /home/constance/uuv_ws/install/share/common-lisp/ros/uuv_gazebo_ros_plugins_msgs/srv/_package_GetListParam.lisp
-- Up-to-date: /home/constance/uuv_ws/install/share/common-lisp/ros/uuv_gazebo_ros_plugins_msgs/srv/GetThrusterConversionFcn.lisp
-- Up-to-date: /home/constance/uuv_ws/install/share/common-lisp/ros/uuv_gazebo_ros_plugins_msgs/srv/GetThrusterState.lisp
-- Up-to-date: /home/constance/uuv_ws/install/share/common-lisp/ros/uuv_gazebo_ros_plugins_msgs/srv/_package_GetFloat.lisp
-- Up-to-date: /home/constance/uuv_ws/install/share/common-lisp/ros/uuv_gazebo_ros_plugins_msgs/srv/_package_SetThrusterEfficiency.lisp
-- Up-to-date: /home/constance/uuv_ws/install/share/common-lisp/ros/uuv_gazebo_ros_plugins_msgs/msg
-- Up-to-date: /home/constance/uuv_ws/install/share/common-lisp/ros/uuv_gazebo_ros_plugins_msgs/msg/_package_FloatStamped.lisp
-- Up-to-date: /home/constance/uuv_ws/install/share/common-lisp/ros/uuv_gazebo_ros_plugins_msgs/msg/_package.lisp
-- Up-to-date: /home/constance/uuv_ws/install/share/common-lisp/ros/uuv_gazebo_ros_plugins_msgs/msg/FloatStamped.lisp
-- Up-to-date: /home/constance/uuv_ws/install/share/common-lisp/ros/uuv_gazebo_ros_plugins_msgs/msg/ThrusterConversionFcn.lisp
-- Up-to-date: /home/constance/uuv_ws/install/share/common-lisp/ros/uuv_gazebo_ros_plugins_msgs/msg/_package_ThrusterConversionFcn.lisp
-- Up-to-date: /home/constance/uuv_ws/install/share/common-lisp/ros/uuv_gazebo_ros_plugins_msgs/msg/_package_UnderwaterObjectModel.lisp
-- Up-to-date: /home/constance/uuv_ws/install/share/common-lisp/ros/uuv_gazebo_ros_plugins_msgs/msg/uuv_gazebo_ros_plugins_msgs-msg.asd
-- Up-to-date: /home/constance/uuv_ws/install/share/common-lisp/ros/uuv_gazebo_ros_plugins_msgs/msg/UnderwaterObjectModel.lisp
-- Up-to-date: /home/constance/uuv_ws/install/share/gennodejs/ros/uuv_gazebo_ros_plugins_msgs
-- Up-to-date: /home/constance/uuv_ws/install/share/gennodejs/ros/uuv_gazebo_ros_plugins_msgs/srv
-- Up-to-date: /home/constance/uuv_ws/install/share/gennodejs/ros/uuv_gazebo_ros_plugins_msgs/srv/SetUseGlobalCurrentVel.js
-- Up-to-date: /home/constance/uuv_ws/install/share/gennodejs/ros/uuv_gazebo_ros_plugins_msgs/srv/GetListParam.js
-- Up-to-date: /home/constance/uuv_ws/install/share/gennodejs/ros/uuv_gazebo_ros_plugins_msgs/srv/SetThrusterState.js
-- Up-to-date: /home/constance/uuv_ws/install/share/gennodejs/ros/uuv_gazebo_ros_plugins_msgs/srv/SetThrusterEfficiency.js
-- Up-to-date: /home/constance/uuv_ws/install/share/gennodejs/ros/uuv_gazebo_ros_plugins_msgs/srv/_index.js
-- Up-to-date: /home/constance/uuv_ws/install/share/gennodejs/ros/uuv_gazebo_ros_plugins_msgs/srv/GetModelProperties.js
-- Up-to-date: /home/constance/uuv_ws/install/share/gennodejs/ros/uuv_gazebo_ros_plugins_msgs/srv/SetFloat.js
-- Up-to-date: /home/constance/uuv_ws/install/share/gennodejs/ros/uuv_gazebo_ros_plugins_msgs/srv/GetFloat.js
-- Up-to-date: /home/constance/uuv_ws/install/share/gennodejs/ros/uuv_gazebo_ros_plugins_msgs/srv/GetThrusterConversionFcn.js
-- Up-to-date: /home/constance/uuv_ws/install/share/gennodejs/ros/uuv_gazebo_ros_plugins_msgs/srv/GetThrusterState.js
-- Up-to-date: /home/constance/uuv_ws/install/share/gennodejs/ros/uuv_gazebo_ros_plugins_msgs/srv/GetThrusterEfficiency.js
-- Up-to-date: /home/constance/uuv_ws/install/share/gennodejs/ros/uuv_gazebo_ros_plugins_msgs/_index.js
-- Up-to-date: /home/constance/uuv_ws/install/share/gennodejs/ros/uuv_gazebo_ros_plugins_msgs/msg
-- Up-to-date: /home/constance/uuv_ws/install/share/gennodejs/ros/uuv_gazebo_ros_plugins_msgs/msg/FloatStamped.js
-- Up-to-date: /home/constance/uuv_ws/install/share/gennodejs/ros/uuv_gazebo_ros_plugins_msgs/msg/_index.js
-- Up-to-date: /home/constance/uuv_ws/install/share/gennodejs/ros/uuv_gazebo_ros_plugins_msgs/msg/ThrusterConversionFcn.js
-- Up-to-date: /home/constance/uuv_ws/install/share/gennodejs/ros/uuv_gazebo_ros_plugins_msgs/msg/UnderwaterObjectModel.js
Listing '/home/constance/uuv_ws/devel/.private/uuv_gazebo_ros_plugins_msgs/lib/python3/dist-packages/uuv_gazebo_ros_plugins_msgs'...
Listing '/home/constance/uuv_ws/devel/.private/uuv_gazebo_ros_plugins_msgs/lib/python3/dist-packages/uuv_gazebo_ros_plugins_msgs/msg'...
Listing '/home/constance/uuv_ws/devel/.private/uuv_gazebo_ros_plugins_msgs/lib/python3/dist-packages/uuv_gazebo_ros_plugins_msgs/srv'...
-- Up-to-date: /home/constance/uuv_ws/install/lib/python3/dist-packages/uuv_gazebo_ros_plugins_msgs
-- Up-to-date: /home/constance/uuv_ws/install/lib/python3/dist-packages/uuv_gazebo_ros_plugins_msgs/srv
-- Up-to-date: /home/constance/uuv_ws/install/lib/python3/dist-packages/uuv_gazebo_ros_plugins_msgs/srv/_GetThrusterEfficiency.py
-- Up-to-date: /home/constance/uuv_ws/install/lib/python3/dist-packages/uuv_gazebo_ros_plugins_msgs/srv/_GetListParam.py
-- Up-to-date: /home/constance/uuv_ws/install/lib/python3/dist-packages/uuv_gazebo_ros_plugins_msgs/srv/_GetModelProperties.py
-- Up-to-date: /home/constance/uuv_ws/install/lib/python3/dist-packages/uuv_gazebo_ros_plugins_msgs/srv/_SetThrusterEfficiency.py
-- Up-to-date: /home/constance/uuv_ws/install/lib/python3/dist-packages/uuv_gazebo_ros_plugins_msgs/srv/__pycache__
-- Up-to-date: /home/constance/uuv_ws/install/lib/python3/dist-packages/uuv_gazebo_ros_plugins_msgs/srv/__pycache__/__init__.cpython-38.pyc
-- Up-to-date: /home/constance/uuv_ws/install/lib/python3/dist-packages/uuv_gazebo_ros_plugins_msgs/srv/__pycache__/_GetThrusterEfficiency.cpython-38.pyc
-- Up-to-date: /home/constance/uuv_ws/install/lib/python3/dist-packages/uuv_gazebo_ros_plugins_msgs/srv/__pycache__/_GetModelProperties.cpython-38.pyc
-- Up-to-date: /home/constance/uuv_ws/install/lib/python3/dist-packages/uuv_gazebo_ros_plugins_msgs/srv/__pycache__/_GetFloat.cpython-38.pyc
-- Up-to-date: /home/constance/uuv_ws/install/lib/python3/dist-packages/uuv_gazebo_ros_plugins_msgs/srv/__pycache__/_SetThrusterEfficiency.cpython-38.pyc
-- Up-to-date: /home/constance/uuv_ws/install/lib/python3/dist-packages/uuv_gazebo_ros_plugins_msgs/srv/__pycache__/_GetThrusterConversionFcn.cpython-38.pyc
-- Up-to-date: /home/constance/uuv_ws/install/lib/python3/dist-packages/uuv_gazebo_ros_plugins_msgs/srv/__pycache__/_GetThrusterState.cpython-38.pyc
-- Up-to-date: /home/constance/uuv_ws/install/lib/python3/dist-packages/uuv_gazebo_ros_plugins_msgs/srv/__pycache__/_SetUseGlobalCurrentVel.cpython-38.pyc
-- Up-to-date: /home/constance/uuv_ws/install/lib/python3/dist-packages/uuv_gazebo_ros_plugins_msgs/srv/__pycache__/_GetListParam.cpython-38.pyc
-- Up-to-date: /home/constance/uuv_ws/install/lib/python3/dist-packages/uuv_gazebo_ros_plugins_msgs/srv/__pycache__/_SetThrusterState.cpython-38.pyc
-- Up-to-date: /home/constance/uuv_ws/install/lib/python3/dist-packages/uuv_gazebo_ros_plugins_msgs/srv/__pycache__/_SetFloat.cpython-38.pyc
-- Up-to-date: /home/constance/uuv_ws/install/lib/python3/dist-packages/uuv_gazebo_ros_plugins_msgs/srv/_SetThrusterState.py
-- Up-to-date: /home/constance/uuv_ws/install/lib/python3/dist-packages/uuv_gazebo_ros_plugins_msgs/srv/_SetUseGlobalCurrentVel.py
-- Up-to-date: /home/constance/uuv_ws/install/lib/python3/dist-packages/uuv_gazebo_ros_plugins_msgs/srv/_GetThrusterState.py
-- Up-to-date: /home/constance/uuv_ws/install/lib/python3/dist-packages/uuv_gazebo_ros_plugins_msgs/srv/_GetThrusterConversionFcn.py
-- Up-to-date: /home/constance/uuv_ws/install/lib/python3/dist-packages/uuv_gazebo_ros_plugins_msgs/srv/__init__.py
-- Up-to-date: /home/constance/uuv_ws/install/lib/python3/dist-packages/uuv_gazebo_ros_plugins_msgs/srv/_GetFloat.py
-- Up-to-date: /home/constance/uuv_ws/install/lib/python3/dist-packages/uuv_gazebo_ros_plugins_msgs/srv/_SetFloat.py
-- Up-to-date: /home/constance/uuv_ws/install/lib/python3/dist-packages/uuv_gazebo_ros_plugins_msgs/__pycache__
-- Up-to-date: /home/constance/uuv_ws/install/lib/python3/dist-packages/uuv_gazebo_ros_plugins_msgs/__pycache__/__init__.cpython-38.pyc
-- Up-to-date: /home/constance/uuv_ws/install/lib/python3/dist-packages/uuv_gazebo_ros_plugins_msgs/msg
-- Up-to-date: /home/constance/uuv_ws/install/lib/python3/dist-packages/uuv_gazebo_ros_plugins_msgs/msg/__pycache__
-- Up-to-date: /home/constance/uuv_ws/install/lib/python3/dist-packages/uuv_gazebo_ros_plugins_msgs/msg/__pycache__/__init__.cpython-38.pyc
-- Up-to-date: /home/constance/uuv_ws/install/lib/python3/dist-packages/uuv_gazebo_ros_plugins_msgs/msg/__pycache__/_UnderwaterObjectModel.cpython-38.pyc
-- Up-to-date: /home/constance/uuv_ws/install/lib/python3/dist-packages/uuv_gazebo_ros_plugins_msgs/msg/__pycache__/_FloatStamped.cpython-38.pyc
-- Up-to-date: /home/constance/uuv_ws/install/lib/python3/dist-packages/uuv_gazebo_ros_plugins_msgs/msg/__pycache__/_ThrusterConversionFcn.cpython-38.pyc
-- Up-to-date: /home/constance/uuv_ws/install/lib/python3/dist-packages/uuv_gazebo_ros_plugins_msgs/msg/_UnderwaterObjectModel.py
-- Up-to-date: /home/constance/uuv_ws/install/lib/python3/dist-packages/uuv_gazebo_ros_plugins_msgs/msg/_ThrusterConversionFcn.py
-- Up-to-date: /home/constance/uuv_ws/install/lib/python3/dist-packages/uuv_gazebo_ros_plugins_msgs/msg/_FloatStamped.py
-- Up-to-date: /home/constance/uuv_ws/install/lib/python3/dist-packages/uuv_gazebo_ros_plugins_msgs/msg/__init__.py
-- Up-to-date: /home/constance/uuv_ws/install/lib/python3/dist-packages/uuv_gazebo_ros_plugins_msgs/__init__.py
-- Up-to-date: /home/constance/uuv_ws/install/lib/pkgconfig/uuv_gazebo_ros_plugins_msgs.pc
-- Up-to-date: /home/constance/uuv_ws/install/share/uuv_gazebo_ros_plugins_msgs/cmake/uuv_gazebo_ros_plugins_msgs-msg-extras.cmake
-- Up-to-date: /home/constance/uuv_ws/install/share/uuv_gazebo_ros_plugins_msgs/cmake/uuv_gazebo_ros_plugins_msgsConfig.cmake
-- Up-to-date: /home/constance/uuv_ws/install/share/uuv_gazebo_ros_plugins_msgs/cmake/uuv_gazebo_ros_plugins_msgsConfig-version.cmake
-- Up-to-date: /home/constance/uuv_ws/install/share/uuv_gazebo_ros_plugins_msgs/package.xml
