[36mInstall the project...[0m
-- Install configuration: ""
-- Installing: /home/constance/uuv_ws/install/_setup_util.py
-- Installing: /home/constance/uuv_ws/install/env.sh
-- Installing: /home/constance/uuv_ws/install/setup.bash
-- Installing: /home/constance/uuv_ws/install/local_setup.bash
-- Installing: /home/constance/uuv_ws/install/setup.sh
-- Installing: /home/constance/uuv_ws/install/local_setup.sh
-- Installing: /home/constance/uuv_ws/install/setup.zsh
-- Installing: /home/constance/uuv_ws/install/local_setup.zsh
-- Installing: /home/constance/uuv_ws/install/.rosinstall
-- Installing: /home/constance/uuv_ws/install/lib/pkgconfig/oberon7_moveit_config.pc
-- Installing: /home/constance/uuv_ws/install/share/oberon7_moveit_config/cmake/oberon7_moveit_configConfig.cmake
-- Installing: /home/constance/uuv_ws/install/share/oberon7_moveit_config/cmake/oberon7_moveit_configConfig-version.cmake
-- Installing: /home/constance/uuv_ws/install/share/oberon7_moveit_config/package.xml
-- Installing: /home/constance/uuv_ws/install/share/oberon7_moveit_config/launch
-- Installing: /home/constance/uuv_ws/install/share/oberon7_moveit_config/launch/moveit_oberon7_r.rviz
-- Installing: /home/constance/uuv_ws/install/share/oberon7_moveit_config/launch/demo.launch
-- Installing: /home/constance/uuv_ws/install/share/oberon7_moveit_config/launch/default_warehouse_db.launch
-- Installing: /home/constance/uuv_ws/install/share/oberon7_moveit_config/launch/fake_moveit_controller_manager.launch.xml
-- Installing: /home/constance/uuv_ws/install/share/oberon7_moveit_config/launch/planning_pipeline.launch.xml
-- Installing: /home/constance/uuv_ws/install/share/oberon7_moveit_config/launch/ompl_planning_pipeline.launch.xml
-- Installing: /home/constance/uuv_ws/install/share/oberon7_moveit_config/launch/warehouse.launch
-- Installing: /home/constance/uuv_ws/install/share/oberon7_moveit_config/launch/oberon7_moveit_controller_manager.launch.xml
-- Installing: /home/constance/uuv_ws/install/share/oberon7_moveit_config/launch/planning_context.launch
-- Installing: /home/constance/uuv_ws/install/share/oberon7_moveit_config/launch/ros_control_moveit_controller_manager.launch.xml
-- Installing: /home/constance/uuv_ws/install/share/oberon7_moveit_config/launch/joystick_control.launch
-- Installing: /home/constance/uuv_ws/install/share/oberon7_moveit_config/launch/warehouse_settings.launch.xml
-- Installing: /home/constance/uuv_ws/install/share/oberon7_moveit_config/launch/demo_gazebo.launch
-- Installing: /home/constance/uuv_ws/install/share/oberon7_moveit_config/launch/pilz_industrial_motion_planner_planning_pipeline.launch.xml
-- Installing: /home/constance/uuv_ws/install/share/oberon7_moveit_config/launch/oberon7_moveit_sensor_manager.launch.xml
-- Installing: /home/constance/uuv_ws/install/share/oberon7_moveit_config/launch/trajectory_execution.launch.xml
-- Installing: /home/constance/uuv_ws/install/share/oberon7_moveit_config/launch/gazebo.launch
-- Installing: /home/constance/uuv_ws/install/share/oberon7_moveit_config/launch/moveit_rviz.launch
-- Installing: /home/constance/uuv_ws/install/share/oberon7_moveit_config/launch/moveit_oberon7.rviz
-- Installing: /home/constance/uuv_ws/install/share/oberon7_moveit_config/launch/simple_moveit_controller_manager.launch.xml
-- Installing: /home/constance/uuv_ws/install/share/oberon7_moveit_config/launch/oberon7_moveit_planning_execution.launch
-- Installing: /home/constance/uuv_ws/install/share/oberon7_moveit_config/launch/oberon7_r_moveit_controller_manager.launch.xml
-- Installing: /home/constance/uuv_ws/install/share/oberon7_moveit_config/launch/oberon7_multi_planning_execution.launch
-- Installing: /home/constance/uuv_ws/install/share/oberon7_moveit_config/launch/planning_dual_context.launch
-- Installing: /home/constance/uuv_ws/install/share/oberon7_moveit_config/launch/run_benchmark_ompl.launch
-- Installing: /home/constance/uuv_ws/install/share/oberon7_moveit_config/launch/moveit_oberon7_l.rviz
-- Installing: /home/constance/uuv_ws/install/share/oberon7_moveit_config/launch/chomp_planning_pipeline.launch.xml
-- Installing: /home/constance/uuv_ws/install/share/oberon7_moveit_config/launch/sensor_manager.launch.xml
-- Installing: /home/constance/uuv_ws/install/share/oberon7_moveit_config/launch/move_group.launch
-- Installing: /home/constance/uuv_ws/install/share/oberon7_moveit_config/launch/ros_controllers.launch
-- Installing: /home/constance/uuv_ws/install/share/oberon7_moveit_config/config
-- Installing: /home/constance/uuv_ws/install/share/oberon7_moveit_config/config/dual_controllers.yaml
-- Installing: /home/constance/uuv_ws/install/share/oberon7_moveit_config/config/sensors_3d.yaml
-- Installing: /home/constance/uuv_ws/install/share/oberon7_moveit_config/config/gazebo_controllers.yaml
-- Installing: /home/constance/uuv_ws/install/share/oberon7_moveit_config/config/ompl_planning.yaml
-- Installing: /home/constance/uuv_ws/install/share/oberon7_moveit_config/config/oberon7_bimanual.srdf
-- Installing: /home/constance/uuv_ws/install/share/oberon7_moveit_config/config/dual_fake_controllers.yaml
-- Installing: /home/constance/uuv_ws/install/share/oberon7_moveit_config/config/kinematics.yaml
-- Installing: /home/constance/uuv_ws/install/share/oberon7_moveit_config/config/joint_limits.yaml
-- Installing: /home/constance/uuv_ws/install/share/oberon7_moveit_config/config/fake_controllers.yaml
-- Installing: /home/constance/uuv_ws/install/share/oberon7_moveit_config/config/oberon7.srdf
-- Installing: /home/constance/uuv_ws/install/share/oberon7_moveit_config/config/ros_controllers.yaml
-- Installing: /home/constance/uuv_ws/install/share/oberon7_moveit_config/config/simple_moveit_controllers.yaml
-- Installing: /home/constance/uuv_ws/install/share/oberon7_moveit_config/config/cartesian_limits.yaml
-- Installing: /home/constance/uuv_ws/install/share/oberon7_moveit_config/config/chomp_planning.yaml
-- Installing: /home/constance/uuv_ws/install/share/oberon7_moveit_config/config/controllers.yaml
