[100%] Built target uuv_control_cascaded_pid_gencfg
[36mInstall the project...[0m
-- Install configuration: ""
-- Installing: /home/constance/uuv_ws/install/_setup_util.py
-- Installing: /home/constance/uuv_ws/install/env.sh
-- Installing: /home/constance/uuv_ws/install/setup.bash
-- Installing: /home/constance/uuv_ws/install/local_setup.bash
-- Installing: /home/constance/uuv_ws/install/setup.sh
-- Installing: /home/constance/uuv_ws/install/local_setup.sh
-- Installing: /home/constance/uuv_ws/install/setup.zsh
-- Installing: /home/constance/uuv_ws/install/local_setup.zsh
-- Installing: /home/constance/uuv_ws/install/.rosinstall
+ cd /home/constance/uuv_ws/src/uuv_simulator/uuv_control/uuv_control_cascaded_pids
+ mkdir -p /home/constance/uuv_ws/install/lib/python3/dist-packages
+ /usr/bin/env PYTHONPATH=/home/constance/uuv_ws/install/lib/python3/dist-packages:/home/constance/uuv_ws/build/uuv_control_cascaded_pid/lib/python3/dist-packages:/home/constance/uuv_ws/install/lib/python3/dist-packages:/opt/ros/noetic/lib/python3/dist-packages CATKIN_BINARY_DIR=/home/constance/uuv_ws/build/uuv_control_cascaded_pid /usr/bin/python3 /home/constance/uuv_ws/src/uuv_simulator/uuv_control/uuv_control_cascaded_pids/setup.py build --build-base /home/constance/uuv_ws/build/uuv_control_cascaded_pid install --root=/ --install-layout=deb --prefix=/home/constance/uuv_ws/install --install-scripts=/home/constance/uuv_ws/install/bin
running build
running build_py
creating /home/constance/uuv_ws/build/uuv_control_cascaded_pid/lib
creating /home/constance/uuv_ws/build/uuv_control_cascaded_pid/lib/PID
copying src/PID/__init__.py -> /home/constance/uuv_ws/build/uuv_control_cascaded_pid/lib/PID
copying src/PID/PIDRegulator.py -> /home/constance/uuv_ws/build/uuv_control_cascaded_pid/lib/PID
running install
running install_lib
creating /home/constance/uuv_ws/install/lib/python3/dist-packages/PID
copying /home/constance/uuv_ws/build/uuv_control_cascaded_pid/lib/PID/__init__.py -> /home/constance/uuv_ws/install/lib/python3/dist-packages/PID
copying /home/constance/uuv_ws/build/uuv_control_cascaded_pid/lib/PID/PIDRegulator.py -> /home/constance/uuv_ws/install/lib/python3/dist-packages/PID
byte-compiling /home/constance/uuv_ws/install/lib/python3/dist-packages/PID/__init__.py to __init__.cpython-38.pyc
byte-compiling /home/constance/uuv_ws/install/lib/python3/dist-packages/PID/PIDRegulator.py to PIDRegulator.cpython-38.pyc
running install_egg_info
Writing /home/constance/uuv_ws/install/lib/python3/dist-packages/uuv_control_cascaded_pid-0.6.13.egg-info
-- Installing: /home/constance/uuv_ws/install/include/uuv_control_cascaded_pid/AccelerationControlConfig.h
-- Installing: /home/constance/uuv_ws/install/include/uuv_control_cascaded_pid/PositionControlConfig.h
-- Installing: /home/constance/uuv_ws/install/include/uuv_control_cascaded_pid/VelocityControlConfig.h
-- Installing: /home/constance/uuv_ws/install/lib/python3/dist-packages/uuv_control_cascaded_pid/__init__.py
Listing '/home/constance/uuv_ws/devel/.private/uuv_control_cascaded_pid/lib/python3/dist-packages/uuv_control_cascaded_pid/cfg'...
Compiling '/home/constance/uuv_ws/devel/.private/uuv_control_cascaded_pid/lib/python3/dist-packages/uuv_control_cascaded_pid/cfg/AccelerationControlConfig.py'...
Compiling '/home/constance/uuv_ws/devel/.private/uuv_control_cascaded_pid/lib/python3/dist-packages/uuv_control_cascaded_pid/cfg/PositionControlConfig.py'...
Compiling '/home/constance/uuv_ws/devel/.private/uuv_control_cascaded_pid/lib/python3/dist-packages/uuv_control_cascaded_pid/cfg/VelocityControlConfig.py'...
Compiling '/home/constance/uuv_ws/devel/.private/uuv_control_cascaded_pid/lib/python3/dist-packages/uuv_control_cascaded_pid/cfg/__init__.py'...
-- Installing: /home/constance/uuv_ws/install/lib/python3/dist-packages/uuv_control_cascaded_pid/cfg
-- Installing: /home/constance/uuv_ws/install/lib/python3/dist-packages/uuv_control_cascaded_pid/cfg/__pycache__
-- Installing: /home/constance/uuv_ws/install/lib/python3/dist-packages/uuv_control_cascaded_pid/cfg/__pycache__/__init__.cpython-38.pyc
-- Installing: /home/constance/uuv_ws/install/lib/python3/dist-packages/uuv_control_cascaded_pid/cfg/__pycache__/AccelerationControlConfig.cpython-38.pyc
-- Installing: /home/constance/uuv_ws/install/lib/python3/dist-packages/uuv_control_cascaded_pid/cfg/__pycache__/PositionControlConfig.cpython-38.pyc
-- Installing: /home/constance/uuv_ws/install/lib/python3/dist-packages/uuv_control_cascaded_pid/cfg/__pycache__/VelocityControlConfig.cpython-38.pyc
-- Installing: /home/constance/uuv_ws/install/lib/python3/dist-packages/uuv_control_cascaded_pid/cfg/AccelerationControlConfig.py
-- Installing: /home/constance/uuv_ws/install/lib/python3/dist-packages/uuv_control_cascaded_pid/cfg/VelocityControlConfig.py
-- Installing: /home/constance/uuv_ws/install/lib/python3/dist-packages/uuv_control_cascaded_pid/cfg/__init__.py
-- Installing: /home/constance/uuv_ws/install/lib/python3/dist-packages/uuv_control_cascaded_pid/cfg/PositionControlConfig.py
-- Installing: /home/constance/uuv_ws/install/lib/pkgconfig/uuv_control_cascaded_pid.pc
-- Installing: /home/constance/uuv_ws/install/share/uuv_control_cascaded_pid/cmake/uuv_control_cascaded_pidConfig.cmake
-- Installing: /home/constance/uuv_ws/install/share/uuv_control_cascaded_pid/cmake/uuv_control_cascaded_pidConfig-version.cmake
-- Installing: /home/constance/uuv_ws/install/share/uuv_control_cascaded_pid/package.xml
-- Installing: /home/constance/uuv_ws/install/lib/uuv_control_cascaded_pid/AccelerationControl.py
-- Installing: /home/constance/uuv_ws/install/lib/uuv_control_cascaded_pid/PositionControl.py
-- Installing: /home/constance/uuv_ws/install/lib/uuv_control_cascaded_pid/VelocityControl.py
-- Installing: /home/constance/uuv_ws/install/share/uuv_control_cascaded_pid/launch
-- Installing: /home/constance/uuv_ws/install/share/uuv_control_cascaded_pid/launch/position_hold.launch
-- Installing: /home/constance/uuv_ws/install/share/uuv_control_cascaded_pid/launch/joy_velocity.launch
-- Installing: /home/constance/uuv_ws/install/share/uuv_control_cascaded_pid/launch/joy_accel.launch
-- Installing: /home/constance/uuv_ws/install/share/uuv_control_cascaded_pid/launch/key_board_velocity.launch
-- Installing: /home/constance/uuv_ws/install/share/uuv_control_cascaded_pid/config
-- Installing: /home/constance/uuv_ws/install/share/uuv_control_cascaded_pid/config/joy_accel.yaml
-- Installing: /home/constance/uuv_ws/install/share/uuv_control_cascaded_pid/config/joy_vel.yaml
-- Installing: /home/constance/uuv_ws/install/share/uuv_control_cascaded_pid/config/rexrov
-- Installing: /home/constance/uuv_ws/install/share/uuv_control_cascaded_pid/config/rexrov/pos_pid_control.yaml
-- Installing: /home/constance/uuv_ws/install/share/uuv_control_cascaded_pid/config/rexrov/vel_pid_control.yaml
-- Installing: /home/constance/uuv_ws/install/share/uuv_control_cascaded_pid/config/rexrov/inertial.yaml
-- Installing: /home/constance/uuv_ws/install/share/uuv_control_cascaded_pid/cfg
-- Installing: /home/constance/uuv_ws/install/share/uuv_control_cascaded_pid/cfg/PositionControl.cfg
-- Installing: /home/constance/uuv_ws/install/share/uuv_control_cascaded_pid/cfg/VelocityControl.cfg
-- Installing: /home/constance/uuv_ws/install/share/uuv_control_cascaded_pid/cfg/AccelerationControl.cfg
