[100%] Built target uuv_control_cascaded_pid_gencfg
[36mInstall the project...[0m
-- Install configuration: ""
-- Installing: /home/constance/uuv_ws/install/_setup_util.py
-- Installing: /home/constance/uuv_ws/install/env.sh
-- Installing: /home/constance/uuv_ws/install/setup.bash
-- Installing: /home/constance/uuv_ws/install/local_setup.bash
-- Installing: /home/constance/uuv_ws/install/setup.sh
-- Installing: /home/constance/uuv_ws/install/local_setup.sh
-- Installing: /home/constance/uuv_ws/install/setup.zsh
-- Installing: /home/constance/uuv_ws/install/local_setup.zsh
-- Installing: /home/constance/uuv_ws/install/.rosinstall
+ cd /home/constance/uuv_ws/src/uuv_simulator/uuv_control/uuv_control_cascaded_pids
+ mkdir -p /home/constance/uuv_ws/install/lib/python3/dist-packages
+ /usr/bin/env PYTHONPATH=/home/constance/uuv_ws/install/lib/python3/dist-packages:/home/constance/uuv_ws/build/uuv_control_cascaded_pid/lib/python3/dist-packages:/home/constance/uuv_ws/install/lib/python3/dist-packages:/opt/ros/noetic/lib/python3/dist-packages CATKIN_BINARY_DIR=/home/constance/uuv_ws/build/uuv_control_cascaded_pid /usr/bin/python3 /home/constance/uuv_ws/src/uuv_simulator/uuv_control/uuv_control_cascaded_pids/setup.py build --build-base /home/constance/uuv_ws/build/uuv_control_cascaded_pid install --root=/ --install-layout=deb --prefix=/home/constance/uuv_ws/install --install-scripts=/home/constance/uuv_ws/install/bin
running build
running build_py
running install
running install_lib
running install_egg_info
Removing /home/constance/uuv_ws/install/lib/python3/dist-packages/uuv_control_cascaded_pid-0.6.13.egg-info
Writing /home/constance/uuv_ws/install/lib/python3/dist-packages/uuv_control_cascaded_pid-0.6.13.egg-info
-- Up-to-date: /home/constance/uuv_ws/install/include/uuv_control_cascaded_pid/AccelerationControlConfig.h
-- Up-to-date: /home/constance/uuv_ws/install/include/uuv_control_cascaded_pid/PositionControlConfig.h
-- Up-to-date: /home/constance/uuv_ws/install/include/uuv_control_cascaded_pid/VelocityControlConfig.h
-- Up-to-date: /home/constance/uuv_ws/install/lib/python3/dist-packages/uuv_control_cascaded_pid/__init__.py
Listing '/home/constance/uuv_ws/devel/.private/uuv_control_cascaded_pid/lib/python3/dist-packages/uuv_control_cascaded_pid/cfg'...
-- Up-to-date: /home/constance/uuv_ws/install/lib/python3/dist-packages/uuv_control_cascaded_pid/cfg
-- Up-to-date: /home/constance/uuv_ws/install/lib/python3/dist-packages/uuv_control_cascaded_pid/cfg/__pycache__
-- Up-to-date: /home/constance/uuv_ws/install/lib/python3/dist-packages/uuv_control_cascaded_pid/cfg/__pycache__/__init__.cpython-38.pyc
-- Up-to-date: /home/constance/uuv_ws/install/lib/python3/dist-packages/uuv_control_cascaded_pid/cfg/__pycache__/AccelerationControlConfig.cpython-38.pyc
-- Up-to-date: /home/constance/uuv_ws/install/lib/python3/dist-packages/uuv_control_cascaded_pid/cfg/__pycache__/PositionControlConfig.cpython-38.pyc
-- Up-to-date: /home/constance/uuv_ws/install/lib/python3/dist-packages/uuv_control_cascaded_pid/cfg/__pycache__/VelocityControlConfig.cpython-38.pyc
-- Up-to-date: /home/constance/uuv_ws/install/lib/python3/dist-packages/uuv_control_cascaded_pid/cfg/AccelerationControlConfig.py
-- Up-to-date: /home/constance/uuv_ws/install/lib/python3/dist-packages/uuv_control_cascaded_pid/cfg/VelocityControlConfig.py
-- Up-to-date: /home/constance/uuv_ws/install/lib/python3/dist-packages/uuv_control_cascaded_pid/cfg/__init__.py
-- Up-to-date: /home/constance/uuv_ws/install/lib/python3/dist-packages/uuv_control_cascaded_pid/cfg/PositionControlConfig.py
-- Up-to-date: /home/constance/uuv_ws/install/lib/pkgconfig/uuv_control_cascaded_pid.pc
-- Up-to-date: /home/constance/uuv_ws/install/share/uuv_control_cascaded_pid/cmake/uuv_control_cascaded_pidConfig.cmake
-- Up-to-date: /home/constance/uuv_ws/install/share/uuv_control_cascaded_pid/cmake/uuv_control_cascaded_pidConfig-version.cmake
-- Up-to-date: /home/constance/uuv_ws/install/share/uuv_control_cascaded_pid/package.xml
-- Up-to-date: /home/constance/uuv_ws/install/lib/uuv_control_cascaded_pid/AccelerationControl.py
-- Up-to-date: /home/constance/uuv_ws/install/lib/uuv_control_cascaded_pid/PositionControl.py
-- Up-to-date: /home/constance/uuv_ws/install/lib/uuv_control_cascaded_pid/VelocityControl.py
-- Up-to-date: /home/constance/uuv_ws/install/share/uuv_control_cascaded_pid/launch
-- Up-to-date: /home/constance/uuv_ws/install/share/uuv_control_cascaded_pid/launch/position_hold.launch
-- Up-to-date: /home/constance/uuv_ws/install/share/uuv_control_cascaded_pid/launch/joy_velocity.launch
-- Up-to-date: /home/constance/uuv_ws/install/share/uuv_control_cascaded_pid/launch/joy_accel.launch
-- Up-to-date: /home/constance/uuv_ws/install/share/uuv_control_cascaded_pid/launch/key_board_velocity.launch
-- Up-to-date: /home/constance/uuv_ws/install/share/uuv_control_cascaded_pid/config
-- Up-to-date: /home/constance/uuv_ws/install/share/uuv_control_cascaded_pid/config/joy_accel.yaml
-- Up-to-date: /home/constance/uuv_ws/install/share/uuv_control_cascaded_pid/config/joy_vel.yaml
-- Up-to-date: /home/constance/uuv_ws/install/share/uuv_control_cascaded_pid/config/rexrov
-- Up-to-date: /home/constance/uuv_ws/install/share/uuv_control_cascaded_pid/config/rexrov/pos_pid_control.yaml
-- Up-to-date: /home/constance/uuv_ws/install/share/uuv_control_cascaded_pid/config/rexrov/vel_pid_control.yaml
-- Up-to-date: /home/constance/uuv_ws/install/share/uuv_control_cascaded_pid/config/rexrov/inertial.yaml
-- Up-to-date: /home/constance/uuv_ws/install/share/uuv_control_cascaded_pid/cfg
-- Up-to-date: /home/constance/uuv_ws/install/share/uuv_control_cascaded_pid/cfg/PositionControl.cfg
-- Up-to-date: /home/constance/uuv_ws/install/share/uuv_control_cascaded_pid/cfg/VelocityControl.cfg
-- Up-to-date: /home/constance/uuv_ws/install/share/uuv_control_cascaded_pid/cfg/AccelerationControl.cfg
