[  0%] Built target _ds_acomms_msgs_generate_messages_check_deps_Vector3_F32
[  0%] Built target _ds_acomms_msgs_generate_messages_check_deps_ModemData
[  0%] Built target _ds_acomms_msgs_generate_messages_check_deps_AcousticModemData
[  0%] Built target _ds_acomms_msgs_generate_messages_check_deps_Point_F32
[  0%] Built target _ds_acomms_msgs_generate_messages_check_deps_AcksExpected
[  0%] Built target _ds_acomms_msgs_generate_messages_check_deps_MicromodemData
[  0%] Built target _ds_acomms_msgs_generate_messages_check_deps_QueueDefinition
[  0%] Built target _ds_acomms_msgs_generate_messages_check_deps_ModemDataRequest
[  0%] Built target _ds_acomms_msgs_generate_messages_check_deps_TDMASlots
[ 18%] Built target ds_acomms_msgs_generate_messages_nodejs
[ 41%] Built target ds_acomms_msgs_generate_messages_py
[ 60%] Built target ds_acomms_msgs_generate_messages_lisp
[ 79%] Built target ds_acomms_msgs_generate_messages_cpp
[100%] Built target ds_acomms_msgs_generate_messages_eus
[100%] Built target ds_acomms_msgs_generate_messages
[36mInstall the project...[0m
-- Install configuration: ""
-- Installing: /home/constance/uuv_ws/install/_setup_util.py
-- Installing: /home/constance/uuv_ws/install/env.sh
-- Installing: /home/constance/uuv_ws/install/setup.bash
-- Installing: /home/constance/uuv_ws/install/local_setup.bash
-- Installing: /home/constance/uuv_ws/install/setup.sh
-- Installing: /home/constance/uuv_ws/install/local_setup.sh
-- Installing: /home/constance/uuv_ws/install/setup.zsh
-- Installing: /home/constance/uuv_ws/install/local_setup.zsh
-- Installing: /home/constance/uuv_ws/install/.rosinstall
-- Up-to-date: /home/constance/uuv_ws/install/share/ds_acomms_msgs/msg/Vector3_F32.msg
-- Up-to-date: /home/constance/uuv_ws/install/share/ds_acomms_msgs/msg/Point_F32.msg
-- Up-to-date: /home/constance/uuv_ws/install/share/ds_acomms_msgs/msg/AcksExpected.msg
-- Up-to-date: /home/constance/uuv_ws/install/share/ds_acomms_msgs/msg/AcousticModemData.msg
-- Up-to-date: /home/constance/uuv_ws/install/share/ds_acomms_msgs/msg/MicromodemData.msg
-- Up-to-date: /home/constance/uuv_ws/install/share/ds_acomms_msgs/msg/ModemData.msg
-- Up-to-date: /home/constance/uuv_ws/install/share/ds_acomms_msgs/msg/QueueDefinition.msg
-- Up-to-date: /home/constance/uuv_ws/install/share/ds_acomms_msgs/msg/TDMASlots.msg
-- Up-to-date: /home/constance/uuv_ws/install/share/ds_acomms_msgs/srv/ModemDataRequest.srv
-- Up-to-date: /home/constance/uuv_ws/install/share/ds_acomms_msgs/cmake/ds_acomms_msgs-msg-paths.cmake
-- Up-to-date: /home/constance/uuv_ws/install/include/ds_acomms_msgs
-- Up-to-date: /home/constance/uuv_ws/install/include/ds_acomms_msgs/QueueDefinition.h
-- Up-to-date: /home/constance/uuv_ws/install/include/ds_acomms_msgs/AcousticModemData.h
-- Up-to-date: /home/constance/uuv_ws/install/include/ds_acomms_msgs/ModemDataRequestResponse.h
-- Up-to-date: /home/constance/uuv_ws/install/include/ds_acomms_msgs/ModemDataRequestRequest.h
-- Up-to-date: /home/constance/uuv_ws/install/include/ds_acomms_msgs/AcksExpected.h
-- Up-to-date: /home/constance/uuv_ws/install/include/ds_acomms_msgs/ModemDataRequest.h
-- Up-to-date: /home/constance/uuv_ws/install/include/ds_acomms_msgs/TDMASlots.h
-- Up-to-date: /home/constance/uuv_ws/install/include/ds_acomms_msgs/MicromodemData.h
-- Up-to-date: /home/constance/uuv_ws/install/include/ds_acomms_msgs/ModemData.h
-- Up-to-date: /home/constance/uuv_ws/install/include/ds_acomms_msgs/Vector3_F32.h
-- Up-to-date: /home/constance/uuv_ws/install/include/ds_acomms_msgs/Point_F32.h
-- Up-to-date: /home/constance/uuv_ws/install/share/roseus/ros/ds_acomms_msgs
-- Up-to-date: /home/constance/uuv_ws/install/share/roseus/ros/ds_acomms_msgs/srv
-- Up-to-date: /home/constance/uuv_ws/install/share/roseus/ros/ds_acomms_msgs/srv/ModemDataRequest.l
-- Up-to-date: /home/constance/uuv_ws/install/share/roseus/ros/ds_acomms_msgs/manifest.l
-- Up-to-date: /home/constance/uuv_ws/install/share/roseus/ros/ds_acomms_msgs/msg
-- Up-to-date: /home/constance/uuv_ws/install/share/roseus/ros/ds_acomms_msgs/msg/QueueDefinition.l
-- Up-to-date: /home/constance/uuv_ws/install/share/roseus/ros/ds_acomms_msgs/msg/TDMASlots.l
-- Up-to-date: /home/constance/uuv_ws/install/share/roseus/ros/ds_acomms_msgs/msg/AcousticModemData.l
-- Up-to-date: /home/constance/uuv_ws/install/share/roseus/ros/ds_acomms_msgs/msg/Vector3_F32.l
-- Up-to-date: /home/constance/uuv_ws/install/share/roseus/ros/ds_acomms_msgs/msg/Point_F32.l
-- Up-to-date: /home/constance/uuv_ws/install/share/roseus/ros/ds_acomms_msgs/msg/AcksExpected.l
-- Up-to-date: /home/constance/uuv_ws/install/share/roseus/ros/ds_acomms_msgs/msg/MicromodemData.l
-- Up-to-date: /home/constance/uuv_ws/install/share/roseus/ros/ds_acomms_msgs/msg/ModemData.l
-- Up-to-date: /home/constance/uuv_ws/install/share/common-lisp/ros/ds_acomms_msgs
-- Up-to-date: /home/constance/uuv_ws/install/share/common-lisp/ros/ds_acomms_msgs/srv
-- Up-to-date: /home/constance/uuv_ws/install/share/common-lisp/ros/ds_acomms_msgs/srv/ModemDataRequest.lisp
-- Up-to-date: /home/constance/uuv_ws/install/share/common-lisp/ros/ds_acomms_msgs/srv/_package.lisp
-- Up-to-date: /home/constance/uuv_ws/install/share/common-lisp/ros/ds_acomms_msgs/srv/_package_ModemDataRequest.lisp
-- Up-to-date: /home/constance/uuv_ws/install/share/common-lisp/ros/ds_acomms_msgs/srv/ds_acomms_msgs-srv.asd
-- Up-to-date: /home/constance/uuv_ws/install/share/common-lisp/ros/ds_acomms_msgs/msg
-- Up-to-date: /home/constance/uuv_ws/install/share/common-lisp/ros/ds_acomms_msgs/msg/_package_TDMASlots.lisp
-- Up-to-date: /home/constance/uuv_ws/install/share/common-lisp/ros/ds_acomms_msgs/msg/MicromodemData.lisp
-- Up-to-date: /home/constance/uuv_ws/install/share/common-lisp/ros/ds_acomms_msgs/msg/_package_AcksExpected.lisp
-- Up-to-date: /home/constance/uuv_ws/install/share/common-lisp/ros/ds_acomms_msgs/msg/QueueDefinition.lisp
-- Up-to-date: /home/constance/uuv_ws/install/share/common-lisp/ros/ds_acomms_msgs/msg/_package_Point_F32.lisp
-- Up-to-date: /home/constance/uuv_ws/install/share/common-lisp/ros/ds_acomms_msgs/msg/_package_QueueDefinition.lisp
-- Up-to-date: /home/constance/uuv_ws/install/share/common-lisp/ros/ds_acomms_msgs/msg/_package.lisp
-- Up-to-date: /home/constance/uuv_ws/install/share/common-lisp/ros/ds_acomms_msgs/msg/AcousticModemData.lisp
-- Up-to-date: /home/constance/uuv_ws/install/share/common-lisp/ros/ds_acomms_msgs/msg/TDMASlots.lisp
-- Up-to-date: /home/constance/uuv_ws/install/share/common-lisp/ros/ds_acomms_msgs/msg/_package_MicromodemData.lisp
-- Up-to-date: /home/constance/uuv_ws/install/share/common-lisp/ros/ds_acomms_msgs/msg/_package_AcousticModemData.lisp
-- Up-to-date: /home/constance/uuv_ws/install/share/common-lisp/ros/ds_acomms_msgs/msg/ModemData.lisp
-- Up-to-date: /home/constance/uuv_ws/install/share/common-lisp/ros/ds_acomms_msgs/msg/_package_Vector3_F32.lisp
-- Up-to-date: /home/constance/uuv_ws/install/share/common-lisp/ros/ds_acomms_msgs/msg/AcksExpected.lisp
-- Up-to-date: /home/constance/uuv_ws/install/share/common-lisp/ros/ds_acomms_msgs/msg/ds_acomms_msgs-msg.asd
-- Up-to-date: /home/constance/uuv_ws/install/share/common-lisp/ros/ds_acomms_msgs/msg/Point_F32.lisp
-- Up-to-date: /home/constance/uuv_ws/install/share/common-lisp/ros/ds_acomms_msgs/msg/_package_ModemData.lisp
-- Up-to-date: /home/constance/uuv_ws/install/share/common-lisp/ros/ds_acomms_msgs/msg/Vector3_F32.lisp
-- Up-to-date: /home/constance/uuv_ws/install/share/gennodejs/ros/ds_acomms_msgs
-- Up-to-date: /home/constance/uuv_ws/install/share/gennodejs/ros/ds_acomms_msgs/srv
-- Up-to-date: /home/constance/uuv_ws/install/share/gennodejs/ros/ds_acomms_msgs/srv/_index.js
-- Up-to-date: /home/constance/uuv_ws/install/share/gennodejs/ros/ds_acomms_msgs/srv/ModemDataRequest.js
-- Up-to-date: /home/constance/uuv_ws/install/share/gennodejs/ros/ds_acomms_msgs/_index.js
-- Up-to-date: /home/constance/uuv_ws/install/share/gennodejs/ros/ds_acomms_msgs/msg
-- Up-to-date: /home/constance/uuv_ws/install/share/gennodejs/ros/ds_acomms_msgs/msg/MicromodemData.js
-- Up-to-date: /home/constance/uuv_ws/install/share/gennodejs/ros/ds_acomms_msgs/msg/Vector3_F32.js
-- Up-to-date: /home/constance/uuv_ws/install/share/gennodejs/ros/ds_acomms_msgs/msg/_index.js
-- Up-to-date: /home/constance/uuv_ws/install/share/gennodejs/ros/ds_acomms_msgs/msg/QueueDefinition.js
-- Up-to-date: /home/constance/uuv_ws/install/share/gennodejs/ros/ds_acomms_msgs/msg/ModemData.js
-- Up-to-date: /home/constance/uuv_ws/install/share/gennodejs/ros/ds_acomms_msgs/msg/Point_F32.js
-- Up-to-date: /home/constance/uuv_ws/install/share/gennodejs/ros/ds_acomms_msgs/msg/TDMASlots.js
-- Up-to-date: /home/constance/uuv_ws/install/share/gennodejs/ros/ds_acomms_msgs/msg/AcousticModemData.js
-- Up-to-date: /home/constance/uuv_ws/install/share/gennodejs/ros/ds_acomms_msgs/msg/AcksExpected.js
Listing '/home/constance/uuv_ws/devel/.private/ds_acomms_msgs/lib/python3/dist-packages/ds_acomms_msgs'...
Listing '/home/constance/uuv_ws/devel/.private/ds_acomms_msgs/lib/python3/dist-packages/ds_acomms_msgs/msg'...
Listing '/home/constance/uuv_ws/devel/.private/ds_acomms_msgs/lib/python3/dist-packages/ds_acomms_msgs/srv'...
-- Up-to-date: /home/constance/uuv_ws/install/lib/python3/dist-packages/ds_acomms_msgs
-- Up-to-date: /home/constance/uuv_ws/install/lib/python3/dist-packages/ds_acomms_msgs/srv
-- Up-to-date: /home/constance/uuv_ws/install/lib/python3/dist-packages/ds_acomms_msgs/srv/_ModemDataRequest.py
-- Up-to-date: /home/constance/uuv_ws/install/lib/python3/dist-packages/ds_acomms_msgs/srv/__pycache__
-- Up-to-date: /home/constance/uuv_ws/install/lib/python3/dist-packages/ds_acomms_msgs/srv/__pycache__/__init__.cpython-38.pyc
-- Up-to-date: /home/constance/uuv_ws/install/lib/python3/dist-packages/ds_acomms_msgs/srv/__pycache__/_ModemDataRequest.cpython-38.pyc
-- Up-to-date: /home/constance/uuv_ws/install/lib/python3/dist-packages/ds_acomms_msgs/srv/__init__.py
-- Up-to-date: /home/constance/uuv_ws/install/lib/python3/dist-packages/ds_acomms_msgs/__pycache__
-- Up-to-date: /home/constance/uuv_ws/install/lib/python3/dist-packages/ds_acomms_msgs/__pycache__/__init__.cpython-38.pyc
-- Up-to-date: /home/constance/uuv_ws/install/lib/python3/dist-packages/ds_acomms_msgs/msg
-- Up-to-date: /home/constance/uuv_ws/install/lib/python3/dist-packages/ds_acomms_msgs/msg/_MicromodemData.py
-- Up-to-date: /home/constance/uuv_ws/install/lib/python3/dist-packages/ds_acomms_msgs/msg/_TDMASlots.py
-- Up-to-date: /home/constance/uuv_ws/install/lib/python3/dist-packages/ds_acomms_msgs/msg/_Vector3_F32.py
-- Up-to-date: /home/constance/uuv_ws/install/lib/python3/dist-packages/ds_acomms_msgs/msg/__pycache__
-- Up-to-date: /home/constance/uuv_ws/install/lib/python3/dist-packages/ds_acomms_msgs/msg/__pycache__/__init__.cpython-38.pyc
-- Up-to-date: /home/constance/uuv_ws/install/lib/python3/dist-packages/ds_acomms_msgs/msg/__pycache__/_Vector3_F32.cpython-38.pyc
-- Up-to-date: /home/constance/uuv_ws/install/lib/python3/dist-packages/ds_acomms_msgs/msg/__pycache__/_AcksExpected.cpython-38.pyc
-- Up-to-date: /home/constance/uuv_ws/install/lib/python3/dist-packages/ds_acomms_msgs/msg/__pycache__/_AcousticModemData.cpython-38.pyc
-- Up-to-date: /home/constance/uuv_ws/install/lib/python3/dist-packages/ds_acomms_msgs/msg/__pycache__/_MicromodemData.cpython-38.pyc
-- Up-to-date: /home/constance/uuv_ws/install/lib/python3/dist-packages/ds_acomms_msgs/msg/__pycache__/_QueueDefinition.cpython-38.pyc
-- Up-to-date: /home/constance/uuv_ws/install/lib/python3/dist-packages/ds_acomms_msgs/msg/__pycache__/_ModemData.cpython-38.pyc
-- Up-to-date: /home/constance/uuv_ws/install/lib/python3/dist-packages/ds_acomms_msgs/msg/__pycache__/_TDMASlots.cpython-38.pyc
-- Up-to-date: /home/constance/uuv_ws/install/lib/python3/dist-packages/ds_acomms_msgs/msg/__pycache__/_Point_F32.cpython-38.pyc
-- Up-to-date: /home/constance/uuv_ws/install/lib/python3/dist-packages/ds_acomms_msgs/msg/_Point_F32.py
-- Up-to-date: /home/constance/uuv_ws/install/lib/python3/dist-packages/ds_acomms_msgs/msg/_AcousticModemData.py
-- Up-to-date: /home/constance/uuv_ws/install/lib/python3/dist-packages/ds_acomms_msgs/msg/_AcksExpected.py
-- Up-to-date: /home/constance/uuv_ws/install/lib/python3/dist-packages/ds_acomms_msgs/msg/_ModemData.py
-- Up-to-date: /home/constance/uuv_ws/install/lib/python3/dist-packages/ds_acomms_msgs/msg/__init__.py
-- Up-to-date: /home/constance/uuv_ws/install/lib/python3/dist-packages/ds_acomms_msgs/msg/_QueueDefinition.py
-- Up-to-date: /home/constance/uuv_ws/install/lib/python3/dist-packages/ds_acomms_msgs/__init__.py
-- Up-to-date: /home/constance/uuv_ws/install/lib/pkgconfig/ds_acomms_msgs.pc
-- Up-to-date: /home/constance/uuv_ws/install/share/ds_acomms_msgs/cmake/ds_acomms_msgs-msg-extras.cmake
-- Up-to-date: /home/constance/uuv_ws/install/share/ds_acomms_msgs/cmake/ds_acomms_msgsConfig.cmake
-- Up-to-date: /home/constance/uuv_ws/install/share/ds_acomms_msgs/cmake/ds_acomms_msgsConfig-version.cmake
-- Up-to-date: /home/constance/uuv_ws/install/share/ds_acomms_msgs/package.xml
