[35m[1mScanning dependencies of target _ds_acomms_msgs_generate_messages_check_deps_Vector3_F32[0m
[  0%] Built target _ds_acomms_msgs_generate_messages_check_deps_Vector3_F32
[35m[1mScanning dependencies of target _ds_acomms_msgs_generate_messages_check_deps_ModemData[0m
[  0%] Built target _ds_acomms_msgs_generate_messages_check_deps_ModemData
[35m[1mScanning dependencies of target _ds_acomms_msgs_generate_messages_check_deps_AcousticModemData[0m
[  0%] Built target _ds_acomms_msgs_generate_messages_check_deps_AcousticModemData
[35m[1mScanning dependencies of target _ds_acomms_msgs_generate_messages_check_deps_Point_F32[0m
[  0%] Built target _ds_acomms_msgs_generate_messages_check_deps_Point_F32
[35m[1mScanning dependencies of target _ds_acomms_msgs_generate_messages_check_deps_AcksExpected[0m
[  0%] Built target _ds_acomms_msgs_generate_messages_check_deps_AcksExpected
[35m[1mScanning dependencies of target _ds_acomms_msgs_generate_messages_check_deps_MicromodemData[0m
[  0%] Built target _ds_acomms_msgs_generate_messages_check_deps_MicromodemData
[35m[1mScanning dependencies of target _ds_acomms_msgs_generate_messages_check_deps_QueueDefinition[0m
[  0%] Built target _ds_acomms_msgs_generate_messages_check_deps_QueueDefinition
[35m[1mScanning dependencies of target _ds_acomms_msgs_generate_messages_check_deps_ModemDataRequest[0m
[  0%] Built target _ds_acomms_msgs_generate_messages_check_deps_ModemDataRequest
[35m[1mScanning dependencies of target _ds_acomms_msgs_generate_messages_check_deps_TDMASlots[0m
[  0%] Built target _ds_acomms_msgs_generate_messages_check_deps_TDMASlots
[35m[1mScanning dependencies of target ds_acomms_msgs_generate_messages_nodejs[0m
[  2%] [34m[1mGenerating Javascript code from ds_acomms_msgs/Vector3_F32.msg[0m
[  4%] [34m[1mGenerating Javascript code from ds_acomms_msgs/Point_F32.msg[0m
[  6%] [34m[1mGenerating Javascript code from ds_acomms_msgs/AcksExpected.msg[0m
[  8%] [34m[1mGenerating Javascript code from ds_acomms_msgs/AcousticModemData.msg[0m
[ 10%] [34m[1mGenerating Javascript code from ds_acomms_msgs/MicromodemData.msg[0m
[ 12%] [34m[1mGenerating Javascript code from ds_acomms_msgs/ModemData.msg[0m
[ 14%] [34m[1mGenerating Javascript code from ds_acomms_msgs/QueueDefinition.msg[0m
[ 16%] [34m[1mGenerating Javascript code from ds_acomms_msgs/TDMASlots.msg[0m
[ 18%] [34m[1mGenerating Javascript code from ds_acomms_msgs/ModemDataRequest.srv[0m
[ 18%] Built target ds_acomms_msgs_generate_messages_nodejs
[35m[1mScanning dependencies of target ds_acomms_msgs_generate_messages_py[0m
[ 20%] [34m[1mGenerating Python from MSG ds_acomms_msgs/Vector3_F32[0m
[ 22%] [34m[1mGenerating Python from MSG ds_acomms_msgs/Point_F32[0m
[ 25%] [34m[1mGenerating Python from MSG ds_acomms_msgs/AcksExpected[0m
[ 27%] [34m[1mGenerating Python from MSG ds_acomms_msgs/AcousticModemData[0m
[ 29%] [34m[1mGenerating Python from MSG ds_acomms_msgs/MicromodemData[0m
[ 31%] [34m[1mGenerating Python from MSG ds_acomms_msgs/ModemData[0m
[ 33%] [34m[1mGenerating Python from MSG ds_acomms_msgs/QueueDefinition[0m
[ 35%] [34m[1mGenerating Python from MSG ds_acomms_msgs/TDMASlots[0m
[ 37%] [34m[1mGenerating Python code from SRV ds_acomms_msgs/ModemDataRequest[0m
[ 39%] [34m[1mGenerating Python msg __init__.py for ds_acomms_msgs[0m
[ 41%] [34m[1mGenerating Python srv __init__.py for ds_acomms_msgs[0m
[ 41%] Built target ds_acomms_msgs_generate_messages_py
[35m[1mScanning dependencies of target ds_acomms_msgs_generate_messages_lisp[0m
[ 43%] [34m[1mGenerating Lisp code from ds_acomms_msgs/Vector3_F32.msg[0m
[ 45%] [34m[1mGenerating Lisp code from ds_acomms_msgs/Point_F32.msg[0m
[ 47%] [34m[1mGenerating Lisp code from ds_acomms_msgs/AcksExpected.msg[0m
[ 50%] [34m[1mGenerating Lisp code from ds_acomms_msgs/AcousticModemData.msg[0m
[ 52%] [34m[1mGenerating Lisp code from ds_acomms_msgs/MicromodemData.msg[0m
[ 54%] [34m[1mGenerating Lisp code from ds_acomms_msgs/ModemData.msg[0m
[ 56%] [34m[1mGenerating Lisp code from ds_acomms_msgs/QueueDefinition.msg[0m
[ 58%] [34m[1mGenerating Lisp code from ds_acomms_msgs/TDMASlots.msg[0m
[ 60%] [34m[1mGenerating Lisp code from ds_acomms_msgs/ModemDataRequest.srv[0m
[ 60%] Built target ds_acomms_msgs_generate_messages_lisp
[35m[1mScanning dependencies of target ds_acomms_msgs_generate_messages_cpp[0m
[ 62%] [34m[1mGenerating C++ code from ds_acomms_msgs/Vector3_F32.msg[0m
[ 64%] [34m[1mGenerating C++ code from ds_acomms_msgs/Point_F32.msg[0m
[ 66%] [34m[1mGenerating C++ code from ds_acomms_msgs/AcksExpected.msg[0m
[ 68%] [34m[1mGenerating C++ code from ds_acomms_msgs/AcousticModemData.msg[0m
[ 70%] [34m[1mGenerating C++ code from ds_acomms_msgs/MicromodemData.msg[0m
[ 72%] [34m[1mGenerating C++ code from ds_acomms_msgs/ModemData.msg[0m
[ 75%] [34m[1mGenerating C++ code from ds_acomms_msgs/QueueDefinition.msg[0m
[ 77%] [34m[1mGenerating C++ code from ds_acomms_msgs/TDMASlots.msg[0m
[ 79%] [34m[1mGenerating C++ code from ds_acomms_msgs/ModemDataRequest.srv[0m
[ 79%] Built target ds_acomms_msgs_generate_messages_cpp
[35m[1mScanning dependencies of target ds_acomms_msgs_generate_messages_eus[0m
[ 81%] [34m[1mGenerating EusLisp code from ds_acomms_msgs/Vector3_F32.msg[0m
[ 83%] [34m[1mGenerating EusLisp code from ds_acomms_msgs/Point_F32.msg[0m
[ 85%] [34m[1mGenerating EusLisp code from ds_acomms_msgs/AcksExpected.msg[0m
[ 87%] [34m[1mGenerating EusLisp code from ds_acomms_msgs/AcousticModemData.msg[0m
[ 89%] [34m[1mGenerating EusLisp code from ds_acomms_msgs/MicromodemData.msg[0m
[ 91%] [34m[1mGenerating EusLisp code from ds_acomms_msgs/ModemData.msg[0m
[ 93%] [34m[1mGenerating EusLisp code from ds_acomms_msgs/QueueDefinition.msg[0m
[ 95%] [34m[1mGenerating EusLisp code from ds_acomms_msgs/TDMASlots.msg[0m
[ 97%] [34m[1mGenerating EusLisp code from ds_acomms_msgs/ModemDataRequest.srv[0m
[100%] [34m[1mGenerating EusLisp manifest code for ds_acomms_msgs[0m
[100%] Built target ds_acomms_msgs_generate_messages_eus
[35m[1mScanning dependencies of target ds_acomms_msgs_generate_messages[0m
[100%] Built target ds_acomms_msgs_generate_messages
