Linked: (/home/constance/uuv_ws/devel/.private/ds_acomms_msgs/include/ds_acomms_msgs/QueueDefinition.h, /home/constance/uuv_ws/devel/include/ds_acomms_msgs/QueueDefinition.h)
Linked: (/home/constance/uuv_ws/devel/.private/ds_acomms_msgs/include/ds_acomms_msgs/AcousticModemData.h, /home/constance/uuv_ws/devel/include/ds_acomms_msgs/AcousticModemData.h)
Linked: (/home/constance/uuv_ws/devel/.private/ds_acomms_msgs/include/ds_acomms_msgs/ModemDataRequestResponse.h, /home/constance/uuv_ws/devel/include/ds_acomms_msgs/ModemDataRequestResponse.h)
Linked: (/home/constance/uuv_ws/devel/.private/ds_acomms_msgs/include/ds_acomms_msgs/ModemDataRequestRequest.h, /home/constance/uuv_ws/devel/include/ds_acomms_msgs/ModemDataRequestRequest.h)
Linked: (/home/constance/uuv_ws/devel/.private/ds_acomms_msgs/include/ds_acomms_msgs/AcksExpected.h, /home/constance/uuv_ws/devel/include/ds_acomms_msgs/AcksExpected.h)
Linked: (/home/constance/uuv_ws/devel/.private/ds_acomms_msgs/include/ds_acomms_msgs/ModemDataRequest.h, /home/constance/uuv_ws/devel/include/ds_acomms_msgs/ModemDataRequest.h)
Linked: (/home/constance/uuv_ws/devel/.private/ds_acomms_msgs/include/ds_acomms_msgs/TDMASlots.h, /home/constance/uuv_ws/devel/include/ds_acomms_msgs/TDMASlots.h)
Linked: (/home/constance/uuv_ws/devel/.private/ds_acomms_msgs/include/ds_acomms_msgs/MicromodemData.h, /home/constance/uuv_ws/devel/include/ds_acomms_msgs/MicromodemData.h)
Linked: (/home/constance/uuv_ws/devel/.private/ds_acomms_msgs/include/ds_acomms_msgs/ModemData.h, /home/constance/uuv_ws/devel/include/ds_acomms_msgs/ModemData.h)
Linked: (/home/constance/uuv_ws/devel/.private/ds_acomms_msgs/include/ds_acomms_msgs/Vector3_F32.h, /home/constance/uuv_ws/devel/include/ds_acomms_msgs/Vector3_F32.h)
Linked: (/home/constance/uuv_ws/devel/.private/ds_acomms_msgs/include/ds_acomms_msgs/Point_F32.h, /home/constance/uuv_ws/devel/include/ds_acomms_msgs/Point_F32.h)
Linked: (/home/constance/uuv_ws/devel/.private/ds_acomms_msgs/share/roseus/ros/ds_acomms_msgs/manifest.l, /home/constance/uuv_ws/devel/share/roseus/ros/ds_acomms_msgs/manifest.l)
Linked: (/home/constance/uuv_ws/devel/.private/ds_acomms_msgs/share/roseus/ros/ds_acomms_msgs/srv/ModemDataRequest.l, /home/constance/uuv_ws/devel/share/roseus/ros/ds_acomms_msgs/srv/ModemDataRequest.l)
Linked: (/home/constance/uuv_ws/devel/.private/ds_acomms_msgs/share/roseus/ros/ds_acomms_msgs/msg/QueueDefinition.l, /home/constance/uuv_ws/devel/share/roseus/ros/ds_acomms_msgs/msg/QueueDefinition.l)
Linked: (/home/constance/uuv_ws/devel/.private/ds_acomms_msgs/share/roseus/ros/ds_acomms_msgs/msg/TDMASlots.l, /home/constance/uuv_ws/devel/share/roseus/ros/ds_acomms_msgs/msg/TDMASlots.l)
Linked: (/home/constance/uuv_ws/devel/.private/ds_acomms_msgs/share/roseus/ros/ds_acomms_msgs/msg/AcousticModemData.l, /home/constance/uuv_ws/devel/share/roseus/ros/ds_acomms_msgs/msg/AcousticModemData.l)
Linked: (/home/constance/uuv_ws/devel/.private/ds_acomms_msgs/share/roseus/ros/ds_acomms_msgs/msg/Vector3_F32.l, /home/constance/uuv_ws/devel/share/roseus/ros/ds_acomms_msgs/msg/Vector3_F32.l)
Linked: (/home/constance/uuv_ws/devel/.private/ds_acomms_msgs/share/roseus/ros/ds_acomms_msgs/msg/Point_F32.l, /home/constance/uuv_ws/devel/share/roseus/ros/ds_acomms_msgs/msg/Point_F32.l)
Linked: (/home/constance/uuv_ws/devel/.private/ds_acomms_msgs/share/roseus/ros/ds_acomms_msgs/msg/AcksExpected.l, /home/constance/uuv_ws/devel/share/roseus/ros/ds_acomms_msgs/msg/AcksExpected.l)
Linked: (/home/constance/uuv_ws/devel/.private/ds_acomms_msgs/share/roseus/ros/ds_acomms_msgs/msg/MicromodemData.l, /home/constance/uuv_ws/devel/share/roseus/ros/ds_acomms_msgs/msg/MicromodemData.l)
Linked: (/home/constance/uuv_ws/devel/.private/ds_acomms_msgs/share/roseus/ros/ds_acomms_msgs/msg/ModemData.l, /home/constance/uuv_ws/devel/share/roseus/ros/ds_acomms_msgs/msg/ModemData.l)
Linked: (/home/constance/uuv_ws/devel/.private/ds_acomms_msgs/share/ds_acomms_msgs/cmake/ds_acomms_msgs-msg-extras.cmake, /home/constance/uuv_ws/devel/share/ds_acomms_msgs/cmake/ds_acomms_msgs-msg-extras.cmake)
Linked: (/home/constance/uuv_ws/devel/.private/ds_acomms_msgs/share/ds_acomms_msgs/cmake/ds_acomms_msgs-msg-paths.cmake, /home/constance/uuv_ws/devel/share/ds_acomms_msgs/cmake/ds_acomms_msgs-msg-paths.cmake)
Linked: (/home/constance/uuv_ws/devel/.private/ds_acomms_msgs/share/ds_acomms_msgs/cmake/ds_acomms_msgsConfig-version.cmake, /home/constance/uuv_ws/devel/share/ds_acomms_msgs/cmake/ds_acomms_msgsConfig-version.cmake)
Linked: (/home/constance/uuv_ws/devel/.private/ds_acomms_msgs/share/ds_acomms_msgs/cmake/ds_acomms_msgsConfig.cmake, /home/constance/uuv_ws/devel/share/ds_acomms_msgs/cmake/ds_acomms_msgsConfig.cmake)
Linked: (/home/constance/uuv_ws/devel/.private/ds_acomms_msgs/share/common-lisp/ros/ds_acomms_msgs/srv/ModemDataRequest.lisp, /home/constance/uuv_ws/devel/share/common-lisp/ros/ds_acomms_msgs/srv/ModemDataRequest.lisp)
Linked: (/home/constance/uuv_ws/devel/.private/ds_acomms_msgs/share/common-lisp/ros/ds_acomms_msgs/srv/_package.lisp, /home/constance/uuv_ws/devel/share/common-lisp/ros/ds_acomms_msgs/srv/_package.lisp)
Linked: (/home/constance/uuv_ws/devel/.private/ds_acomms_msgs/share/common-lisp/ros/ds_acomms_msgs/srv/_package_ModemDataRequest.lisp, /home/constance/uuv_ws/devel/share/common-lisp/ros/ds_acomms_msgs/srv/_package_ModemDataRequest.lisp)
Linked: (/home/constance/uuv_ws/devel/.private/ds_acomms_msgs/share/common-lisp/ros/ds_acomms_msgs/srv/ds_acomms_msgs-srv.asd, /home/constance/uuv_ws/devel/share/common-lisp/ros/ds_acomms_msgs/srv/ds_acomms_msgs-srv.asd)
Linked: (/home/constance/uuv_ws/devel/.private/ds_acomms_msgs/share/common-lisp/ros/ds_acomms_msgs/msg/_package_TDMASlots.lisp, /home/constance/uuv_ws/devel/share/common-lisp/ros/ds_acomms_msgs/msg/_package_TDMASlots.lisp)
Linked: (/home/constance/uuv_ws/devel/.private/ds_acomms_msgs/share/common-lisp/ros/ds_acomms_msgs/msg/MicromodemData.lisp, /home/constance/uuv_ws/devel/share/common-lisp/ros/ds_acomms_msgs/msg/MicromodemData.lisp)
Linked: (/home/constance/uuv_ws/devel/.private/ds_acomms_msgs/share/common-lisp/ros/ds_acomms_msgs/msg/_package_AcksExpected.lisp, /home/constance/uuv_ws/devel/share/common-lisp/ros/ds_acomms_msgs/msg/_package_AcksExpected.lisp)
Linked: (/home/constance/uuv_ws/devel/.private/ds_acomms_msgs/share/common-lisp/ros/ds_acomms_msgs/msg/QueueDefinition.lisp, /home/constance/uuv_ws/devel/share/common-lisp/ros/ds_acomms_msgs/msg/QueueDefinition.lisp)
Linked: (/home/constance/uuv_ws/devel/.private/ds_acomms_msgs/share/common-lisp/ros/ds_acomms_msgs/msg/_package_Point_F32.lisp, /home/constance/uuv_ws/devel/share/common-lisp/ros/ds_acomms_msgs/msg/_package_Point_F32.lisp)
Linked: (/home/constance/uuv_ws/devel/.private/ds_acomms_msgs/share/common-lisp/ros/ds_acomms_msgs/msg/_package_QueueDefinition.lisp, /home/constance/uuv_ws/devel/share/common-lisp/ros/ds_acomms_msgs/msg/_package_QueueDefinition.lisp)
Linked: (/home/constance/uuv_ws/devel/.private/ds_acomms_msgs/share/common-lisp/ros/ds_acomms_msgs/msg/_package.lisp, /home/constance/uuv_ws/devel/share/common-lisp/ros/ds_acomms_msgs/msg/_package.lisp)
Linked: (/home/constance/uuv_ws/devel/.private/ds_acomms_msgs/share/common-lisp/ros/ds_acomms_msgs/msg/AcousticModemData.lisp, /home/constance/uuv_ws/devel/share/common-lisp/ros/ds_acomms_msgs/msg/AcousticModemData.lisp)
Linked: (/home/constance/uuv_ws/devel/.private/ds_acomms_msgs/share/common-lisp/ros/ds_acomms_msgs/msg/TDMASlots.lisp, /home/constance/uuv_ws/devel/share/common-lisp/ros/ds_acomms_msgs/msg/TDMASlots.lisp)
Linked: (/home/constance/uuv_ws/devel/.private/ds_acomms_msgs/share/common-lisp/ros/ds_acomms_msgs/msg/_package_MicromodemData.lisp, /home/constance/uuv_ws/devel/share/common-lisp/ros/ds_acomms_msgs/msg/_package_MicromodemData.lisp)
Linked: (/home/constance/uuv_ws/devel/.private/ds_acomms_msgs/share/common-lisp/ros/ds_acomms_msgs/msg/_package_AcousticModemData.lisp, /home/constance/uuv_ws/devel/share/common-lisp/ros/ds_acomms_msgs/msg/_package_AcousticModemData.lisp)
Linked: (/home/constance/uuv_ws/devel/.private/ds_acomms_msgs/share/common-lisp/ros/ds_acomms_msgs/msg/ModemData.lisp, /home/constance/uuv_ws/devel/share/common-lisp/ros/ds_acomms_msgs/msg/ModemData.lisp)
Linked: (/home/constance/uuv_ws/devel/.private/ds_acomms_msgs/share/common-lisp/ros/ds_acomms_msgs/msg/_package_Vector3_F32.lisp, /home/constance/uuv_ws/devel/share/common-lisp/ros/ds_acomms_msgs/msg/_package_Vector3_F32.lisp)
Linked: (/home/constance/uuv_ws/devel/.private/ds_acomms_msgs/share/common-lisp/ros/ds_acomms_msgs/msg/AcksExpected.lisp, /home/constance/uuv_ws/devel/share/common-lisp/ros/ds_acomms_msgs/msg/AcksExpected.lisp)
Linked: (/home/constance/uuv_ws/devel/.private/ds_acomms_msgs/share/common-lisp/ros/ds_acomms_msgs/msg/ds_acomms_msgs-msg.asd, /home/constance/uuv_ws/devel/share/common-lisp/ros/ds_acomms_msgs/msg/ds_acomms_msgs-msg.asd)
Linked: (/home/constance/uuv_ws/devel/.private/ds_acomms_msgs/share/common-lisp/ros/ds_acomms_msgs/msg/Point_F32.lisp, /home/constance/uuv_ws/devel/share/common-lisp/ros/ds_acomms_msgs/msg/Point_F32.lisp)
Linked: (/home/constance/uuv_ws/devel/.private/ds_acomms_msgs/share/common-lisp/ros/ds_acomms_msgs/msg/_package_ModemData.lisp, /home/constance/uuv_ws/devel/share/common-lisp/ros/ds_acomms_msgs/msg/_package_ModemData.lisp)
Linked: (/home/constance/uuv_ws/devel/.private/ds_acomms_msgs/share/common-lisp/ros/ds_acomms_msgs/msg/Vector3_F32.lisp, /home/constance/uuv_ws/devel/share/common-lisp/ros/ds_acomms_msgs/msg/Vector3_F32.lisp)
Linked: (/home/constance/uuv_ws/devel/.private/ds_acomms_msgs/share/gennodejs/ros/ds_acomms_msgs/_index.js, /home/constance/uuv_ws/devel/share/gennodejs/ros/ds_acomms_msgs/_index.js)
Linked: (/home/constance/uuv_ws/devel/.private/ds_acomms_msgs/share/gennodejs/ros/ds_acomms_msgs/srv/_index.js, /home/constance/uuv_ws/devel/share/gennodejs/ros/ds_acomms_msgs/srv/_index.js)
Linked: (/home/constance/uuv_ws/devel/.private/ds_acomms_msgs/share/gennodejs/ros/ds_acomms_msgs/srv/ModemDataRequest.js, /home/constance/uuv_ws/devel/share/gennodejs/ros/ds_acomms_msgs/srv/ModemDataRequest.js)
Linked: (/home/constance/uuv_ws/devel/.private/ds_acomms_msgs/share/gennodejs/ros/ds_acomms_msgs/msg/MicromodemData.js, /home/constance/uuv_ws/devel/share/gennodejs/ros/ds_acomms_msgs/msg/MicromodemData.js)
Linked: (/home/constance/uuv_ws/devel/.private/ds_acomms_msgs/share/gennodejs/ros/ds_acomms_msgs/msg/Vector3_F32.js, /home/constance/uuv_ws/devel/share/gennodejs/ros/ds_acomms_msgs/msg/Vector3_F32.js)
Linked: (/home/constance/uuv_ws/devel/.private/ds_acomms_msgs/share/gennodejs/ros/ds_acomms_msgs/msg/_index.js, /home/constance/uuv_ws/devel/share/gennodejs/ros/ds_acomms_msgs/msg/_index.js)
Linked: (/home/constance/uuv_ws/devel/.private/ds_acomms_msgs/share/gennodejs/ros/ds_acomms_msgs/msg/QueueDefinition.js, /home/constance/uuv_ws/devel/share/gennodejs/ros/ds_acomms_msgs/msg/QueueDefinition.js)
Linked: (/home/constance/uuv_ws/devel/.private/ds_acomms_msgs/share/gennodejs/ros/ds_acomms_msgs/msg/ModemData.js, /home/constance/uuv_ws/devel/share/gennodejs/ros/ds_acomms_msgs/msg/ModemData.js)
Linked: (/home/constance/uuv_ws/devel/.private/ds_acomms_msgs/share/gennodejs/ros/ds_acomms_msgs/msg/Point_F32.js, /home/constance/uuv_ws/devel/share/gennodejs/ros/ds_acomms_msgs/msg/Point_F32.js)
Linked: (/home/constance/uuv_ws/devel/.private/ds_acomms_msgs/share/gennodejs/ros/ds_acomms_msgs/msg/TDMASlots.js, /home/constance/uuv_ws/devel/share/gennodejs/ros/ds_acomms_msgs/msg/TDMASlots.js)
Linked: (/home/constance/uuv_ws/devel/.private/ds_acomms_msgs/share/gennodejs/ros/ds_acomms_msgs/msg/AcousticModemData.js, /home/constance/uuv_ws/devel/share/gennodejs/ros/ds_acomms_msgs/msg/AcousticModemData.js)
Linked: (/home/constance/uuv_ws/devel/.private/ds_acomms_msgs/share/gennodejs/ros/ds_acomms_msgs/msg/AcksExpected.js, /home/constance/uuv_ws/devel/share/gennodejs/ros/ds_acomms_msgs/msg/AcksExpected.js)
Linked: (/home/constance/uuv_ws/devel/.private/ds_acomms_msgs/lib/python3/dist-packages/ds_acomms_msgs/__init__.py, /home/constance/uuv_ws/devel/lib/python3/dist-packages/ds_acomms_msgs/__init__.py)
Linked: (/home/constance/uuv_ws/devel/.private/ds_acomms_msgs/lib/python3/dist-packages/ds_acomms_msgs/srv/_ModemDataRequest.py, /home/constance/uuv_ws/devel/lib/python3/dist-packages/ds_acomms_msgs/srv/_ModemDataRequest.py)
Linked: (/home/constance/uuv_ws/devel/.private/ds_acomms_msgs/lib/python3/dist-packages/ds_acomms_msgs/srv/__init__.py, /home/constance/uuv_ws/devel/lib/python3/dist-packages/ds_acomms_msgs/srv/__init__.py)
Linked: (/home/constance/uuv_ws/devel/.private/ds_acomms_msgs/lib/python3/dist-packages/ds_acomms_msgs/msg/_MicromodemData.py, /home/constance/uuv_ws/devel/lib/python3/dist-packages/ds_acomms_msgs/msg/_MicromodemData.py)
Linked: (/home/constance/uuv_ws/devel/.private/ds_acomms_msgs/lib/python3/dist-packages/ds_acomms_msgs/msg/_TDMASlots.py, /home/constance/uuv_ws/devel/lib/python3/dist-packages/ds_acomms_msgs/msg/_TDMASlots.py)
Linked: (/home/constance/uuv_ws/devel/.private/ds_acomms_msgs/lib/python3/dist-packages/ds_acomms_msgs/msg/_Vector3_F32.py, /home/constance/uuv_ws/devel/lib/python3/dist-packages/ds_acomms_msgs/msg/_Vector3_F32.py)
Linked: (/home/constance/uuv_ws/devel/.private/ds_acomms_msgs/lib/python3/dist-packages/ds_acomms_msgs/msg/_Point_F32.py, /home/constance/uuv_ws/devel/lib/python3/dist-packages/ds_acomms_msgs/msg/_Point_F32.py)
Linked: (/home/constance/uuv_ws/devel/.private/ds_acomms_msgs/lib/python3/dist-packages/ds_acomms_msgs/msg/_AcousticModemData.py, /home/constance/uuv_ws/devel/lib/python3/dist-packages/ds_acomms_msgs/msg/_AcousticModemData.py)
Linked: (/home/constance/uuv_ws/devel/.private/ds_acomms_msgs/lib/python3/dist-packages/ds_acomms_msgs/msg/_AcksExpected.py, /home/constance/uuv_ws/devel/lib/python3/dist-packages/ds_acomms_msgs/msg/_AcksExpected.py)
Linked: (/home/constance/uuv_ws/devel/.private/ds_acomms_msgs/lib/python3/dist-packages/ds_acomms_msgs/msg/_ModemData.py, /home/constance/uuv_ws/devel/lib/python3/dist-packages/ds_acomms_msgs/msg/_ModemData.py)
Linked: (/home/constance/uuv_ws/devel/.private/ds_acomms_msgs/lib/python3/dist-packages/ds_acomms_msgs/msg/__init__.py, /home/constance/uuv_ws/devel/lib/python3/dist-packages/ds_acomms_msgs/msg/__init__.py)
Linked: (/home/constance/uuv_ws/devel/.private/ds_acomms_msgs/lib/python3/dist-packages/ds_acomms_msgs/msg/_QueueDefinition.py, /home/constance/uuv_ws/devel/lib/python3/dist-packages/ds_acomms_msgs/msg/_QueueDefinition.py)
Linked: (/home/constance/uuv_ws/devel/.private/ds_acomms_msgs/lib/pkgconfig/ds_acomms_msgs.pc, /home/constance/uuv_ws/devel/lib/pkgconfig/ds_acomms_msgs.pc)
