Symlinking /home/constance/uuv_ws/devel/include/ds_acomms_msgs/QueueDefinition.h
Symlinking /home/constance/uuv_ws/devel/include/ds_acomms_msgs/AcousticModemData.h
Symlinking /home/constance/uuv_ws/devel/include/ds_acomms_msgs/ModemDataRequestResponse.h
Symlinking /home/constance/uuv_ws/devel/include/ds_acomms_msgs/ModemDataRequestRequest.h
Symlinking /home/constance/uuv_ws/devel/include/ds_acomms_msgs/AcksExpected.h
Symlinking /home/constance/uuv_ws/devel/include/ds_acomms_msgs/ModemDataRequest.h
Symlinking /home/constance/uuv_ws/devel/include/ds_acomms_msgs/TDMASlots.h
Symlinking /home/constance/uuv_ws/devel/include/ds_acomms_msgs/MicromodemData.h
Symlinking /home/constance/uuv_ws/devel/include/ds_acomms_msgs/ModemData.h
Symlinking /home/constance/uuv_ws/devel/include/ds_acomms_msgs/Vector3_F32.h
Symlinking /home/constance/uuv_ws/devel/include/ds_acomms_msgs/Point_F32.h
Symlinking /home/constance/uuv_ws/devel/share/roseus/ros/ds_acomms_msgs/manifest.l
Symlinking /home/constance/uuv_ws/devel/share/roseus/ros/ds_acomms_msgs/srv/ModemDataRequest.l
Symlinking /home/constance/uuv_ws/devel/share/roseus/ros/ds_acomms_msgs/msg/QueueDefinition.l
Symlinking /home/constance/uuv_ws/devel/share/roseus/ros/ds_acomms_msgs/msg/TDMASlots.l
Symlinking /home/constance/uuv_ws/devel/share/roseus/ros/ds_acomms_msgs/msg/AcousticModemData.l
Symlinking /home/constance/uuv_ws/devel/share/roseus/ros/ds_acomms_msgs/msg/Vector3_F32.l
Symlinking /home/constance/uuv_ws/devel/share/roseus/ros/ds_acomms_msgs/msg/Point_F32.l
Symlinking /home/constance/uuv_ws/devel/share/roseus/ros/ds_acomms_msgs/msg/AcksExpected.l
Symlinking /home/constance/uuv_ws/devel/share/roseus/ros/ds_acomms_msgs/msg/MicromodemData.l
Symlinking /home/constance/uuv_ws/devel/share/roseus/ros/ds_acomms_msgs/msg/ModemData.l
Symlinking /home/constance/uuv_ws/devel/share/ds_acomms_msgs/cmake/ds_acomms_msgs-msg-extras.cmake
Symlinking /home/constance/uuv_ws/devel/share/ds_acomms_msgs/cmake/ds_acomms_msgs-msg-paths.cmake
Symlinking /home/constance/uuv_ws/devel/share/ds_acomms_msgs/cmake/ds_acomms_msgsConfig-version.cmake
Symlinking /home/constance/uuv_ws/devel/share/ds_acomms_msgs/cmake/ds_acomms_msgsConfig.cmake
Symlinking /home/constance/uuv_ws/devel/share/common-lisp/ros/ds_acomms_msgs/srv/ModemDataRequest.lisp
Symlinking /home/constance/uuv_ws/devel/share/common-lisp/ros/ds_acomms_msgs/srv/_package.lisp
Symlinking /home/constance/uuv_ws/devel/share/common-lisp/ros/ds_acomms_msgs/srv/_package_ModemDataRequest.lisp
Symlinking /home/constance/uuv_ws/devel/share/common-lisp/ros/ds_acomms_msgs/srv/ds_acomms_msgs-srv.asd
Symlinking /home/constance/uuv_ws/devel/share/common-lisp/ros/ds_acomms_msgs/msg/_package_TDMASlots.lisp
Symlinking /home/constance/uuv_ws/devel/share/common-lisp/ros/ds_acomms_msgs/msg/MicromodemData.lisp
Symlinking /home/constance/uuv_ws/devel/share/common-lisp/ros/ds_acomms_msgs/msg/_package_AcksExpected.lisp
Symlinking /home/constance/uuv_ws/devel/share/common-lisp/ros/ds_acomms_msgs/msg/QueueDefinition.lisp
Symlinking /home/constance/uuv_ws/devel/share/common-lisp/ros/ds_acomms_msgs/msg/_package_Point_F32.lisp
Symlinking /home/constance/uuv_ws/devel/share/common-lisp/ros/ds_acomms_msgs/msg/_package_QueueDefinition.lisp
Symlinking /home/constance/uuv_ws/devel/share/common-lisp/ros/ds_acomms_msgs/msg/_package.lisp
Symlinking /home/constance/uuv_ws/devel/share/common-lisp/ros/ds_acomms_msgs/msg/AcousticModemData.lisp
Symlinking /home/constance/uuv_ws/devel/share/common-lisp/ros/ds_acomms_msgs/msg/TDMASlots.lisp
Symlinking /home/constance/uuv_ws/devel/share/common-lisp/ros/ds_acomms_msgs/msg/_package_MicromodemData.lisp
Symlinking /home/constance/uuv_ws/devel/share/common-lisp/ros/ds_acomms_msgs/msg/_package_AcousticModemData.lisp
Symlinking /home/constance/uuv_ws/devel/share/common-lisp/ros/ds_acomms_msgs/msg/ModemData.lisp
Symlinking /home/constance/uuv_ws/devel/share/common-lisp/ros/ds_acomms_msgs/msg/_package_Vector3_F32.lisp
Symlinking /home/constance/uuv_ws/devel/share/common-lisp/ros/ds_acomms_msgs/msg/AcksExpected.lisp
Symlinking /home/constance/uuv_ws/devel/share/common-lisp/ros/ds_acomms_msgs/msg/ds_acomms_msgs-msg.asd
Symlinking /home/constance/uuv_ws/devel/share/common-lisp/ros/ds_acomms_msgs/msg/Point_F32.lisp
Symlinking /home/constance/uuv_ws/devel/share/common-lisp/ros/ds_acomms_msgs/msg/_package_ModemData.lisp
Symlinking /home/constance/uuv_ws/devel/share/common-lisp/ros/ds_acomms_msgs/msg/Vector3_F32.lisp
Symlinking /home/constance/uuv_ws/devel/share/gennodejs/ros/ds_acomms_msgs/_index.js
Symlinking /home/constance/uuv_ws/devel/share/gennodejs/ros/ds_acomms_msgs/srv/_index.js
Symlinking /home/constance/uuv_ws/devel/share/gennodejs/ros/ds_acomms_msgs/srv/ModemDataRequest.js
Symlinking /home/constance/uuv_ws/devel/share/gennodejs/ros/ds_acomms_msgs/msg/MicromodemData.js
Symlinking /home/constance/uuv_ws/devel/share/gennodejs/ros/ds_acomms_msgs/msg/Vector3_F32.js
Symlinking /home/constance/uuv_ws/devel/share/gennodejs/ros/ds_acomms_msgs/msg/_index.js
Symlinking /home/constance/uuv_ws/devel/share/gennodejs/ros/ds_acomms_msgs/msg/QueueDefinition.js
Symlinking /home/constance/uuv_ws/devel/share/gennodejs/ros/ds_acomms_msgs/msg/ModemData.js
Symlinking /home/constance/uuv_ws/devel/share/gennodejs/ros/ds_acomms_msgs/msg/Point_F32.js
Symlinking /home/constance/uuv_ws/devel/share/gennodejs/ros/ds_acomms_msgs/msg/TDMASlots.js
Symlinking /home/constance/uuv_ws/devel/share/gennodejs/ros/ds_acomms_msgs/msg/AcousticModemData.js
Symlinking /home/constance/uuv_ws/devel/share/gennodejs/ros/ds_acomms_msgs/msg/AcksExpected.js
Symlinking /home/constance/uuv_ws/devel/lib/python3/dist-packages/ds_acomms_msgs/__init__.py
Symlinking /home/constance/uuv_ws/devel/lib/python3/dist-packages/ds_acomms_msgs/srv/_ModemDataRequest.py
Symlinking /home/constance/uuv_ws/devel/lib/python3/dist-packages/ds_acomms_msgs/srv/__init__.py
Symlinking /home/constance/uuv_ws/devel/lib/python3/dist-packages/ds_acomms_msgs/msg/_MicromodemData.py
Symlinking /home/constance/uuv_ws/devel/lib/python3/dist-packages/ds_acomms_msgs/msg/_TDMASlots.py
Symlinking /home/constance/uuv_ws/devel/lib/python3/dist-packages/ds_acomms_msgs/msg/_Vector3_F32.py
Symlinking /home/constance/uuv_ws/devel/lib/python3/dist-packages/ds_acomms_msgs/msg/_Point_F32.py
Symlinking /home/constance/uuv_ws/devel/lib/python3/dist-packages/ds_acomms_msgs/msg/_AcousticModemData.py
Symlinking /home/constance/uuv_ws/devel/lib/python3/dist-packages/ds_acomms_msgs/msg/_AcksExpected.py
Symlinking /home/constance/uuv_ws/devel/lib/python3/dist-packages/ds_acomms_msgs/msg/_ModemData.py
Symlinking /home/constance/uuv_ws/devel/lib/python3/dist-packages/ds_acomms_msgs/msg/__init__.py
Symlinking /home/constance/uuv_ws/devel/lib/python3/dist-packages/ds_acomms_msgs/msg/_QueueDefinition.py
Symlinking /home/constance/uuv_ws/devel/lib/pkgconfig/ds_acomms_msgs.pc
