[35m[1mScanning dependencies of target _ds_control_msgs_generate_messages_check_deps_RovAutoCommand[0m
[  0%] Built target _ds_control_msgs_generate_messages_check_deps_RovAutoCommand
[35m[1mScanning dependencies of target ds_nav_msgs_generate_messages_cpp[0m
[  0%] Built target ds_nav_msgs_generate_messages_cpp
[35m[1mScanning dependencies of target control_msgs_generate_messages_cpp[0m
[  0%] Built target control_msgs_generate_messages_cpp
[35m[1mScanning dependencies of target _ds_control_msgs_generate_messages_check_deps_GoalLegState[0m
[  0%] Built target _ds_control_msgs_generate_messages_check_deps_GoalLegState
[35m[1mScanning dependencies of target geometry_msgs_generate_messages_cpp[0m
[  0%] Built target geometry_msgs_generate_messages_cpp
[35m[1mScanning dependencies of target std_msgs_generate_messages_cpp[0m
[  0%] Built target std_msgs_generate_messages_cpp
[35m[1mScanning dependencies of target _ds_control_msgs_generate_messages_check_deps_PidSettings[0m
[  0%] Built target _ds_control_msgs_generate_messages_check_deps_PidSettings
[35m[1mScanning dependencies of target _ds_control_msgs_generate_messages_check_deps_ExternalBottomFollowTimedOverride[0m
[  0%] Built target _ds_control_msgs_generate_messages_check_deps_ExternalBottomFollowTimedOverride
[35m[1mScanning dependencies of target ds_core_msgs_generate_messages_cpp[0m
[  0%] Built target ds_core_msgs_generate_messages_cpp
[35m[1mScanning dependencies of target _ds_control_msgs_generate_messages_check_deps_RovControlGoal[0m
[  0%] Built target _ds_control_msgs_generate_messages_check_deps_RovControlGoal
[35m[1mScanning dependencies of target _ds_control_msgs_generate_messages_check_deps_ActuatorInputs[0m
[  0%] Built target _ds_control_msgs_generate_messages_check_deps_ActuatorInputs
[35m[1mScanning dependencies of target _ds_control_msgs_generate_messages_check_deps_BottomFollow1D[0m
[  0%] Built target _ds_control_msgs_generate_messages_check_deps_BottomFollow1D
[35m[1mScanning dependencies of target _ds_control_msgs_generate_messages_check_deps_RovSwitchState[0m
[  0%] Built target _ds_control_msgs_generate_messages_check_deps_RovSwitchState
[35m[1mScanning dependencies of target _ds_control_msgs_generate_messages_check_deps_RovAllocationEnum[0m
[  0%] Built target _ds_control_msgs_generate_messages_check_deps_RovAllocationEnum
[35m[1mScanning dependencies of target _ds_control_msgs_generate_messages_check_deps_GoalLegLatLon[0m
[  0%] Built target _ds_control_msgs_generate_messages_check_deps_GoalLegLatLon
[35m[1mScanning dependencies of target _ds_control_msgs_generate_messages_check_deps_ExternalBottomFollowAlarm[0m
[  0%] Built target _ds_control_msgs_generate_messages_check_deps_ExternalBottomFollowAlarm
[35m[1mScanning dependencies of target _ds_control_msgs_generate_messages_check_deps_RovAutoState[0m
[  0%] Built target _ds_control_msgs_generate_messages_check_deps_RovAutoState
[35m[1mScanning dependencies of target _ds_control_msgs_generate_messages_check_deps_RovControllerState[0m
[  0%] Built target _ds_control_msgs_generate_messages_check_deps_RovControllerState
[35m[1mScanning dependencies of target _ds_control_msgs_generate_messages_check_deps_ControllerEnum[0m
[  0%] Built target _ds_control_msgs_generate_messages_check_deps_ControllerEnum
[35m[1mScanning dependencies of target _ds_control_msgs_generate_messages_check_deps_JoystickEnum[0m
[35m[1mScanning dependencies of target geometry_msgs_generate_messages_py[0m
[  0%] Built target _ds_control_msgs_generate_messages_check_deps_JoystickEnum
[  0%] Built target geometry_msgs_generate_messages_py
[35m[1mScanning dependencies of target control_msgs_generate_messages_py[0m
[35m[1mScanning dependencies of target ds_nav_msgs_generate_messages_py[0m
[  0%] Built target ds_nav_msgs_generate_messages_py
[  0%] Built target control_msgs_generate_messages_py
[35m[1mScanning dependencies of target std_msgs_generate_messages_py[0m
[35m[1mScanning dependencies of target ds_core_msgs_generate_messages_py[0m
[  0%] Built target ds_core_msgs_generate_messages_py
[  0%] Built target std_msgs_generate_messages_py
[35m[1mScanning dependencies of target std_msgs_generate_messages_nodejs[0m
[35m[1mScanning dependencies of target geometry_msgs_generate_messages_nodejs[0m
[35m[1mScanning dependencies of target ds_core_msgs_generate_messages_nodejs[0m
[  0%] Built target std_msgs_generate_messages_nodejs
[  0%] Built target geometry_msgs_generate_messages_nodejs
[  0%] Built target ds_core_msgs_generate_messages_nodejs
[35m[1mScanning dependencies of target control_msgs_generate_messages_nodejs[0m
[35m[1mScanning dependencies of target ds_nav_msgs_generate_messages_nodejs[0m
[35m[1mScanning dependencies of target ds_core_msgs_generate_messages_lisp[0m
[  0%] Built target control_msgs_generate_messages_nodejs
[  0%] Built target ds_nav_msgs_generate_messages_nodejs
[  0%] Built target ds_core_msgs_generate_messages_lisp
[35m[1mScanning dependencies of target control_msgs_generate_messages_lisp[0m
[35m[1mScanning dependencies of target std_msgs_generate_messages_lisp[0m
[35m[1mScanning dependencies of target ds_nav_msgs_generate_messages_lisp[0m
[  0%] Built target control_msgs_generate_messages_lisp
[  0%] Built target std_msgs_generate_messages_lisp
[  0%] Built target ds_nav_msgs_generate_messages_lisp
[35m[1mScanning dependencies of target geometry_msgs_generate_messages_lisp[0m
[35m[1mScanning dependencies of target control_msgs_generate_messages_eus[0m
[35m[1mScanning dependencies of target ds_core_msgs_generate_messages_eus[0m
[  0%] Built target geometry_msgs_generate_messages_lisp
[  0%] Built target ds_core_msgs_generate_messages_eus
[  0%] Built target control_msgs_generate_messages_eus
[35m[1mScanning dependencies of target geometry_msgs_generate_messages_eus[0m
[35m[1mScanning dependencies of target ds_nav_msgs_generate_messages_eus[0m
[35m[1mScanning dependencies of target std_msgs_generate_messages_eus[0m
[  0%] Built target geometry_msgs_generate_messages_eus
[  0%] Built target ds_nav_msgs_generate_messages_eus
[  0%] Built target std_msgs_generate_messages_eus
[35m[1mScanning dependencies of target ds_control_msgs_generate_messages_cpp[0m
[35m[1mScanning dependencies of target ds_control_msgs_generate_messages_nodejs[0m
[35m[1mScanning dependencies of target ds_control_msgs_generate_messages_py[0m
[  1%] [34m[1mGenerating C++ code from ds_control_msgs/BottomFollow1D.msg[0m
[  3%] [34m[1mGenerating Python from MSG ds_control_msgs/BottomFollow1D[0m
[  3%] [34m[1mGenerating Javascript code from ds_control_msgs/BottomFollow1D.msg[0m
[  5%] [34m[1mGenerating Javascript code from ds_control_msgs/GoalLegState.msg[0m
[  6%] [34m[1mGenerating Javascript code from ds_control_msgs/GoalLegLatLon.msg[0m
[  7%] [34m[1mGenerating C++ code from ds_control_msgs/GoalLegState.msg[0m
[  8%] [34m[1mGenerating Javascript code from ds_control_msgs/ExternalBottomFollowAlarm.msg[0m
[ 10%] [34m[1mGenerating Python from MSG ds_control_msgs/GoalLegState[0m
[ 11%] [34m[1mGenerating Javascript code from ds_control_msgs/ExternalBottomFollowTimedOverride.msg[0m
[ 12%] [34m[1mGenerating C++ code from ds_control_msgs/GoalLegLatLon.msg[0m
[ 14%] [34m[1mGenerating Javascript code from ds_control_msgs/RovAutoState.msg[0m
[ 15%] [34m[1mGenerating Javascript code from ds_control_msgs/RovControllerState.msg[0m
[ 16%] [34m[1mGenerating Javascript code from ds_control_msgs/RovControlGoal.msg[0m
[ 17%] [34m[1mGenerating C++ code from ds_control_msgs/ExternalBottomFollowAlarm.msg[0m
[ 19%] [34m[1mGenerating Python from MSG ds_control_msgs/GoalLegLatLon[0m
[ 20%] [34m[1mGenerating Javascript code from ds_control_msgs/ActuatorInputs.msg[0m
[ 21%] [34m[1mGenerating Javascript code from ds_control_msgs/ControllerEnum.msg[0m
[ 23%] [34m[1mGenerating C++ code from ds_control_msgs/ExternalBottomFollowTimedOverride.msg[0m
[ 24%] [34m[1mGenerating Javascript code from ds_control_msgs/JoystickEnum.msg[0m
[ 25%] [34m[1mGenerating Python from MSG ds_control_msgs/ExternalBottomFollowAlarm[0m
[ 26%] [34m[1mGenerating Javascript code from ds_control_msgs/PidSettings.msg[0m
[ 28%] [34m[1mGenerating Javascript code from ds_control_msgs/RovAllocationEnum.msg[0m
[ 29%] [34m[1mGenerating C++ code from ds_control_msgs/RovAutoState.msg[0m
[ 30%] [34m[1mGenerating Javascript code from ds_control_msgs/RovSwitchState.msg[0m
[ 32%] [34m[1mGenerating Javascript code from ds_control_msgs/RovAutoCommand.srv[0m
[ 33%] [34m[1mGenerating Python from MSG ds_control_msgs/ExternalBottomFollowTimedOverride[0m
[ 34%] [34m[1mGenerating C++ code from ds_control_msgs/RovControllerState.msg[0m
[ 34%] Built target ds_control_msgs_generate_messages_nodejs
[ 35%] [34m[1mGenerating Python from MSG ds_control_msgs/RovAutoState[0m
[ 37%] [34m[1mGenerating C++ code from ds_control_msgs/RovControlGoal.msg[0m
[ 38%] [34m[1mGenerating Python from MSG ds_control_msgs/RovControllerState[0m
[ 39%] [34m[1mGenerating Python from MSG ds_control_msgs/RovControlGoal[0m
[ 41%] [34m[1mGenerating C++ code from ds_control_msgs/ActuatorInputs.msg[0m
[ 42%] [34m[1mGenerating C++ code from ds_control_msgs/ControllerEnum.msg[0m
[ 43%] [34m[1mGenerating Python from MSG ds_control_msgs/ActuatorInputs[0m
[ 44%] [34m[1mGenerating C++ code from ds_control_msgs/JoystickEnum.msg[0m
[ 46%] [34m[1mGenerating C++ code from ds_control_msgs/PidSettings.msg[0m
[ 47%] [34m[1mGenerating C++ code from ds_control_msgs/RovAllocationEnum.msg[0m
[ 48%] [34m[1mGenerating Python from MSG ds_control_msgs/ControllerEnum[0m
[ 50%] [34m[1mGenerating C++ code from ds_control_msgs/RovSwitchState.msg[0m
[ 51%] [34m[1mGenerating C++ code from ds_control_msgs/RovAutoCommand.srv[0m
[ 52%] [34m[1mGenerating Python from MSG ds_control_msgs/JoystickEnum[0m
[ 53%] [34m[1mGenerating Python from MSG ds_control_msgs/PidSettings[0m
[ 53%] Built target ds_control_msgs_generate_messages_cpp
[ 55%] [34m[1mGenerating Python from MSG ds_control_msgs/RovAllocationEnum[0m
[35m[1mScanning dependencies of target ds_control_msgs_generate_messages_lisp[0m
[ 56%] [34m[1mGenerating Lisp code from ds_control_msgs/BottomFollow1D.msg[0m
[ 57%] [34m[1mGenerating Python from MSG ds_control_msgs/RovSwitchState[0m
[ 58%] [34m[1mGenerating Lisp code from ds_control_msgs/GoalLegState.msg[0m
[ 60%] [34m[1mGenerating Lisp code from ds_control_msgs/GoalLegLatLon.msg[0m
[ 61%] [34m[1mGenerating Lisp code from ds_control_msgs/ExternalBottomFollowAlarm.msg[0m
[35m[1mScanning dependencies of target ds_control_msgs_generate_messages_eus[0m
[ 62%] [34m[1mGenerating EusLisp code from ds_control_msgs/BottomFollow1D.msg[0m
[ 64%] [34m[1mGenerating Lisp code from ds_control_msgs/ExternalBottomFollowTimedOverride.msg[0m
[ 65%] [34m[1mGenerating Python code from SRV ds_control_msgs/RovAutoCommand[0m
[ 67%] [34m[1mGenerating Lisp code from ds_control_msgs/RovAutoState.msg[0m
[ 67%] [34m[1mGenerating EusLisp code from ds_control_msgs/GoalLegState.msg[0m
[ 69%] [34m[1mGenerating Lisp code from ds_control_msgs/RovControllerState.msg[0m
[ 70%] [34m[1mGenerating EusLisp code from ds_control_msgs/GoalLegLatLon.msg[0m
[ 71%] [34m[1mGenerating Lisp code from ds_control_msgs/RovControlGoal.msg[0m
[ 73%] [34m[1mGenerating Lisp code from ds_control_msgs/ActuatorInputs.msg[0m
[ 74%] [34m[1mGenerating EusLisp code from ds_control_msgs/ExternalBottomFollowAlarm.msg[0m
[ 75%] [34m[1mGenerating Python msg __init__.py for ds_control_msgs[0m
[ 76%] [34m[1mGenerating Lisp code from ds_control_msgs/ControllerEnum.msg[0m
[ 78%] [34m[1mGenerating EusLisp code from ds_control_msgs/ExternalBottomFollowTimedOverride.msg[0m
[ 79%] [34m[1mGenerating Lisp code from ds_control_msgs/JoystickEnum.msg[0m
[ 80%] [34m[1mGenerating Lisp code from ds_control_msgs/PidSettings.msg[0m
[ 82%] [34m[1mGenerating EusLisp code from ds_control_msgs/RovAutoState.msg[0m
[ 83%] [34m[1mGenerating Python srv __init__.py for ds_control_msgs[0m
[ 84%] [34m[1mGenerating Lisp code from ds_control_msgs/RovAllocationEnum.msg[0m
[ 85%] [34m[1mGenerating EusLisp code from ds_control_msgs/RovControllerState.msg[0m
[ 87%] [34m[1mGenerating Lisp code from ds_control_msgs/RovSwitchState.msg[0m
[ 88%] [34m[1mGenerating Lisp code from ds_control_msgs/RovAutoCommand.srv[0m
[ 89%] [34m[1mGenerating EusLisp code from ds_control_msgs/RovControlGoal.msg[0m
[ 89%] Built target ds_control_msgs_generate_messages_lisp
[ 91%] [34m[1mGenerating EusLisp code from ds_control_msgs/ActuatorInputs.msg[0m
[ 91%] Built target ds_control_msgs_generate_messages_py
[ 92%] [34m[1mGenerating EusLisp code from ds_control_msgs/ControllerEnum.msg[0m
[ 93%] [34m[1mGenerating EusLisp code from ds_control_msgs/JoystickEnum.msg[0m
[ 94%] [34m[1mGenerating EusLisp code from ds_control_msgs/PidSettings.msg[0m
[ 96%] [34m[1mGenerating EusLisp code from ds_control_msgs/RovAllocationEnum.msg[0m
[ 97%] [34m[1mGenerating EusLisp code from ds_control_msgs/RovSwitchState.msg[0m
[ 98%] [34m[1mGenerating EusLisp code from ds_control_msgs/RovAutoCommand.srv[0m
[100%] [34m[1mGenerating EusLisp manifest code for ds_control_msgs[0m
[100%] Built target ds_control_msgs_generate_messages_eus
[35m[1mScanning dependencies of target ds_control_msgs_generate_messages[0m
[100%] Built target ds_control_msgs_generate_messages
