Symlinking /home/constance/uuv_ws/devel/include/ds_control_msgs/JoystickEnum.h
Symlinking /home/constance/uuv_ws/devel/include/ds_control_msgs/RovAutoState.h
Symlinking /home/constance/uuv_ws/devel/include/ds_control_msgs/RovAutoCommandRequest.h
Symlinking /home/constance/uuv_ws/devel/include/ds_control_msgs/ActuatorInputs.h
Symlinking /home/constance/uuv_ws/devel/include/ds_control_msgs/GoalLegState.h
Symlinking /home/constance/uuv_ws/devel/include/ds_control_msgs/ControllerEnum.h
Symlinking /home/constance/uuv_ws/devel/include/ds_control_msgs/RovControllerState.h
Symlinking /home/constance/uuv_ws/devel/include/ds_control_msgs/GoalLegLatLon.h
Symlinking /home/constance/uuv_ws/devel/include/ds_control_msgs/PidSettings.h
Symlinking /home/constance/uuv_ws/devel/include/ds_control_msgs/RovSwitchState.h
Symlinking /home/constance/uuv_ws/devel/include/ds_control_msgs/RovAutoCommand.h
Symlinking /home/constance/uuv_ws/devel/include/ds_control_msgs/ExternalBottomFollowTimedOverride.h
Symlinking /home/constance/uuv_ws/devel/include/ds_control_msgs/RovControlGoal.h
Symlinking /home/constance/uuv_ws/devel/include/ds_control_msgs/RovAllocationEnum.h
Symlinking /home/constance/uuv_ws/devel/include/ds_control_msgs/RovAutoCommandResponse.h
Symlinking /home/constance/uuv_ws/devel/include/ds_control_msgs/ExternalBottomFollowAlarm.h
Symlinking /home/constance/uuv_ws/devel/include/ds_control_msgs/BottomFollow1D.h
Symlinking /home/constance/uuv_ws/devel/share/roseus/ros/ds_control_msgs/manifest.l
Symlinking /home/constance/uuv_ws/devel/share/roseus/ros/ds_control_msgs/srv/RovAutoCommand.l
Symlinking /home/constance/uuv_ws/devel/share/roseus/ros/ds_control_msgs/msg/RovAllocationEnum.l
Symlinking /home/constance/uuv_ws/devel/share/roseus/ros/ds_control_msgs/msg/GoalLegState.l
Symlinking /home/constance/uuv_ws/devel/share/roseus/ros/ds_control_msgs/msg/ControllerEnum.l
Symlinking /home/constance/uuv_ws/devel/share/roseus/ros/ds_control_msgs/msg/RovControllerState.l
Symlinking /home/constance/uuv_ws/devel/share/roseus/ros/ds_control_msgs/msg/PidSettings.l
Symlinking /home/constance/uuv_ws/devel/share/roseus/ros/ds_control_msgs/msg/RovControlGoal.l
Symlinking /home/constance/uuv_ws/devel/share/roseus/ros/ds_control_msgs/msg/JoystickEnum.l
Symlinking /home/constance/uuv_ws/devel/share/roseus/ros/ds_control_msgs/msg/BottomFollow1D.l
Symlinking /home/constance/uuv_ws/devel/share/roseus/ros/ds_control_msgs/msg/GoalLegLatLon.l
Symlinking /home/constance/uuv_ws/devel/share/roseus/ros/ds_control_msgs/msg/RovAutoState.l
Symlinking /home/constance/uuv_ws/devel/share/roseus/ros/ds_control_msgs/msg/ActuatorInputs.l
Symlinking /home/constance/uuv_ws/devel/share/roseus/ros/ds_control_msgs/msg/RovSwitchState.l
Symlinking /home/constance/uuv_ws/devel/share/roseus/ros/ds_control_msgs/msg/ExternalBottomFollowAlarm.l
Symlinking /home/constance/uuv_ws/devel/share/roseus/ros/ds_control_msgs/msg/ExternalBottomFollowTimedOverride.l
Symlinking /home/constance/uuv_ws/devel/share/common-lisp/ros/ds_control_msgs/srv/_package_RovAutoCommand.lisp
Symlinking /home/constance/uuv_ws/devel/share/common-lisp/ros/ds_control_msgs/srv/ds_control_msgs-srv.asd
Symlinking /home/constance/uuv_ws/devel/share/common-lisp/ros/ds_control_msgs/srv/_package.lisp
Symlinking /home/constance/uuv_ws/devel/share/common-lisp/ros/ds_control_msgs/srv/RovAutoCommand.lisp
Symlinking /home/constance/uuv_ws/devel/share/common-lisp/ros/ds_control_msgs/msg/_package_RovControllerState.lisp
Symlinking /home/constance/uuv_ws/devel/share/common-lisp/ros/ds_control_msgs/msg/_package_JoystickEnum.lisp
Symlinking /home/constance/uuv_ws/devel/share/common-lisp/ros/ds_control_msgs/msg/RovControlGoal.lisp
Symlinking /home/constance/uuv_ws/devel/share/common-lisp/ros/ds_control_msgs/msg/RovAutoState.lisp
Symlinking /home/constance/uuv_ws/devel/share/common-lisp/ros/ds_control_msgs/msg/PidSettings.lisp
Symlinking /home/constance/uuv_ws/devel/share/common-lisp/ros/ds_control_msgs/msg/_package_ActuatorInputs.lisp
Symlinking /home/constance/uuv_ws/devel/share/common-lisp/ros/ds_control_msgs/msg/_package.lisp
Symlinking /home/constance/uuv_ws/devel/share/common-lisp/ros/ds_control_msgs/msg/BottomFollow1D.lisp
Symlinking /home/constance/uuv_ws/devel/share/common-lisp/ros/ds_control_msgs/msg/JoystickEnum.lisp
Symlinking /home/constance/uuv_ws/devel/share/common-lisp/ros/ds_control_msgs/msg/_package_ExternalBottomFollowAlarm.lisp
Symlinking /home/constance/uuv_ws/devel/share/common-lisp/ros/ds_control_msgs/msg/GoalLegState.lisp
Symlinking /home/constance/uuv_ws/devel/share/common-lisp/ros/ds_control_msgs/msg/RovAllocationEnum.lisp
Symlinking /home/constance/uuv_ws/devel/share/common-lisp/ros/ds_control_msgs/msg/_package_BottomFollow1D.lisp
Symlinking /home/constance/uuv_ws/devel/share/common-lisp/ros/ds_control_msgs/msg/_package_PidSettings.lisp
Symlinking /home/constance/uuv_ws/devel/share/common-lisp/ros/ds_control_msgs/msg/RovSwitchState.lisp
Symlinking /home/constance/uuv_ws/devel/share/common-lisp/ros/ds_control_msgs/msg/ControllerEnum.lisp
Symlinking /home/constance/uuv_ws/devel/share/common-lisp/ros/ds_control_msgs/msg/RovControllerState.lisp
Symlinking /home/constance/uuv_ws/devel/share/common-lisp/ros/ds_control_msgs/msg/ExternalBottomFollowAlarm.lisp
Symlinking /home/constance/uuv_ws/devel/share/common-lisp/ros/ds_control_msgs/msg/_package_RovSwitchState.lisp
Symlinking /home/constance/uuv_ws/devel/share/common-lisp/ros/ds_control_msgs/msg/_package_GoalLegState.lisp
Symlinking /home/constance/uuv_ws/devel/share/common-lisp/ros/ds_control_msgs/msg/_package_RovAutoState.lisp
Symlinking /home/constance/uuv_ws/devel/share/common-lisp/ros/ds_control_msgs/msg/ExternalBottomFollowTimedOverride.lisp
Symlinking /home/constance/uuv_ws/devel/share/common-lisp/ros/ds_control_msgs/msg/GoalLegLatLon.lisp
Symlinking /home/constance/uuv_ws/devel/share/common-lisp/ros/ds_control_msgs/msg/_package_ExternalBottomFollowTimedOverride.lisp
Symlinking /home/constance/uuv_ws/devel/share/common-lisp/ros/ds_control_msgs/msg/_package_ControllerEnum.lisp
Symlinking /home/constance/uuv_ws/devel/share/common-lisp/ros/ds_control_msgs/msg/ActuatorInputs.lisp
Symlinking /home/constance/uuv_ws/devel/share/common-lisp/ros/ds_control_msgs/msg/_package_RovControlGoal.lisp
Symlinking /home/constance/uuv_ws/devel/share/common-lisp/ros/ds_control_msgs/msg/_package_RovAllocationEnum.lisp
Symlinking /home/constance/uuv_ws/devel/share/common-lisp/ros/ds_control_msgs/msg/_package_GoalLegLatLon.lisp
Symlinking /home/constance/uuv_ws/devel/share/common-lisp/ros/ds_control_msgs/msg/ds_control_msgs-msg.asd
Symlinking /home/constance/uuv_ws/devel/share/gennodejs/ros/ds_control_msgs/_index.js
Symlinking /home/constance/uuv_ws/devel/share/gennodejs/ros/ds_control_msgs/srv/RovAutoCommand.js
Symlinking /home/constance/uuv_ws/devel/share/gennodejs/ros/ds_control_msgs/srv/_index.js
Symlinking /home/constance/uuv_ws/devel/share/gennodejs/ros/ds_control_msgs/msg/ExternalBottomFollowTimedOverride.js
Symlinking /home/constance/uuv_ws/devel/share/gennodejs/ros/ds_control_msgs/msg/ActuatorInputs.js
Symlinking /home/constance/uuv_ws/devel/share/gennodejs/ros/ds_control_msgs/msg/RovControlGoal.js
Symlinking /home/constance/uuv_ws/devel/share/gennodejs/ros/ds_control_msgs/msg/_index.js
Symlinking /home/constance/uuv_ws/devel/share/gennodejs/ros/ds_control_msgs/msg/RovAllocationEnum.js
Symlinking /home/constance/uuv_ws/devel/share/gennodejs/ros/ds_control_msgs/msg/RovControllerState.js
Symlinking /home/constance/uuv_ws/devel/share/gennodejs/ros/ds_control_msgs/msg/RovSwitchState.js
Symlinking /home/constance/uuv_ws/devel/share/gennodejs/ros/ds_control_msgs/msg/GoalLegLatLon.js
Symlinking /home/constance/uuv_ws/devel/share/gennodejs/ros/ds_control_msgs/msg/JoystickEnum.js
Symlinking /home/constance/uuv_ws/devel/share/gennodejs/ros/ds_control_msgs/msg/RovAutoState.js
Symlinking /home/constance/uuv_ws/devel/share/gennodejs/ros/ds_control_msgs/msg/BottomFollow1D.js
Symlinking /home/constance/uuv_ws/devel/share/gennodejs/ros/ds_control_msgs/msg/ControllerEnum.js
Symlinking /home/constance/uuv_ws/devel/share/gennodejs/ros/ds_control_msgs/msg/GoalLegState.js
Symlinking /home/constance/uuv_ws/devel/share/gennodejs/ros/ds_control_msgs/msg/PidSettings.js
Symlinking /home/constance/uuv_ws/devel/share/gennodejs/ros/ds_control_msgs/msg/ExternalBottomFollowAlarm.js
Symlinking /home/constance/uuv_ws/devel/share/ds_control_msgs/cmake/ds_control_msgs-msg-paths.cmake
Symlinking /home/constance/uuv_ws/devel/share/ds_control_msgs/cmake/ds_control_msgsConfig-version.cmake
Symlinking /home/constance/uuv_ws/devel/share/ds_control_msgs/cmake/ds_control_msgsConfig.cmake
Symlinking /home/constance/uuv_ws/devel/share/ds_control_msgs/cmake/ds_control_msgs-msg-extras.cmake
Symlinking /home/constance/uuv_ws/devel/lib/python3/dist-packages/ds_control_msgs/__init__.py
Symlinking /home/constance/uuv_ws/devel/lib/python3/dist-packages/ds_control_msgs/srv/_RovAutoCommand.py
Symlinking /home/constance/uuv_ws/devel/lib/python3/dist-packages/ds_control_msgs/srv/__init__.py
Symlinking /home/constance/uuv_ws/devel/lib/python3/dist-packages/ds_control_msgs/msg/_RovControlGoal.py
Symlinking /home/constance/uuv_ws/devel/lib/python3/dist-packages/ds_control_msgs/msg/_BottomFollow1D.py
Symlinking /home/constance/uuv_ws/devel/lib/python3/dist-packages/ds_control_msgs/msg/_RovAutoState.py
Symlinking /home/constance/uuv_ws/devel/lib/python3/dist-packages/ds_control_msgs/msg/_GoalLegLatLon.py
Symlinking /home/constance/uuv_ws/devel/lib/python3/dist-packages/ds_control_msgs/msg/_RovControllerState.py
Symlinking /home/constance/uuv_ws/devel/lib/python3/dist-packages/ds_control_msgs/msg/_ExternalBottomFollowAlarm.py
Symlinking /home/constance/uuv_ws/devel/lib/python3/dist-packages/ds_control_msgs/msg/_RovSwitchState.py
Symlinking /home/constance/uuv_ws/devel/lib/python3/dist-packages/ds_control_msgs/msg/_GoalLegState.py
Symlinking /home/constance/uuv_ws/devel/lib/python3/dist-packages/ds_control_msgs/msg/_ControllerEnum.py
Symlinking /home/constance/uuv_ws/devel/lib/python3/dist-packages/ds_control_msgs/msg/_ExternalBottomFollowTimedOverride.py
Symlinking /home/constance/uuv_ws/devel/lib/python3/dist-packages/ds_control_msgs/msg/_JoystickEnum.py
Symlinking /home/constance/uuv_ws/devel/lib/python3/dist-packages/ds_control_msgs/msg/_ActuatorInputs.py
Symlinking /home/constance/uuv_ws/devel/lib/python3/dist-packages/ds_control_msgs/msg/_RovAllocationEnum.py
Symlinking /home/constance/uuv_ws/devel/lib/python3/dist-packages/ds_control_msgs/msg/_PidSettings.py
Symlinking /home/constance/uuv_ws/devel/lib/python3/dist-packages/ds_control_msgs/msg/__init__.py
Symlinking /home/constance/uuv_ws/devel/lib/pkgconfig/ds_control_msgs.pc
