[  0%] Built target control_msgs_generate_messages_cpp
[  0%] Built target ds_nav_msgs_generate_messages_cpp
[  0%] Built target std_msgs_generate_messages_cpp
[  0%] Built target geometry_msgs_generate_messages_cpp
[  0%] Built target _ds_control_msgs_generate_messages_check_deps_GoalLegState
[  0%] Built target _ds_control_msgs_generate_messages_check_deps_RovAutoCommand
[  0%] Built target ds_core_msgs_generate_messages_cpp
[  0%] Built target _ds_control_msgs_generate_messages_check_deps_PidSettings
[  0%] Built target _ds_control_msgs_generate_messages_check_deps_ExternalBottomFollowTimedOverride
[  0%] Built target _ds_control_msgs_generate_messages_check_deps_RovControlGoal
[  0%] Built target _ds_control_msgs_generate_messages_check_deps_ActuatorInputs
[  0%] Built target _ds_control_msgs_generate_messages_check_deps_BottomFollow1D
[  0%] Built target _ds_control_msgs_generate_messages_check_deps_RovSwitchState
[  0%] Built target _ds_control_msgs_generate_messages_check_deps_RovAllocationEnum
[  0%] Built target _ds_control_msgs_generate_messages_check_deps_GoalLegLatLon
[  0%] Built target _ds_control_msgs_generate_messages_check_deps_ExternalBottomFollowAlarm
[  0%] Built target _ds_control_msgs_generate_messages_check_deps_RovAutoState
[  0%] Built target geometry_msgs_generate_messages_py
[  0%] Built target _ds_control_msgs_generate_messages_check_deps_RovControllerState
[  0%] Built target _ds_control_msgs_generate_messages_check_deps_ControllerEnum
[  0%] Built target control_msgs_generate_messages_py
[  0%] Built target ds_nav_msgs_generate_messages_py
[  0%] Built target _ds_control_msgs_generate_messages_check_deps_JoystickEnum
[  0%] Built target ds_core_msgs_generate_messages_py
[  0%] Built target std_msgs_generate_messages_py
[  0%] Built target std_msgs_generate_messages_nodejs
[  0%] Built target ds_core_msgs_generate_messages_nodejs
[  0%] Built target geometry_msgs_generate_messages_nodejs
[  0%] Built target control_msgs_generate_messages_nodejs
[  0%] Built target ds_core_msgs_generate_messages_lisp
[  0%] Built target ds_nav_msgs_generate_messages_nodejs
[  0%] Built target control_msgs_generate_messages_lisp
[  0%] Built target std_msgs_generate_messages_lisp
[  0%] Built target ds_nav_msgs_generate_messages_lisp
[  0%] Built target geometry_msgs_generate_messages_lisp
[  0%] Built target control_msgs_generate_messages_eus
[  0%] Built target ds_core_msgs_generate_messages_eus
[  0%] Built target std_msgs_generate_messages_eus
[  0%] Built target geometry_msgs_generate_messages_eus
[  0%] Built target ds_nav_msgs_generate_messages_eus
[ 19%] Built target ds_control_msgs_generate_messages_cpp
[ 41%] Built target ds_control_msgs_generate_messages_py
[ 60%] Built target ds_control_msgs_generate_messages_nodejs
[ 98%] Built target ds_control_msgs_generate_messages_lisp
[100%] Built target ds_control_msgs_generate_messages_eus
[100%] Built target ds_control_msgs_generate_messages
