Symlinking /home/constance/uuv_ws/devel/include/uuv_thruster_manager/ThrusterManagerInfo.h
Symlinking /home/constance/uuv_ws/devel/include/uuv_thruster_manager/SetThrusterManagerConfig.h
Symlinking /home/constance/uuv_ws/devel/include/uuv_thruster_manager/SetThrusterManagerConfigResponse.h
Symlinking /home/constance/uuv_ws/devel/include/uuv_thruster_manager/ThrusterManagerInfoRequest.h
Symlinking /home/constance/uuv_ws/devel/include/uuv_thruster_manager/GetThrusterManagerConfigRequest.h
Symlinking /home/constance/uuv_ws/devel/include/uuv_thruster_manager/GetThrusterCurve.h
Symlinking /home/constance/uuv_ws/devel/include/uuv_thruster_manager/GetThrusterCurveRequest.h
Symlinking /home/constance/uuv_ws/devel/include/uuv_thruster_manager/GetThrusterManagerConfig.h
Symlinking /home/constance/uuv_ws/devel/include/uuv_thruster_manager/GetThrusterCurveResponse.h
Symlinking /home/constance/uuv_ws/devel/include/uuv_thruster_manager/SetThrusterManagerConfigRequest.h
Symlinking /home/constance/uuv_ws/devel/include/uuv_thruster_manager/GetThrusterManagerConfigResponse.h
Symlinking /home/constance/uuv_ws/devel/include/uuv_thruster_manager/ThrusterManagerInfoResponse.h
Symlinking /home/constance/uuv_ws/devel/share/uuv_thruster_manager/cmake/uuv_thruster_manager-msg-paths.cmake
Symlinking /home/constance/uuv_ws/devel/share/uuv_thruster_manager/cmake/uuv_thruster_managerConfig-version.cmake
Symlinking /home/constance/uuv_ws/devel/share/uuv_thruster_manager/cmake/uuv_thruster_manager-msg-extras.cmake
Symlinking /home/constance/uuv_ws/devel/share/uuv_thruster_manager/cmake/uuv_thruster_managerConfig.cmake
Symlinking /home/constance/uuv_ws/devel/share/roseus/ros/uuv_thruster_manager/manifest.l
Symlinking /home/constance/uuv_ws/devel/share/roseus/ros/uuv_thruster_manager/srv/SetThrusterManagerConfig.l
Symlinking /home/constance/uuv_ws/devel/share/roseus/ros/uuv_thruster_manager/srv/ThrusterManagerInfo.l
Symlinking /home/constance/uuv_ws/devel/share/roseus/ros/uuv_thruster_manager/srv/GetThrusterManagerConfig.l
Symlinking /home/constance/uuv_ws/devel/share/roseus/ros/uuv_thruster_manager/srv/GetThrusterCurve.l
Symlinking /home/constance/uuv_ws/devel/share/common-lisp/ros/uuv_thruster_manager/srv/uuv_thruster_manager-srv.asd
Symlinking /home/constance/uuv_ws/devel/share/common-lisp/ros/uuv_thruster_manager/srv/_package_SetThrusterManagerConfig.lisp
Symlinking /home/constance/uuv_ws/devel/share/common-lisp/ros/uuv_thruster_manager/srv/_package_GetThrusterManagerConfig.lisp
Symlinking /home/constance/uuv_ws/devel/share/common-lisp/ros/uuv_thruster_manager/srv/_package.lisp
Symlinking /home/constance/uuv_ws/devel/share/common-lisp/ros/uuv_thruster_manager/srv/GetThrusterManagerConfig.lisp
Symlinking /home/constance/uuv_ws/devel/share/common-lisp/ros/uuv_thruster_manager/srv/ThrusterManagerInfo.lisp
Symlinking /home/constance/uuv_ws/devel/share/common-lisp/ros/uuv_thruster_manager/srv/_package_GetThrusterCurve.lisp
Symlinking /home/constance/uuv_ws/devel/share/common-lisp/ros/uuv_thruster_manager/srv/SetThrusterManagerConfig.lisp
Symlinking /home/constance/uuv_ws/devel/share/common-lisp/ros/uuv_thruster_manager/srv/GetThrusterCurve.lisp
Symlinking /home/constance/uuv_ws/devel/share/common-lisp/ros/uuv_thruster_manager/srv/_package_ThrusterManagerInfo.lisp
Symlinking /home/constance/uuv_ws/devel/share/gennodejs/ros/uuv_thruster_manager/_index.js
Symlinking /home/constance/uuv_ws/devel/share/gennodejs/ros/uuv_thruster_manager/srv/_index.js
Symlinking /home/constance/uuv_ws/devel/share/gennodejs/ros/uuv_thruster_manager/srv/ThrusterManagerInfo.js
Symlinking /home/constance/uuv_ws/devel/share/gennodejs/ros/uuv_thruster_manager/srv/SetThrusterManagerConfig.js
Symlinking /home/constance/uuv_ws/devel/share/gennodejs/ros/uuv_thruster_manager/srv/GetThrusterManagerConfig.js
Symlinking /home/constance/uuv_ws/devel/share/gennodejs/ros/uuv_thruster_manager/srv/GetThrusterCurve.js
Symlinking /home/constance/uuv_ws/devel/lib/uuv_thruster_manager/cmake.lock
Symlinking /home/constance/uuv_ws/devel/lib/uuv_thruster_manager/thruster_allocator.py
Symlinking /home/constance/uuv_ws/devel/lib/python3/dist-packages/uuv_thruster_manager/__init__.py
Symlinking /home/constance/uuv_ws/devel/lib/python3/dist-packages/uuv_thruster_manager/srv/_SetThrusterManagerConfig.py
Symlinking /home/constance/uuv_ws/devel/lib/python3/dist-packages/uuv_thruster_manager/srv/_GetThrusterManagerConfig.py
Symlinking /home/constance/uuv_ws/devel/lib/python3/dist-packages/uuv_thruster_manager/srv/_GetThrusterCurve.py
Symlinking /home/constance/uuv_ws/devel/lib/python3/dist-packages/uuv_thruster_manager/srv/__init__.py
Symlinking /home/constance/uuv_ws/devel/lib/python3/dist-packages/uuv_thruster_manager/srv/_ThrusterManagerInfo.py
Symlinking /home/constance/uuv_ws/devel/lib/python3/dist-packages/uuv_thrusters/__init__.py
Symlinking /home/constance/uuv_ws/devel/lib/pkgconfig/uuv_thruster_manager.pc
