[  0%] Built target _uuv_thruster_manager_generate_messages_check_deps_GetThrusterManagerConfig
[  0%] Built target std_msgs_generate_messages_nodejs
[  0%] Built target _uuv_thruster_manager_generate_messages_check_deps_GetThrusterCurve
[  0%] Built target _uuv_thruster_manager_generate_messages_check_deps_ThrusterManagerInfo
[  0%] Built target _uuv_thruster_manager_generate_messages_check_deps_SetThrusterManagerConfig
[ 18%] Built target uuv_thruster_manager_generate_messages_nodejs
[ 18%] Built target std_msgs_generate_messages_eus
[ 40%] Built target uuv_thruster_manager_generate_messages_eus
[ 40%] Built target std_msgs_generate_messages_cpp
[ 59%] Built target uuv_thruster_manager_generate_messages_cpp
[ 59%] Built target std_msgs_generate_messages_py
[ 81%] Built target uuv_thruster_manager_generate_messages_py
[ 81%] Built target std_msgs_generate_messages_lisp
[100%] Built target uuv_thruster_manager_generate_messages_lisp
[100%] Built target uuv_thruster_manager_generate_messages
[36mInstall the project...[0m
-- Install configuration: ""
-- Installing: /home/constance/uuv_ws/install/_setup_util.py
-- Installing: /home/constance/uuv_ws/install/env.sh
-- Installing: /home/constance/uuv_ws/install/setup.bash
-- Installing: /home/constance/uuv_ws/install/local_setup.bash
-- Installing: /home/constance/uuv_ws/install/setup.sh
-- Installing: /home/constance/uuv_ws/install/local_setup.sh
-- Installing: /home/constance/uuv_ws/install/setup.zsh
-- Installing: /home/constance/uuv_ws/install/local_setup.zsh
-- Installing: /home/constance/uuv_ws/install/.rosinstall
+ cd /home/constance/uuv_ws/src/uuv_simulator/uuv_control/uuv_thruster_manager
+ mkdir -p /home/constance/uuv_ws/install/lib/python3/dist-packages
+ /usr/bin/env PYTHONPATH=/home/constance/uuv_ws/install/lib/python3/dist-packages:/home/constance/uuv_ws/build/uuv_thruster_manager/lib/python3/dist-packages:/home/constance/uuv_ws/install/lib/python3/dist-packages:/opt/ros/noetic/lib/python3/dist-packages CATKIN_BINARY_DIR=/home/constance/uuv_ws/build/uuv_thruster_manager /usr/bin/python3 /home/constance/uuv_ws/src/uuv_simulator/uuv_control/uuv_thruster_manager/setup.py build --build-base /home/constance/uuv_ws/build/uuv_thruster_manager install --root=/ --install-layout=deb --prefix=/home/constance/uuv_ws/install --install-scripts=/home/constance/uuv_ws/install/bin
running build
running build_py
running install
running install_lib
running install_egg_info
Removing /home/constance/uuv_ws/install/lib/python3/dist-packages/uuv_thruster_manager-0.6.13.egg-info
Writing /home/constance/uuv_ws/install/lib/python3/dist-packages/uuv_thruster_manager-0.6.13.egg-info
-- Up-to-date: /home/constance/uuv_ws/install/share/uuv_thruster_manager/srv/GetThrusterCurve.srv
-- Up-to-date: /home/constance/uuv_ws/install/share/uuv_thruster_manager/srv/ThrusterManagerInfo.srv
-- Up-to-date: /home/constance/uuv_ws/install/share/uuv_thruster_manager/srv/SetThrusterManagerConfig.srv
-- Up-to-date: /home/constance/uuv_ws/install/share/uuv_thruster_manager/srv/GetThrusterManagerConfig.srv
-- Up-to-date: /home/constance/uuv_ws/install/share/uuv_thruster_manager/cmake/uuv_thruster_manager-msg-paths.cmake
-- Up-to-date: /home/constance/uuv_ws/install/include/uuv_thruster_manager
-- Up-to-date: /home/constance/uuv_ws/install/include/uuv_thruster_manager/ThrusterManagerInfo.h
-- Up-to-date: /home/constance/uuv_ws/install/include/uuv_thruster_manager/SetThrusterManagerConfig.h
-- Up-to-date: /home/constance/uuv_ws/install/include/uuv_thruster_manager/SetThrusterManagerConfigResponse.h
-- Up-to-date: /home/constance/uuv_ws/install/include/uuv_thruster_manager/ThrusterManagerInfoRequest.h
-- Up-to-date: /home/constance/uuv_ws/install/include/uuv_thruster_manager/GetThrusterManagerConfigRequest.h
-- Up-to-date: /home/constance/uuv_ws/install/include/uuv_thruster_manager/GetThrusterCurve.h
-- Up-to-date: /home/constance/uuv_ws/install/include/uuv_thruster_manager/GetThrusterCurveRequest.h
-- Up-to-date: /home/constance/uuv_ws/install/include/uuv_thruster_manager/GetThrusterManagerConfig.h
-- Up-to-date: /home/constance/uuv_ws/install/include/uuv_thruster_manager/GetThrusterCurveResponse.h
-- Up-to-date: /home/constance/uuv_ws/install/include/uuv_thruster_manager/SetThrusterManagerConfigRequest.h
-- Up-to-date: /home/constance/uuv_ws/install/include/uuv_thruster_manager/GetThrusterManagerConfigResponse.h
-- Up-to-date: /home/constance/uuv_ws/install/include/uuv_thruster_manager/ThrusterManagerInfoResponse.h
-- Up-to-date: /home/constance/uuv_ws/install/share/roseus/ros/uuv_thruster_manager
-- Up-to-date: /home/constance/uuv_ws/install/share/roseus/ros/uuv_thruster_manager/srv
-- Up-to-date: /home/constance/uuv_ws/install/share/roseus/ros/uuv_thruster_manager/srv/SetThrusterManagerConfig.l
-- Up-to-date: /home/constance/uuv_ws/install/share/roseus/ros/uuv_thruster_manager/srv/ThrusterManagerInfo.l
-- Up-to-date: /home/constance/uuv_ws/install/share/roseus/ros/uuv_thruster_manager/srv/GetThrusterManagerConfig.l
-- Up-to-date: /home/constance/uuv_ws/install/share/roseus/ros/uuv_thruster_manager/srv/GetThrusterCurve.l
-- Up-to-date: /home/constance/uuv_ws/install/share/roseus/ros/uuv_thruster_manager/manifest.l
-- Up-to-date: /home/constance/uuv_ws/install/share/common-lisp/ros/uuv_thruster_manager
-- Up-to-date: /home/constance/uuv_ws/install/share/common-lisp/ros/uuv_thruster_manager/srv
-- Up-to-date: /home/constance/uuv_ws/install/share/common-lisp/ros/uuv_thruster_manager/srv/uuv_thruster_manager-srv.asd
-- Up-to-date: /home/constance/uuv_ws/install/share/common-lisp/ros/uuv_thruster_manager/srv/_package_SetThrusterManagerConfig.lisp
-- Up-to-date: /home/constance/uuv_ws/install/share/common-lisp/ros/uuv_thruster_manager/srv/_package_GetThrusterManagerConfig.lisp
-- Up-to-date: /home/constance/uuv_ws/install/share/common-lisp/ros/uuv_thruster_manager/srv/_package.lisp
-- Up-to-date: /home/constance/uuv_ws/install/share/common-lisp/ros/uuv_thruster_manager/srv/GetThrusterManagerConfig.lisp
-- Up-to-date: /home/constance/uuv_ws/install/share/common-lisp/ros/uuv_thruster_manager/srv/ThrusterManagerInfo.lisp
-- Up-to-date: /home/constance/uuv_ws/install/share/common-lisp/ros/uuv_thruster_manager/srv/_package_GetThrusterCurve.lisp
-- Up-to-date: /home/constance/uuv_ws/install/share/common-lisp/ros/uuv_thruster_manager/srv/SetThrusterManagerConfig.lisp
-- Up-to-date: /home/constance/uuv_ws/install/share/common-lisp/ros/uuv_thruster_manager/srv/GetThrusterCurve.lisp
-- Up-to-date: /home/constance/uuv_ws/install/share/common-lisp/ros/uuv_thruster_manager/srv/_package_ThrusterManagerInfo.lisp
-- Up-to-date: /home/constance/uuv_ws/install/share/gennodejs/ros/uuv_thruster_manager
-- Up-to-date: /home/constance/uuv_ws/install/share/gennodejs/ros/uuv_thruster_manager/srv
-- Up-to-date: /home/constance/uuv_ws/install/share/gennodejs/ros/uuv_thruster_manager/srv/_index.js
-- Up-to-date: /home/constance/uuv_ws/install/share/gennodejs/ros/uuv_thruster_manager/srv/ThrusterManagerInfo.js
-- Up-to-date: /home/constance/uuv_ws/install/share/gennodejs/ros/uuv_thruster_manager/srv/SetThrusterManagerConfig.js
-- Up-to-date: /home/constance/uuv_ws/install/share/gennodejs/ros/uuv_thruster_manager/srv/GetThrusterManagerConfig.js
-- Up-to-date: /home/constance/uuv_ws/install/share/gennodejs/ros/uuv_thruster_manager/srv/GetThrusterCurve.js
-- Up-to-date: /home/constance/uuv_ws/install/share/gennodejs/ros/uuv_thruster_manager/_index.js
Listing '/home/constance/uuv_ws/devel/.private/uuv_thruster_manager/lib/python3/dist-packages/uuv_thruster_manager'...
Listing '/home/constance/uuv_ws/devel/.private/uuv_thruster_manager/lib/python3/dist-packages/uuv_thruster_manager/srv'...
-- Up-to-date: /home/constance/uuv_ws/install/lib/python3/dist-packages/uuv_thruster_manager
-- Up-to-date: /home/constance/uuv_ws/install/lib/python3/dist-packages/uuv_thruster_manager/srv
-- Up-to-date: /home/constance/uuv_ws/install/lib/python3/dist-packages/uuv_thruster_manager/srv/_SetThrusterManagerConfig.py
-- Up-to-date: /home/constance/uuv_ws/install/lib/python3/dist-packages/uuv_thruster_manager/srv/_GetThrusterManagerConfig.py
-- Up-to-date: /home/constance/uuv_ws/install/lib/python3/dist-packages/uuv_thruster_manager/srv/_GetThrusterCurve.py
-- Up-to-date: /home/constance/uuv_ws/install/lib/python3/dist-packages/uuv_thruster_manager/srv/__pycache__
-- Up-to-date: /home/constance/uuv_ws/install/lib/python3/dist-packages/uuv_thruster_manager/srv/__pycache__/__init__.cpython-38.pyc
-- Up-to-date: /home/constance/uuv_ws/install/lib/python3/dist-packages/uuv_thruster_manager/srv/__pycache__/_SetThrusterManagerConfig.cpython-38.pyc
-- Up-to-date: /home/constance/uuv_ws/install/lib/python3/dist-packages/uuv_thruster_manager/srv/__pycache__/_ThrusterManagerInfo.cpython-38.pyc
-- Up-to-date: /home/constance/uuv_ws/install/lib/python3/dist-packages/uuv_thruster_manager/srv/__pycache__/_GetThrusterManagerConfig.cpython-38.pyc
-- Up-to-date: /home/constance/uuv_ws/install/lib/python3/dist-packages/uuv_thruster_manager/srv/__pycache__/_GetThrusterCurve.cpython-38.pyc
-- Up-to-date: /home/constance/uuv_ws/install/lib/python3/dist-packages/uuv_thruster_manager/srv/__init__.py
-- Up-to-date: /home/constance/uuv_ws/install/lib/python3/dist-packages/uuv_thruster_manager/srv/_ThrusterManagerInfo.py
-- Up-to-date: /home/constance/uuv_ws/install/lib/python3/dist-packages/uuv_thruster_manager/__pycache__
-- Up-to-date: /home/constance/uuv_ws/install/lib/python3/dist-packages/uuv_thruster_manager/__pycache__/__init__.cpython-38.pyc
-- Up-to-date: /home/constance/uuv_ws/install/lib/python3/dist-packages/uuv_thruster_manager/__init__.py
-- Up-to-date: /home/constance/uuv_ws/install/lib/pkgconfig/uuv_thruster_manager.pc
-- Up-to-date: /home/constance/uuv_ws/install/share/uuv_thruster_manager/cmake/uuv_thruster_manager-msg-extras.cmake
-- Up-to-date: /home/constance/uuv_ws/install/share/uuv_thruster_manager/cmake/uuv_thruster_managerConfig.cmake
-- Up-to-date: /home/constance/uuv_ws/install/share/uuv_thruster_manager/cmake/uuv_thruster_managerConfig-version.cmake
-- Up-to-date: /home/constance/uuv_ws/install/share/uuv_thruster_manager/package.xml
-- Up-to-date: /home/constance/uuv_ws/install/lib/uuv_thruster_manager/thruster_allocator.py
-- Up-to-date: /home/constance/uuv_ws/install/share/uuv_thruster_manager/launch
-- Up-to-date: /home/constance/uuv_ws/install/share/uuv_thruster_manager/launch/thruster_manager.launch
-- Up-to-date: /home/constance/uuv_ws/install/share/uuv_thruster_manager/config
-- Installing: /home/constance/uuv_ws/install/share/uuv_thruster_manager/config/rexrov2
-- Installing: /home/constance/uuv_ws/install/share/uuv_thruster_manager/config/rexrov2/thruster_manager.yaml
-- Installing: /home/constance/uuv_ws/install/share/uuv_thruster_manager/config/rexrov2/TAM.yaml
-- Up-to-date: /home/constance/uuv_ws/install/share/uuv_thruster_manager/config/rexrov
-- Up-to-date: /home/constance/uuv_ws/install/share/uuv_thruster_manager/config/rexrov/thruster_manager.yaml
-- Up-to-date: /home/constance/uuv_ws/install/share/uuv_thruster_manager/config/rexrov/TAM.yaml
