[  0%] Built target _uuv_thruster_manager_generate_messages_check_deps_GetThrusterManagerConfig
[  0%] Built target std_msgs_generate_messages_nodejs
[  0%] Built target _uuv_thruster_manager_generate_messages_check_deps_GetThrusterCurve
[  0%] Built target _uuv_thruster_manager_generate_messages_check_deps_ThrusterManagerInfo
[  0%] Built target _uuv_thruster_manager_generate_messages_check_deps_SetThrusterManagerConfig
[ 18%] Built target uuv_thruster_manager_generate_messages_nodejs
[ 18%] Built target std_msgs_generate_messages_eus
[ 40%] Built target uuv_thruster_manager_generate_messages_eus
[ 40%] Built target std_msgs_generate_messages_cpp
[ 59%] Built target uuv_thruster_manager_generate_messages_cpp
[ 59%] Built target std_msgs_generate_messages_py
[ 81%] Built target uuv_thruster_manager_generate_messages_py
[ 81%] Built target std_msgs_generate_messages_lisp
[100%] Built target uuv_thruster_manager_generate_messages_lisp
[100%] Built target uuv_thruster_manager_generate_messages
[36mInstall the project...[0m
-- Install configuration: ""
-- Installing: /home/constance/uuv_ws/install/_setup_util.py
-- Installing: /home/constance/uuv_ws/install/env.sh
-- Installing: /home/constance/uuv_ws/install/setup.bash
-- Installing: /home/constance/uuv_ws/install/local_setup.bash
-- Installing: /home/constance/uuv_ws/install/setup.sh
-- Installing: /home/constance/uuv_ws/install/local_setup.sh
-- Installing: /home/constance/uuv_ws/install/setup.zsh
-- Installing: /home/constance/uuv_ws/install/local_setup.zsh
-- Installing: /home/constance/uuv_ws/install/.rosinstall
+ cd /home/constance/uuv_ws/src/uuv_simulator/uuv_control/uuv_thruster_manager
+ mkdir -p /home/constance/uuv_ws/install/lib/python3/dist-packages
+ /usr/bin/env PYTHONPATH=/home/constance/uuv_ws/install/lib/python3/dist-packages:/home/constance/uuv_ws/build/uuv_thruster_manager/lib/python3/dist-packages:/home/constance/uuv_ws/install/lib/python3/dist-packages:/opt/ros/noetic/lib/python3/dist-packages CATKIN_BINARY_DIR=/home/constance/uuv_ws/build/uuv_thruster_manager /usr/bin/python3 /home/constance/uuv_ws/src/uuv_simulator/uuv_control/uuv_thruster_manager/setup.py build --build-base /home/constance/uuv_ws/build/uuv_thruster_manager install --root=/ --install-layout=deb --prefix=/home/constance/uuv_ws/install --install-scripts=/home/constance/uuv_ws/install/bin
running build
running build_py
creating /home/constance/uuv_ws/build/uuv_thruster_manager/lib
creating /home/constance/uuv_ws/build/uuv_thruster_manager/lib/uuv_thrusters
copying src/uuv_thrusters/thruster_manager.py -> /home/constance/uuv_ws/build/uuv_thruster_manager/lib/uuv_thrusters
copying src/uuv_thrusters/__init__.py -> /home/constance/uuv_ws/build/uuv_thruster_manager/lib/uuv_thrusters
creating /home/constance/uuv_ws/build/uuv_thruster_manager/lib/uuv_thrusters/models
copying src/uuv_thrusters/models/thruster_custom.py -> /home/constance/uuv_ws/build/uuv_thruster_manager/lib/uuv_thrusters/models
copying src/uuv_thrusters/models/thruster_proportional.py -> /home/constance/uuv_ws/build/uuv_thruster_manager/lib/uuv_thrusters/models
copying src/uuv_thrusters/models/thruster.py -> /home/constance/uuv_ws/build/uuv_thruster_manager/lib/uuv_thrusters/models
copying src/uuv_thrusters/models/__init__.py -> /home/constance/uuv_ws/build/uuv_thruster_manager/lib/uuv_thrusters/models
running install
running install_lib
creating /home/constance/uuv_ws/install/lib/python3/dist-packages/uuv_thrusters
creating /home/constance/uuv_ws/install/lib/python3/dist-packages/uuv_thrusters/models
copying /home/constance/uuv_ws/build/uuv_thruster_manager/lib/uuv_thrusters/models/thruster_custom.py -> /home/constance/uuv_ws/install/lib/python3/dist-packages/uuv_thrusters/models
copying /home/constance/uuv_ws/build/uuv_thruster_manager/lib/uuv_thrusters/models/thruster_proportional.py -> /home/constance/uuv_ws/install/lib/python3/dist-packages/uuv_thrusters/models
copying /home/constance/uuv_ws/build/uuv_thruster_manager/lib/uuv_thrusters/models/thruster.py -> /home/constance/uuv_ws/install/lib/python3/dist-packages/uuv_thrusters/models
copying /home/constance/uuv_ws/build/uuv_thruster_manager/lib/uuv_thrusters/models/__init__.py -> /home/constance/uuv_ws/install/lib/python3/dist-packages/uuv_thrusters/models
copying /home/constance/uuv_ws/build/uuv_thruster_manager/lib/uuv_thrusters/thruster_manager.py -> /home/constance/uuv_ws/install/lib/python3/dist-packages/uuv_thrusters
copying /home/constance/uuv_ws/build/uuv_thruster_manager/lib/uuv_thrusters/__init__.py -> /home/constance/uuv_ws/install/lib/python3/dist-packages/uuv_thrusters
byte-compiling /home/constance/uuv_ws/install/lib/python3/dist-packages/uuv_thrusters/models/thruster_custom.py to thruster_custom.cpython-38.pyc
byte-compiling /home/constance/uuv_ws/install/lib/python3/dist-packages/uuv_thrusters/models/thruster_proportional.py to thruster_proportional.cpython-38.pyc
byte-compiling /home/constance/uuv_ws/install/lib/python3/dist-packages/uuv_thrusters/models/thruster.py to thruster.cpython-38.pyc
byte-compiling /home/constance/uuv_ws/install/lib/python3/dist-packages/uuv_thrusters/models/__init__.py to __init__.cpython-38.pyc
byte-compiling /home/constance/uuv_ws/install/lib/python3/dist-packages/uuv_thrusters/thruster_manager.py to thruster_manager.cpython-38.pyc
byte-compiling /home/constance/uuv_ws/install/lib/python3/dist-packages/uuv_thrusters/__init__.py to __init__.cpython-38.pyc
running install_egg_info
Writing /home/constance/uuv_ws/install/lib/python3/dist-packages/uuv_thruster_manager-0.6.13.egg-info
-- Installing: /home/constance/uuv_ws/install/share/uuv_thruster_manager/srv/GetThrusterCurve.srv
-- Installing: /home/constance/uuv_ws/install/share/uuv_thruster_manager/srv/ThrusterManagerInfo.srv
-- Installing: /home/constance/uuv_ws/install/share/uuv_thruster_manager/srv/SetThrusterManagerConfig.srv
-- Installing: /home/constance/uuv_ws/install/share/uuv_thruster_manager/srv/GetThrusterManagerConfig.srv
-- Installing: /home/constance/uuv_ws/install/share/uuv_thruster_manager/cmake/uuv_thruster_manager-msg-paths.cmake
-- Installing: /home/constance/uuv_ws/install/include/uuv_thruster_manager
-- Installing: /home/constance/uuv_ws/install/include/uuv_thruster_manager/ThrusterManagerInfo.h
-- Installing: /home/constance/uuv_ws/install/include/uuv_thruster_manager/SetThrusterManagerConfig.h
-- Installing: /home/constance/uuv_ws/install/include/uuv_thruster_manager/SetThrusterManagerConfigResponse.h
-- Installing: /home/constance/uuv_ws/install/include/uuv_thruster_manager/ThrusterManagerInfoRequest.h
-- Installing: /home/constance/uuv_ws/install/include/uuv_thruster_manager/GetThrusterManagerConfigRequest.h
-- Installing: /home/constance/uuv_ws/install/include/uuv_thruster_manager/GetThrusterCurve.h
-- Installing: /home/constance/uuv_ws/install/include/uuv_thruster_manager/GetThrusterCurveRequest.h
-- Installing: /home/constance/uuv_ws/install/include/uuv_thruster_manager/GetThrusterManagerConfig.h
-- Installing: /home/constance/uuv_ws/install/include/uuv_thruster_manager/GetThrusterCurveResponse.h
-- Installing: /home/constance/uuv_ws/install/include/uuv_thruster_manager/SetThrusterManagerConfigRequest.h
-- Installing: /home/constance/uuv_ws/install/include/uuv_thruster_manager/GetThrusterManagerConfigResponse.h
-- Installing: /home/constance/uuv_ws/install/include/uuv_thruster_manager/ThrusterManagerInfoResponse.h
-- Installing: /home/constance/uuv_ws/install/share/roseus/ros/uuv_thruster_manager
-- Installing: /home/constance/uuv_ws/install/share/roseus/ros/uuv_thruster_manager/srv
-- Installing: /home/constance/uuv_ws/install/share/roseus/ros/uuv_thruster_manager/srv/SetThrusterManagerConfig.l
-- Installing: /home/constance/uuv_ws/install/share/roseus/ros/uuv_thruster_manager/srv/ThrusterManagerInfo.l
-- Installing: /home/constance/uuv_ws/install/share/roseus/ros/uuv_thruster_manager/srv/GetThrusterManagerConfig.l
-- Installing: /home/constance/uuv_ws/install/share/roseus/ros/uuv_thruster_manager/srv/GetThrusterCurve.l
-- Installing: /home/constance/uuv_ws/install/share/roseus/ros/uuv_thruster_manager/manifest.l
-- Installing: /home/constance/uuv_ws/install/share/common-lisp/ros/uuv_thruster_manager
-- Installing: /home/constance/uuv_ws/install/share/common-lisp/ros/uuv_thruster_manager/srv
-- Installing: /home/constance/uuv_ws/install/share/common-lisp/ros/uuv_thruster_manager/srv/uuv_thruster_manager-srv.asd
-- Installing: /home/constance/uuv_ws/install/share/common-lisp/ros/uuv_thruster_manager/srv/_package_SetThrusterManagerConfig.lisp
-- Installing: /home/constance/uuv_ws/install/share/common-lisp/ros/uuv_thruster_manager/srv/_package_GetThrusterManagerConfig.lisp
-- Installing: /home/constance/uuv_ws/install/share/common-lisp/ros/uuv_thruster_manager/srv/_package.lisp
-- Installing: /home/constance/uuv_ws/install/share/common-lisp/ros/uuv_thruster_manager/srv/GetThrusterManagerConfig.lisp
-- Installing: /home/constance/uuv_ws/install/share/common-lisp/ros/uuv_thruster_manager/srv/ThrusterManagerInfo.lisp
-- Installing: /home/constance/uuv_ws/install/share/common-lisp/ros/uuv_thruster_manager/srv/_package_GetThrusterCurve.lisp
-- Installing: /home/constance/uuv_ws/install/share/common-lisp/ros/uuv_thruster_manager/srv/SetThrusterManagerConfig.lisp
-- Installing: /home/constance/uuv_ws/install/share/common-lisp/ros/uuv_thruster_manager/srv/GetThrusterCurve.lisp
-- Installing: /home/constance/uuv_ws/install/share/common-lisp/ros/uuv_thruster_manager/srv/_package_ThrusterManagerInfo.lisp
-- Installing: /home/constance/uuv_ws/install/share/gennodejs/ros/uuv_thruster_manager
-- Installing: /home/constance/uuv_ws/install/share/gennodejs/ros/uuv_thruster_manager/srv
-- Installing: /home/constance/uuv_ws/install/share/gennodejs/ros/uuv_thruster_manager/srv/_index.js
-- Installing: /home/constance/uuv_ws/install/share/gennodejs/ros/uuv_thruster_manager/srv/ThrusterManagerInfo.js
-- Installing: /home/constance/uuv_ws/install/share/gennodejs/ros/uuv_thruster_manager/srv/SetThrusterManagerConfig.js
-- Installing: /home/constance/uuv_ws/install/share/gennodejs/ros/uuv_thruster_manager/srv/GetThrusterManagerConfig.js
-- Installing: /home/constance/uuv_ws/install/share/gennodejs/ros/uuv_thruster_manager/srv/GetThrusterCurve.js
-- Installing: /home/constance/uuv_ws/install/share/gennodejs/ros/uuv_thruster_manager/_index.js
Listing '/home/constance/uuv_ws/devel/.private/uuv_thruster_manager/lib/python3/dist-packages/uuv_thruster_manager'...
Compiling '/home/constance/uuv_ws/devel/.private/uuv_thruster_manager/lib/python3/dist-packages/uuv_thruster_manager/__init__.py'...
Listing '/home/constance/uuv_ws/devel/.private/uuv_thruster_manager/lib/python3/dist-packages/uuv_thruster_manager/srv'...
Compiling '/home/constance/uuv_ws/devel/.private/uuv_thruster_manager/lib/python3/dist-packages/uuv_thruster_manager/srv/_GetThrusterCurve.py'...
Compiling '/home/constance/uuv_ws/devel/.private/uuv_thruster_manager/lib/python3/dist-packages/uuv_thruster_manager/srv/_GetThrusterManagerConfig.py'...
Compiling '/home/constance/uuv_ws/devel/.private/uuv_thruster_manager/lib/python3/dist-packages/uuv_thruster_manager/srv/_SetThrusterManagerConfig.py'...
Compiling '/home/constance/uuv_ws/devel/.private/uuv_thruster_manager/lib/python3/dist-packages/uuv_thruster_manager/srv/_ThrusterManagerInfo.py'...
Compiling '/home/constance/uuv_ws/devel/.private/uuv_thruster_manager/lib/python3/dist-packages/uuv_thruster_manager/srv/__init__.py'...
-- Installing: /home/constance/uuv_ws/install/lib/python3/dist-packages/uuv_thruster_manager
-- Installing: /home/constance/uuv_ws/install/lib/python3/dist-packages/uuv_thruster_manager/srv
-- Installing: /home/constance/uuv_ws/install/lib/python3/dist-packages/uuv_thruster_manager/srv/_SetThrusterManagerConfig.py
-- Installing: /home/constance/uuv_ws/install/lib/python3/dist-packages/uuv_thruster_manager/srv/_GetThrusterManagerConfig.py
-- Installing: /home/constance/uuv_ws/install/lib/python3/dist-packages/uuv_thruster_manager/srv/_GetThrusterCurve.py
-- Installing: /home/constance/uuv_ws/install/lib/python3/dist-packages/uuv_thruster_manager/srv/__pycache__
-- Installing: /home/constance/uuv_ws/install/lib/python3/dist-packages/uuv_thruster_manager/srv/__pycache__/__init__.cpython-38.pyc
-- Installing: /home/constance/uuv_ws/install/lib/python3/dist-packages/uuv_thruster_manager/srv/__pycache__/_SetThrusterManagerConfig.cpython-38.pyc
-- Installing: /home/constance/uuv_ws/install/lib/python3/dist-packages/uuv_thruster_manager/srv/__pycache__/_ThrusterManagerInfo.cpython-38.pyc
-- Installing: /home/constance/uuv_ws/install/lib/python3/dist-packages/uuv_thruster_manager/srv/__pycache__/_GetThrusterManagerConfig.cpython-38.pyc
-- Installing: /home/constance/uuv_ws/install/lib/python3/dist-packages/uuv_thruster_manager/srv/__pycache__/_GetThrusterCurve.cpython-38.pyc
-- Installing: /home/constance/uuv_ws/install/lib/python3/dist-packages/uuv_thruster_manager/srv/__init__.py
-- Installing: /home/constance/uuv_ws/install/lib/python3/dist-packages/uuv_thruster_manager/srv/_ThrusterManagerInfo.py
-- Installing: /home/constance/uuv_ws/install/lib/python3/dist-packages/uuv_thruster_manager/__pycache__
-- Installing: /home/constance/uuv_ws/install/lib/python3/dist-packages/uuv_thruster_manager/__pycache__/__init__.cpython-38.pyc
-- Installing: /home/constance/uuv_ws/install/lib/python3/dist-packages/uuv_thruster_manager/__init__.py
-- Installing: /home/constance/uuv_ws/install/lib/pkgconfig/uuv_thruster_manager.pc
-- Installing: /home/constance/uuv_ws/install/share/uuv_thruster_manager/cmake/uuv_thruster_manager-msg-extras.cmake
-- Installing: /home/constance/uuv_ws/install/share/uuv_thruster_manager/cmake/uuv_thruster_managerConfig.cmake
-- Installing: /home/constance/uuv_ws/install/share/uuv_thruster_manager/cmake/uuv_thruster_managerConfig-version.cmake
-- Installing: /home/constance/uuv_ws/install/share/uuv_thruster_manager/package.xml
-- Installing: /home/constance/uuv_ws/install/lib/uuv_thruster_manager/thruster_allocator.py
-- Installing: /home/constance/uuv_ws/install/share/uuv_thruster_manager/launch
-- Installing: /home/constance/uuv_ws/install/share/uuv_thruster_manager/launch/thruster_manager.launch
-- Installing: /home/constance/uuv_ws/install/share/uuv_thruster_manager/config
-- Installing: /home/constance/uuv_ws/install/share/uuv_thruster_manager/config/rexrov
-- Installing: /home/constance/uuv_ws/install/share/uuv_thruster_manager/config/rexrov/thruster_manager.yaml
-- Installing: /home/constance/uuv_ws/install/share/uuv_thruster_manager/config/rexrov/TAM.yaml
