[  0%] Built target uuv_gazebo_ros_plugins_xacro_generated_to_devel_space_
[ 14%] Built target custom_battery_consumer_ros_plugin
[ 28%] Built target uuv_accelerations_test_plugin
[ 28%] Built target roscpp_generate_messages_lisp
[ 28%] Built target roscpp_generate_messages_eus
[ 28%] Built target uuv_gazebo_ros_plugins_msgs_generate_messages_py
[ 28%] Built target visualization_msgs_generate_messages_py
[ 28%] Built target uuv_gazebo_ros_plugins_msgs_generate_messages_eus
[ 28%] Built target std_msgs_generate_messages_nodejs
[ 28%] Built target geometry_msgs_generate_messages_eus
[ 28%] Built target std_msgs_generate_messages_cpp
[ 28%] Built target tf2_msgs_generate_messages_cpp
[ 28%] Built target roscpp_generate_messages_nodejs
[ 28%] Built target geometry_msgs_generate_messages_lisp
[ 28%] Built target actionlib_generate_messages_lisp
[ 28%] Built target roscpp_generate_messages_cpp
[ 28%] Built target geometry_msgs_generate_messages_py
[ 28%] Built target tf2_msgs_generate_messages_eus
[ 28%] Built target sensor_msgs_generate_messages_py
[ 28%] Built target sensor_msgs_generate_messages_nodejs
[ 28%] Built target uuv_gazebo_ros_plugins_msgs_generate_messages_nodejs
[ 28%] Built target tf2_msgs_generate_messages_lisp
[ 28%] Built target uuv_gazebo_ros_plugins_msgs_generate_messages_cpp
[ 28%] Built target std_msgs_generate_messages_lisp
[ 28%] Built target rosgraph_msgs_generate_messages_lisp
[ 28%] Built target actionlib_msgs_generate_messages_eus
[ 28%] Built target rosgraph_msgs_generate_messages_py
[ 28%] Built target uuv_gazebo_ros_plugins_msgs_generate_messages_lisp
[ 28%] Built target sensor_msgs_generate_messages_eus
[ 28%] Built target sensor_msgs_generate_messages_lisp
[ 28%] Built target visualization_msgs_generate_messages_cpp
[ 28%] Built target actionlib_msgs_generate_messages_cpp
[ 28%] Built target std_msgs_generate_messages_py
[ 28%] Built target sensor_msgs_generate_messages_cpp
[ 28%] Built target geometry_msgs_generate_messages_nodejs
[ 28%] Built target visualization_msgs_generate_messages_lisp
[ 28%] Built target geometry_msgs_generate_messages_cpp
[ 28%] Built target visualization_msgs_generate_messages_eus
[ 28%] Built target tf2_msgs_generate_messages_py
[ 28%] Built target roscpp_generate_messages_py
[ 28%] Built target actionlib_generate_messages_eus
[ 28%] Built target rosgraph_msgs_generate_messages_cpp
[ 28%] Built target rosgraph_msgs_generate_messages_eus
[ 28%] Built target rosgraph_msgs_generate_messages_nodejs
[ 28%] Built target actionlib_generate_messages_cpp
[ 28%] Built target actionlib_msgs_generate_messages_py
[ 28%] Built target visualization_msgs_generate_messages_nodejs
[ 28%] Built target actionlib_generate_messages_nodejs
[ 28%] Built target actionlib_generate_messages_py
[ 28%] Built target std_msgs_generate_messages_eus
[ 28%] Built target actionlib_msgs_generate_messages_nodejs
[ 28%] Built target actionlib_msgs_generate_messages_lisp
[ 28%] Built target tf2_msgs_generate_messages_nodejs
[ 42%] Built target uuv_underwater_object_ros_plugin
[ 57%] Built target uuv_joint_state_publisher
[ 71%] Built target linear_battery_ros_plugin
[ 85%] Built target uuv_thruster_ros_plugin
[100%] Built target uuv_fin_ros_plugin
[36mInstall the project...[0m
-- Install configuration: ""
-- Installing: /home/constance/uuv_ws/install/_setup_util.py
-- Installing: /home/constance/uuv_ws/install/env.sh
-- Installing: /home/constance/uuv_ws/install/setup.bash
-- Installing: /home/constance/uuv_ws/install/local_setup.bash
-- Installing: /home/constance/uuv_ws/install/setup.sh
-- Installing: /home/constance/uuv_ws/install/local_setup.sh
-- Installing: /home/constance/uuv_ws/install/setup.zsh
-- Installing: /home/constance/uuv_ws/install/local_setup.zsh
-- Installing: /home/constance/uuv_ws/install/.rosinstall
-- Up-to-date: /home/constance/uuv_ws/install/lib/pkgconfig/uuv_gazebo_ros_plugins.pc
-- Up-to-date: /home/constance/uuv_ws/install/share/uuv_gazebo_ros_plugins/cmake/uuv_gazebo_ros_pluginsConfig.cmake
-- Up-to-date: /home/constance/uuv_ws/install/share/uuv_gazebo_ros_plugins/cmake/uuv_gazebo_ros_pluginsConfig-version.cmake
-- Up-to-date: /home/constance/uuv_ws/install/share/uuv_gazebo_ros_plugins/package.xml
-- Up-to-date: /home/constance/uuv_ws/install/lib/libuuv_fin_ros_plugin.so
-- Up-to-date: /home/constance/uuv_ws/install/lib/libuuv_thruster_ros_plugin.so
-- Up-to-date: /home/constance/uuv_ws/install/lib/libuuv_underwater_object_ros_plugin.so
-- Up-to-date: /home/constance/uuv_ws/install/lib/libuuv_joint_state_publisher.so
-- Up-to-date: /home/constance/uuv_ws/install/lib/libuuv_accelerations_test_plugin.so
-- Up-to-date: /home/constance/uuv_ws/install/lib/liblinear_battery_ros_plugin.so
-- Up-to-date: /home/constance/uuv_ws/install/lib/libcustom_battery_consumer_ros_plugin.so
-- Up-to-date: /home/constance/uuv_ws/install/include/uuv_gazebo_ros_plugins
-- Up-to-date: /home/constance/uuv_ws/install/include/uuv_gazebo_ros_plugins/UnderwaterObjectROSPlugin.hh
-- Up-to-date: /home/constance/uuv_ws/install/include/uuv_gazebo_ros_plugins/JointStatePublisher.hh
-- Up-to-date: /home/constance/uuv_ws/install/include/uuv_gazebo_ros_plugins/LinearBatteryROSPlugin.hh
-- Up-to-date: /home/constance/uuv_ws/install/include/uuv_gazebo_ros_plugins/ThrusterROSPlugin.hh
-- Up-to-date: /home/constance/uuv_ws/install/include/uuv_gazebo_ros_plugins/CustomBatteryConsumerROSPlugin.hh
-- Up-to-date: /home/constance/uuv_ws/install/include/uuv_gazebo_ros_plugins/FinROSPlugin.hh
-- Up-to-date: /home/constance/uuv_ws/install/include/uuv_gazebo_ros_plugins/AccelerationsTestPlugin.hh
-- Up-to-date: /home/constance/uuv_ws/install/share/uuv_gazebo_ros_plugins/urdf
-- Up-to-date: /home/constance/uuv_ws/install/share/uuv_gazebo_ros_plugins/urdf/snippets.xacro
-- Up-to-date: /home/constance/uuv_ws/install/share/uuv_gazebo_ros_plugins/urdf/battery_snippets.xacro
-- Up-to-date: /home/constance/uuv_ws/install/share/uuv_gazebo_ros_plugins/urdf/misc.xacro
-- Up-to-date: /home/constance/uuv_ws/install/share/uuv_gazebo_ros_plugins/urdf/fin_snippets.xacro
-- Up-to-date: /home/constance/uuv_ws/install/share/uuv_gazebo_ros_plugins/urdf/thruster_snippets.xacro
