Symlinking /home/constance/uuv_ws/devel/include/ds_core_msgs/StringCmd.h
Symlinking /home/constance/uuv_ws/devel/include/ds_core_msgs/DsHeader.h
Symlinking /home/constance/uuv_ws/devel/include/ds_core_msgs/IoCommandList.h
Symlinking /home/constance/uuv_ws/devel/include/ds_core_msgs/VoidCmdResponse.h
Symlinking /home/constance/uuv_ws/devel/include/ds_core_msgs/StringCmdRequest.h
Symlinking /home/constance/uuv_ws/devel/include/ds_core_msgs/StringStamped.h
Symlinking /home/constance/uuv_ws/devel/include/ds_core_msgs/KeyBool.h
Symlinking /home/constance/uuv_ws/devel/include/ds_core_msgs/IoSMcommandRequest.h
Symlinking /home/constance/uuv_ws/devel/include/ds_core_msgs/ClockOffset.h
Symlinking /home/constance/uuv_ws/devel/include/ds_core_msgs/ParamDescription.h
Symlinking /home/constance/uuv_ws/devel/include/ds_core_msgs/ByteSequence.h
Symlinking /home/constance/uuv_ws/devel/include/ds_core_msgs/Abort.h
Symlinking /home/constance/uuv_ws/devel/include/ds_core_msgs/Countdown.h
Symlinking /home/constance/uuv_ws/devel/include/ds_core_msgs/VoidCmdRequest.h
Symlinking /home/constance/uuv_ws/devel/include/ds_core_msgs/Diag.h
Symlinking /home/constance/uuv_ws/devel/include/ds_core_msgs/KeyString.h
Symlinking /home/constance/uuv_ws/devel/include/ds_core_msgs/Status.h
Symlinking /home/constance/uuv_ws/devel/include/ds_core_msgs/IoSMcommand.h
Symlinking /home/constance/uuv_ws/devel/include/ds_core_msgs/CriticalProcess.h
Symlinking /home/constance/uuv_ws/devel/include/ds_core_msgs/IoCommand.h
Symlinking /home/constance/uuv_ws/devel/include/ds_core_msgs/KeyDouble.h
Symlinking /home/constance/uuv_ws/devel/include/ds_core_msgs/IoSMcommandResponse.h
Symlinking /home/constance/uuv_ws/devel/include/ds_core_msgs/IoSMQueues.h
Symlinking /home/constance/uuv_ws/devel/include/ds_core_msgs/ParamUpdate.h
Symlinking /home/constance/uuv_ws/devel/include/ds_core_msgs/StringCmdResponse.h
Symlinking /home/constance/uuv_ws/devel/include/ds_core_msgs/CountdownMonitor.h
Symlinking /home/constance/uuv_ws/devel/include/ds_core_msgs/VoidCmd.h
Symlinking /home/constance/uuv_ws/devel/include/ds_core_msgs/KeyFloat.h
Symlinking /home/constance/uuv_ws/devel/include/ds_core_msgs/RawData.h
Symlinking /home/constance/uuv_ws/devel/include/ds_core_msgs/KeyInt.h
Symlinking /home/constance/uuv_ws/devel/share/roseus/ros/ds_core_msgs/manifest.l
Symlinking /home/constance/uuv_ws/devel/share/roseus/ros/ds_core_msgs/srv/StringCmd.l
Symlinking /home/constance/uuv_ws/devel/share/roseus/ros/ds_core_msgs/srv/VoidCmd.l
Symlinking /home/constance/uuv_ws/devel/share/roseus/ros/ds_core_msgs/srv/IoSMcommand.l
Symlinking /home/constance/uuv_ws/devel/share/roseus/ros/ds_core_msgs/msg/ParamDescription.l
Symlinking /home/constance/uuv_ws/devel/share/roseus/ros/ds_core_msgs/msg/IoSMQueues.l
Symlinking /home/constance/uuv_ws/devel/share/roseus/ros/ds_core_msgs/msg/Status.l
Symlinking /home/constance/uuv_ws/devel/share/roseus/ros/ds_core_msgs/msg/StringStamped.l
Symlinking /home/constance/uuv_ws/devel/share/roseus/ros/ds_core_msgs/msg/RawData.l
Symlinking /home/constance/uuv_ws/devel/share/roseus/ros/ds_core_msgs/msg/KeyString.l
Symlinking /home/constance/uuv_ws/devel/share/roseus/ros/ds_core_msgs/msg/ClockOffset.l
Symlinking /home/constance/uuv_ws/devel/share/roseus/ros/ds_core_msgs/msg/ByteSequence.l
Symlinking /home/constance/uuv_ws/devel/share/roseus/ros/ds_core_msgs/msg/KeyBool.l
Symlinking /home/constance/uuv_ws/devel/share/roseus/ros/ds_core_msgs/msg/CountdownMonitor.l
Symlinking /home/constance/uuv_ws/devel/share/roseus/ros/ds_core_msgs/msg/IoCommandList.l
Symlinking /home/constance/uuv_ws/devel/share/roseus/ros/ds_core_msgs/msg/KeyDouble.l
Symlinking /home/constance/uuv_ws/devel/share/roseus/ros/ds_core_msgs/msg/ParamUpdate.l
Symlinking /home/constance/uuv_ws/devel/share/roseus/ros/ds_core_msgs/msg/DsHeader.l
Symlinking /home/constance/uuv_ws/devel/share/roseus/ros/ds_core_msgs/msg/CriticalProcess.l
Symlinking /home/constance/uuv_ws/devel/share/roseus/ros/ds_core_msgs/msg/Diag.l
Symlinking /home/constance/uuv_ws/devel/share/roseus/ros/ds_core_msgs/msg/IoCommand.l
Symlinking /home/constance/uuv_ws/devel/share/roseus/ros/ds_core_msgs/msg/KeyInt.l
Symlinking /home/constance/uuv_ws/devel/share/roseus/ros/ds_core_msgs/msg/KeyFloat.l
Symlinking /home/constance/uuv_ws/devel/share/roseus/ros/ds_core_msgs/msg/Abort.l
Symlinking /home/constance/uuv_ws/devel/share/roseus/ros/ds_core_msgs/msg/Countdown.l
Symlinking /home/constance/uuv_ws/devel/share/common-lisp/ros/ds_core_msgs/srv/StringCmd.lisp
Symlinking /home/constance/uuv_ws/devel/share/common-lisp/ros/ds_core_msgs/srv/_package.lisp
Symlinking /home/constance/uuv_ws/devel/share/common-lisp/ros/ds_core_msgs/srv/_package_IoSMcommand.lisp
Symlinking /home/constance/uuv_ws/devel/share/common-lisp/ros/ds_core_msgs/srv/IoSMcommand.lisp
Symlinking /home/constance/uuv_ws/devel/share/common-lisp/ros/ds_core_msgs/srv/_package_VoidCmd.lisp
Symlinking /home/constance/uuv_ws/devel/share/common-lisp/ros/ds_core_msgs/srv/ds_core_msgs-srv.asd
Symlinking /home/constance/uuv_ws/devel/share/common-lisp/ros/ds_core_msgs/srv/_package_StringCmd.lisp
Symlinking /home/constance/uuv_ws/devel/share/common-lisp/ros/ds_core_msgs/srv/VoidCmd.lisp
Symlinking /home/constance/uuv_ws/devel/share/common-lisp/ros/ds_core_msgs/msg/KeyInt.lisp
Symlinking /home/constance/uuv_ws/devel/share/common-lisp/ros/ds_core_msgs/msg/RawData.lisp
Symlinking /home/constance/uuv_ws/devel/share/common-lisp/ros/ds_core_msgs/msg/_package_KeyFloat.lisp
Symlinking /home/constance/uuv_ws/devel/share/common-lisp/ros/ds_core_msgs/msg/Status.lisp
Symlinking /home/constance/uuv_ws/devel/share/common-lisp/ros/ds_core_msgs/msg/ds_core_msgs-msg.asd
Symlinking /home/constance/uuv_ws/devel/share/common-lisp/ros/ds_core_msgs/msg/KeyString.lisp
Symlinking /home/constance/uuv_ws/devel/share/common-lisp/ros/ds_core_msgs/msg/Diag.lisp
Symlinking /home/constance/uuv_ws/devel/share/common-lisp/ros/ds_core_msgs/msg/_package_Diag.lisp
Symlinking /home/constance/uuv_ws/devel/share/common-lisp/ros/ds_core_msgs/msg/_package_ByteSequence.lisp
Symlinking /home/constance/uuv_ws/devel/share/common-lisp/ros/ds_core_msgs/msg/KeyBool.lisp
Symlinking /home/constance/uuv_ws/devel/share/common-lisp/ros/ds_core_msgs/msg/_package_RawData.lisp
Symlinking /home/constance/uuv_ws/devel/share/common-lisp/ros/ds_core_msgs/msg/ParamDescription.lisp
Symlinking /home/constance/uuv_ws/devel/share/common-lisp/ros/ds_core_msgs/msg/_package_CriticalProcess.lisp
Symlinking /home/constance/uuv_ws/devel/share/common-lisp/ros/ds_core_msgs/msg/_package_Countdown.lisp
Symlinking /home/constance/uuv_ws/devel/share/common-lisp/ros/ds_core_msgs/msg/ByteSequence.lisp
Symlinking /home/constance/uuv_ws/devel/share/common-lisp/ros/ds_core_msgs/msg/_package_Status.lisp
Symlinking /home/constance/uuv_ws/devel/share/common-lisp/ros/ds_core_msgs/msg/IoCommandList.lisp
Symlinking /home/constance/uuv_ws/devel/share/common-lisp/ros/ds_core_msgs/msg/DsHeader.lisp
Symlinking /home/constance/uuv_ws/devel/share/common-lisp/ros/ds_core_msgs/msg/_package.lisp
Symlinking /home/constance/uuv_ws/devel/share/common-lisp/ros/ds_core_msgs/msg/_package_ParamUpdate.lisp
Symlinking /home/constance/uuv_ws/devel/share/common-lisp/ros/ds_core_msgs/msg/KeyFloat.lisp
Symlinking /home/constance/uuv_ws/devel/share/common-lisp/ros/ds_core_msgs/msg/IoCommand.lisp
Symlinking /home/constance/uuv_ws/devel/share/common-lisp/ros/ds_core_msgs/msg/_package_IoSMQueues.lisp
Symlinking /home/constance/uuv_ws/devel/share/common-lisp/ros/ds_core_msgs/msg/CountdownMonitor.lisp
Symlinking /home/constance/uuv_ws/devel/share/common-lisp/ros/ds_core_msgs/msg/_package_Abort.lisp
Symlinking /home/constance/uuv_ws/devel/share/common-lisp/ros/ds_core_msgs/msg/_package_DsHeader.lisp
Symlinking /home/constance/uuv_ws/devel/share/common-lisp/ros/ds_core_msgs/msg/_package_CountdownMonitor.lisp
Symlinking /home/constance/uuv_ws/devel/share/common-lisp/ros/ds_core_msgs/msg/_package_StringStamped.lisp
Symlinking /home/constance/uuv_ws/devel/share/common-lisp/ros/ds_core_msgs/msg/ParamUpdate.lisp
Symlinking /home/constance/uuv_ws/devel/share/common-lisp/ros/ds_core_msgs/msg/_package_KeyBool.lisp
Symlinking /home/constance/uuv_ws/devel/share/common-lisp/ros/ds_core_msgs/msg/IoSMQueues.lisp
Symlinking /home/constance/uuv_ws/devel/share/common-lisp/ros/ds_core_msgs/msg/CriticalProcess.lisp
Symlinking /home/constance/uuv_ws/devel/share/common-lisp/ros/ds_core_msgs/msg/_package_IoCommandList.lisp
Symlinking /home/constance/uuv_ws/devel/share/common-lisp/ros/ds_core_msgs/msg/Countdown.lisp
Symlinking /home/constance/uuv_ws/devel/share/common-lisp/ros/ds_core_msgs/msg/_package_KeyDouble.lisp
Symlinking /home/constance/uuv_ws/devel/share/common-lisp/ros/ds_core_msgs/msg/Abort.lisp
Symlinking /home/constance/uuv_ws/devel/share/common-lisp/ros/ds_core_msgs/msg/_package_KeyString.lisp
Symlinking /home/constance/uuv_ws/devel/share/common-lisp/ros/ds_core_msgs/msg/_package_ParamDescription.lisp
Symlinking /home/constance/uuv_ws/devel/share/common-lisp/ros/ds_core_msgs/msg/StringStamped.lisp
Symlinking /home/constance/uuv_ws/devel/share/common-lisp/ros/ds_core_msgs/msg/ClockOffset.lisp
Symlinking /home/constance/uuv_ws/devel/share/common-lisp/ros/ds_core_msgs/msg/KeyDouble.lisp
Symlinking /home/constance/uuv_ws/devel/share/common-lisp/ros/ds_core_msgs/msg/_package_ClockOffset.lisp
Symlinking /home/constance/uuv_ws/devel/share/common-lisp/ros/ds_core_msgs/msg/_package_KeyInt.lisp
Symlinking /home/constance/uuv_ws/devel/share/common-lisp/ros/ds_core_msgs/msg/_package_IoCommand.lisp
Symlinking /home/constance/uuv_ws/devel/share/gennodejs/ros/ds_core_msgs/_index.js
Symlinking /home/constance/uuv_ws/devel/share/gennodejs/ros/ds_core_msgs/srv/StringCmd.js
Symlinking /home/constance/uuv_ws/devel/share/gennodejs/ros/ds_core_msgs/srv/IoSMcommand.js
Symlinking /home/constance/uuv_ws/devel/share/gennodejs/ros/ds_core_msgs/srv/_index.js
Symlinking /home/constance/uuv_ws/devel/share/gennodejs/ros/ds_core_msgs/srv/VoidCmd.js
Symlinking /home/constance/uuv_ws/devel/share/gennodejs/ros/ds_core_msgs/msg/KeyBool.js
Symlinking /home/constance/uuv_ws/devel/share/gennodejs/ros/ds_core_msgs/msg/IoSMQueues.js
Symlinking /home/constance/uuv_ws/devel/share/gennodejs/ros/ds_core_msgs/msg/ParamUpdate.js
Symlinking /home/constance/uuv_ws/devel/share/gennodejs/ros/ds_core_msgs/msg/KeyFloat.js
Symlinking /home/constance/uuv_ws/devel/share/gennodejs/ros/ds_core_msgs/msg/IoCommandList.js
Symlinking /home/constance/uuv_ws/devel/share/gennodejs/ros/ds_core_msgs/msg/RawData.js
Symlinking /home/constance/uuv_ws/devel/share/gennodejs/ros/ds_core_msgs/msg/StringStamped.js
Symlinking /home/constance/uuv_ws/devel/share/gennodejs/ros/ds_core_msgs/msg/CountdownMonitor.js
Symlinking /home/constance/uuv_ws/devel/share/gennodejs/ros/ds_core_msgs/msg/Status.js
Symlinking /home/constance/uuv_ws/devel/share/gennodejs/ros/ds_core_msgs/msg/IoCommand.js
Symlinking /home/constance/uuv_ws/devel/share/gennodejs/ros/ds_core_msgs/msg/KeyString.js
Symlinking /home/constance/uuv_ws/devel/share/gennodejs/ros/ds_core_msgs/msg/KeyInt.js
Symlinking /home/constance/uuv_ws/devel/share/gennodejs/ros/ds_core_msgs/msg/_index.js
Symlinking /home/constance/uuv_ws/devel/share/gennodejs/ros/ds_core_msgs/msg/ByteSequence.js
Symlinking /home/constance/uuv_ws/devel/share/gennodejs/ros/ds_core_msgs/msg/ParamDescription.js
Symlinking /home/constance/uuv_ws/devel/share/gennodejs/ros/ds_core_msgs/msg/Countdown.js
Symlinking /home/constance/uuv_ws/devel/share/gennodejs/ros/ds_core_msgs/msg/DsHeader.js
Symlinking /home/constance/uuv_ws/devel/share/gennodejs/ros/ds_core_msgs/msg/Abort.js
Symlinking /home/constance/uuv_ws/devel/share/gennodejs/ros/ds_core_msgs/msg/CriticalProcess.js
Symlinking /home/constance/uuv_ws/devel/share/gennodejs/ros/ds_core_msgs/msg/ClockOffset.js
Symlinking /home/constance/uuv_ws/devel/share/gennodejs/ros/ds_core_msgs/msg/Diag.js
Symlinking /home/constance/uuv_ws/devel/share/gennodejs/ros/ds_core_msgs/msg/KeyDouble.js
Symlinking /home/constance/uuv_ws/devel/share/ds_core_msgs/cmake/ds_core_msgsConfig-version.cmake
Symlinking /home/constance/uuv_ws/devel/share/ds_core_msgs/cmake/ds_core_msgs-msg-paths.cmake
Symlinking /home/constance/uuv_ws/devel/share/ds_core_msgs/cmake/ds_core_msgsConfig.cmake
Symlinking /home/constance/uuv_ws/devel/share/ds_core_msgs/cmake/ds_core_msgs-msg-extras.cmake
Symlinking /home/constance/uuv_ws/devel/lib/python3/dist-packages/ds_core_msgs/__init__.py
Symlinking /home/constance/uuv_ws/devel/lib/python3/dist-packages/ds_core_msgs/srv/_VoidCmd.py
Symlinking /home/constance/uuv_ws/devel/lib/python3/dist-packages/ds_core_msgs/srv/_StringCmd.py
Symlinking /home/constance/uuv_ws/devel/lib/python3/dist-packages/ds_core_msgs/srv/_IoSMcommand.py
Symlinking /home/constance/uuv_ws/devel/lib/python3/dist-packages/ds_core_msgs/srv/__init__.py
Symlinking /home/constance/uuv_ws/devel/lib/python3/dist-packages/ds_core_msgs/msg/_KeyInt.py
Symlinking /home/constance/uuv_ws/devel/lib/python3/dist-packages/ds_core_msgs/msg/_StringStamped.py
Symlinking /home/constance/uuv_ws/devel/lib/python3/dist-packages/ds_core_msgs/msg/_KeyFloat.py
Symlinking /home/constance/uuv_ws/devel/lib/python3/dist-packages/ds_core_msgs/msg/_RawData.py
Symlinking /home/constance/uuv_ws/devel/lib/python3/dist-packages/ds_core_msgs/msg/_KeyBool.py
Symlinking /home/constance/uuv_ws/devel/lib/python3/dist-packages/ds_core_msgs/msg/_IoCommand.py
Symlinking /home/constance/uuv_ws/devel/lib/python3/dist-packages/ds_core_msgs/msg/_ByteSequence.py
Symlinking /home/constance/uuv_ws/devel/lib/python3/dist-packages/ds_core_msgs/msg/_ParamUpdate.py
Symlinking /home/constance/uuv_ws/devel/lib/python3/dist-packages/ds_core_msgs/msg/_DsHeader.py
Symlinking /home/constance/uuv_ws/devel/lib/python3/dist-packages/ds_core_msgs/msg/_Countdown.py
Symlinking /home/constance/uuv_ws/devel/lib/python3/dist-packages/ds_core_msgs/msg/_KeyDouble.py
Symlinking /home/constance/uuv_ws/devel/lib/python3/dist-packages/ds_core_msgs/msg/_CountdownMonitor.py
Symlinking /home/constance/uuv_ws/devel/lib/python3/dist-packages/ds_core_msgs/msg/_IoCommandList.py
Symlinking /home/constance/uuv_ws/devel/lib/python3/dist-packages/ds_core_msgs/msg/_ParamDescription.py
Symlinking /home/constance/uuv_ws/devel/lib/python3/dist-packages/ds_core_msgs/msg/_IoSMQueues.py
Symlinking /home/constance/uuv_ws/devel/lib/python3/dist-packages/ds_core_msgs/msg/_ClockOffset.py
Symlinking /home/constance/uuv_ws/devel/lib/python3/dist-packages/ds_core_msgs/msg/_KeyString.py
Symlinking /home/constance/uuv_ws/devel/lib/python3/dist-packages/ds_core_msgs/msg/_Abort.py
Symlinking /home/constance/uuv_ws/devel/lib/python3/dist-packages/ds_core_msgs/msg/_Diag.py
Symlinking /home/constance/uuv_ws/devel/lib/python3/dist-packages/ds_core_msgs/msg/__init__.py
Symlinking /home/constance/uuv_ws/devel/lib/python3/dist-packages/ds_core_msgs/msg/_Status.py
Symlinking /home/constance/uuv_ws/devel/lib/python3/dist-packages/ds_core_msgs/msg/_CriticalProcess.py
Symlinking /home/constance/uuv_ws/devel/lib/pkgconfig/ds_core_msgs.pc
