[35m[1mScanning dependencies of target _ds_core_msgs_generate_messages_check_deps_CriticalProcess[0m
[  0%] Built target _ds_core_msgs_generate_messages_check_deps_CriticalProcess
[35m[1mScanning dependencies of target _ds_core_msgs_generate_messages_check_deps_VoidCmd[0m
[  0%] Built target _ds_core_msgs_generate_messages_check_deps_VoidCmd
[35m[1mScanning dependencies of target _ds_core_msgs_generate_messages_check_deps_ClockOffset[0m
[  0%] Built target _ds_core_msgs_generate_messages_check_deps_ClockOffset
[35m[1mScanning dependencies of target _ds_core_msgs_generate_messages_check_deps_StringStamped[0m
[  0%] Built target _ds_core_msgs_generate_messages_check_deps_StringStamped
[35m[1mScanning dependencies of target _ds_core_msgs_generate_messages_check_deps_KeyBool[0m
[  0%] Built target _ds_core_msgs_generate_messages_check_deps_KeyBool
[35m[1mScanning dependencies of target std_msgs_generate_messages_py[0m
[  0%] Built target std_msgs_generate_messages_py
[35m[1mScanning dependencies of target _ds_core_msgs_generate_messages_check_deps_RawData[0m
[  0%] Built target _ds_core_msgs_generate_messages_check_deps_RawData
[35m[1mScanning dependencies of target _ds_core_msgs_generate_messages_check_deps_IoCommandList[0m
[  0%] Built target _ds_core_msgs_generate_messages_check_deps_IoCommandList
[35m[1mScanning dependencies of target _ds_core_msgs_generate_messages_check_deps_KeyInt[0m
[  0%] Built target _ds_core_msgs_generate_messages_check_deps_KeyInt
[35m[1mScanning dependencies of target _ds_core_msgs_generate_messages_check_deps_CountdownMonitor[0m
[  0%] Built target _ds_core_msgs_generate_messages_check_deps_CountdownMonitor
[35m[1mScanning dependencies of target _ds_core_msgs_generate_messages_check_deps_StringCmd[0m
[  0%] Built target _ds_core_msgs_generate_messages_check_deps_StringCmd
[35m[1mScanning dependencies of target _ds_core_msgs_generate_messages_check_deps_Countdown[0m
[  0%] Built target _ds_core_msgs_generate_messages_check_deps_Countdown
[35m[1mScanning dependencies of target _ds_core_msgs_generate_messages_check_deps_Abort[0m
[  0%] Built target _ds_core_msgs_generate_messages_check_deps_Abort
[35m[1mScanning dependencies of target _ds_core_msgs_generate_messages_check_deps_IoCommand[0m
[  0%] Built target _ds_core_msgs_generate_messages_check_deps_IoCommand
[35m[1mScanning dependencies of target _ds_core_msgs_generate_messages_check_deps_Diag[0m
[  0%] Built target _ds_core_msgs_generate_messages_check_deps_Diag
[35m[1mScanning dependencies of target _ds_core_msgs_generate_messages_check_deps_IoSMcommand[0m
[  0%] Built target _ds_core_msgs_generate_messages_check_deps_IoSMcommand
[35m[1mScanning dependencies of target _ds_core_msgs_generate_messages_check_deps_DsHeader[0m
[  0%] Built target _ds_core_msgs_generate_messages_check_deps_DsHeader
[35m[1mScanning dependencies of target _ds_core_msgs_generate_messages_check_deps_ParamUpdate[0m
[  0%] Built target _ds_core_msgs_generate_messages_check_deps_ParamUpdate
[35m[1mScanning dependencies of target _ds_core_msgs_generate_messages_check_deps_Status[0m
[  0%] Built target _ds_core_msgs_generate_messages_check_deps_Status
[35m[1mScanning dependencies of target _ds_core_msgs_generate_messages_check_deps_KeyFloat[0m
[  0%] Built target _ds_core_msgs_generate_messages_check_deps_KeyFloat
[35m[1mScanning dependencies of target _ds_core_msgs_generate_messages_check_deps_KeyDouble[0m
[  0%] Built target _ds_core_msgs_generate_messages_check_deps_KeyDouble
[35m[1mScanning dependencies of target _ds_core_msgs_generate_messages_check_deps_ParamDescription[0m
[  0%] Built target _ds_core_msgs_generate_messages_check_deps_ParamDescription
[35m[1mScanning dependencies of target _ds_core_msgs_generate_messages_check_deps_ByteSequence[0m
[  0%] Built target _ds_core_msgs_generate_messages_check_deps_ByteSequence
[35m[1mScanning dependencies of target _ds_core_msgs_generate_messages_check_deps_IoSMQueues[0m
[  0%] Built target _ds_core_msgs_generate_messages_check_deps_IoSMQueues
[35m[1mScanning dependencies of target _ds_core_msgs_generate_messages_check_deps_KeyString[0m
[  0%] Built target _ds_core_msgs_generate_messages_check_deps_KeyString
[35m[1mScanning dependencies of target std_msgs_generate_messages_cpp[0m
[  0%] Built target std_msgs_generate_messages_cpp
[35m[1mScanning dependencies of target std_msgs_generate_messages_nodejs[0m
[  0%] Built target std_msgs_generate_messages_nodejs
[35m[1mScanning dependencies of target std_msgs_generate_messages_lisp[0m
[  0%] Built target std_msgs_generate_messages_lisp
[35m[1mScanning dependencies of target std_msgs_generate_messages_eus[0m
[  0%] Built target std_msgs_generate_messages_eus
[35m[1mScanning dependencies of target ds_core_msgs_generate_messages_py[0m
[  0%] [34m[1mGenerating Python from MSG ds_core_msgs/Abort[0m
[  1%] [34m[1mGenerating Python from MSG ds_core_msgs/Diag[0m
[  2%] [34m[1mGenerating Python from MSG ds_core_msgs/DsHeader[0m
[35m[1mScanning dependencies of target ds_core_msgs_generate_messages_cpp[0m
[  2%] [34m[1mGenerating C++ code from ds_core_msgs/Abort.msg[0m
[  3%] [34m[1mGenerating C++ code from ds_core_msgs/Diag.msg[0m
[  4%] [34m[1mGenerating Python from MSG ds_core_msgs/KeyBool[0m
[  5%] [34m[1mGenerating C++ code from ds_core_msgs/DsHeader.msg[0m
[  5%] [34m[1mGenerating Python from MSG ds_core_msgs/KeyInt[0m
[  6%] [34m[1mGenerating C++ code from ds_core_msgs/KeyBool.msg[0m
[  6%] [34m[1mGenerating C++ code from ds_core_msgs/KeyInt.msg[0m
[  7%] [34m[1mGenerating Python from MSG ds_core_msgs/KeyFloat[0m
[  8%] [34m[1mGenerating C++ code from ds_core_msgs/KeyFloat.msg[0m
[  9%] [34m[1mGenerating Python from MSG ds_core_msgs/KeyDouble[0m
[ 10%] [34m[1mGenerating C++ code from ds_core_msgs/KeyDouble.msg[0m
[ 11%] [34m[1mGenerating C++ code from ds_core_msgs/KeyString.msg[0m
[ 12%] [34m[1mGenerating Python from MSG ds_core_msgs/KeyString[0m
[ 12%] [34m[1mGenerating C++ code from ds_core_msgs/ParamDescription.msg[0m
[ 12%] [34m[1mGenerating Python from MSG ds_core_msgs/ParamDescription[0m
[ 13%] [34m[1mGenerating C++ code from ds_core_msgs/ParamUpdate.msg[0m
[ 15%] [34m[1mGenerating C++ code from ds_core_msgs/Status.msg[0m
[ 16%] [34m[1mGenerating Python from MSG ds_core_msgs/ParamUpdate[0m
[ 17%] [34m[1mGenerating C++ code from ds_core_msgs/RawData.msg[0m
[ 17%] [34m[1mGenerating C++ code from ds_core_msgs/ByteSequence.msg[0m
[ 18%] [34m[1mGenerating Python from MSG ds_core_msgs/Status[0m
[ 19%] [34m[1mGenerating C++ code from ds_core_msgs/IoCommand.msg[0m
[ 20%] [34m[1mGenerating Python from MSG ds_core_msgs/RawData[0m
[ 21%] [34m[1mGenerating C++ code from ds_core_msgs/IoCommandList.msg[0m
[ 21%] [34m[1mGenerating Python from MSG ds_core_msgs/ByteSequence[0m
[ 22%] [34m[1mGenerating C++ code from ds_core_msgs/IoSMQueues.msg[0m
[ 22%] [34m[1mGenerating C++ code from ds_core_msgs/CriticalProcess.msg[0m
[ 23%] [34m[1mGenerating Python from MSG ds_core_msgs/IoCommand[0m
[ 24%] [34m[1mGenerating C++ code from ds_core_msgs/Countdown.msg[0m
[ 25%] [34m[1mGenerating C++ code from ds_core_msgs/CountdownMonitor.msg[0m
[ 26%] [34m[1mGenerating Python from MSG ds_core_msgs/IoCommandList[0m
[ 27%] [34m[1mGenerating C++ code from ds_core_msgs/StringStamped.msg[0m
[ 29%] [34m[1mGenerating Python from MSG ds_core_msgs/IoSMQueues[0m
[ 30%] [34m[1mGenerating C++ code from ds_core_msgs/ClockOffset.msg[0m
[ 30%] [34m[1mGenerating C++ code from ds_core_msgs/VoidCmd.srv[0m
[ 31%] [34m[1mGenerating C++ code from ds_core_msgs/IoSMcommand.srv[0m
[ 32%] [34m[1mGenerating Python from MSG ds_core_msgs/CriticalProcess[0m
[ 33%] [34m[1mGenerating C++ code from ds_core_msgs/StringCmd.srv[0m
[ 33%] [34m[1mGenerating Python from MSG ds_core_msgs/Countdown[0m
[ 33%] Built target ds_core_msgs_generate_messages_cpp
[35m[1mScanning dependencies of target ds_core_msgs_generate_messages_nodejs[0m
[ 34%] [34m[1mGenerating Javascript code from ds_core_msgs/Abort.msg[0m
[ 35%] [34m[1mGenerating Javascript code from ds_core_msgs/Diag.msg[0m
[ 36%] [34m[1mGenerating Python from MSG ds_core_msgs/CountdownMonitor[0m
[ 37%] [34m[1mGenerating Javascript code from ds_core_msgs/DsHeader.msg[0m
[ 37%] [34m[1mGenerating Javascript code from ds_core_msgs/KeyBool.msg[0m
[ 38%] [34m[1mGenerating Javascript code from ds_core_msgs/KeyInt.msg[0m
[ 39%] [34m[1mGenerating Javascript code from ds_core_msgs/KeyFloat.msg[0m
[ 40%] [34m[1mGenerating Python from MSG ds_core_msgs/StringStamped[0m
[ 41%] [34m[1mGenerating Javascript code from ds_core_msgs/KeyDouble.msg[0m
[ 41%] [34m[1mGenerating Javascript code from ds_core_msgs/KeyString.msg[0m
[ 43%] [34m[1mGenerating Javascript code from ds_core_msgs/ParamDescription.msg[0m
[ 44%] [34m[1mGenerating Javascript code from ds_core_msgs/ParamUpdate.msg[0m
[ 45%] [34m[1mGenerating Javascript code from ds_core_msgs/Status.msg[0m
[ 46%] [34m[1mGenerating Python from MSG ds_core_msgs/ClockOffset[0m
[ 46%] [34m[1mGenerating Python code from SRV ds_core_msgs/VoidCmd[0m
[ 46%] [34m[1mGenerating Javascript code from ds_core_msgs/RawData.msg[0m
[ 47%] [34m[1mGenerating Javascript code from ds_core_msgs/ByteSequence.msg[0m
[ 48%] [34m[1mGenerating Javascript code from ds_core_msgs/IoCommand.msg[0m
[ 49%] [34m[1mGenerating Javascript code from ds_core_msgs/IoCommandList.msg[0m
[ 49%] [34m[1mGenerating Javascript code from ds_core_msgs/IoSMQueues.msg[0m
[ 50%] [34m[1mGenerating Javascript code from ds_core_msgs/CriticalProcess.msg[0m
[ 51%] [34m[1mGenerating Python code from SRV ds_core_msgs/IoSMcommand[0m
[ 52%] [34m[1mGenerating Python code from SRV ds_core_msgs/StringCmd[0m
[ 53%] [34m[1mGenerating Javascript code from ds_core_msgs/Countdown.msg[0m
[ 54%] [34m[1mGenerating Javascript code from ds_core_msgs/CountdownMonitor.msg[0m
[ 54%] [34m[1mGenerating Javascript code from ds_core_msgs/StringStamped.msg[0m
[ 55%] [34m[1mGenerating Javascript code from ds_core_msgs/ClockOffset.msg[0m
[ 56%] [34m[1mGenerating Javascript code from ds_core_msgs/VoidCmd.srv[0m
[ 58%] [34m[1mGenerating Python msg __init__.py for ds_core_msgs[0m
[ 59%] [34m[1mGenerating Javascript code from ds_core_msgs/IoSMcommand.srv[0m
[ 60%] [34m[1mGenerating Javascript code from ds_core_msgs/StringCmd.srv[0m
[ 60%] Built target ds_core_msgs_generate_messages_nodejs
[ 60%] [34m[1mGenerating Python srv __init__.py for ds_core_msgs[0m
[ 60%] Built target ds_core_msgs_generate_messages_py
[35m[1mScanning dependencies of target ds_core_msgs_generate_messages_lisp[0m
[ 61%] [34m[1mGenerating Lisp code from ds_core_msgs/Abort.msg[0m
[ 61%] [34m[1mGenerating Lisp code from ds_core_msgs/Diag.msg[0m
[ 62%] [34m[1mGenerating Lisp code from ds_core_msgs/DsHeader.msg[0m
[ 63%] [34m[1mGenerating Lisp code from ds_core_msgs/KeyBool.msg[0m
[ 64%] [34m[1mGenerating Lisp code from ds_core_msgs/KeyInt.msg[0m
[ 64%] [34m[1mGenerating Lisp code from ds_core_msgs/KeyFloat.msg[0m
[ 65%] [34m[1mGenerating Lisp code from ds_core_msgs/KeyDouble.msg[0m
[ 66%] [34m[1mGenerating Lisp code from ds_core_msgs/KeyString.msg[0m
[ 67%] [34m[1mGenerating Lisp code from ds_core_msgs/ParamDescription.msg[0m
[ 68%] [34m[1mGenerating Lisp code from ds_core_msgs/ParamUpdate.msg[0m
[ 68%] [34m[1mGenerating Lisp code from ds_core_msgs/Status.msg[0m
[ 69%] [34m[1mGenerating Lisp code from ds_core_msgs/RawData.msg[0m
[ 70%] [34m[1mGenerating Lisp code from ds_core_msgs/ByteSequence.msg[0m
[ 72%] [34m[1mGenerating Lisp code from ds_core_msgs/IoCommand.msg[0m
[ 72%] [34m[1mGenerating Lisp code from ds_core_msgs/IoCommandList.msg[0m
[ 73%] [34m[1mGenerating Lisp code from ds_core_msgs/IoSMQueues.msg[0m
[ 74%] [34m[1mGenerating Lisp code from ds_core_msgs/CriticalProcess.msg[0m
[ 75%] [34m[1mGenerating Lisp code from ds_core_msgs/Countdown.msg[0m
[ 75%] [34m[1mGenerating Lisp code from ds_core_msgs/CountdownMonitor.msg[0m
[ 76%] [34m[1mGenerating Lisp code from ds_core_msgs/StringStamped.msg[0m
[ 77%] [34m[1mGenerating Lisp code from ds_core_msgs/ClockOffset.msg[0m
[ 78%] [34m[1mGenerating Lisp code from ds_core_msgs/VoidCmd.srv[0m
[ 78%] [34m[1mGenerating Lisp code from ds_core_msgs/IoSMcommand.srv[0m
[ 79%] [34m[1mGenerating Lisp code from ds_core_msgs/StringCmd.srv[0m
[ 79%] Built target ds_core_msgs_generate_messages_lisp
[35m[1mScanning dependencies of target ds_core_msgs_generate_messages_eus[0m
[ 80%] [34m[1mGenerating EusLisp code from ds_core_msgs/Abort.msg[0m
[ 80%] [34m[1mGenerating EusLisp code from ds_core_msgs/Diag.msg[0m
[ 81%] [34m[1mGenerating EusLisp code from ds_core_msgs/DsHeader.msg[0m
[ 82%] [34m[1mGenerating EusLisp code from ds_core_msgs/KeyBool.msg[0m
[ 83%] [34m[1mGenerating EusLisp code from ds_core_msgs/KeyInt.msg[0m
[ 83%] [34m[1mGenerating EusLisp code from ds_core_msgs/KeyFloat.msg[0m
[ 84%] [34m[1mGenerating EusLisp code from ds_core_msgs/KeyDouble.msg[0m
[ 86%] [34m[1mGenerating EusLisp code from ds_core_msgs/KeyString.msg[0m
[ 87%] [34m[1mGenerating EusLisp code from ds_core_msgs/ParamDescription.msg[0m
[ 87%] [34m[1mGenerating EusLisp code from ds_core_msgs/ParamUpdate.msg[0m
[ 88%] [34m[1mGenerating EusLisp code from ds_core_msgs/Status.msg[0m
[ 89%] [34m[1mGenerating EusLisp code from ds_core_msgs/RawData.msg[0m
[ 90%] [34m[1mGenerating EusLisp code from ds_core_msgs/ByteSequence.msg[0m
[ 91%] [34m[1mGenerating EusLisp code from ds_core_msgs/IoCommand.msg[0m
[ 91%] [34m[1mGenerating EusLisp code from ds_core_msgs/IoCommandList.msg[0m
[ 92%] [34m[1mGenerating EusLisp code from ds_core_msgs/IoSMQueues.msg[0m
[ 93%] [34m[1mGenerating EusLisp code from ds_core_msgs/CriticalProcess.msg[0m
[ 94%] [34m[1mGenerating EusLisp code from ds_core_msgs/Countdown.msg[0m
[ 94%] [34m[1mGenerating EusLisp code from ds_core_msgs/CountdownMonitor.msg[0m
[ 95%] [34m[1mGenerating EusLisp code from ds_core_msgs/StringStamped.msg[0m
[ 96%] [34m[1mGenerating EusLisp code from ds_core_msgs/ClockOffset.msg[0m
[ 97%] [34m[1mGenerating EusLisp code from ds_core_msgs/VoidCmd.srv[0m
[ 97%] [34m[1mGenerating EusLisp code from ds_core_msgs/IoSMcommand.srv[0m
[ 98%] [34m[1mGenerating EusLisp code from ds_core_msgs/StringCmd.srv[0m
[100%] [34m[1mGenerating EusLisp manifest code for ds_core_msgs[0m
[100%] Built target ds_core_msgs_generate_messages_eus
[35m[1mScanning dependencies of target ds_core_msgs_generate_messages[0m
[100%] Built target ds_core_msgs_generate_messages
