[  0%] Built target _ds_core_msgs_generate_messages_check_deps_StringStamped
[  0%] Built target _ds_core_msgs_generate_messages_check_deps_ClockOffset
[  0%] Built target _ds_core_msgs_generate_messages_check_deps_CriticalProcess
[  0%] Built target _ds_core_msgs_generate_messages_check_deps_VoidCmd
[  0%] Built target std_msgs_generate_messages_py
[  0%] Built target _ds_core_msgs_generate_messages_check_deps_KeyBool
[  0%] Built target _ds_core_msgs_generate_messages_check_deps_RawData
[  0%] Built target _ds_core_msgs_generate_messages_check_deps_KeyInt
[  0%] Built target _ds_core_msgs_generate_messages_check_deps_IoCommandList
[  0%] Built target _ds_core_msgs_generate_messages_check_deps_CountdownMonitor
[  0%] Built target _ds_core_msgs_generate_messages_check_deps_StringCmd
[  0%] Built target _ds_core_msgs_generate_messages_check_deps_Countdown
[  0%] Built target _ds_core_msgs_generate_messages_check_deps_Abort
[  0%] Built target _ds_core_msgs_generate_messages_check_deps_IoCommand
[  0%] Built target _ds_core_msgs_generate_messages_check_deps_Diag
[  0%] Built target _ds_core_msgs_generate_messages_check_deps_IoSMcommand
[  0%] Built target _ds_core_msgs_generate_messages_check_deps_DsHeader
[  0%] Built target _ds_core_msgs_generate_messages_check_deps_ParamUpdate
[  0%] Built target _ds_core_msgs_generate_messages_check_deps_Status
[  0%] Built target _ds_core_msgs_generate_messages_check_deps_KeyFloat
[  0%] Built target _ds_core_msgs_generate_messages_check_deps_KeyDouble
[  0%] Built target _ds_core_msgs_generate_messages_check_deps_ParamDescription
[  0%] Built target _ds_core_msgs_generate_messages_check_deps_ByteSequence
[  0%] Built target std_msgs_generate_messages_cpp
[  0%] Built target _ds_core_msgs_generate_messages_check_deps_IoSMQueues
[  0%] Built target std_msgs_generate_messages_nodejs
[  0%] Built target std_msgs_generate_messages_lisp
[  0%] Built target _ds_core_msgs_generate_messages_check_deps_KeyString
[  0%] Built target std_msgs_generate_messages_eus
[ 38%] Built target ds_core_msgs_generate_messages_cpp
[ 39%] Built target ds_core_msgs_generate_messages_py
[ 60%] Built target ds_core_msgs_generate_messages_nodejs
[ 79%] Built target ds_core_msgs_generate_messages_lisp
[100%] Built target ds_core_msgs_generate_messages_eus
[100%] Built target ds_core_msgs_generate_messages
