Linked: (/home/constance/uuv_ws/devel/.private/ds_core_msgs/include/ds_core_msgs/StringCmd.h, /home/constance/uuv_ws/devel/include/ds_core_msgs/StringCmd.h)
Linked: (/home/constance/uuv_ws/devel/.private/ds_core_msgs/include/ds_core_msgs/DsHeader.h, /home/constance/uuv_ws/devel/include/ds_core_msgs/DsHeader.h)
Linked: (/home/constance/uuv_ws/devel/.private/ds_core_msgs/include/ds_core_msgs/IoCommandList.h, /home/constance/uuv_ws/devel/include/ds_core_msgs/IoCommandList.h)
Linked: (/home/constance/uuv_ws/devel/.private/ds_core_msgs/include/ds_core_msgs/VoidCmdResponse.h, /home/constance/uuv_ws/devel/include/ds_core_msgs/VoidCmdResponse.h)
Linked: (/home/constance/uuv_ws/devel/.private/ds_core_msgs/include/ds_core_msgs/StringCmdRequest.h, /home/constance/uuv_ws/devel/include/ds_core_msgs/StringCmdRequest.h)
Linked: (/home/constance/uuv_ws/devel/.private/ds_core_msgs/include/ds_core_msgs/StringStamped.h, /home/constance/uuv_ws/devel/include/ds_core_msgs/StringStamped.h)
Linked: (/home/constance/uuv_ws/devel/.private/ds_core_msgs/include/ds_core_msgs/KeyBool.h, /home/constance/uuv_ws/devel/include/ds_core_msgs/KeyBool.h)
Linked: (/home/constance/uuv_ws/devel/.private/ds_core_msgs/include/ds_core_msgs/IoSMcommandRequest.h, /home/constance/uuv_ws/devel/include/ds_core_msgs/IoSMcommandRequest.h)
Linked: (/home/constance/uuv_ws/devel/.private/ds_core_msgs/include/ds_core_msgs/ClockOffset.h, /home/constance/uuv_ws/devel/include/ds_core_msgs/ClockOffset.h)
Linked: (/home/constance/uuv_ws/devel/.private/ds_core_msgs/include/ds_core_msgs/ParamDescription.h, /home/constance/uuv_ws/devel/include/ds_core_msgs/ParamDescription.h)
Linked: (/home/constance/uuv_ws/devel/.private/ds_core_msgs/include/ds_core_msgs/ByteSequence.h, /home/constance/uuv_ws/devel/include/ds_core_msgs/ByteSequence.h)
Linked: (/home/constance/uuv_ws/devel/.private/ds_core_msgs/include/ds_core_msgs/Abort.h, /home/constance/uuv_ws/devel/include/ds_core_msgs/Abort.h)
Linked: (/home/constance/uuv_ws/devel/.private/ds_core_msgs/include/ds_core_msgs/Countdown.h, /home/constance/uuv_ws/devel/include/ds_core_msgs/Countdown.h)
Linked: (/home/constance/uuv_ws/devel/.private/ds_core_msgs/include/ds_core_msgs/VoidCmdRequest.h, /home/constance/uuv_ws/devel/include/ds_core_msgs/VoidCmdRequest.h)
Linked: (/home/constance/uuv_ws/devel/.private/ds_core_msgs/include/ds_core_msgs/Diag.h, /home/constance/uuv_ws/devel/include/ds_core_msgs/Diag.h)
Linked: (/home/constance/uuv_ws/devel/.private/ds_core_msgs/include/ds_core_msgs/KeyString.h, /home/constance/uuv_ws/devel/include/ds_core_msgs/KeyString.h)
Linked: (/home/constance/uuv_ws/devel/.private/ds_core_msgs/include/ds_core_msgs/Status.h, /home/constance/uuv_ws/devel/include/ds_core_msgs/Status.h)
Linked: (/home/constance/uuv_ws/devel/.private/ds_core_msgs/include/ds_core_msgs/IoSMcommand.h, /home/constance/uuv_ws/devel/include/ds_core_msgs/IoSMcommand.h)
Linked: (/home/constance/uuv_ws/devel/.private/ds_core_msgs/include/ds_core_msgs/CriticalProcess.h, /home/constance/uuv_ws/devel/include/ds_core_msgs/CriticalProcess.h)
Linked: (/home/constance/uuv_ws/devel/.private/ds_core_msgs/include/ds_core_msgs/IoCommand.h, /home/constance/uuv_ws/devel/include/ds_core_msgs/IoCommand.h)
Linked: (/home/constance/uuv_ws/devel/.private/ds_core_msgs/include/ds_core_msgs/KeyDouble.h, /home/constance/uuv_ws/devel/include/ds_core_msgs/KeyDouble.h)
Linked: (/home/constance/uuv_ws/devel/.private/ds_core_msgs/include/ds_core_msgs/IoSMcommandResponse.h, /home/constance/uuv_ws/devel/include/ds_core_msgs/IoSMcommandResponse.h)
Linked: (/home/constance/uuv_ws/devel/.private/ds_core_msgs/include/ds_core_msgs/IoSMQueues.h, /home/constance/uuv_ws/devel/include/ds_core_msgs/IoSMQueues.h)
Linked: (/home/constance/uuv_ws/devel/.private/ds_core_msgs/include/ds_core_msgs/ParamUpdate.h, /home/constance/uuv_ws/devel/include/ds_core_msgs/ParamUpdate.h)
Linked: (/home/constance/uuv_ws/devel/.private/ds_core_msgs/include/ds_core_msgs/StringCmdResponse.h, /home/constance/uuv_ws/devel/include/ds_core_msgs/StringCmdResponse.h)
Linked: (/home/constance/uuv_ws/devel/.private/ds_core_msgs/include/ds_core_msgs/CountdownMonitor.h, /home/constance/uuv_ws/devel/include/ds_core_msgs/CountdownMonitor.h)
Linked: (/home/constance/uuv_ws/devel/.private/ds_core_msgs/include/ds_core_msgs/VoidCmd.h, /home/constance/uuv_ws/devel/include/ds_core_msgs/VoidCmd.h)
Linked: (/home/constance/uuv_ws/devel/.private/ds_core_msgs/include/ds_core_msgs/KeyFloat.h, /home/constance/uuv_ws/devel/include/ds_core_msgs/KeyFloat.h)
Linked: (/home/constance/uuv_ws/devel/.private/ds_core_msgs/include/ds_core_msgs/RawData.h, /home/constance/uuv_ws/devel/include/ds_core_msgs/RawData.h)
Linked: (/home/constance/uuv_ws/devel/.private/ds_core_msgs/include/ds_core_msgs/KeyInt.h, /home/constance/uuv_ws/devel/include/ds_core_msgs/KeyInt.h)
Linked: (/home/constance/uuv_ws/devel/.private/ds_core_msgs/share/roseus/ros/ds_core_msgs/manifest.l, /home/constance/uuv_ws/devel/share/roseus/ros/ds_core_msgs/manifest.l)
Linked: (/home/constance/uuv_ws/devel/.private/ds_core_msgs/share/roseus/ros/ds_core_msgs/srv/StringCmd.l, /home/constance/uuv_ws/devel/share/roseus/ros/ds_core_msgs/srv/StringCmd.l)
Linked: (/home/constance/uuv_ws/devel/.private/ds_core_msgs/share/roseus/ros/ds_core_msgs/srv/VoidCmd.l, /home/constance/uuv_ws/devel/share/roseus/ros/ds_core_msgs/srv/VoidCmd.l)
Linked: (/home/constance/uuv_ws/devel/.private/ds_core_msgs/share/roseus/ros/ds_core_msgs/srv/IoSMcommand.l, /home/constance/uuv_ws/devel/share/roseus/ros/ds_core_msgs/srv/IoSMcommand.l)
Linked: (/home/constance/uuv_ws/devel/.private/ds_core_msgs/share/roseus/ros/ds_core_msgs/msg/ParamDescription.l, /home/constance/uuv_ws/devel/share/roseus/ros/ds_core_msgs/msg/ParamDescription.l)
Linked: (/home/constance/uuv_ws/devel/.private/ds_core_msgs/share/roseus/ros/ds_core_msgs/msg/IoSMQueues.l, /home/constance/uuv_ws/devel/share/roseus/ros/ds_core_msgs/msg/IoSMQueues.l)
Linked: (/home/constance/uuv_ws/devel/.private/ds_core_msgs/share/roseus/ros/ds_core_msgs/msg/Status.l, /home/constance/uuv_ws/devel/share/roseus/ros/ds_core_msgs/msg/Status.l)
Linked: (/home/constance/uuv_ws/devel/.private/ds_core_msgs/share/roseus/ros/ds_core_msgs/msg/StringStamped.l, /home/constance/uuv_ws/devel/share/roseus/ros/ds_core_msgs/msg/StringStamped.l)
Linked: (/home/constance/uuv_ws/devel/.private/ds_core_msgs/share/roseus/ros/ds_core_msgs/msg/RawData.l, /home/constance/uuv_ws/devel/share/roseus/ros/ds_core_msgs/msg/RawData.l)
Linked: (/home/constance/uuv_ws/devel/.private/ds_core_msgs/share/roseus/ros/ds_core_msgs/msg/KeyString.l, /home/constance/uuv_ws/devel/share/roseus/ros/ds_core_msgs/msg/KeyString.l)
Linked: (/home/constance/uuv_ws/devel/.private/ds_core_msgs/share/roseus/ros/ds_core_msgs/msg/ClockOffset.l, /home/constance/uuv_ws/devel/share/roseus/ros/ds_core_msgs/msg/ClockOffset.l)
Linked: (/home/constance/uuv_ws/devel/.private/ds_core_msgs/share/roseus/ros/ds_core_msgs/msg/ByteSequence.l, /home/constance/uuv_ws/devel/share/roseus/ros/ds_core_msgs/msg/ByteSequence.l)
Linked: (/home/constance/uuv_ws/devel/.private/ds_core_msgs/share/roseus/ros/ds_core_msgs/msg/KeyBool.l, /home/constance/uuv_ws/devel/share/roseus/ros/ds_core_msgs/msg/KeyBool.l)
Linked: (/home/constance/uuv_ws/devel/.private/ds_core_msgs/share/roseus/ros/ds_core_msgs/msg/CountdownMonitor.l, /home/constance/uuv_ws/devel/share/roseus/ros/ds_core_msgs/msg/CountdownMonitor.l)
Linked: (/home/constance/uuv_ws/devel/.private/ds_core_msgs/share/roseus/ros/ds_core_msgs/msg/IoCommandList.l, /home/constance/uuv_ws/devel/share/roseus/ros/ds_core_msgs/msg/IoCommandList.l)
Linked: (/home/constance/uuv_ws/devel/.private/ds_core_msgs/share/roseus/ros/ds_core_msgs/msg/KeyDouble.l, /home/constance/uuv_ws/devel/share/roseus/ros/ds_core_msgs/msg/KeyDouble.l)
Linked: (/home/constance/uuv_ws/devel/.private/ds_core_msgs/share/roseus/ros/ds_core_msgs/msg/ParamUpdate.l, /home/constance/uuv_ws/devel/share/roseus/ros/ds_core_msgs/msg/ParamUpdate.l)
Linked: (/home/constance/uuv_ws/devel/.private/ds_core_msgs/share/roseus/ros/ds_core_msgs/msg/DsHeader.l, /home/constance/uuv_ws/devel/share/roseus/ros/ds_core_msgs/msg/DsHeader.l)
Linked: (/home/constance/uuv_ws/devel/.private/ds_core_msgs/share/roseus/ros/ds_core_msgs/msg/CriticalProcess.l, /home/constance/uuv_ws/devel/share/roseus/ros/ds_core_msgs/msg/CriticalProcess.l)
Linked: (/home/constance/uuv_ws/devel/.private/ds_core_msgs/share/roseus/ros/ds_core_msgs/msg/Diag.l, /home/constance/uuv_ws/devel/share/roseus/ros/ds_core_msgs/msg/Diag.l)
Linked: (/home/constance/uuv_ws/devel/.private/ds_core_msgs/share/roseus/ros/ds_core_msgs/msg/IoCommand.l, /home/constance/uuv_ws/devel/share/roseus/ros/ds_core_msgs/msg/IoCommand.l)
Linked: (/home/constance/uuv_ws/devel/.private/ds_core_msgs/share/roseus/ros/ds_core_msgs/msg/KeyInt.l, /home/constance/uuv_ws/devel/share/roseus/ros/ds_core_msgs/msg/KeyInt.l)
Linked: (/home/constance/uuv_ws/devel/.private/ds_core_msgs/share/roseus/ros/ds_core_msgs/msg/KeyFloat.l, /home/constance/uuv_ws/devel/share/roseus/ros/ds_core_msgs/msg/KeyFloat.l)
Linked: (/home/constance/uuv_ws/devel/.private/ds_core_msgs/share/roseus/ros/ds_core_msgs/msg/Abort.l, /home/constance/uuv_ws/devel/share/roseus/ros/ds_core_msgs/msg/Abort.l)
Linked: (/home/constance/uuv_ws/devel/.private/ds_core_msgs/share/roseus/ros/ds_core_msgs/msg/Countdown.l, /home/constance/uuv_ws/devel/share/roseus/ros/ds_core_msgs/msg/Countdown.l)
Linked: (/home/constance/uuv_ws/devel/.private/ds_core_msgs/share/common-lisp/ros/ds_core_msgs/srv/StringCmd.lisp, /home/constance/uuv_ws/devel/share/common-lisp/ros/ds_core_msgs/srv/StringCmd.lisp)
Linked: (/home/constance/uuv_ws/devel/.private/ds_core_msgs/share/common-lisp/ros/ds_core_msgs/srv/_package.lisp, /home/constance/uuv_ws/devel/share/common-lisp/ros/ds_core_msgs/srv/_package.lisp)
Linked: (/home/constance/uuv_ws/devel/.private/ds_core_msgs/share/common-lisp/ros/ds_core_msgs/srv/_package_IoSMcommand.lisp, /home/constance/uuv_ws/devel/share/common-lisp/ros/ds_core_msgs/srv/_package_IoSMcommand.lisp)
Linked: (/home/constance/uuv_ws/devel/.private/ds_core_msgs/share/common-lisp/ros/ds_core_msgs/srv/IoSMcommand.lisp, /home/constance/uuv_ws/devel/share/common-lisp/ros/ds_core_msgs/srv/IoSMcommand.lisp)
Linked: (/home/constance/uuv_ws/devel/.private/ds_core_msgs/share/common-lisp/ros/ds_core_msgs/srv/_package_VoidCmd.lisp, /home/constance/uuv_ws/devel/share/common-lisp/ros/ds_core_msgs/srv/_package_VoidCmd.lisp)
Linked: (/home/constance/uuv_ws/devel/.private/ds_core_msgs/share/common-lisp/ros/ds_core_msgs/srv/ds_core_msgs-srv.asd, /home/constance/uuv_ws/devel/share/common-lisp/ros/ds_core_msgs/srv/ds_core_msgs-srv.asd)
Linked: (/home/constance/uuv_ws/devel/.private/ds_core_msgs/share/common-lisp/ros/ds_core_msgs/srv/_package_StringCmd.lisp, /home/constance/uuv_ws/devel/share/common-lisp/ros/ds_core_msgs/srv/_package_StringCmd.lisp)
Linked: (/home/constance/uuv_ws/devel/.private/ds_core_msgs/share/common-lisp/ros/ds_core_msgs/srv/VoidCmd.lisp, /home/constance/uuv_ws/devel/share/common-lisp/ros/ds_core_msgs/srv/VoidCmd.lisp)
Linked: (/home/constance/uuv_ws/devel/.private/ds_core_msgs/share/common-lisp/ros/ds_core_msgs/msg/KeyInt.lisp, /home/constance/uuv_ws/devel/share/common-lisp/ros/ds_core_msgs/msg/KeyInt.lisp)
Linked: (/home/constance/uuv_ws/devel/.private/ds_core_msgs/share/common-lisp/ros/ds_core_msgs/msg/RawData.lisp, /home/constance/uuv_ws/devel/share/common-lisp/ros/ds_core_msgs/msg/RawData.lisp)
Linked: (/home/constance/uuv_ws/devel/.private/ds_core_msgs/share/common-lisp/ros/ds_core_msgs/msg/_package_KeyFloat.lisp, /home/constance/uuv_ws/devel/share/common-lisp/ros/ds_core_msgs/msg/_package_KeyFloat.lisp)
Linked: (/home/constance/uuv_ws/devel/.private/ds_core_msgs/share/common-lisp/ros/ds_core_msgs/msg/Status.lisp, /home/constance/uuv_ws/devel/share/common-lisp/ros/ds_core_msgs/msg/Status.lisp)
Linked: (/home/constance/uuv_ws/devel/.private/ds_core_msgs/share/common-lisp/ros/ds_core_msgs/msg/ds_core_msgs-msg.asd, /home/constance/uuv_ws/devel/share/common-lisp/ros/ds_core_msgs/msg/ds_core_msgs-msg.asd)
Linked: (/home/constance/uuv_ws/devel/.private/ds_core_msgs/share/common-lisp/ros/ds_core_msgs/msg/KeyString.lisp, /home/constance/uuv_ws/devel/share/common-lisp/ros/ds_core_msgs/msg/KeyString.lisp)
Linked: (/home/constance/uuv_ws/devel/.private/ds_core_msgs/share/common-lisp/ros/ds_core_msgs/msg/Diag.lisp, /home/constance/uuv_ws/devel/share/common-lisp/ros/ds_core_msgs/msg/Diag.lisp)
Linked: (/home/constance/uuv_ws/devel/.private/ds_core_msgs/share/common-lisp/ros/ds_core_msgs/msg/_package_Diag.lisp, /home/constance/uuv_ws/devel/share/common-lisp/ros/ds_core_msgs/msg/_package_Diag.lisp)
Linked: (/home/constance/uuv_ws/devel/.private/ds_core_msgs/share/common-lisp/ros/ds_core_msgs/msg/_package_ByteSequence.lisp, /home/constance/uuv_ws/devel/share/common-lisp/ros/ds_core_msgs/msg/_package_ByteSequence.lisp)
Linked: (/home/constance/uuv_ws/devel/.private/ds_core_msgs/share/common-lisp/ros/ds_core_msgs/msg/KeyBool.lisp, /home/constance/uuv_ws/devel/share/common-lisp/ros/ds_core_msgs/msg/KeyBool.lisp)
Linked: (/home/constance/uuv_ws/devel/.private/ds_core_msgs/share/common-lisp/ros/ds_core_msgs/msg/_package_RawData.lisp, /home/constance/uuv_ws/devel/share/common-lisp/ros/ds_core_msgs/msg/_package_RawData.lisp)
Linked: (/home/constance/uuv_ws/devel/.private/ds_core_msgs/share/common-lisp/ros/ds_core_msgs/msg/ParamDescription.lisp, /home/constance/uuv_ws/devel/share/common-lisp/ros/ds_core_msgs/msg/ParamDescription.lisp)
Linked: (/home/constance/uuv_ws/devel/.private/ds_core_msgs/share/common-lisp/ros/ds_core_msgs/msg/_package_CriticalProcess.lisp, /home/constance/uuv_ws/devel/share/common-lisp/ros/ds_core_msgs/msg/_package_CriticalProcess.lisp)
Linked: (/home/constance/uuv_ws/devel/.private/ds_core_msgs/share/common-lisp/ros/ds_core_msgs/msg/_package_Countdown.lisp, /home/constance/uuv_ws/devel/share/common-lisp/ros/ds_core_msgs/msg/_package_Countdown.lisp)
Linked: (/home/constance/uuv_ws/devel/.private/ds_core_msgs/share/common-lisp/ros/ds_core_msgs/msg/ByteSequence.lisp, /home/constance/uuv_ws/devel/share/common-lisp/ros/ds_core_msgs/msg/ByteSequence.lisp)
Linked: (/home/constance/uuv_ws/devel/.private/ds_core_msgs/share/common-lisp/ros/ds_core_msgs/msg/_package_Status.lisp, /home/constance/uuv_ws/devel/share/common-lisp/ros/ds_core_msgs/msg/_package_Status.lisp)
Linked: (/home/constance/uuv_ws/devel/.private/ds_core_msgs/share/common-lisp/ros/ds_core_msgs/msg/IoCommandList.lisp, /home/constance/uuv_ws/devel/share/common-lisp/ros/ds_core_msgs/msg/IoCommandList.lisp)
Linked: (/home/constance/uuv_ws/devel/.private/ds_core_msgs/share/common-lisp/ros/ds_core_msgs/msg/DsHeader.lisp, /home/constance/uuv_ws/devel/share/common-lisp/ros/ds_core_msgs/msg/DsHeader.lisp)
Linked: (/home/constance/uuv_ws/devel/.private/ds_core_msgs/share/common-lisp/ros/ds_core_msgs/msg/_package.lisp, /home/constance/uuv_ws/devel/share/common-lisp/ros/ds_core_msgs/msg/_package.lisp)
Linked: (/home/constance/uuv_ws/devel/.private/ds_core_msgs/share/common-lisp/ros/ds_core_msgs/msg/_package_ParamUpdate.lisp, /home/constance/uuv_ws/devel/share/common-lisp/ros/ds_core_msgs/msg/_package_ParamUpdate.lisp)
Linked: (/home/constance/uuv_ws/devel/.private/ds_core_msgs/share/common-lisp/ros/ds_core_msgs/msg/KeyFloat.lisp, /home/constance/uuv_ws/devel/share/common-lisp/ros/ds_core_msgs/msg/KeyFloat.lisp)
Linked: (/home/constance/uuv_ws/devel/.private/ds_core_msgs/share/common-lisp/ros/ds_core_msgs/msg/IoCommand.lisp, /home/constance/uuv_ws/devel/share/common-lisp/ros/ds_core_msgs/msg/IoCommand.lisp)
Linked: (/home/constance/uuv_ws/devel/.private/ds_core_msgs/share/common-lisp/ros/ds_core_msgs/msg/_package_IoSMQueues.lisp, /home/constance/uuv_ws/devel/share/common-lisp/ros/ds_core_msgs/msg/_package_IoSMQueues.lisp)
Linked: (/home/constance/uuv_ws/devel/.private/ds_core_msgs/share/common-lisp/ros/ds_core_msgs/msg/CountdownMonitor.lisp, /home/constance/uuv_ws/devel/share/common-lisp/ros/ds_core_msgs/msg/CountdownMonitor.lisp)
Linked: (/home/constance/uuv_ws/devel/.private/ds_core_msgs/share/common-lisp/ros/ds_core_msgs/msg/_package_Abort.lisp, /home/constance/uuv_ws/devel/share/common-lisp/ros/ds_core_msgs/msg/_package_Abort.lisp)
Linked: (/home/constance/uuv_ws/devel/.private/ds_core_msgs/share/common-lisp/ros/ds_core_msgs/msg/_package_DsHeader.lisp, /home/constance/uuv_ws/devel/share/common-lisp/ros/ds_core_msgs/msg/_package_DsHeader.lisp)
Linked: (/home/constance/uuv_ws/devel/.private/ds_core_msgs/share/common-lisp/ros/ds_core_msgs/msg/_package_CountdownMonitor.lisp, /home/constance/uuv_ws/devel/share/common-lisp/ros/ds_core_msgs/msg/_package_CountdownMonitor.lisp)
Linked: (/home/constance/uuv_ws/devel/.private/ds_core_msgs/share/common-lisp/ros/ds_core_msgs/msg/_package_StringStamped.lisp, /home/constance/uuv_ws/devel/share/common-lisp/ros/ds_core_msgs/msg/_package_StringStamped.lisp)
Linked: (/home/constance/uuv_ws/devel/.private/ds_core_msgs/share/common-lisp/ros/ds_core_msgs/msg/ParamUpdate.lisp, /home/constance/uuv_ws/devel/share/common-lisp/ros/ds_core_msgs/msg/ParamUpdate.lisp)
Linked: (/home/constance/uuv_ws/devel/.private/ds_core_msgs/share/common-lisp/ros/ds_core_msgs/msg/_package_KeyBool.lisp, /home/constance/uuv_ws/devel/share/common-lisp/ros/ds_core_msgs/msg/_package_KeyBool.lisp)
Linked: (/home/constance/uuv_ws/devel/.private/ds_core_msgs/share/common-lisp/ros/ds_core_msgs/msg/IoSMQueues.lisp, /home/constance/uuv_ws/devel/share/common-lisp/ros/ds_core_msgs/msg/IoSMQueues.lisp)
Linked: (/home/constance/uuv_ws/devel/.private/ds_core_msgs/share/common-lisp/ros/ds_core_msgs/msg/CriticalProcess.lisp, /home/constance/uuv_ws/devel/share/common-lisp/ros/ds_core_msgs/msg/CriticalProcess.lisp)
Linked: (/home/constance/uuv_ws/devel/.private/ds_core_msgs/share/common-lisp/ros/ds_core_msgs/msg/_package_IoCommandList.lisp, /home/constance/uuv_ws/devel/share/common-lisp/ros/ds_core_msgs/msg/_package_IoCommandList.lisp)
Linked: (/home/constance/uuv_ws/devel/.private/ds_core_msgs/share/common-lisp/ros/ds_core_msgs/msg/Countdown.lisp, /home/constance/uuv_ws/devel/share/common-lisp/ros/ds_core_msgs/msg/Countdown.lisp)
Linked: (/home/constance/uuv_ws/devel/.private/ds_core_msgs/share/common-lisp/ros/ds_core_msgs/msg/_package_KeyDouble.lisp, /home/constance/uuv_ws/devel/share/common-lisp/ros/ds_core_msgs/msg/_package_KeyDouble.lisp)
Linked: (/home/constance/uuv_ws/devel/.private/ds_core_msgs/share/common-lisp/ros/ds_core_msgs/msg/Abort.lisp, /home/constance/uuv_ws/devel/share/common-lisp/ros/ds_core_msgs/msg/Abort.lisp)
Linked: (/home/constance/uuv_ws/devel/.private/ds_core_msgs/share/common-lisp/ros/ds_core_msgs/msg/_package_KeyString.lisp, /home/constance/uuv_ws/devel/share/common-lisp/ros/ds_core_msgs/msg/_package_KeyString.lisp)
Linked: (/home/constance/uuv_ws/devel/.private/ds_core_msgs/share/common-lisp/ros/ds_core_msgs/msg/_package_ParamDescription.lisp, /home/constance/uuv_ws/devel/share/common-lisp/ros/ds_core_msgs/msg/_package_ParamDescription.lisp)
Linked: (/home/constance/uuv_ws/devel/.private/ds_core_msgs/share/common-lisp/ros/ds_core_msgs/msg/StringStamped.lisp, /home/constance/uuv_ws/devel/share/common-lisp/ros/ds_core_msgs/msg/StringStamped.lisp)
Linked: (/home/constance/uuv_ws/devel/.private/ds_core_msgs/share/common-lisp/ros/ds_core_msgs/msg/ClockOffset.lisp, /home/constance/uuv_ws/devel/share/common-lisp/ros/ds_core_msgs/msg/ClockOffset.lisp)
Linked: (/home/constance/uuv_ws/devel/.private/ds_core_msgs/share/common-lisp/ros/ds_core_msgs/msg/KeyDouble.lisp, /home/constance/uuv_ws/devel/share/common-lisp/ros/ds_core_msgs/msg/KeyDouble.lisp)
Linked: (/home/constance/uuv_ws/devel/.private/ds_core_msgs/share/common-lisp/ros/ds_core_msgs/msg/_package_ClockOffset.lisp, /home/constance/uuv_ws/devel/share/common-lisp/ros/ds_core_msgs/msg/_package_ClockOffset.lisp)
Linked: (/home/constance/uuv_ws/devel/.private/ds_core_msgs/share/common-lisp/ros/ds_core_msgs/msg/_package_KeyInt.lisp, /home/constance/uuv_ws/devel/share/common-lisp/ros/ds_core_msgs/msg/_package_KeyInt.lisp)
Linked: (/home/constance/uuv_ws/devel/.private/ds_core_msgs/share/common-lisp/ros/ds_core_msgs/msg/_package_IoCommand.lisp, /home/constance/uuv_ws/devel/share/common-lisp/ros/ds_core_msgs/msg/_package_IoCommand.lisp)
Linked: (/home/constance/uuv_ws/devel/.private/ds_core_msgs/share/gennodejs/ros/ds_core_msgs/_index.js, /home/constance/uuv_ws/devel/share/gennodejs/ros/ds_core_msgs/_index.js)
Linked: (/home/constance/uuv_ws/devel/.private/ds_core_msgs/share/gennodejs/ros/ds_core_msgs/srv/StringCmd.js, /home/constance/uuv_ws/devel/share/gennodejs/ros/ds_core_msgs/srv/StringCmd.js)
Linked: (/home/constance/uuv_ws/devel/.private/ds_core_msgs/share/gennodejs/ros/ds_core_msgs/srv/IoSMcommand.js, /home/constance/uuv_ws/devel/share/gennodejs/ros/ds_core_msgs/srv/IoSMcommand.js)
Linked: (/home/constance/uuv_ws/devel/.private/ds_core_msgs/share/gennodejs/ros/ds_core_msgs/srv/_index.js, /home/constance/uuv_ws/devel/share/gennodejs/ros/ds_core_msgs/srv/_index.js)
Linked: (/home/constance/uuv_ws/devel/.private/ds_core_msgs/share/gennodejs/ros/ds_core_msgs/srv/VoidCmd.js, /home/constance/uuv_ws/devel/share/gennodejs/ros/ds_core_msgs/srv/VoidCmd.js)
Linked: (/home/constance/uuv_ws/devel/.private/ds_core_msgs/share/gennodejs/ros/ds_core_msgs/msg/KeyBool.js, /home/constance/uuv_ws/devel/share/gennodejs/ros/ds_core_msgs/msg/KeyBool.js)
Linked: (/home/constance/uuv_ws/devel/.private/ds_core_msgs/share/gennodejs/ros/ds_core_msgs/msg/IoSMQueues.js, /home/constance/uuv_ws/devel/share/gennodejs/ros/ds_core_msgs/msg/IoSMQueues.js)
Linked: (/home/constance/uuv_ws/devel/.private/ds_core_msgs/share/gennodejs/ros/ds_core_msgs/msg/ParamUpdate.js, /home/constance/uuv_ws/devel/share/gennodejs/ros/ds_core_msgs/msg/ParamUpdate.js)
Linked: (/home/constance/uuv_ws/devel/.private/ds_core_msgs/share/gennodejs/ros/ds_core_msgs/msg/KeyFloat.js, /home/constance/uuv_ws/devel/share/gennodejs/ros/ds_core_msgs/msg/KeyFloat.js)
Linked: (/home/constance/uuv_ws/devel/.private/ds_core_msgs/share/gennodejs/ros/ds_core_msgs/msg/IoCommandList.js, /home/constance/uuv_ws/devel/share/gennodejs/ros/ds_core_msgs/msg/IoCommandList.js)
Linked: (/home/constance/uuv_ws/devel/.private/ds_core_msgs/share/gennodejs/ros/ds_core_msgs/msg/RawData.js, /home/constance/uuv_ws/devel/share/gennodejs/ros/ds_core_msgs/msg/RawData.js)
Linked: (/home/constance/uuv_ws/devel/.private/ds_core_msgs/share/gennodejs/ros/ds_core_msgs/msg/StringStamped.js, /home/constance/uuv_ws/devel/share/gennodejs/ros/ds_core_msgs/msg/StringStamped.js)
Linked: (/home/constance/uuv_ws/devel/.private/ds_core_msgs/share/gennodejs/ros/ds_core_msgs/msg/CountdownMonitor.js, /home/constance/uuv_ws/devel/share/gennodejs/ros/ds_core_msgs/msg/CountdownMonitor.js)
Linked: (/home/constance/uuv_ws/devel/.private/ds_core_msgs/share/gennodejs/ros/ds_core_msgs/msg/Status.js, /home/constance/uuv_ws/devel/share/gennodejs/ros/ds_core_msgs/msg/Status.js)
Linked: (/home/constance/uuv_ws/devel/.private/ds_core_msgs/share/gennodejs/ros/ds_core_msgs/msg/IoCommand.js, /home/constance/uuv_ws/devel/share/gennodejs/ros/ds_core_msgs/msg/IoCommand.js)
Linked: (/home/constance/uuv_ws/devel/.private/ds_core_msgs/share/gennodejs/ros/ds_core_msgs/msg/KeyString.js, /home/constance/uuv_ws/devel/share/gennodejs/ros/ds_core_msgs/msg/KeyString.js)
Linked: (/home/constance/uuv_ws/devel/.private/ds_core_msgs/share/gennodejs/ros/ds_core_msgs/msg/KeyInt.js, /home/constance/uuv_ws/devel/share/gennodejs/ros/ds_core_msgs/msg/KeyInt.js)
Linked: (/home/constance/uuv_ws/devel/.private/ds_core_msgs/share/gennodejs/ros/ds_core_msgs/msg/_index.js, /home/constance/uuv_ws/devel/share/gennodejs/ros/ds_core_msgs/msg/_index.js)
Linked: (/home/constance/uuv_ws/devel/.private/ds_core_msgs/share/gennodejs/ros/ds_core_msgs/msg/ByteSequence.js, /home/constance/uuv_ws/devel/share/gennodejs/ros/ds_core_msgs/msg/ByteSequence.js)
Linked: (/home/constance/uuv_ws/devel/.private/ds_core_msgs/share/gennodejs/ros/ds_core_msgs/msg/ParamDescription.js, /home/constance/uuv_ws/devel/share/gennodejs/ros/ds_core_msgs/msg/ParamDescription.js)
Linked: (/home/constance/uuv_ws/devel/.private/ds_core_msgs/share/gennodejs/ros/ds_core_msgs/msg/Countdown.js, /home/constance/uuv_ws/devel/share/gennodejs/ros/ds_core_msgs/msg/Countdown.js)
Linked: (/home/constance/uuv_ws/devel/.private/ds_core_msgs/share/gennodejs/ros/ds_core_msgs/msg/DsHeader.js, /home/constance/uuv_ws/devel/share/gennodejs/ros/ds_core_msgs/msg/DsHeader.js)
Linked: (/home/constance/uuv_ws/devel/.private/ds_core_msgs/share/gennodejs/ros/ds_core_msgs/msg/Abort.js, /home/constance/uuv_ws/devel/share/gennodejs/ros/ds_core_msgs/msg/Abort.js)
Linked: (/home/constance/uuv_ws/devel/.private/ds_core_msgs/share/gennodejs/ros/ds_core_msgs/msg/CriticalProcess.js, /home/constance/uuv_ws/devel/share/gennodejs/ros/ds_core_msgs/msg/CriticalProcess.js)
Linked: (/home/constance/uuv_ws/devel/.private/ds_core_msgs/share/gennodejs/ros/ds_core_msgs/msg/ClockOffset.js, /home/constance/uuv_ws/devel/share/gennodejs/ros/ds_core_msgs/msg/ClockOffset.js)
Linked: (/home/constance/uuv_ws/devel/.private/ds_core_msgs/share/gennodejs/ros/ds_core_msgs/msg/Diag.js, /home/constance/uuv_ws/devel/share/gennodejs/ros/ds_core_msgs/msg/Diag.js)
Linked: (/home/constance/uuv_ws/devel/.private/ds_core_msgs/share/gennodejs/ros/ds_core_msgs/msg/KeyDouble.js, /home/constance/uuv_ws/devel/share/gennodejs/ros/ds_core_msgs/msg/KeyDouble.js)
Linked: (/home/constance/uuv_ws/devel/.private/ds_core_msgs/share/ds_core_msgs/cmake/ds_core_msgsConfig-version.cmake, /home/constance/uuv_ws/devel/share/ds_core_msgs/cmake/ds_core_msgsConfig-version.cmake)
Linked: (/home/constance/uuv_ws/devel/.private/ds_core_msgs/share/ds_core_msgs/cmake/ds_core_msgs-msg-paths.cmake, /home/constance/uuv_ws/devel/share/ds_core_msgs/cmake/ds_core_msgs-msg-paths.cmake)
Linked: (/home/constance/uuv_ws/devel/.private/ds_core_msgs/share/ds_core_msgs/cmake/ds_core_msgsConfig.cmake, /home/constance/uuv_ws/devel/share/ds_core_msgs/cmake/ds_core_msgsConfig.cmake)
Linked: (/home/constance/uuv_ws/devel/.private/ds_core_msgs/share/ds_core_msgs/cmake/ds_core_msgs-msg-extras.cmake, /home/constance/uuv_ws/devel/share/ds_core_msgs/cmake/ds_core_msgs-msg-extras.cmake)
Linked: (/home/constance/uuv_ws/devel/.private/ds_core_msgs/lib/python3/dist-packages/ds_core_msgs/__init__.py, /home/constance/uuv_ws/devel/lib/python3/dist-packages/ds_core_msgs/__init__.py)
Linked: (/home/constance/uuv_ws/devel/.private/ds_core_msgs/lib/python3/dist-packages/ds_core_msgs/srv/_VoidCmd.py, /home/constance/uuv_ws/devel/lib/python3/dist-packages/ds_core_msgs/srv/_VoidCmd.py)
Linked: (/home/constance/uuv_ws/devel/.private/ds_core_msgs/lib/python3/dist-packages/ds_core_msgs/srv/_StringCmd.py, /home/constance/uuv_ws/devel/lib/python3/dist-packages/ds_core_msgs/srv/_StringCmd.py)
Linked: (/home/constance/uuv_ws/devel/.private/ds_core_msgs/lib/python3/dist-packages/ds_core_msgs/srv/_IoSMcommand.py, /home/constance/uuv_ws/devel/lib/python3/dist-packages/ds_core_msgs/srv/_IoSMcommand.py)
Linked: (/home/constance/uuv_ws/devel/.private/ds_core_msgs/lib/python3/dist-packages/ds_core_msgs/srv/__init__.py, /home/constance/uuv_ws/devel/lib/python3/dist-packages/ds_core_msgs/srv/__init__.py)
Linked: (/home/constance/uuv_ws/devel/.private/ds_core_msgs/lib/python3/dist-packages/ds_core_msgs/msg/_KeyInt.py, /home/constance/uuv_ws/devel/lib/python3/dist-packages/ds_core_msgs/msg/_KeyInt.py)
Linked: (/home/constance/uuv_ws/devel/.private/ds_core_msgs/lib/python3/dist-packages/ds_core_msgs/msg/_StringStamped.py, /home/constance/uuv_ws/devel/lib/python3/dist-packages/ds_core_msgs/msg/_StringStamped.py)
Linked: (/home/constance/uuv_ws/devel/.private/ds_core_msgs/lib/python3/dist-packages/ds_core_msgs/msg/_KeyFloat.py, /home/constance/uuv_ws/devel/lib/python3/dist-packages/ds_core_msgs/msg/_KeyFloat.py)
Linked: (/home/constance/uuv_ws/devel/.private/ds_core_msgs/lib/python3/dist-packages/ds_core_msgs/msg/_RawData.py, /home/constance/uuv_ws/devel/lib/python3/dist-packages/ds_core_msgs/msg/_RawData.py)
Linked: (/home/constance/uuv_ws/devel/.private/ds_core_msgs/lib/python3/dist-packages/ds_core_msgs/msg/_KeyBool.py, /home/constance/uuv_ws/devel/lib/python3/dist-packages/ds_core_msgs/msg/_KeyBool.py)
Linked: (/home/constance/uuv_ws/devel/.private/ds_core_msgs/lib/python3/dist-packages/ds_core_msgs/msg/_IoCommand.py, /home/constance/uuv_ws/devel/lib/python3/dist-packages/ds_core_msgs/msg/_IoCommand.py)
Linked: (/home/constance/uuv_ws/devel/.private/ds_core_msgs/lib/python3/dist-packages/ds_core_msgs/msg/_ByteSequence.py, /home/constance/uuv_ws/devel/lib/python3/dist-packages/ds_core_msgs/msg/_ByteSequence.py)
Linked: (/home/constance/uuv_ws/devel/.private/ds_core_msgs/lib/python3/dist-packages/ds_core_msgs/msg/_ParamUpdate.py, /home/constance/uuv_ws/devel/lib/python3/dist-packages/ds_core_msgs/msg/_ParamUpdate.py)
Linked: (/home/constance/uuv_ws/devel/.private/ds_core_msgs/lib/python3/dist-packages/ds_core_msgs/msg/_DsHeader.py, /home/constance/uuv_ws/devel/lib/python3/dist-packages/ds_core_msgs/msg/_DsHeader.py)
Linked: (/home/constance/uuv_ws/devel/.private/ds_core_msgs/lib/python3/dist-packages/ds_core_msgs/msg/_Countdown.py, /home/constance/uuv_ws/devel/lib/python3/dist-packages/ds_core_msgs/msg/_Countdown.py)
Linked: (/home/constance/uuv_ws/devel/.private/ds_core_msgs/lib/python3/dist-packages/ds_core_msgs/msg/_KeyDouble.py, /home/constance/uuv_ws/devel/lib/python3/dist-packages/ds_core_msgs/msg/_KeyDouble.py)
Linked: (/home/constance/uuv_ws/devel/.private/ds_core_msgs/lib/python3/dist-packages/ds_core_msgs/msg/_CountdownMonitor.py, /home/constance/uuv_ws/devel/lib/python3/dist-packages/ds_core_msgs/msg/_CountdownMonitor.py)
Linked: (/home/constance/uuv_ws/devel/.private/ds_core_msgs/lib/python3/dist-packages/ds_core_msgs/msg/_IoCommandList.py, /home/constance/uuv_ws/devel/lib/python3/dist-packages/ds_core_msgs/msg/_IoCommandList.py)
Linked: (/home/constance/uuv_ws/devel/.private/ds_core_msgs/lib/python3/dist-packages/ds_core_msgs/msg/_ParamDescription.py, /home/constance/uuv_ws/devel/lib/python3/dist-packages/ds_core_msgs/msg/_ParamDescription.py)
Linked: (/home/constance/uuv_ws/devel/.private/ds_core_msgs/lib/python3/dist-packages/ds_core_msgs/msg/_IoSMQueues.py, /home/constance/uuv_ws/devel/lib/python3/dist-packages/ds_core_msgs/msg/_IoSMQueues.py)
Linked: (/home/constance/uuv_ws/devel/.private/ds_core_msgs/lib/python3/dist-packages/ds_core_msgs/msg/_ClockOffset.py, /home/constance/uuv_ws/devel/lib/python3/dist-packages/ds_core_msgs/msg/_ClockOffset.py)
Linked: (/home/constance/uuv_ws/devel/.private/ds_core_msgs/lib/python3/dist-packages/ds_core_msgs/msg/_KeyString.py, /home/constance/uuv_ws/devel/lib/python3/dist-packages/ds_core_msgs/msg/_KeyString.py)
Linked: (/home/constance/uuv_ws/devel/.private/ds_core_msgs/lib/python3/dist-packages/ds_core_msgs/msg/_Abort.py, /home/constance/uuv_ws/devel/lib/python3/dist-packages/ds_core_msgs/msg/_Abort.py)
Linked: (/home/constance/uuv_ws/devel/.private/ds_core_msgs/lib/python3/dist-packages/ds_core_msgs/msg/_Diag.py, /home/constance/uuv_ws/devel/lib/python3/dist-packages/ds_core_msgs/msg/_Diag.py)
Linked: (/home/constance/uuv_ws/devel/.private/ds_core_msgs/lib/python3/dist-packages/ds_core_msgs/msg/__init__.py, /home/constance/uuv_ws/devel/lib/python3/dist-packages/ds_core_msgs/msg/__init__.py)
Linked: (/home/constance/uuv_ws/devel/.private/ds_core_msgs/lib/python3/dist-packages/ds_core_msgs/msg/_Status.py, /home/constance/uuv_ws/devel/lib/python3/dist-packages/ds_core_msgs/msg/_Status.py)
Linked: (/home/constance/uuv_ws/devel/.private/ds_core_msgs/lib/python3/dist-packages/ds_core_msgs/msg/_CriticalProcess.py, /home/constance/uuv_ws/devel/lib/python3/dist-packages/ds_core_msgs/msg/_CriticalProcess.py)
Linked: (/home/constance/uuv_ws/devel/.private/ds_core_msgs/lib/pkgconfig/ds_core_msgs.pc, /home/constance/uuv_ws/devel/lib/pkgconfig/ds_core_msgs.pc)
