[36mInstall the project...[0m
-- Install configuration: ""
-- Installing: /home/constance/uuv_ws/install/_setup_util.py
-- Installing: /home/constance/uuv_ws/install/env.sh
-- Installing: /home/constance/uuv_ws/install/setup.bash
-- Installing: /home/constance/uuv_ws/install/local_setup.bash
-- Installing: /home/constance/uuv_ws/install/setup.sh
-- Installing: /home/constance/uuv_ws/install/local_setup.sh
-- Installing: /home/constance/uuv_ws/install/setup.zsh
-- Installing: /home/constance/uuv_ws/install/local_setup.zsh
-- Installing: /home/constance/uuv_ws/install/.rosinstall
+ cd /home/constance/uuv_ws/src/uuv_manipulators/uuv_manipulators_kinematics
+ mkdir -p /home/constance/uuv_ws/install/lib/python3/dist-packages
+ /usr/bin/env PYTHONPATH=/home/constance/uuv_ws/install/lib/python3/dist-packages:/home/constance/uuv_ws/build/uuv_manipulators_kinematics/lib/python3/dist-packages:/home/constance/uuv_ws/install/lib/python3/dist-packages:/opt/ros/noetic/lib/python3/dist-packages CATKIN_BINARY_DIR=/home/constance/uuv_ws/build/uuv_manipulators_kinematics /usr/bin/python3 /home/constance/uuv_ws/src/uuv_manipulators/uuv_manipulators_kinematics/setup.py build --build-base /home/constance/uuv_ws/build/uuv_manipulators_kinematics install --root=/ --install-layout=deb --prefix=/home/constance/uuv_ws/install --install-scripts=/home/constance/uuv_ws/install/bin
running build
running build_py
running install
running install_lib
running install_egg_info
Removing /home/constance/uuv_ws/install/lib/python3/dist-packages/uuv_manipulators_kinematics-0.6.1.egg-info
Writing /home/constance/uuv_ws/install/lib/python3/dist-packages/uuv_manipulators_kinematics-0.6.1.egg-info
-- Up-to-date: /home/constance/uuv_ws/install/lib/pkgconfig/uuv_manipulators_kinematics.pc
-- Up-to-date: /home/constance/uuv_ws/install/share/uuv_manipulators_kinematics/cmake/uuv_manipulators_kinematicsConfig.cmake
-- Up-to-date: /home/constance/uuv_ws/install/share/uuv_manipulators_kinematics/cmake/uuv_manipulators_kinematicsConfig-version.cmake
-- Up-to-date: /home/constance/uuv_ws/install/share/uuv_manipulators_kinematics/package.xml
-- Up-to-date: /home/constance/uuv_ws/install/lib/uuv_manipulators_kinematics/kinematics_service.py
