[36mInstall the project...[0m
-- Install configuration: ""
-- Installing: /home/constance/uuv_ws/install/_setup_util.py
-- Installing: /home/constance/uuv_ws/install/env.sh
-- Installing: /home/constance/uuv_ws/install/setup.bash
-- Installing: /home/constance/uuv_ws/install/local_setup.bash
-- Installing: /home/constance/uuv_ws/install/setup.sh
-- Installing: /home/constance/uuv_ws/install/local_setup.sh
-- Installing: /home/constance/uuv_ws/install/setup.zsh
-- Installing: /home/constance/uuv_ws/install/local_setup.zsh
-- Installing: /home/constance/uuv_ws/install/.rosinstall
+ cd /home/constance/uuv_ws/src/uuv_manipulators/uuv_manipulators_kinematics
+ mkdir -p /home/constance/uuv_ws/install/lib/python3/dist-packages
+ /usr/bin/env PYTHONPATH=/home/constance/uuv_ws/install/lib/python3/dist-packages:/home/constance/uuv_ws/build/uuv_manipulators_kinematics/lib/python3/dist-packages:/home/constance/uuv_ws/install/lib/python3/dist-packages:/opt/ros/noetic/lib/python3/dist-packages CATKIN_BINARY_DIR=/home/constance/uuv_ws/build/uuv_manipulators_kinematics /usr/bin/python3 /home/constance/uuv_ws/src/uuv_manipulators/uuv_manipulators_kinematics/setup.py build --build-base /home/constance/uuv_ws/build/uuv_manipulators_kinematics install --root=/ --install-layout=deb --prefix=/home/constance/uuv_ws/install --install-scripts=/home/constance/uuv_ws/install/bin
running build
running build_py
creating /home/constance/uuv_ws/build/uuv_manipulators_kinematics/lib
creating /home/constance/uuv_ws/build/uuv_manipulators_kinematics/lib/uuv_kinematics_utils
copying src/uuv_kinematics_utils/endeffector_state.py -> /home/constance/uuv_ws/build/uuv_manipulators_kinematics/lib/uuv_kinematics_utils
copying src/uuv_kinematics_utils/__init__.py -> /home/constance/uuv_ws/build/uuv_manipulators_kinematics/lib/uuv_kinematics_utils
creating /home/constance/uuv_ws/build/uuv_manipulators_kinematics/lib/uuv_manipulator_interfaces
copying src/uuv_manipulator_interfaces/arm.py -> /home/constance/uuv_ws/build/uuv_manipulators_kinematics/lib/uuv_manipulator_interfaces
copying src/uuv_manipulator_interfaces/kin_chain.py -> /home/constance/uuv_ws/build/uuv_manipulators_kinematics/lib/uuv_manipulator_interfaces
copying src/uuv_manipulator_interfaces/gripper.py -> /home/constance/uuv_ws/build/uuv_manipulators_kinematics/lib/uuv_manipulator_interfaces
copying src/uuv_manipulator_interfaces/__init__.py -> /home/constance/uuv_ws/build/uuv_manipulators_kinematics/lib/uuv_manipulator_interfaces
creating /home/constance/uuv_ws/build/uuv_manipulators_kinematics/lib/uuv_manipulator_nodes
copying src/uuv_manipulator_nodes/endpoint_state.py -> /home/constance/uuv_ws/build/uuv_manipulators_kinematics/lib/uuv_manipulator_nodes
copying src/uuv_manipulator_nodes/__init__.py -> /home/constance/uuv_ws/build/uuv_manipulators_kinematics/lib/uuv_manipulator_nodes
running install
running install_lib
creating /home/constance/uuv_ws/install/lib/python3/dist-packages/uuv_kinematics_utils
copying /home/constance/uuv_ws/build/uuv_manipulators_kinematics/lib/uuv_kinematics_utils/endeffector_state.py -> /home/constance/uuv_ws/install/lib/python3/dist-packages/uuv_kinematics_utils
copying /home/constance/uuv_ws/build/uuv_manipulators_kinematics/lib/uuv_kinematics_utils/__init__.py -> /home/constance/uuv_ws/install/lib/python3/dist-packages/uuv_kinematics_utils
creating /home/constance/uuv_ws/install/lib/python3/dist-packages/uuv_manipulator_nodes
copying /home/constance/uuv_ws/build/uuv_manipulators_kinematics/lib/uuv_manipulator_nodes/endpoint_state.py -> /home/constance/uuv_ws/install/lib/python3/dist-packages/uuv_manipulator_nodes
copying /home/constance/uuv_ws/build/uuv_manipulators_kinematics/lib/uuv_manipulator_nodes/__init__.py -> /home/constance/uuv_ws/install/lib/python3/dist-packages/uuv_manipulator_nodes
creating /home/constance/uuv_ws/install/lib/python3/dist-packages/uuv_manipulator_interfaces
copying /home/constance/uuv_ws/build/uuv_manipulators_kinematics/lib/uuv_manipulator_interfaces/arm.py -> /home/constance/uuv_ws/install/lib/python3/dist-packages/uuv_manipulator_interfaces
copying /home/constance/uuv_ws/build/uuv_manipulators_kinematics/lib/uuv_manipulator_interfaces/kin_chain.py -> /home/constance/uuv_ws/install/lib/python3/dist-packages/uuv_manipulator_interfaces
copying /home/constance/uuv_ws/build/uuv_manipulators_kinematics/lib/uuv_manipulator_interfaces/gripper.py -> /home/constance/uuv_ws/install/lib/python3/dist-packages/uuv_manipulator_interfaces
copying /home/constance/uuv_ws/build/uuv_manipulators_kinematics/lib/uuv_manipulator_interfaces/__init__.py -> /home/constance/uuv_ws/install/lib/python3/dist-packages/uuv_manipulator_interfaces
byte-compiling /home/constance/uuv_ws/install/lib/python3/dist-packages/uuv_kinematics_utils/endeffector_state.py to endeffector_state.cpython-38.pyc
byte-compiling /home/constance/uuv_ws/install/lib/python3/dist-packages/uuv_kinematics_utils/__init__.py to __init__.cpython-38.pyc
byte-compiling /home/constance/uuv_ws/install/lib/python3/dist-packages/uuv_manipulator_nodes/endpoint_state.py to endpoint_state.cpython-38.pyc
byte-compiling /home/constance/uuv_ws/install/lib/python3/dist-packages/uuv_manipulator_nodes/__init__.py to __init__.cpython-38.pyc
byte-compiling /home/constance/uuv_ws/install/lib/python3/dist-packages/uuv_manipulator_interfaces/arm.py to arm.cpython-38.pyc
byte-compiling /home/constance/uuv_ws/install/lib/python3/dist-packages/uuv_manipulator_interfaces/kin_chain.py to kin_chain.cpython-38.pyc
byte-compiling /home/constance/uuv_ws/install/lib/python3/dist-packages/uuv_manipulator_interfaces/gripper.py to gripper.cpython-38.pyc
byte-compiling /home/constance/uuv_ws/install/lib/python3/dist-packages/uuv_manipulator_interfaces/__init__.py to __init__.cpython-38.pyc
running install_egg_info
Writing /home/constance/uuv_ws/install/lib/python3/dist-packages/uuv_manipulators_kinematics-0.6.1.egg-info
-- Installing: /home/constance/uuv_ws/install/lib/pkgconfig/uuv_manipulators_kinematics.pc
-- Installing: /home/constance/uuv_ws/install/share/uuv_manipulators_kinematics/cmake/uuv_manipulators_kinematicsConfig.cmake
-- Installing: /home/constance/uuv_ws/install/share/uuv_manipulators_kinematics/cmake/uuv_manipulators_kinematicsConfig-version.cmake
-- Installing: /home/constance/uuv_ws/install/share/uuv_manipulators_kinematics/package.xml
-- Installing: /home/constance/uuv_ws/install/lib/uuv_manipulators_kinematics/kinematics_service.py
