[  0%] Built target trajectory_msgs_generate_messages_lisp
[  0%] Built target uuv_world_ros_plugins_msgs_generate_messages_py
[  0%] Built target uuv_world_ros_plugins_msgs_generate_messages_lisp
[  0%] Built target uuv_world_ros_plugins_msgs_generate_messages_cpp
[  0%] Built target uuv_world_ros_plugins_msgs_generate_messages_nodejs
[  0%] Built target std_srvs_generate_messages_lisp
[  0%] Built target std_srvs_generate_messages_eus
[  0%] Built target sensor_msgs_generate_messages_nodejs
[  0%] Built target sensor_msgs_generate_messages_lisp
[  0%] Built target sensor_msgs_generate_messages_cpp
[  0%] Built target sensor_msgs_generate_messages_py
[  0%] Built target geometry_msgs_generate_messages_py
[  0%] Built target geometry_msgs_generate_messages_nodejs
[  0%] Built target geometry_msgs_generate_messages_lisp
[  0%] Built target geometry_msgs_generate_messages_cpp
[  0%] Built target trajectory_msgs_generate_messages_py
[  0%] Built target std_srvs_generate_messages_py
[  0%] Built target rosgraph_msgs_generate_messages_cpp
[  0%] Built target roscpp_generate_messages_nodejs
[  0%] Built target std_msgs_generate_messages_eus
[  0%] Built target roscpp_generate_messages_eus
[  0%] Built target sensor_msgs_generate_messages_eus
[  0%] Built target roscpp_generate_messages_cpp
[  0%] Built target roscpp_generate_messages_py
[  0%] Built target rosgraph_msgs_generate_messages_py
[  0%] Built target rosgraph_msgs_generate_messages_lisp
[  0%] Built target std_srvs_generate_messages_nodejs
[  0%] Built target std_msgs_generate_messages_lisp
[  0%] Built target rosgraph_msgs_generate_messages_eus
[  0%] Built target gazebo_msgs_generate_messages_lisp
[  0%] Built target roscpp_generate_messages_lisp
[  0%] Built target rosgraph_msgs_generate_messages_nodejs
[  0%] Built target std_srvs_generate_messages_cpp
[  0%] Built target gazebo_msgs_generate_messages_py
[  0%] Built target std_msgs_generate_messages_cpp
[  0%] Built target gazebo_msgs_generate_messages_eus
[  0%] Built target trajectory_msgs_generate_messages_cpp
[  0%] Built target geometry_msgs_generate_messages_eus
[  0%] Built target std_msgs_generate_messages_nodejs
[  0%] Built target std_msgs_generate_messages_py
[  0%] Built target uuv_world_ros_plugins_msgs_generate_messages_eus
[  0%] Built target gazebo_msgs_generate_messages_cpp
[  0%] Built target trajectory_msgs_generate_messages_nodejs
[  0%] Built target gazebo_msgs_generate_messages_nodejs
[  0%] Built target trajectory_msgs_generate_messages_eus
[ 50%] Built target uuv_underwater_current_ros_plugin
[100%] Built target uuv_sc_ros_interface_plugin
[36mInstall the project...[0m
-- Install configuration: ""
-- Installing: /home/constance/uuv_ws/install/_setup_util.py
-- Installing: /home/constance/uuv_ws/install/env.sh
-- Installing: /home/constance/uuv_ws/install/setup.bash
-- Installing: /home/constance/uuv_ws/install/local_setup.bash
-- Installing: /home/constance/uuv_ws/install/setup.sh
-- Installing: /home/constance/uuv_ws/install/local_setup.sh
-- Installing: /home/constance/uuv_ws/install/setup.zsh
-- Installing: /home/constance/uuv_ws/install/local_setup.zsh
-- Installing: /home/constance/uuv_ws/install/.rosinstall
-- Up-to-date: /home/constance/uuv_ws/install/lib/pkgconfig/uuv_world_ros_plugins.pc
-- Up-to-date: /home/constance/uuv_ws/install/share/uuv_world_ros_plugins/cmake/uuv_world_ros_pluginsConfig.cmake
-- Up-to-date: /home/constance/uuv_ws/install/share/uuv_world_ros_plugins/cmake/uuv_world_ros_pluginsConfig-version.cmake
-- Up-to-date: /home/constance/uuv_ws/install/share/uuv_world_ros_plugins/package.xml
-- Up-to-date: /home/constance/uuv_ws/install/lib/libuuv_underwater_current_ros_plugin.so
-- Up-to-date: /home/constance/uuv_ws/install/lib/libuuv_sc_ros_interface_plugin.so
-- Up-to-date: /home/constance/uuv_ws/install/include/uuv_world_ros_plugins
