[  0%] Built target _uuv_sensor_ros_plugins_msgs_generate_messages_check_deps_DVLBeam
[  0%] Built target _uuv_sensor_ros_plugins_msgs_generate_messages_check_deps_PositionWithCovariance
[  0%] Built target geometry_msgs_generate_messages_eus
[  0%] Built target _uuv_sensor_ros_plugins_msgs_generate_messages_check_deps_DVL
[  0%] Built target _uuv_sensor_ros_plugins_msgs_generate_messages_check_deps_PositionWithCovarianceStamped
[  0%] Built target _uuv_sensor_ros_plugins_msgs_generate_messages_check_deps_ChemicalParticleConcentration
[  0%] Built target _uuv_sensor_ros_plugins_msgs_generate_messages_check_deps_ChangeSensorState
[  0%] Built target _uuv_sensor_ros_plugins_msgs_generate_messages_check_deps_Salinity
[ 21%] Built target uuv_sensor_ros_plugins_msgs_generate_messages_eus
[ 21%] Built target geometry_msgs_generate_messages_py
[ 44%] Built target uuv_sensor_ros_plugins_msgs_generate_messages_py
[ 44%] Built target geometry_msgs_generate_messages_nodejs
[ 63%] Built target uuv_sensor_ros_plugins_msgs_generate_messages_nodejs
[ 63%] Built target geometry_msgs_generate_messages_lisp
[ 81%] Built target uuv_sensor_ros_plugins_msgs_generate_messages_lisp
[ 81%] Built target geometry_msgs_generate_messages_cpp
[100%] Built target uuv_sensor_ros_plugins_msgs_generate_messages_cpp
[100%] Built target uuv_sensor_ros_plugins_msgs_generate_messages
[36mInstall the project...[0m
-- Install configuration: ""
-- Installing: /home/constance/uuv_ws/install/_setup_util.py
-- Installing: /home/constance/uuv_ws/install/env.sh
-- Installing: /home/constance/uuv_ws/install/setup.bash
-- Installing: /home/constance/uuv_ws/install/local_setup.bash
-- Installing: /home/constance/uuv_ws/install/setup.sh
-- Installing: /home/constance/uuv_ws/install/local_setup.sh
-- Installing: /home/constance/uuv_ws/install/setup.zsh
-- Installing: /home/constance/uuv_ws/install/local_setup.zsh
-- Installing: /home/constance/uuv_ws/install/.rosinstall
-- Up-to-date: /home/constance/uuv_ws/install/share/uuv_sensor_ros_plugins_msgs/msg/DVL.msg
-- Up-to-date: /home/constance/uuv_ws/install/share/uuv_sensor_ros_plugins_msgs/msg/DVLBeam.msg
-- Up-to-date: /home/constance/uuv_ws/install/share/uuv_sensor_ros_plugins_msgs/msg/PositionWithCovariance.msg
-- Up-to-date: /home/constance/uuv_ws/install/share/uuv_sensor_ros_plugins_msgs/msg/PositionWithCovarianceStamped.msg
-- Up-to-date: /home/constance/uuv_ws/install/share/uuv_sensor_ros_plugins_msgs/msg/ChemicalParticleConcentration.msg
-- Up-to-date: /home/constance/uuv_ws/install/share/uuv_sensor_ros_plugins_msgs/msg/Salinity.msg
-- Up-to-date: /home/constance/uuv_ws/install/share/uuv_sensor_ros_plugins_msgs/srv/ChangeSensorState.srv
-- Up-to-date: /home/constance/uuv_ws/install/share/uuv_sensor_ros_plugins_msgs/cmake/uuv_sensor_ros_plugins_msgs-msg-paths.cmake
-- Up-to-date: /home/constance/uuv_ws/install/include/uuv_sensor_ros_plugins_msgs
-- Up-to-date: /home/constance/uuv_ws/install/include/uuv_sensor_ros_plugins_msgs/DVLBeam.h
-- Up-to-date: /home/constance/uuv_ws/install/include/uuv_sensor_ros_plugins_msgs/PositionWithCovariance.h
-- Up-to-date: /home/constance/uuv_ws/install/include/uuv_sensor_ros_plugins_msgs/Salinity.h
-- Up-to-date: /home/constance/uuv_ws/install/include/uuv_sensor_ros_plugins_msgs/DVL.h
-- Up-to-date: /home/constance/uuv_ws/install/include/uuv_sensor_ros_plugins_msgs/ChangeSensorStateResponse.h
-- Up-to-date: /home/constance/uuv_ws/install/include/uuv_sensor_ros_plugins_msgs/ChangeSensorState.h
-- Up-to-date: /home/constance/uuv_ws/install/include/uuv_sensor_ros_plugins_msgs/ChangeSensorStateRequest.h
-- Up-to-date: /home/constance/uuv_ws/install/include/uuv_sensor_ros_plugins_msgs/PositionWithCovarianceStamped.h
-- Up-to-date: /home/constance/uuv_ws/install/include/uuv_sensor_ros_plugins_msgs/ChemicalParticleConcentration.h
-- Up-to-date: /home/constance/uuv_ws/install/share/roseus/ros/uuv_sensor_ros_plugins_msgs
-- Up-to-date: /home/constance/uuv_ws/install/share/roseus/ros/uuv_sensor_ros_plugins_msgs/srv
-- Up-to-date: /home/constance/uuv_ws/install/share/roseus/ros/uuv_sensor_ros_plugins_msgs/srv/ChangeSensorState.l
-- Up-to-date: /home/constance/uuv_ws/install/share/roseus/ros/uuv_sensor_ros_plugins_msgs/manifest.l
-- Up-to-date: /home/constance/uuv_ws/install/share/roseus/ros/uuv_sensor_ros_plugins_msgs/msg
-- Up-to-date: /home/constance/uuv_ws/install/share/roseus/ros/uuv_sensor_ros_plugins_msgs/msg/DVLBeam.l
-- Up-to-date: /home/constance/uuv_ws/install/share/roseus/ros/uuv_sensor_ros_plugins_msgs/msg/ChemicalParticleConcentration.l
-- Up-to-date: /home/constance/uuv_ws/install/share/roseus/ros/uuv_sensor_ros_plugins_msgs/msg/PositionWithCovariance.l
-- Up-to-date: /home/constance/uuv_ws/install/share/roseus/ros/uuv_sensor_ros_plugins_msgs/msg/Salinity.l
-- Up-to-date: /home/constance/uuv_ws/install/share/roseus/ros/uuv_sensor_ros_plugins_msgs/msg/DVL.l
-- Up-to-date: /home/constance/uuv_ws/install/share/roseus/ros/uuv_sensor_ros_plugins_msgs/msg/PositionWithCovarianceStamped.l
-- Up-to-date: /home/constance/uuv_ws/install/share/common-lisp/ros/uuv_sensor_ros_plugins_msgs
-- Up-to-date: /home/constance/uuv_ws/install/share/common-lisp/ros/uuv_sensor_ros_plugins_msgs/srv
-- Up-to-date: /home/constance/uuv_ws/install/share/common-lisp/ros/uuv_sensor_ros_plugins_msgs/srv/_package_ChangeSensorState.lisp
-- Up-to-date: /home/constance/uuv_ws/install/share/common-lisp/ros/uuv_sensor_ros_plugins_msgs/srv/ChangeSensorState.lisp
-- Up-to-date: /home/constance/uuv_ws/install/share/common-lisp/ros/uuv_sensor_ros_plugins_msgs/srv/_package.lisp
-- Up-to-date: /home/constance/uuv_ws/install/share/common-lisp/ros/uuv_sensor_ros_plugins_msgs/srv/uuv_sensor_ros_plugins_msgs-srv.asd
-- Up-to-date: /home/constance/uuv_ws/install/share/common-lisp/ros/uuv_sensor_ros_plugins_msgs/msg
-- Up-to-date: /home/constance/uuv_ws/install/share/common-lisp/ros/uuv_sensor_ros_plugins_msgs/msg/_package_Salinity.lisp
-- Up-to-date: /home/constance/uuv_ws/install/share/common-lisp/ros/uuv_sensor_ros_plugins_msgs/msg/_package_DVL.lisp
-- Up-to-date: /home/constance/uuv_ws/install/share/common-lisp/ros/uuv_sensor_ros_plugins_msgs/msg/_package_PositionWithCovarianceStamped.lisp
-- Up-to-date: /home/constance/uuv_ws/install/share/common-lisp/ros/uuv_sensor_ros_plugins_msgs/msg/_package.lisp
-- Up-to-date: /home/constance/uuv_ws/install/share/common-lisp/ros/uuv_sensor_ros_plugins_msgs/msg/_package_ChemicalParticleConcentration.lisp
-- Up-to-date: /home/constance/uuv_ws/install/share/common-lisp/ros/uuv_sensor_ros_plugins_msgs/msg/DVL.lisp
-- Up-to-date: /home/constance/uuv_ws/install/share/common-lisp/ros/uuv_sensor_ros_plugins_msgs/msg/PositionWithCovariance.lisp
-- Up-to-date: /home/constance/uuv_ws/install/share/common-lisp/ros/uuv_sensor_ros_plugins_msgs/msg/PositionWithCovarianceStamped.lisp
-- Up-to-date: /home/constance/uuv_ws/install/share/common-lisp/ros/uuv_sensor_ros_plugins_msgs/msg/uuv_sensor_ros_plugins_msgs-msg.asd
-- Up-to-date: /home/constance/uuv_ws/install/share/common-lisp/ros/uuv_sensor_ros_plugins_msgs/msg/Salinity.lisp
-- Up-to-date: /home/constance/uuv_ws/install/share/common-lisp/ros/uuv_sensor_ros_plugins_msgs/msg/ChemicalParticleConcentration.lisp
-- Up-to-date: /home/constance/uuv_ws/install/share/common-lisp/ros/uuv_sensor_ros_plugins_msgs/msg/_package_PositionWithCovariance.lisp
-- Up-to-date: /home/constance/uuv_ws/install/share/common-lisp/ros/uuv_sensor_ros_plugins_msgs/msg/DVLBeam.lisp
-- Up-to-date: /home/constance/uuv_ws/install/share/common-lisp/ros/uuv_sensor_ros_plugins_msgs/msg/_package_DVLBeam.lisp
-- Up-to-date: /home/constance/uuv_ws/install/share/gennodejs/ros/uuv_sensor_ros_plugins_msgs
-- Up-to-date: /home/constance/uuv_ws/install/share/gennodejs/ros/uuv_sensor_ros_plugins_msgs/srv
-- Up-to-date: /home/constance/uuv_ws/install/share/gennodejs/ros/uuv_sensor_ros_plugins_msgs/srv/_index.js
-- Up-to-date: /home/constance/uuv_ws/install/share/gennodejs/ros/uuv_sensor_ros_plugins_msgs/srv/ChangeSensorState.js
-- Up-to-date: /home/constance/uuv_ws/install/share/gennodejs/ros/uuv_sensor_ros_plugins_msgs/_index.js
-- Up-to-date: /home/constance/uuv_ws/install/share/gennodejs/ros/uuv_sensor_ros_plugins_msgs/msg
-- Up-to-date: /home/constance/uuv_ws/install/share/gennodejs/ros/uuv_sensor_ros_plugins_msgs/msg/Salinity.js
-- Up-to-date: /home/constance/uuv_ws/install/share/gennodejs/ros/uuv_sensor_ros_plugins_msgs/msg/_index.js
-- Up-to-date: /home/constance/uuv_ws/install/share/gennodejs/ros/uuv_sensor_ros_plugins_msgs/msg/PositionWithCovariance.js
-- Up-to-date: /home/constance/uuv_ws/install/share/gennodejs/ros/uuv_sensor_ros_plugins_msgs/msg/PositionWithCovarianceStamped.js
-- Up-to-date: /home/constance/uuv_ws/install/share/gennodejs/ros/uuv_sensor_ros_plugins_msgs/msg/ChemicalParticleConcentration.js
-- Up-to-date: /home/constance/uuv_ws/install/share/gennodejs/ros/uuv_sensor_ros_plugins_msgs/msg/DVL.js
-- Up-to-date: /home/constance/uuv_ws/install/share/gennodejs/ros/uuv_sensor_ros_plugins_msgs/msg/DVLBeam.js
Listing '/home/constance/uuv_ws/devel/.private/uuv_sensor_ros_plugins_msgs/lib/python3/dist-packages/uuv_sensor_ros_plugins_msgs'...
Listing '/home/constance/uuv_ws/devel/.private/uuv_sensor_ros_plugins_msgs/lib/python3/dist-packages/uuv_sensor_ros_plugins_msgs/msg'...
Listing '/home/constance/uuv_ws/devel/.private/uuv_sensor_ros_plugins_msgs/lib/python3/dist-packages/uuv_sensor_ros_plugins_msgs/srv'...
-- Up-to-date: /home/constance/uuv_ws/install/lib/python3/dist-packages/uuv_sensor_ros_plugins_msgs
-- Up-to-date: /home/constance/uuv_ws/install/lib/python3/dist-packages/uuv_sensor_ros_plugins_msgs/srv
-- Up-to-date: /home/constance/uuv_ws/install/lib/python3/dist-packages/uuv_sensor_ros_plugins_msgs/srv/_ChangeSensorState.py
-- Up-to-date: /home/constance/uuv_ws/install/lib/python3/dist-packages/uuv_sensor_ros_plugins_msgs/srv/__pycache__
-- Up-to-date: /home/constance/uuv_ws/install/lib/python3/dist-packages/uuv_sensor_ros_plugins_msgs/srv/__pycache__/__init__.cpython-38.pyc
-- Up-to-date: /home/constance/uuv_ws/install/lib/python3/dist-packages/uuv_sensor_ros_plugins_msgs/srv/__pycache__/_ChangeSensorState.cpython-38.pyc
-- Up-to-date: /home/constance/uuv_ws/install/lib/python3/dist-packages/uuv_sensor_ros_plugins_msgs/srv/__init__.py
-- Up-to-date: /home/constance/uuv_ws/install/lib/python3/dist-packages/uuv_sensor_ros_plugins_msgs/__pycache__
-- Up-to-date: /home/constance/uuv_ws/install/lib/python3/dist-packages/uuv_sensor_ros_plugins_msgs/__pycache__/__init__.cpython-38.pyc
-- Up-to-date: /home/constance/uuv_ws/install/lib/python3/dist-packages/uuv_sensor_ros_plugins_msgs/msg
-- Up-to-date: /home/constance/uuv_ws/install/lib/python3/dist-packages/uuv_sensor_ros_plugins_msgs/msg/_Salinity.py
-- Up-to-date: /home/constance/uuv_ws/install/lib/python3/dist-packages/uuv_sensor_ros_plugins_msgs/msg/_DVLBeam.py
-- Up-to-date: /home/constance/uuv_ws/install/lib/python3/dist-packages/uuv_sensor_ros_plugins_msgs/msg/__pycache__
-- Up-to-date: /home/constance/uuv_ws/install/lib/python3/dist-packages/uuv_sensor_ros_plugins_msgs/msg/__pycache__/_Salinity.cpython-38.pyc
-- Up-to-date: /home/constance/uuv_ws/install/lib/python3/dist-packages/uuv_sensor_ros_plugins_msgs/msg/__pycache__/__init__.cpython-38.pyc
-- Up-to-date: /home/constance/uuv_ws/install/lib/python3/dist-packages/uuv_sensor_ros_plugins_msgs/msg/__pycache__/_DVL.cpython-38.pyc
-- Up-to-date: /home/constance/uuv_ws/install/lib/python3/dist-packages/uuv_sensor_ros_plugins_msgs/msg/__pycache__/_PositionWithCovariance.cpython-38.pyc
-- Up-to-date: /home/constance/uuv_ws/install/lib/python3/dist-packages/uuv_sensor_ros_plugins_msgs/msg/__pycache__/_ChemicalParticleConcentration.cpython-38.pyc
-- Up-to-date: /home/constance/uuv_ws/install/lib/python3/dist-packages/uuv_sensor_ros_plugins_msgs/msg/__pycache__/_PositionWithCovarianceStamped.cpython-38.pyc
-- Up-to-date: /home/constance/uuv_ws/install/lib/python3/dist-packages/uuv_sensor_ros_plugins_msgs/msg/__pycache__/_DVLBeam.cpython-38.pyc
-- Up-to-date: /home/constance/uuv_ws/install/lib/python3/dist-packages/uuv_sensor_ros_plugins_msgs/msg/_PositionWithCovariance.py
-- Up-to-date: /home/constance/uuv_ws/install/lib/python3/dist-packages/uuv_sensor_ros_plugins_msgs/msg/_DVL.py
-- Up-to-date: /home/constance/uuv_ws/install/lib/python3/dist-packages/uuv_sensor_ros_plugins_msgs/msg/_ChemicalParticleConcentration.py
-- Up-to-date: /home/constance/uuv_ws/install/lib/python3/dist-packages/uuv_sensor_ros_plugins_msgs/msg/__init__.py
-- Up-to-date: /home/constance/uuv_ws/install/lib/python3/dist-packages/uuv_sensor_ros_plugins_msgs/msg/_PositionWithCovarianceStamped.py
-- Up-to-date: /home/constance/uuv_ws/install/lib/python3/dist-packages/uuv_sensor_ros_plugins_msgs/__init__.py
-- Up-to-date: /home/constance/uuv_ws/install/lib/pkgconfig/uuv_sensor_ros_plugins_msgs.pc
-- Up-to-date: /home/constance/uuv_ws/install/share/uuv_sensor_ros_plugins_msgs/cmake/uuv_sensor_ros_plugins_msgs-msg-extras.cmake
-- Up-to-date: /home/constance/uuv_ws/install/share/uuv_sensor_ros_plugins_msgs/cmake/uuv_sensor_ros_plugins_msgsConfig.cmake
-- Up-to-date: /home/constance/uuv_ws/install/share/uuv_sensor_ros_plugins_msgs/cmake/uuv_sensor_ros_plugins_msgsConfig-version.cmake
-- Up-to-date: /home/constance/uuv_ws/install/share/uuv_sensor_ros_plugins_msgs/package.xml
