Linked: (/home/constance/uuv_ws/devel/.private/uuv_manipulators_msgs/include/uuv_manipulators_msgs/EndeffectorCommand.h, /home/constance/uuv_ws/devel/include/uuv_manipulators_msgs/EndeffectorCommand.h)
Linked: (/home/constance/uuv_ws/devel/.private/uuv_manipulators_msgs/include/uuv_manipulators_msgs/SolveIK.h, /home/constance/uuv_ws/devel/include/uuv_manipulators_msgs/SolveIK.h)
Linked: (/home/constance/uuv_ws/devel/.private/uuv_manipulators_msgs/include/uuv_manipulators_msgs/EndPointState.h, /home/constance/uuv_ws/devel/include/uuv_manipulators_msgs/EndPointState.h)
Linked: (/home/constance/uuv_ws/devel/.private/uuv_manipulators_msgs/include/uuv_manipulators_msgs/SolveIKResponse.h, /home/constance/uuv_ws/devel/include/uuv_manipulators_msgs/SolveIKResponse.h)
Linked: (/home/constance/uuv_ws/devel/.private/uuv_manipulators_msgs/include/uuv_manipulators_msgs/EndeffectorState.h, /home/constance/uuv_ws/devel/include/uuv_manipulators_msgs/EndeffectorState.h)
Linked: (/home/constance/uuv_ws/devel/.private/uuv_manipulators_msgs/include/uuv_manipulators_msgs/ArmConfigCommand.h, /home/constance/uuv_ws/devel/include/uuv_manipulators_msgs/ArmConfigCommand.h)
Linked: (/home/constance/uuv_ws/devel/.private/uuv_manipulators_msgs/include/uuv_manipulators_msgs/SolveIKRequest.h, /home/constance/uuv_ws/devel/include/uuv_manipulators_msgs/SolveIKRequest.h)
Linked: (/home/constance/uuv_ws/devel/.private/uuv_manipulators_msgs/share/roseus/ros/uuv_manipulators_msgs/manifest.l, /home/constance/uuv_ws/devel/share/roseus/ros/uuv_manipulators_msgs/manifest.l)
Linked: (/home/constance/uuv_ws/devel/.private/uuv_manipulators_msgs/share/roseus/ros/uuv_manipulators_msgs/srv/SolveIK.l, /home/constance/uuv_ws/devel/share/roseus/ros/uuv_manipulators_msgs/srv/SolveIK.l)
Linked: (/home/constance/uuv_ws/devel/.private/uuv_manipulators_msgs/share/roseus/ros/uuv_manipulators_msgs/msg/EndeffectorState.l, /home/constance/uuv_ws/devel/share/roseus/ros/uuv_manipulators_msgs/msg/EndeffectorState.l)
Linked: (/home/constance/uuv_ws/devel/.private/uuv_manipulators_msgs/share/roseus/ros/uuv_manipulators_msgs/msg/ArmConfigCommand.l, /home/constance/uuv_ws/devel/share/roseus/ros/uuv_manipulators_msgs/msg/ArmConfigCommand.l)
Linked: (/home/constance/uuv_ws/devel/.private/uuv_manipulators_msgs/share/roseus/ros/uuv_manipulators_msgs/msg/EndeffectorCommand.l, /home/constance/uuv_ws/devel/share/roseus/ros/uuv_manipulators_msgs/msg/EndeffectorCommand.l)
Linked: (/home/constance/uuv_ws/devel/.private/uuv_manipulators_msgs/share/roseus/ros/uuv_manipulators_msgs/msg/EndPointState.l, /home/constance/uuv_ws/devel/share/roseus/ros/uuv_manipulators_msgs/msg/EndPointState.l)
Linked: (/home/constance/uuv_ws/devel/.private/uuv_manipulators_msgs/share/common-lisp/ros/uuv_manipulators_msgs/srv/_package_SolveIK.lisp, /home/constance/uuv_ws/devel/share/common-lisp/ros/uuv_manipulators_msgs/srv/_package_SolveIK.lisp)
Linked: (/home/constance/uuv_ws/devel/.private/uuv_manipulators_msgs/share/common-lisp/ros/uuv_manipulators_msgs/srv/_package.lisp, /home/constance/uuv_ws/devel/share/common-lisp/ros/uuv_manipulators_msgs/srv/_package.lisp)
Linked: (/home/constance/uuv_ws/devel/.private/uuv_manipulators_msgs/share/common-lisp/ros/uuv_manipulators_msgs/srv/SolveIK.lisp, /home/constance/uuv_ws/devel/share/common-lisp/ros/uuv_manipulators_msgs/srv/SolveIK.lisp)
Linked: (/home/constance/uuv_ws/devel/.private/uuv_manipulators_msgs/share/common-lisp/ros/uuv_manipulators_msgs/srv/uuv_manipulators_msgs-srv.asd, /home/constance/uuv_ws/devel/share/common-lisp/ros/uuv_manipulators_msgs/srv/uuv_manipulators_msgs-srv.asd)
Linked: (/home/constance/uuv_ws/devel/.private/uuv_manipulators_msgs/share/common-lisp/ros/uuv_manipulators_msgs/msg/_package_EndPointState.lisp, /home/constance/uuv_ws/devel/share/common-lisp/ros/uuv_manipulators_msgs/msg/_package_EndPointState.lisp)
Linked: (/home/constance/uuv_ws/devel/.private/uuv_manipulators_msgs/share/common-lisp/ros/uuv_manipulators_msgs/msg/_package_EndeffectorCommand.lisp, /home/constance/uuv_ws/devel/share/common-lisp/ros/uuv_manipulators_msgs/msg/_package_EndeffectorCommand.lisp)
Linked: (/home/constance/uuv_ws/devel/.private/uuv_manipulators_msgs/share/common-lisp/ros/uuv_manipulators_msgs/msg/EndPointState.lisp, /home/constance/uuv_ws/devel/share/common-lisp/ros/uuv_manipulators_msgs/msg/EndPointState.lisp)
Linked: (/home/constance/uuv_ws/devel/.private/uuv_manipulators_msgs/share/common-lisp/ros/uuv_manipulators_msgs/msg/_package_ArmConfigCommand.lisp, /home/constance/uuv_ws/devel/share/common-lisp/ros/uuv_manipulators_msgs/msg/_package_ArmConfigCommand.lisp)
Linked: (/home/constance/uuv_ws/devel/.private/uuv_manipulators_msgs/share/common-lisp/ros/uuv_manipulators_msgs/msg/EndeffectorCommand.lisp, /home/constance/uuv_ws/devel/share/common-lisp/ros/uuv_manipulators_msgs/msg/EndeffectorCommand.lisp)
Linked: (/home/constance/uuv_ws/devel/.private/uuv_manipulators_msgs/share/common-lisp/ros/uuv_manipulators_msgs/msg/_package.lisp, /home/constance/uuv_ws/devel/share/common-lisp/ros/uuv_manipulators_msgs/msg/_package.lisp)
Linked: (/home/constance/uuv_ws/devel/.private/uuv_manipulators_msgs/share/common-lisp/ros/uuv_manipulators_msgs/msg/EndeffectorState.lisp, /home/constance/uuv_ws/devel/share/common-lisp/ros/uuv_manipulators_msgs/msg/EndeffectorState.lisp)
Linked: (/home/constance/uuv_ws/devel/.private/uuv_manipulators_msgs/share/common-lisp/ros/uuv_manipulators_msgs/msg/uuv_manipulators_msgs-msg.asd, /home/constance/uuv_ws/devel/share/common-lisp/ros/uuv_manipulators_msgs/msg/uuv_manipulators_msgs-msg.asd)
Linked: (/home/constance/uuv_ws/devel/.private/uuv_manipulators_msgs/share/common-lisp/ros/uuv_manipulators_msgs/msg/_package_EndeffectorState.lisp, /home/constance/uuv_ws/devel/share/common-lisp/ros/uuv_manipulators_msgs/msg/_package_EndeffectorState.lisp)
Linked: (/home/constance/uuv_ws/devel/.private/uuv_manipulators_msgs/share/common-lisp/ros/uuv_manipulators_msgs/msg/ArmConfigCommand.lisp, /home/constance/uuv_ws/devel/share/common-lisp/ros/uuv_manipulators_msgs/msg/ArmConfigCommand.lisp)
Linked: (/home/constance/uuv_ws/devel/.private/uuv_manipulators_msgs/share/uuv_manipulators_msgs/cmake/uuv_manipulators_msgsConfig-version.cmake, /home/constance/uuv_ws/devel/share/uuv_manipulators_msgs/cmake/uuv_manipulators_msgsConfig-version.cmake)
Linked: (/home/constance/uuv_ws/devel/.private/uuv_manipulators_msgs/share/uuv_manipulators_msgs/cmake/uuv_manipulators_msgs-msg-extras.cmake, /home/constance/uuv_ws/devel/share/uuv_manipulators_msgs/cmake/uuv_manipulators_msgs-msg-extras.cmake)
Linked: (/home/constance/uuv_ws/devel/.private/uuv_manipulators_msgs/share/uuv_manipulators_msgs/cmake/uuv_manipulators_msgs-msg-paths.cmake, /home/constance/uuv_ws/devel/share/uuv_manipulators_msgs/cmake/uuv_manipulators_msgs-msg-paths.cmake)
Linked: (/home/constance/uuv_ws/devel/.private/uuv_manipulators_msgs/share/uuv_manipulators_msgs/cmake/uuv_manipulators_msgsConfig.cmake, /home/constance/uuv_ws/devel/share/uuv_manipulators_msgs/cmake/uuv_manipulators_msgsConfig.cmake)
Linked: (/home/constance/uuv_ws/devel/.private/uuv_manipulators_msgs/share/gennodejs/ros/uuv_manipulators_msgs/_index.js, /home/constance/uuv_ws/devel/share/gennodejs/ros/uuv_manipulators_msgs/_index.js)
Linked: (/home/constance/uuv_ws/devel/.private/uuv_manipulators_msgs/share/gennodejs/ros/uuv_manipulators_msgs/srv/SolveIK.js, /home/constance/uuv_ws/devel/share/gennodejs/ros/uuv_manipulators_msgs/srv/SolveIK.js)
Linked: (/home/constance/uuv_ws/devel/.private/uuv_manipulators_msgs/share/gennodejs/ros/uuv_manipulators_msgs/srv/_index.js, /home/constance/uuv_ws/devel/share/gennodejs/ros/uuv_manipulators_msgs/srv/_index.js)
Linked: (/home/constance/uuv_ws/devel/.private/uuv_manipulators_msgs/share/gennodejs/ros/uuv_manipulators_msgs/msg/EndeffectorCommand.js, /home/constance/uuv_ws/devel/share/gennodejs/ros/uuv_manipulators_msgs/msg/EndeffectorCommand.js)
Linked: (/home/constance/uuv_ws/devel/.private/uuv_manipulators_msgs/share/gennodejs/ros/uuv_manipulators_msgs/msg/ArmConfigCommand.js, /home/constance/uuv_ws/devel/share/gennodejs/ros/uuv_manipulators_msgs/msg/ArmConfigCommand.js)
Linked: (/home/constance/uuv_ws/devel/.private/uuv_manipulators_msgs/share/gennodejs/ros/uuv_manipulators_msgs/msg/_index.js, /home/constance/uuv_ws/devel/share/gennodejs/ros/uuv_manipulators_msgs/msg/_index.js)
Linked: (/home/constance/uuv_ws/devel/.private/uuv_manipulators_msgs/share/gennodejs/ros/uuv_manipulators_msgs/msg/EndPointState.js, /home/constance/uuv_ws/devel/share/gennodejs/ros/uuv_manipulators_msgs/msg/EndPointState.js)
Linked: (/home/constance/uuv_ws/devel/.private/uuv_manipulators_msgs/share/gennodejs/ros/uuv_manipulators_msgs/msg/EndeffectorState.js, /home/constance/uuv_ws/devel/share/gennodejs/ros/uuv_manipulators_msgs/msg/EndeffectorState.js)
Linked: (/home/constance/uuv_ws/devel/.private/uuv_manipulators_msgs/lib/python3/dist-packages/uuv_manipulators_msgs/__init__.py, /home/constance/uuv_ws/devel/lib/python3/dist-packages/uuv_manipulators_msgs/__init__.py)
Linked: (/home/constance/uuv_ws/devel/.private/uuv_manipulators_msgs/lib/python3/dist-packages/uuv_manipulators_msgs/srv/__init__.py, /home/constance/uuv_ws/devel/lib/python3/dist-packages/uuv_manipulators_msgs/srv/__init__.py)
Linked: (/home/constance/uuv_ws/devel/.private/uuv_manipulators_msgs/lib/python3/dist-packages/uuv_manipulators_msgs/srv/_SolveIK.py, /home/constance/uuv_ws/devel/lib/python3/dist-packages/uuv_manipulators_msgs/srv/_SolveIK.py)
Linked: (/home/constance/uuv_ws/devel/.private/uuv_manipulators_msgs/lib/python3/dist-packages/uuv_manipulators_msgs/msg/_EndeffectorState.py, /home/constance/uuv_ws/devel/lib/python3/dist-packages/uuv_manipulators_msgs/msg/_EndeffectorState.py)
Linked: (/home/constance/uuv_ws/devel/.private/uuv_manipulators_msgs/lib/python3/dist-packages/uuv_manipulators_msgs/msg/_ArmConfigCommand.py, /home/constance/uuv_ws/devel/lib/python3/dist-packages/uuv_manipulators_msgs/msg/_ArmConfigCommand.py)
Linked: (/home/constance/uuv_ws/devel/.private/uuv_manipulators_msgs/lib/python3/dist-packages/uuv_manipulators_msgs/msg/_EndPointState.py, /home/constance/uuv_ws/devel/lib/python3/dist-packages/uuv_manipulators_msgs/msg/_EndPointState.py)
Linked: (/home/constance/uuv_ws/devel/.private/uuv_manipulators_msgs/lib/python3/dist-packages/uuv_manipulators_msgs/msg/_EndeffectorCommand.py, /home/constance/uuv_ws/devel/lib/python3/dist-packages/uuv_manipulators_msgs/msg/_EndeffectorCommand.py)
Linked: (/home/constance/uuv_ws/devel/.private/uuv_manipulators_msgs/lib/python3/dist-packages/uuv_manipulators_msgs/msg/__init__.py, /home/constance/uuv_ws/devel/lib/python3/dist-packages/uuv_manipulators_msgs/msg/__init__.py)
Linked: (/home/constance/uuv_ws/devel/.private/uuv_manipulators_msgs/lib/pkgconfig/uuv_manipulators_msgs.pc, /home/constance/uuv_ws/devel/lib/pkgconfig/uuv_manipulators_msgs.pc)
