[  0%] Built target _uuv_manipulators_msgs_generate_messages_check_deps_SolveIK
[  0%] Built target geometry_msgs_generate_messages_lisp
[  0%] Built target std_msgs_generate_messages_lisp
[  0%] Built target sensor_msgs_generate_messages_lisp
[  0%] Built target _uuv_manipulators_msgs_generate_messages_check_deps_EndPointState
[  0%] Built target _uuv_manipulators_msgs_generate_messages_check_deps_ArmConfigCommand
[  0%] Built target _uuv_manipulators_msgs_generate_messages_check_deps_EndeffectorCommand
[  0%] Built target _uuv_manipulators_msgs_generate_messages_check_deps_EndeffectorState
[ 17%] Built target uuv_manipulators_msgs_generate_messages_lisp
[ 17%] Built target sensor_msgs_generate_messages_py
[ 17%] Built target geometry_msgs_generate_messages_py
[ 17%] Built target std_msgs_generate_messages_py
[ 42%] Built target uuv_manipulators_msgs_generate_messages_py
[ 42%] Built target geometry_msgs_generate_messages_nodejs
[ 42%] Built target sensor_msgs_generate_messages_nodejs
[ 42%] Built target std_msgs_generate_messages_nodejs
[ 60%] Built target uuv_manipulators_msgs_generate_messages_nodejs
[ 60%] Built target std_msgs_generate_messages_eus
[ 60%] Built target geometry_msgs_generate_messages_eus
[ 60%] Built target sensor_msgs_generate_messages_eus
[ 82%] Built target uuv_manipulators_msgs_generate_messages_eus
[ 82%] Built target std_msgs_generate_messages_cpp
[ 82%] Built target geometry_msgs_generate_messages_cpp
[ 82%] Built target sensor_msgs_generate_messages_cpp
[100%] Built target uuv_manipulators_msgs_generate_messages_cpp
[100%] Built target uuv_manipulators_msgs_generate_messages
[36mInstall the project...[0m
-- Install configuration: ""
-- Installing: /home/constance/uuv_ws/install/_setup_util.py
-- Installing: /home/constance/uuv_ws/install/env.sh
-- Installing: /home/constance/uuv_ws/install/setup.bash
-- Installing: /home/constance/uuv_ws/install/local_setup.bash
-- Installing: /home/constance/uuv_ws/install/setup.sh
-- Installing: /home/constance/uuv_ws/install/local_setup.sh
-- Installing: /home/constance/uuv_ws/install/setup.zsh
-- Installing: /home/constance/uuv_ws/install/local_setup.zsh
-- Installing: /home/constance/uuv_ws/install/.rosinstall
-- Up-to-date: /home/constance/uuv_ws/install/share/uuv_manipulators_msgs/msg/EndPointState.msg
-- Up-to-date: /home/constance/uuv_ws/install/share/uuv_manipulators_msgs/msg/EndeffectorCommand.msg
-- Up-to-date: /home/constance/uuv_ws/install/share/uuv_manipulators_msgs/msg/EndeffectorState.msg
-- Up-to-date: /home/constance/uuv_ws/install/share/uuv_manipulators_msgs/msg/ArmConfigCommand.msg
-- Up-to-date: /home/constance/uuv_ws/install/share/uuv_manipulators_msgs/srv/SolveIK.srv
-- Up-to-date: /home/constance/uuv_ws/install/share/uuv_manipulators_msgs/cmake/uuv_manipulators_msgs-msg-paths.cmake
-- Up-to-date: /home/constance/uuv_ws/install/include/uuv_manipulators_msgs
-- Up-to-date: /home/constance/uuv_ws/install/include/uuv_manipulators_msgs/EndeffectorCommand.h
-- Up-to-date: /home/constance/uuv_ws/install/include/uuv_manipulators_msgs/SolveIK.h
-- Up-to-date: /home/constance/uuv_ws/install/include/uuv_manipulators_msgs/EndPointState.h
-- Up-to-date: /home/constance/uuv_ws/install/include/uuv_manipulators_msgs/SolveIKResponse.h
-- Up-to-date: /home/constance/uuv_ws/install/include/uuv_manipulators_msgs/EndeffectorState.h
-- Up-to-date: /home/constance/uuv_ws/install/include/uuv_manipulators_msgs/ArmConfigCommand.h
-- Up-to-date: /home/constance/uuv_ws/install/include/uuv_manipulators_msgs/SolveIKRequest.h
-- Up-to-date: /home/constance/uuv_ws/install/share/roseus/ros/uuv_manipulators_msgs
-- Up-to-date: /home/constance/uuv_ws/install/share/roseus/ros/uuv_manipulators_msgs/srv
-- Up-to-date: /home/constance/uuv_ws/install/share/roseus/ros/uuv_manipulators_msgs/srv/SolveIK.l
-- Up-to-date: /home/constance/uuv_ws/install/share/roseus/ros/uuv_manipulators_msgs/manifest.l
-- Up-to-date: /home/constance/uuv_ws/install/share/roseus/ros/uuv_manipulators_msgs/msg
-- Up-to-date: /home/constance/uuv_ws/install/share/roseus/ros/uuv_manipulators_msgs/msg/EndeffectorState.l
-- Up-to-date: /home/constance/uuv_ws/install/share/roseus/ros/uuv_manipulators_msgs/msg/ArmConfigCommand.l
-- Up-to-date: /home/constance/uuv_ws/install/share/roseus/ros/uuv_manipulators_msgs/msg/EndeffectorCommand.l
-- Up-to-date: /home/constance/uuv_ws/install/share/roseus/ros/uuv_manipulators_msgs/msg/EndPointState.l
-- Up-to-date: /home/constance/uuv_ws/install/share/common-lisp/ros/uuv_manipulators_msgs
-- Up-to-date: /home/constance/uuv_ws/install/share/common-lisp/ros/uuv_manipulators_msgs/srv
-- Up-to-date: /home/constance/uuv_ws/install/share/common-lisp/ros/uuv_manipulators_msgs/srv/_package_SolveIK.lisp
-- Up-to-date: /home/constance/uuv_ws/install/share/common-lisp/ros/uuv_manipulators_msgs/srv/_package.lisp
-- Up-to-date: /home/constance/uuv_ws/install/share/common-lisp/ros/uuv_manipulators_msgs/srv/SolveIK.lisp
-- Up-to-date: /home/constance/uuv_ws/install/share/common-lisp/ros/uuv_manipulators_msgs/srv/uuv_manipulators_msgs-srv.asd
-- Up-to-date: /home/constance/uuv_ws/install/share/common-lisp/ros/uuv_manipulators_msgs/msg
-- Up-to-date: /home/constance/uuv_ws/install/share/common-lisp/ros/uuv_manipulators_msgs/msg/_package_EndPointState.lisp
-- Up-to-date: /home/constance/uuv_ws/install/share/common-lisp/ros/uuv_manipulators_msgs/msg/_package_EndeffectorCommand.lisp
-- Up-to-date: /home/constance/uuv_ws/install/share/common-lisp/ros/uuv_manipulators_msgs/msg/EndPointState.lisp
-- Up-to-date: /home/constance/uuv_ws/install/share/common-lisp/ros/uuv_manipulators_msgs/msg/_package_ArmConfigCommand.lisp
-- Up-to-date: /home/constance/uuv_ws/install/share/common-lisp/ros/uuv_manipulators_msgs/msg/EndeffectorCommand.lisp
-- Up-to-date: /home/constance/uuv_ws/install/share/common-lisp/ros/uuv_manipulators_msgs/msg/_package.lisp
-- Up-to-date: /home/constance/uuv_ws/install/share/common-lisp/ros/uuv_manipulators_msgs/msg/EndeffectorState.lisp
-- Up-to-date: /home/constance/uuv_ws/install/share/common-lisp/ros/uuv_manipulators_msgs/msg/uuv_manipulators_msgs-msg.asd
-- Up-to-date: /home/constance/uuv_ws/install/share/common-lisp/ros/uuv_manipulators_msgs/msg/_package_EndeffectorState.lisp
-- Up-to-date: /home/constance/uuv_ws/install/share/common-lisp/ros/uuv_manipulators_msgs/msg/ArmConfigCommand.lisp
-- Up-to-date: /home/constance/uuv_ws/install/share/gennodejs/ros/uuv_manipulators_msgs
-- Up-to-date: /home/constance/uuv_ws/install/share/gennodejs/ros/uuv_manipulators_msgs/srv
-- Up-to-date: /home/constance/uuv_ws/install/share/gennodejs/ros/uuv_manipulators_msgs/srv/SolveIK.js
-- Up-to-date: /home/constance/uuv_ws/install/share/gennodejs/ros/uuv_manipulators_msgs/srv/_index.js
-- Up-to-date: /home/constance/uuv_ws/install/share/gennodejs/ros/uuv_manipulators_msgs/_index.js
-- Up-to-date: /home/constance/uuv_ws/install/share/gennodejs/ros/uuv_manipulators_msgs/msg
-- Up-to-date: /home/constance/uuv_ws/install/share/gennodejs/ros/uuv_manipulators_msgs/msg/EndeffectorCommand.js
-- Up-to-date: /home/constance/uuv_ws/install/share/gennodejs/ros/uuv_manipulators_msgs/msg/ArmConfigCommand.js
-- Up-to-date: /home/constance/uuv_ws/install/share/gennodejs/ros/uuv_manipulators_msgs/msg/_index.js
-- Up-to-date: /home/constance/uuv_ws/install/share/gennodejs/ros/uuv_manipulators_msgs/msg/EndPointState.js
-- Up-to-date: /home/constance/uuv_ws/install/share/gennodejs/ros/uuv_manipulators_msgs/msg/EndeffectorState.js
Listing '/home/constance/uuv_ws/devel/.private/uuv_manipulators_msgs/lib/python3/dist-packages/uuv_manipulators_msgs'...
Listing '/home/constance/uuv_ws/devel/.private/uuv_manipulators_msgs/lib/python3/dist-packages/uuv_manipulators_msgs/msg'...
Listing '/home/constance/uuv_ws/devel/.private/uuv_manipulators_msgs/lib/python3/dist-packages/uuv_manipulators_msgs/srv'...
-- Up-to-date: /home/constance/uuv_ws/install/lib/python3/dist-packages/uuv_manipulators_msgs
-- Up-to-date: /home/constance/uuv_ws/install/lib/python3/dist-packages/uuv_manipulators_msgs/srv
-- Up-to-date: /home/constance/uuv_ws/install/lib/python3/dist-packages/uuv_manipulators_msgs/srv/__pycache__
-- Up-to-date: /home/constance/uuv_ws/install/lib/python3/dist-packages/uuv_manipulators_msgs/srv/__pycache__/__init__.cpython-38.pyc
-- Up-to-date: /home/constance/uuv_ws/install/lib/python3/dist-packages/uuv_manipulators_msgs/srv/__pycache__/_SolveIK.cpython-38.pyc
-- Up-to-date: /home/constance/uuv_ws/install/lib/python3/dist-packages/uuv_manipulators_msgs/srv/__init__.py
-- Up-to-date: /home/constance/uuv_ws/install/lib/python3/dist-packages/uuv_manipulators_msgs/srv/_SolveIK.py
-- Up-to-date: /home/constance/uuv_ws/install/lib/python3/dist-packages/uuv_manipulators_msgs/__pycache__
-- Up-to-date: /home/constance/uuv_ws/install/lib/python3/dist-packages/uuv_manipulators_msgs/__pycache__/__init__.cpython-38.pyc
-- Up-to-date: /home/constance/uuv_ws/install/lib/python3/dist-packages/uuv_manipulators_msgs/msg
-- Up-to-date: /home/constance/uuv_ws/install/lib/python3/dist-packages/uuv_manipulators_msgs/msg/_EndeffectorState.py
-- Up-to-date: /home/constance/uuv_ws/install/lib/python3/dist-packages/uuv_manipulators_msgs/msg/_ArmConfigCommand.py
-- Up-to-date: /home/constance/uuv_ws/install/lib/python3/dist-packages/uuv_manipulators_msgs/msg/__pycache__
-- Up-to-date: /home/constance/uuv_ws/install/lib/python3/dist-packages/uuv_manipulators_msgs/msg/__pycache__/_EndeffectorCommand.cpython-38.pyc
-- Up-to-date: /home/constance/uuv_ws/install/lib/python3/dist-packages/uuv_manipulators_msgs/msg/__pycache__/__init__.cpython-38.pyc
-- Up-to-date: /home/constance/uuv_ws/install/lib/python3/dist-packages/uuv_manipulators_msgs/msg/__pycache__/_EndeffectorState.cpython-38.pyc
-- Up-to-date: /home/constance/uuv_ws/install/lib/python3/dist-packages/uuv_manipulators_msgs/msg/__pycache__/_EndPointState.cpython-38.pyc
-- Up-to-date: /home/constance/uuv_ws/install/lib/python3/dist-packages/uuv_manipulators_msgs/msg/__pycache__/_ArmConfigCommand.cpython-38.pyc
-- Up-to-date: /home/constance/uuv_ws/install/lib/python3/dist-packages/uuv_manipulators_msgs/msg/_EndPointState.py
-- Up-to-date: /home/constance/uuv_ws/install/lib/python3/dist-packages/uuv_manipulators_msgs/msg/_EndeffectorCommand.py
-- Up-to-date: /home/constance/uuv_ws/install/lib/python3/dist-packages/uuv_manipulators_msgs/msg/__init__.py
-- Up-to-date: /home/constance/uuv_ws/install/lib/python3/dist-packages/uuv_manipulators_msgs/__init__.py
-- Up-to-date: /home/constance/uuv_ws/install/lib/pkgconfig/uuv_manipulators_msgs.pc
-- Up-to-date: /home/constance/uuv_ws/install/share/uuv_manipulators_msgs/cmake/uuv_manipulators_msgs-msg-extras.cmake
-- Up-to-date: /home/constance/uuv_ws/install/share/uuv_manipulators_msgs/cmake/uuv_manipulators_msgsConfig.cmake
-- Up-to-date: /home/constance/uuv_ws/install/share/uuv_manipulators_msgs/cmake/uuv_manipulators_msgsConfig-version.cmake
-- Up-to-date: /home/constance/uuv_ws/install/share/uuv_manipulators_msgs/package.xml
