[  0%] Built target _uuv_auv_control_allocator_generate_messages_check_deps_AUVCommand
[  0%] Built target geometry_msgs_generate_messages_nodejs
[  0%] Built target std_msgs_generate_messages_nodejs
[ 14%] Built target uuv_auv_control_allocator_generate_messages_nodejs
[ 14%] Built target std_msgs_generate_messages_py
[ 14%] Built target geometry_msgs_generate_messages_py
[ 42%] Built target uuv_auv_control_allocator_generate_messages_py
[ 42%] Built target std_msgs_generate_messages_cpp
[ 42%] Built target geometry_msgs_generate_messages_cpp
[ 57%] Built target uuv_auv_control_allocator_generate_messages_cpp
[ 57%] Built target std_msgs_generate_messages_eus
[ 57%] Built target geometry_msgs_generate_messages_eus
[ 85%] Built target uuv_auv_control_allocator_generate_messages_eus
[ 85%] Built target std_msgs_generate_messages_lisp
[ 85%] Built target geometry_msgs_generate_messages_lisp
[100%] Built target uuv_auv_control_allocator_generate_messages_lisp
[100%] Built target uuv_auv_control_allocator_generate_messages
[36mInstall the project...[0m
-- Install configuration: ""
-- Up-to-date: /home/constance/uuv_ws/install/_setup_util.py
-- Up-to-date: /home/constance/uuv_ws/install/env.sh
-- Up-to-date: /home/constance/uuv_ws/install/setup.bash
-- Up-to-date: /home/constance/uuv_ws/install/local_setup.bash
-- Up-to-date: /home/constance/uuv_ws/install/setup.sh
-- Up-to-date: /home/constance/uuv_ws/install/local_setup.sh
-- Up-to-date: /home/constance/uuv_ws/install/setup.zsh
-- Up-to-date: /home/constance/uuv_ws/install/local_setup.zsh
-- Up-to-date: /home/constance/uuv_ws/install/.rosinstall
+ cd /home/constance/uuv_ws/src/uuv_simulator/uuv_control/uuv_auv_control_allocator
+ mkdir -p /home/constance/uuv_ws/install/lib/python3/dist-packages
+ /usr/bin/env PYTHONPATH=/home/constance/uuv_ws/install/lib/python3/dist-packages:/home/constance/uuv_ws/build/uuv_auv_control_allocator/lib/python3/dist-packages:/home/constance/uuv_ws/install/lib/python3/dist-packages:/opt/ros/noetic/lib/python3/dist-packages CATKIN_BINARY_DIR=/home/constance/uuv_ws/build/uuv_auv_control_allocator /usr/bin/python3 /home/constance/uuv_ws/src/uuv_simulator/uuv_control/uuv_auv_control_allocator/setup.py build --build-base /home/constance/uuv_ws/build/uuv_auv_control_allocator install --root=/ --install-layout=deb --prefix=/home/constance/uuv_ws/install --install-scripts=/home/constance/uuv_ws/install/bin
running build
running build_py
running install
running install_lib
running install_egg_info
Removing /home/constance/uuv_ws/install/lib/python3/dist-packages/uuv_auv_control_allocator-0.6.13.egg-info
Writing /home/constance/uuv_ws/install/lib/python3/dist-packages/uuv_auv_control_allocator-0.6.13.egg-info
-- Up-to-date: /home/constance/uuv_ws/install/share/uuv_auv_control_allocator/msg/AUVCommand.msg
-- Up-to-date: /home/constance/uuv_ws/install/share/uuv_auv_control_allocator/cmake/uuv_auv_control_allocator-msg-paths.cmake
-- Up-to-date: /home/constance/uuv_ws/install/include/uuv_auv_control_allocator
-- Up-to-date: /home/constance/uuv_ws/install/include/uuv_auv_control_allocator/AUVCommand.h
-- Up-to-date: /home/constance/uuv_ws/install/share/roseus/ros/uuv_auv_control_allocator
-- Up-to-date: /home/constance/uuv_ws/install/share/roseus/ros/uuv_auv_control_allocator/manifest.l
-- Up-to-date: /home/constance/uuv_ws/install/share/roseus/ros/uuv_auv_control_allocator/msg
-- Up-to-date: /home/constance/uuv_ws/install/share/roseus/ros/uuv_auv_control_allocator/msg/AUVCommand.l
-- Up-to-date: /home/constance/uuv_ws/install/share/common-lisp/ros/uuv_auv_control_allocator
-- Up-to-date: /home/constance/uuv_ws/install/share/common-lisp/ros/uuv_auv_control_allocator/msg
-- Up-to-date: /home/constance/uuv_ws/install/share/common-lisp/ros/uuv_auv_control_allocator/msg/uuv_auv_control_allocator-msg.asd
-- Up-to-date: /home/constance/uuv_ws/install/share/common-lisp/ros/uuv_auv_control_allocator/msg/_package_AUVCommand.lisp
-- Up-to-date: /home/constance/uuv_ws/install/share/common-lisp/ros/uuv_auv_control_allocator/msg/AUVCommand.lisp
-- Up-to-date: /home/constance/uuv_ws/install/share/common-lisp/ros/uuv_auv_control_allocator/msg/_package.lisp
-- Up-to-date: /home/constance/uuv_ws/install/share/gennodejs/ros/uuv_auv_control_allocator
-- Up-to-date: /home/constance/uuv_ws/install/share/gennodejs/ros/uuv_auv_control_allocator/_index.js
-- Up-to-date: /home/constance/uuv_ws/install/share/gennodejs/ros/uuv_auv_control_allocator/msg
-- Up-to-date: /home/constance/uuv_ws/install/share/gennodejs/ros/uuv_auv_control_allocator/msg/AUVCommand.js
-- Up-to-date: /home/constance/uuv_ws/install/share/gennodejs/ros/uuv_auv_control_allocator/msg/_index.js
Listing '/home/constance/uuv_ws/devel/.private/uuv_auv_control_allocator/lib/python3/dist-packages/uuv_auv_control_allocator'...
Listing '/home/constance/uuv_ws/devel/.private/uuv_auv_control_allocator/lib/python3/dist-packages/uuv_auv_control_allocator/msg'...
-- Up-to-date: /home/constance/uuv_ws/install/lib/python3/dist-packages/uuv_auv_control_allocator
-- Up-to-date: /home/constance/uuv_ws/install/lib/python3/dist-packages/uuv_auv_control_allocator/__pycache__
-- Up-to-date: /home/constance/uuv_ws/install/lib/python3/dist-packages/uuv_auv_control_allocator/__pycache__/__init__.cpython-38.pyc
-- Up-to-date: /home/constance/uuv_ws/install/lib/python3/dist-packages/uuv_auv_control_allocator/msg
-- Up-to-date: /home/constance/uuv_ws/install/lib/python3/dist-packages/uuv_auv_control_allocator/msg/_AUVCommand.py
-- Up-to-date: /home/constance/uuv_ws/install/lib/python3/dist-packages/uuv_auv_control_allocator/msg/__pycache__
-- Up-to-date: /home/constance/uuv_ws/install/lib/python3/dist-packages/uuv_auv_control_allocator/msg/__pycache__/__init__.cpython-38.pyc
-- Up-to-date: /home/constance/uuv_ws/install/lib/python3/dist-packages/uuv_auv_control_allocator/msg/__pycache__/_AUVCommand.cpython-38.pyc
-- Up-to-date: /home/constance/uuv_ws/install/lib/python3/dist-packages/uuv_auv_control_allocator/msg/__init__.py
-- Up-to-date: /home/constance/uuv_ws/install/lib/python3/dist-packages/uuv_auv_control_allocator/__init__.py
-- Up-to-date: /home/constance/uuv_ws/install/lib/pkgconfig/uuv_auv_control_allocator.pc
-- Up-to-date: /home/constance/uuv_ws/install/share/uuv_auv_control_allocator/cmake/uuv_auv_control_allocator-msg-extras.cmake
-- Up-to-date: /home/constance/uuv_ws/install/share/uuv_auv_control_allocator/cmake/uuv_auv_control_allocatorConfig.cmake
-- Up-to-date: /home/constance/uuv_ws/install/share/uuv_auv_control_allocator/cmake/uuv_auv_control_allocatorConfig-version.cmake
-- Up-to-date: /home/constance/uuv_ws/install/share/uuv_auv_control_allocator/package.xml
-- Up-to-date: /home/constance/uuv_ws/install/lib/uuv_auv_control_allocator/control_allocator
-- Up-to-date: /home/constance/uuv_ws/install/share/uuv_auv_control_allocator/launch
-- Up-to-date: /home/constance/uuv_ws/install/share/uuv_auv_control_allocator/launch/start_control_allocator.launch
