Symlinking /home/constance/uuv_ws/devel/include/ds_sensor_msgs/PhinsConfigConfig.h
Symlinking /home/constance/uuv_ws/devel/include/ds_sensor_msgs/Velocity3D.h
Symlinking /home/constance/uuv_ws/devel/include/ds_sensor_msgs/DepthPressure.h
Symlinking /home/constance/uuv_ws/devel/include/ds_sensor_msgs/AcousticCurrentProfile.h
Symlinking /home/constance/uuv_ws/devel/include/ds_sensor_msgs/UbloxSignal.h
Symlinking /home/constance/uuv_ws/devel/include/ds_sensor_msgs/Range3D.h
Symlinking /home/constance/uuv_ws/devel/include/ds_sensor_msgs/Adcp.h
Symlinking /home/constance/uuv_ws/devel/include/ds_sensor_msgs/ForwardLookingStatus.h
Symlinking /home/constance/uuv_ws/devel/include/ds_sensor_msgs/PhinsStdbin3.h
Symlinking /home/constance/uuv_ws/devel/include/ds_sensor_msgs/Gyro.h
Symlinking /home/constance/uuv_ws/devel/include/ds_sensor_msgs/Frequency.h
Symlinking /home/constance/uuv_ws/devel/include/ds_sensor_msgs/PhinsStandard.h
Symlinking /home/constance/uuv_ws/devel/include/ds_sensor_msgs/WaterCurrentProfile.h
Symlinking /home/constance/uuv_ws/devel/include/ds_sensor_msgs/VectorMagneticField.h
Symlinking /home/constance/uuv_ws/devel/include/ds_sensor_msgs/OxygenConcentration.h
Symlinking /home/constance/uuv_ws/devel/include/ds_sensor_msgs/PhinsStatus.h
Symlinking /home/constance/uuv_ws/devel/include/ds_sensor_msgs/Ins.h
Symlinking /home/constance/uuv_ws/devel/include/ds_sensor_msgs/Dvl.h
Symlinking /home/constance/uuv_ws/devel/include/ds_sensor_msgs/RdiPD0.h
Symlinking /home/constance/uuv_ws/devel/include/ds_sensor_msgs/MemsImu.h
Symlinking /home/constance/uuv_ws/devel/include/ds_sensor_msgs/UbloxSurveyIn.h
Symlinking /home/constance/uuv_ws/devel/include/ds_sensor_msgs/UbloxNav.h
Symlinking /home/constance/uuv_ws/devel/include/ds_sensor_msgs/SoundSpeed.h
Symlinking /home/constance/uuv_ws/devel/include/ds_sensor_msgs/UbloxSatellite.h
Symlinking /home/constance/uuv_ws/devel/include/ds_sensor_msgs/NortekVectorSystem.h
Symlinking /home/constance/uuv_ws/devel/include/ds_sensor_msgs/RdiPD5.h
Symlinking /home/constance/uuv_ws/devel/include/ds_sensor_msgs/Ranges3D.h
Symlinking /home/constance/uuv_ws/devel/include/ds_sensor_msgs/UbloxSignals.h
Symlinking /home/constance/uuv_ws/devel/include/ds_sensor_msgs/Compass.h
Symlinking /home/constance/uuv_ws/devel/include/ds_sensor_msgs/UbloxSatellites.h
Symlinking /home/constance/uuv_ws/devel/include/ds_sensor_msgs/NortekDF21.h
Symlinking /home/constance/uuv_ws/devel/include/ds_sensor_msgs/Ctd.h
Symlinking /home/constance/uuv_ws/devel/share/roseus/ros/ds_sensor_msgs/manifest.l
Symlinking /home/constance/uuv_ws/devel/share/roseus/ros/ds_sensor_msgs/msg/AcousticCurrentProfile.l
Symlinking /home/constance/uuv_ws/devel/share/roseus/ros/ds_sensor_msgs/msg/Dvl.l
Symlinking /home/constance/uuv_ws/devel/share/roseus/ros/ds_sensor_msgs/msg/SoundSpeed.l
Symlinking /home/constance/uuv_ws/devel/share/roseus/ros/ds_sensor_msgs/msg/Ctd.l
Symlinking /home/constance/uuv_ws/devel/share/roseus/ros/ds_sensor_msgs/msg/Adcp.l
Symlinking /home/constance/uuv_ws/devel/share/roseus/ros/ds_sensor_msgs/msg/Gyro.l
Symlinking /home/constance/uuv_ws/devel/share/roseus/ros/ds_sensor_msgs/msg/Velocity3D.l
Symlinking /home/constance/uuv_ws/devel/share/roseus/ros/ds_sensor_msgs/msg/UbloxSurveyIn.l
Symlinking /home/constance/uuv_ws/devel/share/roseus/ros/ds_sensor_msgs/msg/PhinsStandard.l
Symlinking /home/constance/uuv_ws/devel/share/roseus/ros/ds_sensor_msgs/msg/Range3D.l
Symlinking /home/constance/uuv_ws/devel/share/roseus/ros/ds_sensor_msgs/msg/NortekVectorSystem.l
Symlinking /home/constance/uuv_ws/devel/share/roseus/ros/ds_sensor_msgs/msg/Frequency.l
Symlinking /home/constance/uuv_ws/devel/share/roseus/ros/ds_sensor_msgs/msg/ForwardLookingStatus.l
Symlinking /home/constance/uuv_ws/devel/share/roseus/ros/ds_sensor_msgs/msg/WaterCurrentProfile.l
Symlinking /home/constance/uuv_ws/devel/share/roseus/ros/ds_sensor_msgs/msg/UbloxSatellites.l
Symlinking /home/constance/uuv_ws/devel/share/roseus/ros/ds_sensor_msgs/msg/Ins.l
Symlinking /home/constance/uuv_ws/devel/share/roseus/ros/ds_sensor_msgs/msg/RdiPD0.l
Symlinking /home/constance/uuv_ws/devel/share/roseus/ros/ds_sensor_msgs/msg/DepthPressure.l
Symlinking /home/constance/uuv_ws/devel/share/roseus/ros/ds_sensor_msgs/msg/Ranges3D.l
Symlinking /home/constance/uuv_ws/devel/share/roseus/ros/ds_sensor_msgs/msg/MemsImu.l
Symlinking /home/constance/uuv_ws/devel/share/roseus/ros/ds_sensor_msgs/msg/UbloxSignals.l
Symlinking /home/constance/uuv_ws/devel/share/roseus/ros/ds_sensor_msgs/msg/NortekDF21.l
Symlinking /home/constance/uuv_ws/devel/share/roseus/ros/ds_sensor_msgs/msg/UbloxSignal.l
Symlinking /home/constance/uuv_ws/devel/share/roseus/ros/ds_sensor_msgs/msg/PhinsStatus.l
Symlinking /home/constance/uuv_ws/devel/share/roseus/ros/ds_sensor_msgs/msg/UbloxNav.l
Symlinking /home/constance/uuv_ws/devel/share/roseus/ros/ds_sensor_msgs/msg/Compass.l
Symlinking /home/constance/uuv_ws/devel/share/roseus/ros/ds_sensor_msgs/msg/UbloxSatellite.l
Symlinking /home/constance/uuv_ws/devel/share/roseus/ros/ds_sensor_msgs/msg/VectorMagneticField.l
Symlinking /home/constance/uuv_ws/devel/share/roseus/ros/ds_sensor_msgs/msg/RdiPD5.l
Symlinking /home/constance/uuv_ws/devel/share/roseus/ros/ds_sensor_msgs/msg/PhinsStdbin3.l
Symlinking /home/constance/uuv_ws/devel/share/roseus/ros/ds_sensor_msgs/msg/OxygenConcentration.l
Symlinking /home/constance/uuv_ws/devel/share/common-lisp/ros/ds_sensor_msgs/msg/NortekDF21.lisp
Symlinking /home/constance/uuv_ws/devel/share/common-lisp/ros/ds_sensor_msgs/msg/_package_ForwardLookingStatus.lisp
Symlinking /home/constance/uuv_ws/devel/share/common-lisp/ros/ds_sensor_msgs/msg/RdiPD0.lisp
Symlinking /home/constance/uuv_ws/devel/share/common-lisp/ros/ds_sensor_msgs/msg/Adcp.lisp
Symlinking /home/constance/uuv_ws/devel/share/common-lisp/ros/ds_sensor_msgs/msg/UbloxSignals.lisp
Symlinking /home/constance/uuv_ws/devel/share/common-lisp/ros/ds_sensor_msgs/msg/DepthPressure.lisp
Symlinking /home/constance/uuv_ws/devel/share/common-lisp/ros/ds_sensor_msgs/msg/Ins.lisp
Symlinking /home/constance/uuv_ws/devel/share/common-lisp/ros/ds_sensor_msgs/msg/Compass.lisp
Symlinking /home/constance/uuv_ws/devel/share/common-lisp/ros/ds_sensor_msgs/msg/UbloxSatellites.lisp
Symlinking /home/constance/uuv_ws/devel/share/common-lisp/ros/ds_sensor_msgs/msg/_package_RdiPD0.lisp
Symlinking /home/constance/uuv_ws/devel/share/common-lisp/ros/ds_sensor_msgs/msg/_package_Compass.lisp
Symlinking /home/constance/uuv_ws/devel/share/common-lisp/ros/ds_sensor_msgs/msg/_package_RdiPD5.lisp
Symlinking /home/constance/uuv_ws/devel/share/common-lisp/ros/ds_sensor_msgs/msg/UbloxSatellite.lisp
Symlinking /home/constance/uuv_ws/devel/share/common-lisp/ros/ds_sensor_msgs/msg/_package_Frequency.lisp
Symlinking /home/constance/uuv_ws/devel/share/common-lisp/ros/ds_sensor_msgs/msg/_package_PhinsStdbin3.lisp
Symlinking /home/constance/uuv_ws/devel/share/common-lisp/ros/ds_sensor_msgs/msg/WaterCurrentProfile.lisp
Symlinking /home/constance/uuv_ws/devel/share/common-lisp/ros/ds_sensor_msgs/msg/_package_OxygenConcentration.lisp
Symlinking /home/constance/uuv_ws/devel/share/common-lisp/ros/ds_sensor_msgs/msg/_package_NortekVectorSystem.lisp
Symlinking /home/constance/uuv_ws/devel/share/common-lisp/ros/ds_sensor_msgs/msg/_package_NortekDF21.lisp
Symlinking /home/constance/uuv_ws/devel/share/common-lisp/ros/ds_sensor_msgs/msg/_package_WaterCurrentProfile.lisp
Symlinking /home/constance/uuv_ws/devel/share/common-lisp/ros/ds_sensor_msgs/msg/_package.lisp
Symlinking /home/constance/uuv_ws/devel/share/common-lisp/ros/ds_sensor_msgs/msg/_package_Adcp.lisp
Symlinking /home/constance/uuv_ws/devel/share/common-lisp/ros/ds_sensor_msgs/msg/_package_MemsImu.lisp
Symlinking /home/constance/uuv_ws/devel/share/common-lisp/ros/ds_sensor_msgs/msg/_package_Dvl.lisp
Symlinking /home/constance/uuv_ws/devel/share/common-lisp/ros/ds_sensor_msgs/msg/UbloxSurveyIn.lisp
Symlinking /home/constance/uuv_ws/devel/share/common-lisp/ros/ds_sensor_msgs/msg/OxygenConcentration.lisp
Symlinking /home/constance/uuv_ws/devel/share/common-lisp/ros/ds_sensor_msgs/msg/_package_UbloxSurveyIn.lisp
Symlinking /home/constance/uuv_ws/devel/share/common-lisp/ros/ds_sensor_msgs/msg/UbloxSignal.lisp
Symlinking /home/constance/uuv_ws/devel/share/common-lisp/ros/ds_sensor_msgs/msg/_package_Ctd.lisp
Symlinking /home/constance/uuv_ws/devel/share/common-lisp/ros/ds_sensor_msgs/msg/_package_UbloxSatellite.lisp
Symlinking /home/constance/uuv_ws/devel/share/common-lisp/ros/ds_sensor_msgs/msg/PhinsStdbin3.lisp
Symlinking /home/constance/uuv_ws/devel/share/common-lisp/ros/ds_sensor_msgs/msg/PhinsStandard.lisp
Symlinking /home/constance/uuv_ws/devel/share/common-lisp/ros/ds_sensor_msgs/msg/_package_Ranges3D.lisp
Symlinking /home/constance/uuv_ws/devel/share/common-lisp/ros/ds_sensor_msgs/msg/Gyro.lisp
Symlinking /home/constance/uuv_ws/devel/share/common-lisp/ros/ds_sensor_msgs/msg/Ranges3D.lisp
Symlinking /home/constance/uuv_ws/devel/share/common-lisp/ros/ds_sensor_msgs/msg/PhinsStatus.lisp
Symlinking /home/constance/uuv_ws/devel/share/common-lisp/ros/ds_sensor_msgs/msg/_package_AcousticCurrentProfile.lisp
Symlinking /home/constance/uuv_ws/devel/share/common-lisp/ros/ds_sensor_msgs/msg/_package_Gyro.lisp
Symlinking /home/constance/uuv_ws/devel/share/common-lisp/ros/ds_sensor_msgs/msg/SoundSpeed.lisp
Symlinking /home/constance/uuv_ws/devel/share/common-lisp/ros/ds_sensor_msgs/msg/_package_SoundSpeed.lisp
Symlinking /home/constance/uuv_ws/devel/share/common-lisp/ros/ds_sensor_msgs/msg/Range3D.lisp
Symlinking /home/constance/uuv_ws/devel/share/common-lisp/ros/ds_sensor_msgs/msg/_package_PhinsStatus.lisp
Symlinking /home/constance/uuv_ws/devel/share/common-lisp/ros/ds_sensor_msgs/msg/_package_UbloxNav.lisp
Symlinking /home/constance/uuv_ws/devel/share/common-lisp/ros/ds_sensor_msgs/msg/_package_VectorMagneticField.lisp
Symlinking /home/constance/uuv_ws/devel/share/common-lisp/ros/ds_sensor_msgs/msg/_package_UbloxSignal.lisp
Symlinking /home/constance/uuv_ws/devel/share/common-lisp/ros/ds_sensor_msgs/msg/MemsImu.lisp
Symlinking /home/constance/uuv_ws/devel/share/common-lisp/ros/ds_sensor_msgs/msg/AcousticCurrentProfile.lisp
Symlinking /home/constance/uuv_ws/devel/share/common-lisp/ros/ds_sensor_msgs/msg/_package_UbloxSignals.lisp
Symlinking /home/constance/uuv_ws/devel/share/common-lisp/ros/ds_sensor_msgs/msg/Dvl.lisp
Symlinking /home/constance/uuv_ws/devel/share/common-lisp/ros/ds_sensor_msgs/msg/ds_sensor_msgs-msg.asd
Symlinking /home/constance/uuv_ws/devel/share/common-lisp/ros/ds_sensor_msgs/msg/_package_Ins.lisp
Symlinking /home/constance/uuv_ws/devel/share/common-lisp/ros/ds_sensor_msgs/msg/VectorMagneticField.lisp
Symlinking /home/constance/uuv_ws/devel/share/common-lisp/ros/ds_sensor_msgs/msg/_package_Velocity3D.lisp
Symlinking /home/constance/uuv_ws/devel/share/common-lisp/ros/ds_sensor_msgs/msg/UbloxNav.lisp
Symlinking /home/constance/uuv_ws/devel/share/common-lisp/ros/ds_sensor_msgs/msg/_package_PhinsStandard.lisp
Symlinking /home/constance/uuv_ws/devel/share/common-lisp/ros/ds_sensor_msgs/msg/Ctd.lisp
Symlinking /home/constance/uuv_ws/devel/share/common-lisp/ros/ds_sensor_msgs/msg/ForwardLookingStatus.lisp
Symlinking /home/constance/uuv_ws/devel/share/common-lisp/ros/ds_sensor_msgs/msg/Velocity3D.lisp
Symlinking /home/constance/uuv_ws/devel/share/common-lisp/ros/ds_sensor_msgs/msg/Frequency.lisp
Symlinking /home/constance/uuv_ws/devel/share/common-lisp/ros/ds_sensor_msgs/msg/_package_Range3D.lisp
Symlinking /home/constance/uuv_ws/devel/share/common-lisp/ros/ds_sensor_msgs/msg/RdiPD5.lisp
Symlinking /home/constance/uuv_ws/devel/share/common-lisp/ros/ds_sensor_msgs/msg/NortekVectorSystem.lisp
Symlinking /home/constance/uuv_ws/devel/share/common-lisp/ros/ds_sensor_msgs/msg/_package_UbloxSatellites.lisp
Symlinking /home/constance/uuv_ws/devel/share/common-lisp/ros/ds_sensor_msgs/msg/_package_DepthPressure.lisp
Symlinking /home/constance/uuv_ws/devel/share/gennodejs/ros/ds_sensor_msgs/_index.js
Symlinking /home/constance/uuv_ws/devel/share/gennodejs/ros/ds_sensor_msgs/msg/NortekDF21.js
Symlinking /home/constance/uuv_ws/devel/share/gennodejs/ros/ds_sensor_msgs/msg/UbloxSurveyIn.js
Symlinking /home/constance/uuv_ws/devel/share/gennodejs/ros/ds_sensor_msgs/msg/PhinsStdbin3.js
Symlinking /home/constance/uuv_ws/devel/share/gennodejs/ros/ds_sensor_msgs/msg/Compass.js
Symlinking /home/constance/uuv_ws/devel/share/gennodejs/ros/ds_sensor_msgs/msg/Gyro.js
Symlinking /home/constance/uuv_ws/devel/share/gennodejs/ros/ds_sensor_msgs/msg/VectorMagneticField.js
Symlinking /home/constance/uuv_ws/devel/share/gennodejs/ros/ds_sensor_msgs/msg/OxygenConcentration.js
Symlinking /home/constance/uuv_ws/devel/share/gennodejs/ros/ds_sensor_msgs/msg/UbloxSatellite.js
Symlinking /home/constance/uuv_ws/devel/share/gennodejs/ros/ds_sensor_msgs/msg/_index.js
Symlinking /home/constance/uuv_ws/devel/share/gennodejs/ros/ds_sensor_msgs/msg/WaterCurrentProfile.js
Symlinking /home/constance/uuv_ws/devel/share/gennodejs/ros/ds_sensor_msgs/msg/Ins.js
Symlinking /home/constance/uuv_ws/devel/share/gennodejs/ros/ds_sensor_msgs/msg/Dvl.js
Symlinking /home/constance/uuv_ws/devel/share/gennodejs/ros/ds_sensor_msgs/msg/NortekVectorSystem.js
Symlinking /home/constance/uuv_ws/devel/share/gennodejs/ros/ds_sensor_msgs/msg/ForwardLookingStatus.js
Symlinking /home/constance/uuv_ws/devel/share/gennodejs/ros/ds_sensor_msgs/msg/RdiPD0.js
Symlinking /home/constance/uuv_ws/devel/share/gennodejs/ros/ds_sensor_msgs/msg/Ctd.js
Symlinking /home/constance/uuv_ws/devel/share/gennodejs/ros/ds_sensor_msgs/msg/SoundSpeed.js
Symlinking /home/constance/uuv_ws/devel/share/gennodejs/ros/ds_sensor_msgs/msg/PhinsStandard.js
Symlinking /home/constance/uuv_ws/devel/share/gennodejs/ros/ds_sensor_msgs/msg/UbloxNav.js
Symlinking /home/constance/uuv_ws/devel/share/gennodejs/ros/ds_sensor_msgs/msg/AcousticCurrentProfile.js
Symlinking /home/constance/uuv_ws/devel/share/gennodejs/ros/ds_sensor_msgs/msg/Frequency.js
Symlinking /home/constance/uuv_ws/devel/share/gennodejs/ros/ds_sensor_msgs/msg/Ranges3D.js
Symlinking /home/constance/uuv_ws/devel/share/gennodejs/ros/ds_sensor_msgs/msg/Velocity3D.js
Symlinking /home/constance/uuv_ws/devel/share/gennodejs/ros/ds_sensor_msgs/msg/UbloxSignal.js
Symlinking /home/constance/uuv_ws/devel/share/gennodejs/ros/ds_sensor_msgs/msg/Adcp.js
Symlinking /home/constance/uuv_ws/devel/share/gennodejs/ros/ds_sensor_msgs/msg/Range3D.js
Symlinking /home/constance/uuv_ws/devel/share/gennodejs/ros/ds_sensor_msgs/msg/UbloxSatellites.js
Symlinking /home/constance/uuv_ws/devel/share/gennodejs/ros/ds_sensor_msgs/msg/MemsImu.js
Symlinking /home/constance/uuv_ws/devel/share/gennodejs/ros/ds_sensor_msgs/msg/DepthPressure.js
Symlinking /home/constance/uuv_ws/devel/share/gennodejs/ros/ds_sensor_msgs/msg/PhinsStatus.js
Symlinking /home/constance/uuv_ws/devel/share/gennodejs/ros/ds_sensor_msgs/msg/RdiPD5.js
Symlinking /home/constance/uuv_ws/devel/share/gennodejs/ros/ds_sensor_msgs/msg/UbloxSignals.js
Symlinking /home/constance/uuv_ws/devel/share/ds_sensor_msgs/cmake/ds_sensor_msgsConfig-version.cmake
Symlinking /home/constance/uuv_ws/devel/share/ds_sensor_msgs/cmake/ds_sensor_msgs-msg-paths.cmake
Symlinking /home/constance/uuv_ws/devel/share/ds_sensor_msgs/cmake/ds_sensor_msgsConfig.cmake
Symlinking /home/constance/uuv_ws/devel/share/ds_sensor_msgs/cmake/ds_sensor_msgs-msg-extras.cmake
Symlinking /home/constance/uuv_ws/devel/share/ds_sensor_msgs/docs/PhinsConfigConfig-usage.dox
Symlinking /home/constance/uuv_ws/devel/share/ds_sensor_msgs/docs/PhinsConfigConfig.dox
Symlinking /home/constance/uuv_ws/devel/share/ds_sensor_msgs/docs/PhinsConfigConfig.wikidoc
Symlinking /home/constance/uuv_ws/devel/lib/python3/dist-packages/ds_sensor_msgs/__init__.py
Symlinking /home/constance/uuv_ws/devel/lib/python3/dist-packages/ds_sensor_msgs/cfg/PhinsConfigConfig.py
Symlinking /home/constance/uuv_ws/devel/lib/python3/dist-packages/ds_sensor_msgs/cfg/__init__.py
Symlinking /home/constance/uuv_ws/devel/lib/python3/dist-packages/ds_sensor_msgs/msg/_Frequency.py
Symlinking /home/constance/uuv_ws/devel/lib/python3/dist-packages/ds_sensor_msgs/msg/_Ranges3D.py
Symlinking /home/constance/uuv_ws/devel/lib/python3/dist-packages/ds_sensor_msgs/msg/_Velocity3D.py
Symlinking /home/constance/uuv_ws/devel/lib/python3/dist-packages/ds_sensor_msgs/msg/_VectorMagneticField.py
Symlinking /home/constance/uuv_ws/devel/lib/python3/dist-packages/ds_sensor_msgs/msg/_Ins.py
Symlinking /home/constance/uuv_ws/devel/lib/python3/dist-packages/ds_sensor_msgs/msg/_PhinsStdbin3.py
Symlinking /home/constance/uuv_ws/devel/lib/python3/dist-packages/ds_sensor_msgs/msg/_AcousticCurrentProfile.py
Symlinking /home/constance/uuv_ws/devel/lib/python3/dist-packages/ds_sensor_msgs/msg/_SoundSpeed.py
Symlinking /home/constance/uuv_ws/devel/lib/python3/dist-packages/ds_sensor_msgs/msg/_OxygenConcentration.py
Symlinking /home/constance/uuv_ws/devel/lib/python3/dist-packages/ds_sensor_msgs/msg/_UbloxNav.py
Symlinking /home/constance/uuv_ws/devel/lib/python3/dist-packages/ds_sensor_msgs/msg/_DepthPressure.py
Symlinking /home/constance/uuv_ws/devel/lib/python3/dist-packages/ds_sensor_msgs/msg/_Ctd.py
Symlinking /home/constance/uuv_ws/devel/lib/python3/dist-packages/ds_sensor_msgs/msg/_Compass.py
Symlinking /home/constance/uuv_ws/devel/lib/python3/dist-packages/ds_sensor_msgs/msg/_WaterCurrentProfile.py
Symlinking /home/constance/uuv_ws/devel/lib/python3/dist-packages/ds_sensor_msgs/msg/_ForwardLookingStatus.py
Symlinking /home/constance/uuv_ws/devel/lib/python3/dist-packages/ds_sensor_msgs/msg/_Range3D.py
Symlinking /home/constance/uuv_ws/devel/lib/python3/dist-packages/ds_sensor_msgs/msg/_RdiPD5.py
Symlinking /home/constance/uuv_ws/devel/lib/python3/dist-packages/ds_sensor_msgs/msg/_PhinsStatus.py
Symlinking /home/constance/uuv_ws/devel/lib/python3/dist-packages/ds_sensor_msgs/msg/_UbloxSurveyIn.py
Symlinking /home/constance/uuv_ws/devel/lib/python3/dist-packages/ds_sensor_msgs/msg/_UbloxSignal.py
Symlinking /home/constance/uuv_ws/devel/lib/python3/dist-packages/ds_sensor_msgs/msg/_NortekDF21.py
Symlinking /home/constance/uuv_ws/devel/lib/python3/dist-packages/ds_sensor_msgs/msg/_Gyro.py
Symlinking /home/constance/uuv_ws/devel/lib/python3/dist-packages/ds_sensor_msgs/msg/_Dvl.py
Symlinking /home/constance/uuv_ws/devel/lib/python3/dist-packages/ds_sensor_msgs/msg/_RdiPD0.py
Symlinking /home/constance/uuv_ws/devel/lib/python3/dist-packages/ds_sensor_msgs/msg/_UbloxSignals.py
Symlinking /home/constance/uuv_ws/devel/lib/python3/dist-packages/ds_sensor_msgs/msg/_NortekVectorSystem.py
Symlinking /home/constance/uuv_ws/devel/lib/python3/dist-packages/ds_sensor_msgs/msg/_Adcp.py
Symlinking /home/constance/uuv_ws/devel/lib/python3/dist-packages/ds_sensor_msgs/msg/__init__.py
Symlinking /home/constance/uuv_ws/devel/lib/python3/dist-packages/ds_sensor_msgs/msg/_UbloxSatellite.py
Symlinking /home/constance/uuv_ws/devel/lib/python3/dist-packages/ds_sensor_msgs/msg/_MemsImu.py
Symlinking /home/constance/uuv_ws/devel/lib/python3/dist-packages/ds_sensor_msgs/msg/_UbloxSatellites.py
Symlinking /home/constance/uuv_ws/devel/lib/python3/dist-packages/ds_sensor_msgs/msg/_PhinsStandard.py
Symlinking /home/constance/uuv_ws/devel/lib/pkgconfig/ds_sensor_msgs.pc
