[  0%] Built target ds_sensor_msgs_gencfg
[  0%] Built target _ds_sensor_msgs_generate_messages_check_deps_UbloxSurveyIn
[  0%] Built target _ds_sensor_msgs_generate_messages_check_deps_NortekVectorSystem
[  0%] Built target _ds_sensor_msgs_generate_messages_check_deps_UbloxSatellites
[  0%] Built target _ds_sensor_msgs_generate_messages_check_deps_UbloxSatellite
[  0%] Built target _ds_sensor_msgs_generate_messages_check_deps_UbloxSignals
[  0%] Built target _ds_sensor_msgs_generate_messages_check_deps_UbloxSignal
[  0%] Built target _ds_sensor_msgs_generate_messages_check_deps_UbloxNav
[  0%] Built target ds_nmea_msgs_generate_messages_eus
[  0%] Built target _ds_sensor_msgs_generate_messages_check_deps_PhinsStatus
[  0%] Built target ds_core_msgs_generate_messages_eus
[  0%] Built target geometry_msgs_generate_messages_eus
[  0%] Built target _ds_sensor_msgs_generate_messages_check_deps_RdiPD0
[  0%] Built target _ds_sensor_msgs_generate_messages_check_deps_Dvl
[  0%] Built target _ds_sensor_msgs_generate_messages_check_deps_WaterCurrentProfile
[  0%] Built target std_msgs_generate_messages_eus
[  0%] Built target _ds_sensor_msgs_generate_messages_check_deps_Ins
[  0%] Built target _ds_sensor_msgs_generate_messages_check_deps_PhinsStdbin3
[  0%] Built target _ds_sensor_msgs_generate_messages_check_deps_OxygenConcentration
[  0%] Built target _ds_sensor_msgs_generate_messages_check_deps_RdiPD5
[  0%] Built target _ds_sensor_msgs_generate_messages_check_deps_AcousticCurrentProfile
[  0%] Built target _ds_sensor_msgs_generate_messages_check_deps_Adcp
[  0%] Built target _ds_sensor_msgs_generate_messages_check_deps_Compass
[  0%] Built target _ds_sensor_msgs_generate_messages_check_deps_DepthPressure
[  0%] Built target _ds_sensor_msgs_generate_messages_check_deps_Gyro
[  0%] Built target _ds_sensor_msgs_generate_messages_check_deps_Frequency
[  0%] Built target _ds_sensor_msgs_generate_messages_check_deps_MemsImu
[  0%] Built target _ds_sensor_msgs_generate_messages_check_deps_NortekDF21
[  0%] Built target _ds_sensor_msgs_generate_messages_check_deps_Ranges3D
[  0%] Built target _ds_sensor_msgs_generate_messages_check_deps_Ctd
[  0%] Built target _ds_sensor_msgs_generate_messages_check_deps_PhinsStandard
[  0%] Built target _ds_sensor_msgs_generate_messages_check_deps_SoundSpeed
[  0%] Built target _ds_sensor_msgs_generate_messages_check_deps_VectorMagneticField
[  0%] Built target sensor_msgs_generate_messages_eus
[  0%] Built target _ds_sensor_msgs_generate_messages_check_deps_Range3D
[  0%] Built target ds_core_msgs_generate_messages_py
[  0%] Built target geometry_msgs_generate_messages_py
[  0%] Built target std_msgs_generate_messages_py
[  0%] Built target _ds_sensor_msgs_generate_messages_check_deps_ForwardLookingStatus
[  0%] Built target ds_nmea_msgs_generate_messages_py
[  0%] Built target _ds_sensor_msgs_generate_messages_check_deps_Velocity3D
[  0%] Built target sensor_msgs_generate_messages_py
[  0%] Built target ds_core_msgs_generate_messages_nodejs
[  0%] Built target sensor_msgs_generate_messages_nodejs
[  0%] Built target geometry_msgs_generate_messages_nodejs
[  0%] Built target std_msgs_generate_messages_nodejs
[  0%] Built target ds_nmea_msgs_generate_messages_nodejs
[  0%] Built target std_msgs_generate_messages_lisp
[  0%] Built target ds_core_msgs_generate_messages_lisp
[  0%] Built target ds_nmea_msgs_generate_messages_lisp
[  0%] Built target geometry_msgs_generate_messages_lisp
[  0%] Built target sensor_msgs_generate_messages_lisp
[  0%] Built target ds_nmea_msgs_generate_messages_cpp
[  0%] Built target ds_core_msgs_generate_messages_cpp
[  0%] Built target geometry_msgs_generate_messages_cpp
[  0%] Built target std_msgs_generate_messages_cpp
[  0%] Built target sensor_msgs_generate_messages_cpp
[ 20%] Built target ds_sensor_msgs_generate_messages_eus
[ 41%] Built target ds_sensor_msgs_generate_messages_py
[ 60%] Built target ds_sensor_msgs_generate_messages_nodejs
[ 80%] Built target ds_sensor_msgs_generate_messages_lisp
[100%] Built target ds_sensor_msgs_generate_messages_cpp
[100%] Built target ds_sensor_msgs_generate_messages
