[35m[1mScanning dependencies of target actionlib_msgs_generate_messages_lisp[0m
[  0%] Built target actionlib_msgs_generate_messages_lisp
[  9%] [34m[1mRunning cpp protocol buffer compiler on /usr/include/gazebo-11/gazebo/msgs/proto/vector3d.proto[0m
[ 18%] [34m[1mRunning cpp protocol buffer compiler on msgs/StratifiedCurrentVelocity.proto[0m
StratifiedCurrentVelocity.proto: warning: Import any.proto but not used.
[35m[1mScanning dependencies of target dave_gazebo_world_plugins_msgs[0m
[ 27%] [32mBuilding CXX object CMakeFiles/dave_gazebo_world_plugins_msgs.dir/StratifiedCurrentVelocity.pb.cc.o[0m
[ 36%] [32mBuilding CXX object CMakeFiles/dave_gazebo_world_plugins_msgs.dir/vector3d.pb.cc.o[0m
[ 45%] [32m[1mLinking CXX shared library /home/constance/uuv_ws/devel/.private/dave_gazebo_world_plugins/lib/libdave_gazebo_world_plugins_msgs.so[0m
[ 45%] Built target dave_gazebo_world_plugins_msgs
[35m[1mScanning dependencies of target dynamic_reconfigure_gencfg[0m
[ 45%] Built target dynamic_reconfigure_gencfg
[35m[1mScanning dependencies of target dynamic_reconfigure_generate_messages_cpp[0m
[ 45%] Built target dynamic_reconfigure_generate_messages_cpp
[35m[1mScanning dependencies of target tf2_msgs_generate_messages_nodejs[0m
[ 45%] Built target tf2_msgs_generate_messages_nodejs
[35m[1mScanning dependencies of target tf2_msgs_generate_messages_lisp[0m
[ 45%] Built target tf2_msgs_generate_messages_lisp
[35m[1mScanning dependencies of target dynamic_reconfigure_generate_messages_lisp[0m
[ 45%] Built target dynamic_reconfigure_generate_messages_lisp
[35m[1mScanning dependencies of target tf2_msgs_generate_messages_cpp[0m
[ 45%] Built target tf2_msgs_generate_messages_cpp
[35m[1mScanning dependencies of target actionlib_msgs_generate_messages_py[0m
[ 45%] Built target actionlib_msgs_generate_messages_py
[35m[1mScanning dependencies of target roscpp_generate_messages_cpp[0m
[ 45%] Built target roscpp_generate_messages_cpp
[35m[1mScanning dependencies of target sensor_msgs_generate_messages_nodejs[0m
[ 45%] Built target sensor_msgs_generate_messages_nodejs
[35m[1mScanning dependencies of target sensor_msgs_generate_messages_eus[0m
[ 45%] Built target sensor_msgs_generate_messages_eus
[35m[1mScanning dependencies of target sensor_msgs_generate_messages_lisp[0m
[ 45%] Built target sensor_msgs_generate_messages_lisp
[35m[1mScanning dependencies of target tf2_msgs_generate_messages_eus[0m
[ 45%] Built target tf2_msgs_generate_messages_eus
[35m[1mScanning dependencies of target sensor_msgs_generate_messages_py[0m
[ 45%] Built target sensor_msgs_generate_messages_py
[35m[1mScanning dependencies of target geometry_msgs_generate_messages_eus[0m
[ 45%] Built target geometry_msgs_generate_messages_eus
[35m[1mScanning dependencies of target std_msgs_generate_messages_nodejs[0m
[ 45%] Built target std_msgs_generate_messages_nodejs
[35m[1mScanning dependencies of target geometry_msgs_generate_messages_cpp[0m
[ 45%] Built target geometry_msgs_generate_messages_cpp
[35m[1mScanning dependencies of target trajectory_msgs_generate_messages_lisp[0m
[ 45%] Built target trajectory_msgs_generate_messages_lisp
[35m[1mScanning dependencies of target gazebo_msgs_generate_messages_nodejs[0m
[ 45%] Built target gazebo_msgs_generate_messages_nodejs
[35m[1mScanning dependencies of target trajectory_msgs_generate_messages_nodejs[0m
[ 45%] Built target trajectory_msgs_generate_messages_nodejs
[35m[1mScanning dependencies of target actionlib_generate_messages_nodejs[0m
[ 45%] Built target actionlib_generate_messages_nodejs
[35m[1mScanning dependencies of target sensor_msgs_generate_messages_cpp[0m
[ 45%] Built target sensor_msgs_generate_messages_cpp
[35m[1mScanning dependencies of target std_msgs_generate_messages_py[0m
[ 45%] Built target std_msgs_generate_messages_py
[35m[1mScanning dependencies of target roscpp_generate_messages_lisp[0m
[ 45%] Built target roscpp_generate_messages_lisp
[35m[1mScanning dependencies of target actionlib_generate_messages_lisp[0m
[ 45%] Built target actionlib_generate_messages_lisp
[35m[1mScanning dependencies of target gazebo_msgs_generate_messages_cpp[0m
[ 45%] Built target gazebo_msgs_generate_messages_cpp
[35m[1mScanning dependencies of target tf_generate_messages_nodejs[0m
[ 45%] Built target tf_generate_messages_nodejs
[35m[1mScanning dependencies of target dynamic_reconfigure_generate_messages_py[0m
[ 45%] Built target dynamic_reconfigure_generate_messages_py
[35m[1mScanning dependencies of target actionlib_msgs_generate_messages_eus[0m
[ 45%] Built target actionlib_msgs_generate_messages_eus
[35m[1mScanning dependencies of target rosgraph_msgs_generate_messages_py[0m
[ 45%] Built target rosgraph_msgs_generate_messages_py
[35m[1mScanning dependencies of target gazebo_msgs_generate_messages_py[0m
[ 45%] Built target gazebo_msgs_generate_messages_py
[35m[1mScanning dependencies of target std_msgs_generate_messages_cpp[0m
[ 45%] Built target std_msgs_generate_messages_cpp
[35m[1mScanning dependencies of target rosgraph_msgs_generate_messages_lisp[0m
[ 45%] Built target rosgraph_msgs_generate_messages_lisp
[35m[1mScanning dependencies of target tf_generate_messages_eus[0m
[ 45%] Built target tf_generate_messages_eus
[35m[1mScanning dependencies of target trajectory_msgs_generate_messages_cpp[0m
[ 45%] Built target trajectory_msgs_generate_messages_cpp
[35m[1mScanning dependencies of target actionlib_generate_messages_py[0m
[ 45%] Built target actionlib_generate_messages_py
[35m[1mScanning dependencies of target dynamic_reconfigure_generate_messages_eus[0m
[ 45%] Built target dynamic_reconfigure_generate_messages_eus
[35m[1mScanning dependencies of target geometry_msgs_generate_messages_nodejs[0m
[ 45%] Built target geometry_msgs_generate_messages_nodejs
[35m[1mScanning dependencies of target gazebo_msgs_generate_messages_eus[0m
[ 45%] Built target gazebo_msgs_generate_messages_eus
[35m[1mScanning dependencies of target geometry_msgs_generate_messages_lisp[0m
[ 45%] Built target geometry_msgs_generate_messages_lisp
[35m[1mScanning dependencies of target tf_generate_messages_cpp[0m
[35m[1mScanning dependencies of target std_srvs_generate_messages_cpp[0m
[ 45%] Built target tf_generate_messages_cpp
[ 45%] Built target std_srvs_generate_messages_cpp
[35m[1mScanning dependencies of target std_srvs_generate_messages_nodejs[0m
[35m[1mScanning dependencies of target dynamic_reconfigure_generate_messages_nodejs[0m
[ 45%] Built target std_srvs_generate_messages_nodejs
[ 45%] Built target dynamic_reconfigure_generate_messages_nodejs
[35m[1mScanning dependencies of target tf2_msgs_generate_messages_py[0m
[ 45%] Built target tf2_msgs_generate_messages_py
[35m[1mScanning dependencies of target gazebo_msgs_generate_messages_lisp[0m
[ 45%] Built target gazebo_msgs_generate_messages_lisp
[35m[1mScanning dependencies of target std_msgs_generate_messages_lisp[0m
[ 45%] Built target std_msgs_generate_messages_lisp
[35m[1mScanning dependencies of target std_srvs_generate_messages_eus[0m
[ 45%] Built target std_srvs_generate_messages_eus
[35m[1mScanning dependencies of target std_srvs_generate_messages_lisp[0m
[35m[1mScanning dependencies of target rosgraph_msgs_generate_messages_eus[0m
[ 45%] Built target std_srvs_generate_messages_lisp
[ 45%] Built target rosgraph_msgs_generate_messages_eus
[35m[1mScanning dependencies of target std_srvs_generate_messages_py[0m
[35m[1mScanning dependencies of target geometry_msgs_generate_messages_py[0m
[ 45%] Built target std_srvs_generate_messages_py
[ 45%] Built target geometry_msgs_generate_messages_py
[35m[1mScanning dependencies of target gazebo_ros_gencfg[0m
[35m[1mScanning dependencies of target roscpp_generate_messages_eus[0m
[ 45%] Built target gazebo_ros_gencfg
[ 45%] Built target roscpp_generate_messages_eus
[35m[1mScanning dependencies of target roscpp_generate_messages_nodejs[0m
[ 45%] Built target roscpp_generate_messages_nodejs
[35m[1mScanning dependencies of target trajectory_msgs_generate_messages_eus[0m
[35m[1mScanning dependencies of target roscpp_generate_messages_py[0m
[ 45%] Built target trajectory_msgs_generate_messages_eus
[ 45%] Built target roscpp_generate_messages_py
[35m[1mScanning dependencies of target rosgraph_msgs_generate_messages_nodejs[0m
[35m[1mScanning dependencies of target actionlib_generate_messages_cpp[0m
[ 45%] Built target rosgraph_msgs_generate_messages_nodejs
[ 45%] Built target actionlib_generate_messages_cpp
[35m[1mScanning dependencies of target tf_generate_messages_lisp[0m
[35m[1mScanning dependencies of target trajectory_msgs_generate_messages_py[0m
[ 45%] Built target tf_generate_messages_lisp
[ 45%] Built target trajectory_msgs_generate_messages_py
[35m[1mScanning dependencies of target rosgraph_msgs_generate_messages_cpp[0m
[35m[1mScanning dependencies of target actionlib_generate_messages_eus[0m
[ 45%] Built target rosgraph_msgs_generate_messages_cpp
[ 45%] Built target actionlib_generate_messages_eus
[35m[1mScanning dependencies of target actionlib_msgs_generate_messages_cpp[0m
[35m[1mScanning dependencies of target actionlib_msgs_generate_messages_nodejs[0m
[ 45%] Built target actionlib_msgs_generate_messages_cpp
[ 45%] Built target actionlib_msgs_generate_messages_nodejs
[35m[1mScanning dependencies of target std_msgs_generate_messages_eus[0m
[35m[1mScanning dependencies of target tf_generate_messages_py[0m
[ 45%] Built target std_msgs_generate_messages_eus
[ 45%] Built target tf_generate_messages_py
[35m[1mScanning dependencies of target dave_bathymetry_world_plugin[0m
[35m[1mScanning dependencies of target dave_ocean_current_world_plugin[0m
[ 54%] [32mBuilding CXX object CMakeFiles/dave_ocean_current_world_plugin.dir/src/ocean_current_world_plugin.cc.o[0m
[ 63%] [32mBuilding CXX object CMakeFiles/dave_bathymetry_world_plugin.dir/src/bathymetry_world_plugin.cc.o[0m
[ 72%] [32mBuilding CXX object CMakeFiles/dave_ocean_current_world_plugin.dir/src/gauss_markov_process.cc.o[0m
[ 81%] [32mBuilding CXX object CMakeFiles/dave_ocean_current_world_plugin.dir/src/tidal_oscillation.cc.o[0m
[ 90%] [32m[1mLinking CXX shared library /home/constance/uuv_ws/devel/.private/dave_gazebo_world_plugins/lib/libdave_bathymetry_world_plugin.so[0m
[ 90%] Built target dave_bathymetry_world_plugin
[100%] [32m[1mLinking CXX shared library /home/constance/uuv_ws/devel/.private/dave_gazebo_world_plugins/lib/libdave_ocean_current_world_plugin.so[0m
[100%] Built target dave_ocean_current_world_plugin
