[  0%] Built target actionlib_msgs_generate_messages_lisp
[ 45%] Built target dave_gazebo_world_plugins_msgs
[ 45%] Built target dynamic_reconfigure_gencfg
[ 45%] Built target dynamic_reconfigure_generate_messages_cpp
[ 45%] Built target tf2_msgs_generate_messages_nodejs
[ 45%] Built target tf2_msgs_generate_messages_lisp
[ 45%] Built target dynamic_reconfigure_generate_messages_lisp
[ 45%] Built target tf2_msgs_generate_messages_cpp
[ 45%] Built target actionlib_msgs_generate_messages_py
[ 45%] Built target roscpp_generate_messages_cpp
[ 45%] Built target sensor_msgs_generate_messages_nodejs
[ 45%] Built target sensor_msgs_generate_messages_eus
[ 45%] Built target sensor_msgs_generate_messages_lisp
[ 45%] Built target tf2_msgs_generate_messages_eus
[ 45%] Built target sensor_msgs_generate_messages_py
[ 45%] Built target geometry_msgs_generate_messages_eus
[ 45%] Built target std_msgs_generate_messages_nodejs
[ 45%] Built target geometry_msgs_generate_messages_cpp
[ 45%] Built target trajectory_msgs_generate_messages_lisp
[ 45%] Built target gazebo_msgs_generate_messages_nodejs
[ 45%] Built target trajectory_msgs_generate_messages_nodejs
[ 45%] Built target actionlib_generate_messages_nodejs
[ 45%] Built target sensor_msgs_generate_messages_cpp
[ 45%] Built target std_msgs_generate_messages_py
[ 45%] Built target roscpp_generate_messages_lisp
[ 45%] Built target actionlib_generate_messages_lisp
[ 45%] Built target gazebo_msgs_generate_messages_cpp
[ 45%] Built target tf_generate_messages_nodejs
[ 45%] Built target dynamic_reconfigure_generate_messages_py
[ 45%] Built target actionlib_msgs_generate_messages_eus
[ 45%] Built target rosgraph_msgs_generate_messages_py
[ 45%] Built target gazebo_msgs_generate_messages_py
[ 45%] Built target std_msgs_generate_messages_cpp
[ 45%] Built target rosgraph_msgs_generate_messages_lisp
[ 45%] Built target tf_generate_messages_eus
[ 45%] Built target trajectory_msgs_generate_messages_cpp
[ 45%] Built target actionlib_generate_messages_py
[ 45%] Built target dynamic_reconfigure_generate_messages_eus
[ 45%] Built target geometry_msgs_generate_messages_nodejs
[ 45%] Built target gazebo_msgs_generate_messages_eus
[ 45%] Built target geometry_msgs_generate_messages_lisp
[ 45%] Built target tf_generate_messages_cpp
[ 45%] Built target std_srvs_generate_messages_cpp
[ 45%] Built target std_srvs_generate_messages_nodejs
[ 45%] Built target dynamic_reconfigure_generate_messages_nodejs
[ 45%] Built target tf2_msgs_generate_messages_py
[ 45%] Built target gazebo_msgs_generate_messages_lisp
[ 45%] Built target std_msgs_generate_messages_lisp
[ 45%] Built target std_srvs_generate_messages_eus
[ 45%] Built target std_srvs_generate_messages_lisp
[ 45%] Built target rosgraph_msgs_generate_messages_eus
[ 45%] Built target std_srvs_generate_messages_py
[ 45%] Built target geometry_msgs_generate_messages_py
[ 45%] Built target gazebo_ros_gencfg
[ 45%] Built target roscpp_generate_messages_eus
[ 45%] Built target roscpp_generate_messages_nodejs
[ 45%] Built target trajectory_msgs_generate_messages_eus
[ 45%] Built target roscpp_generate_messages_py
[ 45%] Built target rosgraph_msgs_generate_messages_nodejs
[ 45%] Built target actionlib_generate_messages_cpp
[ 45%] Built target tf_generate_messages_lisp
[ 45%] Built target trajectory_msgs_generate_messages_py
[ 45%] Built target rosgraph_msgs_generate_messages_cpp
[ 45%] Built target actionlib_generate_messages_eus
[ 45%] Built target actionlib_msgs_generate_messages_cpp
[ 45%] Built target actionlib_msgs_generate_messages_nodejs
[ 45%] Built target std_msgs_generate_messages_eus
[ 45%] Built target tf_generate_messages_py
[ 81%] Built target dave_ocean_current_world_plugin
[100%] Built target dave_bathymetry_world_plugin
[36mInstall the project...[0m
-- Install configuration: ""
-- Installing: /home/constance/uuv_ws/install/_setup_util.py
-- Installing: /home/constance/uuv_ws/install/env.sh
-- Installing: /home/constance/uuv_ws/install/setup.bash
-- Installing: /home/constance/uuv_ws/install/local_setup.bash
-- Installing: /home/constance/uuv_ws/install/setup.sh
-- Installing: /home/constance/uuv_ws/install/local_setup.sh
-- Installing: /home/constance/uuv_ws/install/setup.zsh
-- Installing: /home/constance/uuv_ws/install/local_setup.zsh
-- Installing: /home/constance/uuv_ws/install/.rosinstall
-- Up-to-date: /home/constance/uuv_ws/install/lib/pkgconfig/dave_gazebo_world_plugins.pc
-- Up-to-date: /home/constance/uuv_ws/install/share/dave_gazebo_world_plugins/cmake/dave_gazebo_world_pluginsConfig.cmake
-- Up-to-date: /home/constance/uuv_ws/install/share/dave_gazebo_world_plugins/cmake/dave_gazebo_world_pluginsConfig-version.cmake
-- Up-to-date: /home/constance/uuv_ws/install/share/dave_gazebo_world_plugins/package.xml
-- Up-to-date: /home/constance/uuv_ws/install/lib/libdave_gazebo_world_plugins_msgs.so
-- Up-to-date: /home/constance/uuv_ws/install/lib/libdave_ocean_current_world_plugin.so
-- Up-to-date: /home/constance/uuv_ws/install/lib/libdave_bathymetry_world_plugin.so
-- Up-to-date: /home/constance/uuv_ws/install/include/dave_gazebo_world_plugins
-- Up-to-date: /home/constance/uuv_ws/install/include/dave_gazebo_world_plugins/gauss_markov_process.h
-- Up-to-date: /home/constance/uuv_ws/install/include/dave_gazebo_world_plugins/tidal_oscillation.h
-- Up-to-date: /home/constance/uuv_ws/install/include/dave_gazebo_world_plugins/ocean_current_world_plugin.h
-- Up-to-date: /home/constance/uuv_ws/install/include
-- Up-to-date: /home/constance/uuv_ws/install/include/dave_gazebo_world_plugins
-- Up-to-date: /home/constance/uuv_ws/install/include/dave_gazebo_world_plugins
-- Up-to-date: /home/constance/uuv_ws/install/include/dave_gazebo_world_plugins/msgs
-- Up-to-date: /home/constance/uuv_ws/install/include/dave_gazebo_world_plugins/catkin_generated
-- Up-to-date: /home/constance/uuv_ws/install/include/dave_gazebo_world_plugins/catkin_generated/installspace
-- Up-to-date: /home/constance/uuv_ws/install/include/dave_gazebo_world_plugins/catkin_generated/stamps
-- Up-to-date: /home/constance/uuv_ws/install/include/dave_gazebo_world_plugins/catkin_generated/stamps/dave_gazebo_world_plugins
-- Up-to-date: /home/constance/uuv_ws/install/include/dave_gazebo_world_plugins/bin
-- Up-to-date: /home/constance/uuv_ws/install/include/dave_gazebo_world_plugins/test_results
-- Up-to-date: /home/constance/uuv_ws/install/include/dave_gazebo_world_plugins/vector3d.pb.h
-- Up-to-date: /home/constance/uuv_ws/install/include/dave_gazebo_world_plugins/gtest
-- Up-to-date: /home/constance/uuv_ws/install/include/dave_gazebo_world_plugins/gtest/googlemock
-- Up-to-date: /home/constance/uuv_ws/install/include/dave_gazebo_world_plugins/gtest/googlemock/CMakeFiles
-- Up-to-date: /home/constance/uuv_ws/install/include/dave_gazebo_world_plugins/gtest/googlemock/CMakeFiles/gmock.dir
-- Up-to-date: /home/constance/uuv_ws/install/include/dave_gazebo_world_plugins/gtest/googlemock/CMakeFiles/gmock.dir/src
-- Up-to-date: /home/constance/uuv_ws/install/include/dave_gazebo_world_plugins/gtest/googlemock/CMakeFiles/gmock_main.dir
-- Up-to-date: /home/constance/uuv_ws/install/include/dave_gazebo_world_plugins/gtest/googlemock/CMakeFiles/gmock_main.dir/src
-- Up-to-date: /home/constance/uuv_ws/install/include/dave_gazebo_world_plugins/gtest/googletest
-- Up-to-date: /home/constance/uuv_ws/install/include/dave_gazebo_world_plugins/gtest/googletest/CMakeFiles
-- Up-to-date: /home/constance/uuv_ws/install/include/dave_gazebo_world_plugins/gtest/googletest/CMakeFiles/gtest.dir
-- Up-to-date: /home/constance/uuv_ws/install/include/dave_gazebo_world_plugins/gtest/googletest/CMakeFiles/gtest.dir/src
-- Up-to-date: /home/constance/uuv_ws/install/include/dave_gazebo_world_plugins/gtest/googletest/CMakeFiles/gtest_main.dir
-- Up-to-date: /home/constance/uuv_ws/install/include/dave_gazebo_world_plugins/gtest/googletest/CMakeFiles/gtest_main.dir/src
-- Up-to-date: /home/constance/uuv_ws/install/include/dave_gazebo_world_plugins/gtest/CMakeFiles
-- Up-to-date: /home/constance/uuv_ws/install/include/dave_gazebo_world_plugins/gtest/lib
-- Up-to-date: /home/constance/uuv_ws/install/include/dave_gazebo_world_plugins/catkin
-- Up-to-date: /home/constance/uuv_ws/install/include/dave_gazebo_world_plugins/catkin/catkin_generated
-- Up-to-date: /home/constance/uuv_ws/install/include/dave_gazebo_world_plugins/catkin/catkin_generated/version
-- Up-to-date: /home/constance/uuv_ws/install/include/dave_gazebo_world_plugins/atomic_configure
-- Up-to-date: /home/constance/uuv_ws/install/include/dave_gazebo_world_plugins/CMakeFiles
-- Up-to-date: /home/constance/uuv_ws/install/include/dave_gazebo_world_plugins/CMakeFiles/geometry_msgs_generate_messages_lisp.dir
-- Up-to-date: /home/constance/uuv_ws/install/include/dave_gazebo_world_plugins/CMakeFiles/roscpp_generate_messages_lisp.dir
-- Up-to-date: /home/constance/uuv_ws/install/include/dave_gazebo_world_plugins/CMakeFiles/tf2_msgs_generate_messages_nodejs.dir
-- Up-to-date: /home/constance/uuv_ws/install/include/dave_gazebo_world_plugins/CMakeFiles/actionlib_msgs_generate_messages_eus.dir
-- Up-to-date: /home/constance/uuv_ws/install/include/dave_gazebo_world_plugins/CMakeFiles/sensor_msgs_generate_messages_nodejs.dir
-- Up-to-date: /home/constance/uuv_ws/install/include/dave_gazebo_world_plugins/CMakeFiles/gazebo_msgs_generate_messages_nodejs.dir
-- Up-to-date: /home/constance/uuv_ws/install/include/dave_gazebo_world_plugins/CMakeFiles/sensor_msgs_generate_messages_lisp.dir
-- Up-to-date: /home/constance/uuv_ws/install/include/dave_gazebo_world_plugins/CMakeFiles/roscpp_generate_messages_cpp.dir
-- Up-to-date: /home/constance/uuv_ws/install/include/dave_gazebo_world_plugins/CMakeFiles/actionlib_generate_messages_lisp.dir
-- Up-to-date: /home/constance/uuv_ws/install/include/dave_gazebo_world_plugins/CMakeFiles/trajectory_msgs_generate_messages_eus.dir
-- Up-to-date: /home/constance/uuv_ws/install/include/dave_gazebo_world_plugins/CMakeFiles/trajectory_msgs_generate_messages_py.dir
-- Up-to-date: /home/constance/uuv_ws/install/include/dave_gazebo_world_plugins/CMakeFiles/tf2_msgs_generate_messages_cpp.dir
-- Up-to-date: /home/constance/uuv_ws/install/include/dave_gazebo_world_plugins/CMakeFiles/dave_ocean_current_world_plugin.dir
-- Up-to-date: /home/constance/uuv_ws/install/include/dave_gazebo_world_plugins/CMakeFiles/dave_ocean_current_world_plugin.dir/src
-- Up-to-date: /home/constance/uuv_ws/install/include/dave_gazebo_world_plugins/CMakeFiles/std_msgs_generate_messages_py.dir
-- Up-to-date: /home/constance/uuv_ws/install/include/dave_gazebo_world_plugins/CMakeFiles/tf_generate_messages_eus.dir
-- Up-to-date: /home/constance/uuv_ws/install/include/dave_gazebo_world_plugins/CMakeFiles/std_msgs_generate_messages_nodejs.dir
-- Up-to-date: /home/constance/uuv_ws/install/include/dave_gazebo_world_plugins/CMakeFiles/dynamic_reconfigure_generate_messages_py.dir
-- Up-to-date: /home/constance/uuv_ws/install/include/dave_gazebo_world_plugins/CMakeFiles/std_srvs_generate_messages_cpp.dir
-- Up-to-date: /home/constance/uuv_ws/install/include/dave_gazebo_world_plugins/CMakeFiles/trajectory_msgs_generate_messages_nodejs.dir
-- Up-to-date: /home/constance/uuv_ws/install/include/dave_gazebo_world_plugins/CMakeFiles/roscpp_generate_messages_py.dir
-- Up-to-date: /home/constance/uuv_ws/install/include/dave_gazebo_world_plugins/CMakeFiles/gazebo_ros_gencfg.dir
-- Up-to-date: /home/constance/uuv_ws/install/include/dave_gazebo_world_plugins/CMakeFiles/std_msgs_generate_messages_cpp.dir
-- Up-to-date: /home/constance/uuv_ws/install/include/dave_gazebo_world_plugins/CMakeFiles/tf2_msgs_generate_messages_py.dir
-- Up-to-date: /home/constance/uuv_ws/install/include/dave_gazebo_world_plugins/CMakeFiles/download_extra_data.dir
-- Up-to-date: /home/constance/uuv_ws/install/include/dave_gazebo_world_plugins/CMakeFiles/actionlib_generate_messages_nodejs.dir
-- Up-to-date: /home/constance/uuv_ws/install/include/dave_gazebo_world_plugins/CMakeFiles/geometry_msgs_generate_messages_py.dir
-- Up-to-date: /home/constance/uuv_ws/install/include/dave_gazebo_world_plugins/CMakeFiles/std_srvs_generate_messages_lisp.dir
-- Up-to-date: /home/constance/uuv_ws/install/include/dave_gazebo_world_plugins/CMakeFiles/trajectory_msgs_generate_messages_lisp.dir
-- Up-to-date: /home/constance/uuv_ws/install/include/dave_gazebo_world_plugins/CMakeFiles/tests.dir
-- Up-to-date: /home/constance/uuv_ws/install/include/dave_gazebo_world_plugins/CMakeFiles/actionlib_msgs_generate_messages_nodejs.dir
-- Up-to-date: /home/constance/uuv_ws/install/include/dave_gazebo_world_plugins/CMakeFiles/gazebo_msgs_generate_messages_cpp.dir
-- Up-to-date: /home/constance/uuv_ws/install/include/dave_gazebo_world_plugins/CMakeFiles/dave_gazebo_world_plugins_msgs.dir
-- Up-to-date: /home/constance/uuv_ws/install/include/dave_gazebo_world_plugins/CMakeFiles/dave_gazebo_world_plugins_msgs.dir/vector3d.pb.cc.o
-- Up-to-date: /home/constance/uuv_ws/install/include/dave_gazebo_world_plugins/CMakeFiles/dave_gazebo_world_plugins_msgs.dir/StratifiedCurrentVelocity.pb.cc.o
-- Up-to-date: /home/constance/uuv_ws/install/include/dave_gazebo_world_plugins/CMakeFiles/rosgraph_msgs_generate_messages_py.dir
-- Up-to-date: /home/constance/uuv_ws/install/include/dave_gazebo_world_plugins/CMakeFiles/rosgraph_msgs_generate_messages_lisp.dir
-- Up-to-date: /home/constance/uuv_ws/install/include/dave_gazebo_world_plugins/CMakeFiles/tf_generate_messages_py.dir
-- Up-to-date: /home/constance/uuv_ws/install/include/dave_gazebo_world_plugins/CMakeFiles/dave_bathymetry_world_plugin.dir
-- Up-to-date: /home/constance/uuv_ws/install/include/dave_gazebo_world_plugins/CMakeFiles/dave_bathymetry_world_plugin.dir/src
-- Up-to-date: /home/constance/uuv_ws/install/include/dave_gazebo_world_plugins/CMakeFiles/gazebo_msgs_generate_messages_py.dir
-- Up-to-date: /home/constance/uuv_ws/install/include/dave_gazebo_world_plugins/CMakeFiles/actionlib_generate_messages_py.dir
-- Up-to-date: /home/constance/uuv_ws/install/include/dave_gazebo_world_plugins/CMakeFiles/std_srvs_generate_messages_py.dir
-- Up-to-date: /home/constance/uuv_ws/install/include/dave_gazebo_world_plugins/CMakeFiles/tf_generate_messages_cpp.dir
-- Up-to-date: /home/constance/uuv_ws/install/include/dave_gazebo_world_plugins/CMakeFiles/sensor_msgs_generate_messages_py.dir
-- Up-to-date: /home/constance/uuv_ws/install/include/dave_gazebo_world_plugins/CMakeFiles/geometry_msgs_generate_messages_eus.dir
-- Up-to-date: /home/constance/uuv_ws/install/include/dave_gazebo_world_plugins/CMakeFiles/actionlib_msgs_generate_messages_cpp.dir
-- Up-to-date: /home/constance/uuv_ws/install/include/dave_gazebo_world_plugins/CMakeFiles/rosgraph_msgs_generate_messages_eus.dir
-- Up-to-date: /home/constance/uuv_ws/install/include/dave_gazebo_world_plugins/CMakeFiles/actionlib_generate_messages_cpp.dir
-- Up-to-date: /home/constance/uuv_ws/install/include/dave_gazebo_world_plugins/CMakeFiles/trajectory_msgs_generate_messages_cpp.dir
-- Up-to-date: /home/constance/uuv_ws/install/include/dave_gazebo_world_plugins/CMakeFiles/tf2_msgs_generate_messages_eus.dir
-- Up-to-date: /home/constance/uuv_ws/install/include/dave_gazebo_world_plugins/CMakeFiles/std_srvs_generate_messages_nodejs.dir
-- Up-to-date: /home/constance/uuv_ws/install/include/dave_gazebo_world_plugins/CMakeFiles/actionlib_msgs_generate_messages_py.dir
-- Up-to-date: /home/constance/uuv_ws/install/include/dave_gazebo_world_plugins/CMakeFiles/gazebo_msgs_generate_messages_eus.dir
-- Up-to-date: /home/constance/uuv_ws/install/include/dave_gazebo_world_plugins/CMakeFiles/std_msgs_generate_messages_eus.dir
-- Up-to-date: /home/constance/uuv_ws/install/include/dave_gazebo_world_plugins/CMakeFiles/geometry_msgs_generate_messages_nodejs.dir
-- Up-to-date: /home/constance/uuv_ws/install/include/dave_gazebo_world_plugins/CMakeFiles/dynamic_reconfigure_generate_messages_eus.dir
-- Up-to-date: /home/constance/uuv_ws/install/include/dave_gazebo_world_plugins/CMakeFiles/sensor_msgs_generate_messages_cpp.dir
-- Up-to-date: /home/constance/uuv_ws/install/include/dave_gazebo_world_plugins/CMakeFiles/rosgraph_msgs_generate_messages_nodejs.dir
-- Up-to-date: /home/constance/uuv_ws/install/include/dave_gazebo_world_plugins/CMakeFiles/tf_generate_messages_nodejs.dir
-- Up-to-date: /home/constance/uuv_ws/install/include/dave_gazebo_world_plugins/CMakeFiles/doxygen.dir
-- Up-to-date: /home/constance/uuv_ws/install/include/dave_gazebo_world_plugins/CMakeFiles/rosgraph_msgs_generate_messages_cpp.dir
-- Up-to-date: /home/constance/uuv_ws/install/include/dave_gazebo_world_plugins/CMakeFiles/clean_test_results.dir
-- Up-to-date: /home/constance/uuv_ws/install/include/dave_gazebo_world_plugins/CMakeFiles/geometry_msgs_generate_messages_cpp.dir
-- Up-to-date: /home/constance/uuv_ws/install/include/dave_gazebo_world_plugins/CMakeFiles/tf_generate_messages_lisp.dir
-- Up-to-date: /home/constance/uuv_ws/install/include/dave_gazebo_world_plugins/CMakeFiles/sensor_msgs_generate_messages_eus.dir
-- Up-to-date: /home/constance/uuv_ws/install/include/dave_gazebo_world_plugins/CMakeFiles/3.16.3
-- Up-to-date: /home/constance/uuv_ws/install/include/dave_gazebo_world_plugins/CMakeFiles/3.16.3/CompilerIdCXX
-- Up-to-date: /home/constance/uuv_ws/install/include/dave_gazebo_world_plugins/CMakeFiles/3.16.3/CompilerIdCXX/tmp
-- Up-to-date: /home/constance/uuv_ws/install/include/dave_gazebo_world_plugins/CMakeFiles/3.16.3/CompilerIdC
-- Up-to-date: /home/constance/uuv_ws/install/include/dave_gazebo_world_plugins/CMakeFiles/3.16.3/CompilerIdC/tmp
-- Up-to-date: /home/constance/uuv_ws/install/include/dave_gazebo_world_plugins/CMakeFiles/std_srvs_generate_messages_eus.dir
-- Up-to-date: /home/constance/uuv_ws/install/include/dave_gazebo_world_plugins/CMakeFiles/roscpp_generate_messages_nodejs.dir
-- Up-to-date: /home/constance/uuv_ws/install/include/dave_gazebo_world_plugins/CMakeFiles/roscpp_generate_messages_eus.dir
-- Up-to-date: /home/constance/uuv_ws/install/include/dave_gazebo_world_plugins/CMakeFiles/actionlib_msgs_generate_messages_lisp.dir
-- Up-to-date: /home/constance/uuv_ws/install/include/dave_gazebo_world_plugins/CMakeFiles/dynamic_reconfigure_generate_messages_cpp.dir
-- Up-to-date: /home/constance/uuv_ws/install/include/dave_gazebo_world_plugins/CMakeFiles/std_msgs_generate_messages_lisp.dir
-- Up-to-date: /home/constance/uuv_ws/install/include/dave_gazebo_world_plugins/CMakeFiles/run_tests.dir
-- Up-to-date: /home/constance/uuv_ws/install/include/dave_gazebo_world_plugins/CMakeFiles/dynamic_reconfigure_gencfg.dir
-- Up-to-date: /home/constance/uuv_ws/install/include/dave_gazebo_world_plugins/CMakeFiles/dynamic_reconfigure_generate_messages_nodejs.dir
-- Up-to-date: /home/constance/uuv_ws/install/include/dave_gazebo_world_plugins/CMakeFiles/CMakeTmp
-- Up-to-date: /home/constance/uuv_ws/install/include/dave_gazebo_world_plugins/CMakeFiles/actionlib_generate_messages_eus.dir
-- Up-to-date: /home/constance/uuv_ws/install/include/dave_gazebo_world_plugins/CMakeFiles/tf2_msgs_generate_messages_lisp.dir
-- Up-to-date: /home/constance/uuv_ws/install/include/dave_gazebo_world_plugins/CMakeFiles/gazebo_msgs_generate_messages_lisp.dir
-- Up-to-date: /home/constance/uuv_ws/install/include/dave_gazebo_world_plugins/CMakeFiles/dynamic_reconfigure_generate_messages_lisp.dir
-- Up-to-date: /home/constance/uuv_ws/install/include/dave_gazebo_world_plugins/StratifiedCurrentVelocity.pb.cc
-- Up-to-date: /home/constance/uuv_ws/install/include/dave_gazebo_world_plugins/vector3d.pb.cc
-- Up-to-date: /home/constance/uuv_ws/install/include/dave_gazebo_world_plugins/StratifiedCurrentVelocity.pb.h
