[  0%] Built target actionlib_msgs_generate_messages_lisp
[  0%] Built target dynamic_reconfigure_generate_messages_cpp
[  0%] Built target dynamic_reconfigure_gencfg
[ 45%] Built target dave_gazebo_world_plugins_msgs
[ 45%] Built target tf2_msgs_generate_messages_nodejs
[ 45%] Built target tf2_msgs_generate_messages_lisp
[ 45%] Built target dynamic_reconfigure_generate_messages_lisp
[ 45%] Built target tf2_msgs_generate_messages_cpp
[ 45%] Built target roscpp_generate_messages_cpp
[ 45%] Built target sensor_msgs_generate_messages_nodejs
[ 45%] Built target actionlib_msgs_generate_messages_py
[ 45%] Built target sensor_msgs_generate_messages_lisp
[ 45%] Built target tf2_msgs_generate_messages_eus
[ 45%] Built target sensor_msgs_generate_messages_eus
[ 45%] Built target sensor_msgs_generate_messages_py
[ 45%] Built target geometry_msgs_generate_messages_eus
[ 45%] Built target trajectory_msgs_generate_messages_lisp
[ 45%] Built target std_msgs_generate_messages_nodejs
[ 45%] Built target geometry_msgs_generate_messages_cpp
[ 45%] Built target gazebo_msgs_generate_messages_nodejs
[ 45%] Built target actionlib_generate_messages_nodejs
[ 45%] Built target trajectory_msgs_generate_messages_nodejs
[ 45%] Built target sensor_msgs_generate_messages_cpp
[ 45%] Built target std_msgs_generate_messages_py
[ 45%] Built target roscpp_generate_messages_lisp
[ 45%] Built target actionlib_generate_messages_lisp
[ 45%] Built target gazebo_msgs_generate_messages_cpp
[ 45%] Built target tf_generate_messages_nodejs
[ 45%] Built target dynamic_reconfigure_generate_messages_py
[ 45%] Built target actionlib_msgs_generate_messages_eus
[ 45%] Built target rosgraph_msgs_generate_messages_py
[ 45%] Built target gazebo_msgs_generate_messages_py
[ 45%] Built target std_msgs_generate_messages_cpp
[ 45%] Built target rosgraph_msgs_generate_messages_lisp
[ 45%] Built target tf_generate_messages_eus
[ 45%] Built target trajectory_msgs_generate_messages_cpp
[ 45%] Built target actionlib_generate_messages_py
[ 45%] Built target geometry_msgs_generate_messages_nodejs
[ 45%] Built target dynamic_reconfigure_generate_messages_eus
[ 45%] Built target gazebo_msgs_generate_messages_eus
[ 45%] Built target geometry_msgs_generate_messages_lisp
[ 45%] Built target tf_generate_messages_cpp
[ 45%] Built target std_srvs_generate_messages_cpp
[ 45%] Built target std_srvs_generate_messages_nodejs
[ 45%] Built target dynamic_reconfigure_generate_messages_nodejs
[ 45%] Built target tf2_msgs_generate_messages_py
[ 45%] Built target gazebo_msgs_generate_messages_lisp
[ 45%] Built target std_msgs_generate_messages_lisp
[ 45%] Built target std_srvs_generate_messages_eus
[ 45%] Built target rosgraph_msgs_generate_messages_eus
[ 45%] Built target std_srvs_generate_messages_lisp
[ 45%] Built target std_srvs_generate_messages_py
[ 45%] Built target geometry_msgs_generate_messages_py
[ 45%] Built target gazebo_ros_gencfg
[ 45%] Built target roscpp_generate_messages_nodejs
[ 45%] Built target roscpp_generate_messages_eus
[ 45%] Built target trajectory_msgs_generate_messages_eus
[ 45%] Built target roscpp_generate_messages_py
[ 45%] Built target actionlib_generate_messages_cpp
[ 45%] Built target trajectory_msgs_generate_messages_py
[ 45%] Built target tf_generate_messages_lisp
[ 45%] Built target rosgraph_msgs_generate_messages_nodejs
[ 45%] Built target rosgraph_msgs_generate_messages_cpp
[ 45%] Built target actionlib_msgs_generate_messages_cpp
[ 45%] Built target actionlib_generate_messages_eus
[ 45%] Built target actionlib_msgs_generate_messages_nodejs
[ 45%] Built target std_msgs_generate_messages_eus
[ 45%] Built target tf_generate_messages_py
[ 63%] Built target dave_bathymetry_world_plugin
[100%] Built target dave_ocean_current_world_plugin
