[100%] Built target uuv_message_to_tf
[36mInstall the project...[0m
-- Install configuration: ""
-- Installing: /home/constance/uuv_ws/install/_setup_util.py
-- Installing: /home/constance/uuv_ws/install/env.sh
-- Installing: /home/constance/uuv_ws/install/setup.bash
-- Installing: /home/constance/uuv_ws/install/local_setup.bash
-- Installing: /home/constance/uuv_ws/install/setup.sh
-- Installing: /home/constance/uuv_ws/install/local_setup.sh
-- Installing: /home/constance/uuv_ws/install/setup.zsh
-- Installing: /home/constance/uuv_ws/install/local_setup.zsh
-- Installing: /home/constance/uuv_ws/install/.rosinstall
+ cd /home/constance/uuv_ws/src/uuv_simulator/uuv_assistants
+ mkdir -p /home/constance/uuv_ws/install/lib/python3/dist-packages
+ /usr/bin/env PYTHONPATH=/home/constance/uuv_ws/install/lib/python3/dist-packages:/home/constance/uuv_ws/build/uuv_assistants/lib/python3/dist-packages:/home/constance/uuv_ws/install/lib/python3/dist-packages:/opt/ros/noetic/lib/python3/dist-packages CATKIN_BINARY_DIR=/home/constance/uuv_ws/build/uuv_assistants /usr/bin/python3 /home/constance/uuv_ws/src/uuv_simulator/uuv_assistants/setup.py build --build-base /home/constance/uuv_ws/build/uuv_assistants install --root=/ --install-layout=deb --prefix=/home/constance/uuv_ws/install --install-scripts=/home/constance/uuv_ws/install/bin
running build
running build_py
running install
running install_lib
running install_egg_info
Removing /home/constance/uuv_ws/install/lib/python3/dist-packages/uuv_assistants-0.6.13.egg-info
Writing /home/constance/uuv_ws/install/lib/python3/dist-packages/uuv_assistants-0.6.13.egg-info
-- Up-to-date: /home/constance/uuv_ws/install/lib/pkgconfig/uuv_assistants.pc
-- Up-to-date: /home/constance/uuv_ws/install/share/uuv_assistants/cmake/uuv_assistantsConfig.cmake
-- Up-to-date: /home/constance/uuv_ws/install/share/uuv_assistants/cmake/uuv_assistantsConfig-version.cmake
-- Up-to-date: /home/constance/uuv_ws/install/share/uuv_assistants/package.xml
-- Up-to-date: /home/constance/uuv_ws/install/lib/uuv_assistants/publish_footprints.py
-- Up-to-date: /home/constance/uuv_ws/install/lib/uuv_assistants/set_simulation_timer.py
-- Up-to-date: /home/constance/uuv_ws/install/lib/uuv_assistants/publish_world_models.py
-- Up-to-date: /home/constance/uuv_ws/install/lib/uuv_assistants/publish_vehicle_footprint.py
-- Up-to-date: /home/constance/uuv_ws/install/lib/uuv_assistants/unpause_simulation.py
-- Up-to-date: /home/constance/uuv_ws/install/lib/uuv_assistants/create_new_robot_model
-- Up-to-date: /home/constance/uuv_ws/install/lib/uuv_assistants/create_thruster_manager_configuration
-- Up-to-date: /home/constance/uuv_ws/install/share/uuv_assistants/launch
-- Up-to-date: /home/constance/uuv_ws/install/share/uuv_assistants/launch/publish_world_ned_frame.launch
-- Up-to-date: /home/constance/uuv_ws/install/share/uuv_assistants/launch/publish_vehicle_footprint.launch
-- Up-to-date: /home/constance/uuv_ws/install/share/uuv_assistants/launch/publish_footprints.launch
-- Up-to-date: /home/constance/uuv_ws/install/share/uuv_assistants/launch/message_to_tf.launch
-- Up-to-date: /home/constance/uuv_ws/install/share/uuv_assistants/launch/set_simulation_timer.launch
-- Up-to-date: /home/constance/uuv_ws/install/share/uuv_assistants/launch/unpause_simulation.launch
-- Up-to-date: /home/constance/uuv_ws/install/share/uuv_assistants/launch/publish_body_sname.launch
-- Up-to-date: /home/constance/uuv_ws/install/lib/uuv_assistants/uuv_message_to_tf
