Linked: (/home/constance/uuv_ws/devel/.private/uuv_control_msgs/include/uuv_control_msgs/SetMBSMControllerParamsRequest.h, /home/constance/uuv_ws/devel/include/uuv_control_msgs/SetMBSMControllerParamsRequest.h)
Linked: (/home/constance/uuv_ws/devel/.private/uuv_control_msgs/include/uuv_control_msgs/GoTo.h, /home/constance/uuv_ws/devel/include/uuv_control_msgs/GoTo.h)
Linked: (/home/constance/uuv_ws/devel/.private/uuv_control_msgs/include/uuv_control_msgs/ClearWaypointsResponse.h, /home/constance/uuv_ws/devel/include/uuv_control_msgs/ClearWaypointsResponse.h)
Linked: (/home/constance/uuv_ws/devel/.private/uuv_control_msgs/include/uuv_control_msgs/GetSMControllerParamsRequest.h, /home/constance/uuv_ws/devel/include/uuv_control_msgs/GetSMControllerParamsRequest.h)
Linked: (/home/constance/uuv_ws/devel/.private/uuv_control_msgs/include/uuv_control_msgs/InitWaypointsFromFileResponse.h, /home/constance/uuv_ws/devel/include/uuv_control_msgs/InitWaypointsFromFileResponse.h)
Linked: (/home/constance/uuv_ws/devel/.private/uuv_control_msgs/include/uuv_control_msgs/GetPIDParamsRequest.h, /home/constance/uuv_ws/devel/include/uuv_control_msgs/GetPIDParamsRequest.h)
Linked: (/home/constance/uuv_ws/devel/.private/uuv_control_msgs/include/uuv_control_msgs/Trajectory.h, /home/constance/uuv_ws/devel/include/uuv_control_msgs/Trajectory.h)
Linked: (/home/constance/uuv_ws/devel/.private/uuv_control_msgs/include/uuv_control_msgs/SetSMControllerParams.h, /home/constance/uuv_ws/devel/include/uuv_control_msgs/SetSMControllerParams.h)
Linked: (/home/constance/uuv_ws/devel/.private/uuv_control_msgs/include/uuv_control_msgs/SwitchToManualRequest.h, /home/constance/uuv_ws/devel/include/uuv_control_msgs/SwitchToManualRequest.h)
Linked: (/home/constance/uuv_ws/devel/.private/uuv_control_msgs/include/uuv_control_msgs/HoldResponse.h, /home/constance/uuv_ws/devel/include/uuv_control_msgs/HoldResponse.h)
Linked: (/home/constance/uuv_ws/devel/.private/uuv_control_msgs/include/uuv_control_msgs/SetSMControllerParamsResponse.h, /home/constance/uuv_ws/devel/include/uuv_control_msgs/SetSMControllerParamsResponse.h)
Linked: (/home/constance/uuv_ws/devel/.private/uuv_control_msgs/include/uuv_control_msgs/ResetControllerRequest.h, /home/constance/uuv_ws/devel/include/uuv_control_msgs/ResetControllerRequest.h)
Linked: (/home/constance/uuv_ws/devel/.private/uuv_control_msgs/include/uuv_control_msgs/InitWaypointsFromFile.h, /home/constance/uuv_ws/devel/include/uuv_control_msgs/InitWaypointsFromFile.h)
Linked: (/home/constance/uuv_ws/devel/.private/uuv_control_msgs/include/uuv_control_msgs/InitHelicalTrajectoryResponse.h, /home/constance/uuv_ws/devel/include/uuv_control_msgs/InitHelicalTrajectoryResponse.h)
Linked: (/home/constance/uuv_ws/devel/.private/uuv_control_msgs/include/uuv_control_msgs/GoToIncrementalRequest.h, /home/constance/uuv_ws/devel/include/uuv_control_msgs/GoToIncrementalRequest.h)
Linked: (/home/constance/uuv_ws/devel/.private/uuv_control_msgs/include/uuv_control_msgs/ClearWaypointsRequest.h, /home/constance/uuv_ws/devel/include/uuv_control_msgs/ClearWaypointsRequest.h)
Linked: (/home/constance/uuv_ws/devel/.private/uuv_control_msgs/include/uuv_control_msgs/InitHelicalTrajectory.h, /home/constance/uuv_ws/devel/include/uuv_control_msgs/InitHelicalTrajectory.h)
Linked: (/home/constance/uuv_ws/devel/.private/uuv_control_msgs/include/uuv_control_msgs/GoToIncrementalResponse.h, /home/constance/uuv_ws/devel/include/uuv_control_msgs/GoToIncrementalResponse.h)
Linked: (/home/constance/uuv_ws/devel/.private/uuv_control_msgs/include/uuv_control_msgs/SetPIDParamsResponse.h, /home/constance/uuv_ws/devel/include/uuv_control_msgs/SetPIDParamsResponse.h)
Linked: (/home/constance/uuv_ws/devel/.private/uuv_control_msgs/include/uuv_control_msgs/Hold.h, /home/constance/uuv_ws/devel/include/uuv_control_msgs/Hold.h)
Linked: (/home/constance/uuv_ws/devel/.private/uuv_control_msgs/include/uuv_control_msgs/SetSMControllerParamsRequest.h, /home/constance/uuv_ws/devel/include/uuv_control_msgs/SetSMControllerParamsRequest.h)
Linked: (/home/constance/uuv_ws/devel/.private/uuv_control_msgs/include/uuv_control_msgs/SwitchToAutomatic.h, /home/constance/uuv_ws/devel/include/uuv_control_msgs/SwitchToAutomatic.h)
Linked: (/home/constance/uuv_ws/devel/.private/uuv_control_msgs/include/uuv_control_msgs/AddWaypointResponse.h, /home/constance/uuv_ws/devel/include/uuv_control_msgs/AddWaypointResponse.h)
Linked: (/home/constance/uuv_ws/devel/.private/uuv_control_msgs/include/uuv_control_msgs/InitRectTrajectoryRequest.h, /home/constance/uuv_ws/devel/include/uuv_control_msgs/InitRectTrajectoryRequest.h)
Linked: (/home/constance/uuv_ws/devel/.private/uuv_control_msgs/include/uuv_control_msgs/InitRectTrajectoryResponse.h, /home/constance/uuv_ws/devel/include/uuv_control_msgs/InitRectTrajectoryResponse.h)
Linked: (/home/constance/uuv_ws/devel/.private/uuv_control_msgs/include/uuv_control_msgs/ClearWaypoints.h, /home/constance/uuv_ws/devel/include/uuv_control_msgs/ClearWaypoints.h)
Linked: (/home/constance/uuv_ws/devel/.private/uuv_control_msgs/include/uuv_control_msgs/TrajectoryPoint.h, /home/constance/uuv_ws/devel/include/uuv_control_msgs/TrajectoryPoint.h)
Linked: (/home/constance/uuv_ws/devel/.private/uuv_control_msgs/include/uuv_control_msgs/GetWaypointsResponse.h, /home/constance/uuv_ws/devel/include/uuv_control_msgs/GetWaypointsResponse.h)
Linked: (/home/constance/uuv_ws/devel/.private/uuv_control_msgs/include/uuv_control_msgs/InitHelicalTrajectoryRequest.h, /home/constance/uuv_ws/devel/include/uuv_control_msgs/InitHelicalTrajectoryRequest.h)
Linked: (/home/constance/uuv_ws/devel/.private/uuv_control_msgs/include/uuv_control_msgs/StartTrajectoryResponse.h, /home/constance/uuv_ws/devel/include/uuv_control_msgs/StartTrajectoryResponse.h)
Linked: (/home/constance/uuv_ws/devel/.private/uuv_control_msgs/include/uuv_control_msgs/InitWaypointSetRequest.h, /home/constance/uuv_ws/devel/include/uuv_control_msgs/InitWaypointSetRequest.h)
Linked: (/home/constance/uuv_ws/devel/.private/uuv_control_msgs/include/uuv_control_msgs/GetMBSMControllerParams.h, /home/constance/uuv_ws/devel/include/uuv_control_msgs/GetMBSMControllerParams.h)
Linked: (/home/constance/uuv_ws/devel/.private/uuv_control_msgs/include/uuv_control_msgs/Waypoint.h, /home/constance/uuv_ws/devel/include/uuv_control_msgs/Waypoint.h)
Linked: (/home/constance/uuv_ws/devel/.private/uuv_control_msgs/include/uuv_control_msgs/SwitchToAutomaticResponse.h, /home/constance/uuv_ws/devel/include/uuv_control_msgs/SwitchToAutomaticResponse.h)
Linked: (/home/constance/uuv_ws/devel/.private/uuv_control_msgs/include/uuv_control_msgs/IsRunningTrajectoryResponse.h, /home/constance/uuv_ws/devel/include/uuv_control_msgs/IsRunningTrajectoryResponse.h)
Linked: (/home/constance/uuv_ws/devel/.private/uuv_control_msgs/include/uuv_control_msgs/InitRectTrajectory.h, /home/constance/uuv_ws/devel/include/uuv_control_msgs/InitRectTrajectory.h)
Linked: (/home/constance/uuv_ws/devel/.private/uuv_control_msgs/include/uuv_control_msgs/IsRunningTrajectoryRequest.h, /home/constance/uuv_ws/devel/include/uuv_control_msgs/IsRunningTrajectoryRequest.h)
Linked: (/home/constance/uuv_ws/devel/.private/uuv_control_msgs/include/uuv_control_msgs/SetMBSMControllerParamsResponse.h, /home/constance/uuv_ws/devel/include/uuv_control_msgs/SetMBSMControllerParamsResponse.h)
Linked: (/home/constance/uuv_ws/devel/.private/uuv_control_msgs/include/uuv_control_msgs/WaypointSet.h, /home/constance/uuv_ws/devel/include/uuv_control_msgs/WaypointSet.h)
Linked: (/home/constance/uuv_ws/devel/.private/uuv_control_msgs/include/uuv_control_msgs/GetMBSMControllerParamsRequest.h, /home/constance/uuv_ws/devel/include/uuv_control_msgs/GetMBSMControllerParamsRequest.h)
Linked: (/home/constance/uuv_ws/devel/.private/uuv_control_msgs/include/uuv_control_msgs/AddWaypointRequest.h, /home/constance/uuv_ws/devel/include/uuv_control_msgs/AddWaypointRequest.h)
Linked: (/home/constance/uuv_ws/devel/.private/uuv_control_msgs/include/uuv_control_msgs/AddWaypoint.h, /home/constance/uuv_ws/devel/include/uuv_control_msgs/AddWaypoint.h)
Linked: (/home/constance/uuv_ws/devel/.private/uuv_control_msgs/include/uuv_control_msgs/StartTrajectory.h, /home/constance/uuv_ws/devel/include/uuv_control_msgs/StartTrajectory.h)
Linked: (/home/constance/uuv_ws/devel/.private/uuv_control_msgs/include/uuv_control_msgs/GetWaypoints.h, /home/constance/uuv_ws/devel/include/uuv_control_msgs/GetWaypoints.h)
Linked: (/home/constance/uuv_ws/devel/.private/uuv_control_msgs/include/uuv_control_msgs/SetMBSMControllerParams.h, /home/constance/uuv_ws/devel/include/uuv_control_msgs/SetMBSMControllerParams.h)
Linked: (/home/constance/uuv_ws/devel/.private/uuv_control_msgs/include/uuv_control_msgs/SwitchToManualResponse.h, /home/constance/uuv_ws/devel/include/uuv_control_msgs/SwitchToManualResponse.h)
Linked: (/home/constance/uuv_ws/devel/.private/uuv_control_msgs/include/uuv_control_msgs/GoToRequest.h, /home/constance/uuv_ws/devel/include/uuv_control_msgs/GoToRequest.h)
Linked: (/home/constance/uuv_ws/devel/.private/uuv_control_msgs/include/uuv_control_msgs/SetPIDParams.h, /home/constance/uuv_ws/devel/include/uuv_control_msgs/SetPIDParams.h)
Linked: (/home/constance/uuv_ws/devel/.private/uuv_control_msgs/include/uuv_control_msgs/ResetControllerResponse.h, /home/constance/uuv_ws/devel/include/uuv_control_msgs/ResetControllerResponse.h)
Linked: (/home/constance/uuv_ws/devel/.private/uuv_control_msgs/include/uuv_control_msgs/InitWaypointSetResponse.h, /home/constance/uuv_ws/devel/include/uuv_control_msgs/InitWaypointSetResponse.h)
Linked: (/home/constance/uuv_ws/devel/.private/uuv_control_msgs/include/uuv_control_msgs/ResetController.h, /home/constance/uuv_ws/devel/include/uuv_control_msgs/ResetController.h)
Linked: (/home/constance/uuv_ws/devel/.private/uuv_control_msgs/include/uuv_control_msgs/InitWaypointsFromFileRequest.h, /home/constance/uuv_ws/devel/include/uuv_control_msgs/InitWaypointsFromFileRequest.h)
Linked: (/home/constance/uuv_ws/devel/.private/uuv_control_msgs/include/uuv_control_msgs/InitCircularTrajectoryRequest.h, /home/constance/uuv_ws/devel/include/uuv_control_msgs/InitCircularTrajectoryRequest.h)
Linked: (/home/constance/uuv_ws/devel/.private/uuv_control_msgs/include/uuv_control_msgs/GetSMControllerParamsResponse.h, /home/constance/uuv_ws/devel/include/uuv_control_msgs/GetSMControllerParamsResponse.h)
Linked: (/home/constance/uuv_ws/devel/.private/uuv_control_msgs/include/uuv_control_msgs/StartTrajectoryRequest.h, /home/constance/uuv_ws/devel/include/uuv_control_msgs/StartTrajectoryRequest.h)
Linked: (/home/constance/uuv_ws/devel/.private/uuv_control_msgs/include/uuv_control_msgs/SwitchToAutomaticRequest.h, /home/constance/uuv_ws/devel/include/uuv_control_msgs/SwitchToAutomaticRequest.h)
Linked: (/home/constance/uuv_ws/devel/.private/uuv_control_msgs/include/uuv_control_msgs/GetMBSMControllerParamsResponse.h, /home/constance/uuv_ws/devel/include/uuv_control_msgs/GetMBSMControllerParamsResponse.h)
Linked: (/home/constance/uuv_ws/devel/.private/uuv_control_msgs/include/uuv_control_msgs/HoldRequest.h, /home/constance/uuv_ws/devel/include/uuv_control_msgs/HoldRequest.h)
Linked: (/home/constance/uuv_ws/devel/.private/uuv_control_msgs/include/uuv_control_msgs/GoToIncremental.h, /home/constance/uuv_ws/devel/include/uuv_control_msgs/GoToIncremental.h)
Linked: (/home/constance/uuv_ws/devel/.private/uuv_control_msgs/include/uuv_control_msgs/InitCircularTrajectory.h, /home/constance/uuv_ws/devel/include/uuv_control_msgs/InitCircularTrajectory.h)
Linked: (/home/constance/uuv_ws/devel/.private/uuv_control_msgs/include/uuv_control_msgs/GetPIDParams.h, /home/constance/uuv_ws/devel/include/uuv_control_msgs/GetPIDParams.h)
Linked: (/home/constance/uuv_ws/devel/.private/uuv_control_msgs/include/uuv_control_msgs/GoToResponse.h, /home/constance/uuv_ws/devel/include/uuv_control_msgs/GoToResponse.h)
Linked: (/home/constance/uuv_ws/devel/.private/uuv_control_msgs/include/uuv_control_msgs/SetPIDParamsRequest.h, /home/constance/uuv_ws/devel/include/uuv_control_msgs/SetPIDParamsRequest.h)
Linked: (/home/constance/uuv_ws/devel/.private/uuv_control_msgs/include/uuv_control_msgs/SwitchToManual.h, /home/constance/uuv_ws/devel/include/uuv_control_msgs/SwitchToManual.h)
Linked: (/home/constance/uuv_ws/devel/.private/uuv_control_msgs/include/uuv_control_msgs/GetPIDParamsResponse.h, /home/constance/uuv_ws/devel/include/uuv_control_msgs/GetPIDParamsResponse.h)
Linked: (/home/constance/uuv_ws/devel/.private/uuv_control_msgs/include/uuv_control_msgs/GetWaypointsRequest.h, /home/constance/uuv_ws/devel/include/uuv_control_msgs/GetWaypointsRequest.h)
Linked: (/home/constance/uuv_ws/devel/.private/uuv_control_msgs/include/uuv_control_msgs/InitWaypointSet.h, /home/constance/uuv_ws/devel/include/uuv_control_msgs/InitWaypointSet.h)
Linked: (/home/constance/uuv_ws/devel/.private/uuv_control_msgs/include/uuv_control_msgs/IsRunningTrajectory.h, /home/constance/uuv_ws/devel/include/uuv_control_msgs/IsRunningTrajectory.h)
Linked: (/home/constance/uuv_ws/devel/.private/uuv_control_msgs/include/uuv_control_msgs/GetSMControllerParams.h, /home/constance/uuv_ws/devel/include/uuv_control_msgs/GetSMControllerParams.h)
Linked: (/home/constance/uuv_ws/devel/.private/uuv_control_msgs/include/uuv_control_msgs/InitCircularTrajectoryResponse.h, /home/constance/uuv_ws/devel/include/uuv_control_msgs/InitCircularTrajectoryResponse.h)
Linked: (/home/constance/uuv_ws/devel/.private/uuv_control_msgs/share/roseus/ros/uuv_control_msgs/manifest.l, /home/constance/uuv_ws/devel/share/roseus/ros/uuv_control_msgs/manifest.l)
Linked: (/home/constance/uuv_ws/devel/.private/uuv_control_msgs/share/roseus/ros/uuv_control_msgs/srv/GetWaypoints.l, /home/constance/uuv_ws/devel/share/roseus/ros/uuv_control_msgs/srv/GetWaypoints.l)
Linked: (/home/constance/uuv_ws/devel/.private/uuv_control_msgs/share/roseus/ros/uuv_control_msgs/srv/ResetController.l, /home/constance/uuv_ws/devel/share/roseus/ros/uuv_control_msgs/srv/ResetController.l)
Linked: (/home/constance/uuv_ws/devel/.private/uuv_control_msgs/share/roseus/ros/uuv_control_msgs/srv/StartTrajectory.l, /home/constance/uuv_ws/devel/share/roseus/ros/uuv_control_msgs/srv/StartTrajectory.l)
Linked: (/home/constance/uuv_ws/devel/.private/uuv_control_msgs/share/roseus/ros/uuv_control_msgs/srv/GoTo.l, /home/constance/uuv_ws/devel/share/roseus/ros/uuv_control_msgs/srv/GoTo.l)
Linked: (/home/constance/uuv_ws/devel/.private/uuv_control_msgs/share/roseus/ros/uuv_control_msgs/srv/InitCircularTrajectory.l, /home/constance/uuv_ws/devel/share/roseus/ros/uuv_control_msgs/srv/InitCircularTrajectory.l)
Linked: (/home/constance/uuv_ws/devel/.private/uuv_control_msgs/share/roseus/ros/uuv_control_msgs/srv/SetMBSMControllerParams.l, /home/constance/uuv_ws/devel/share/roseus/ros/uuv_control_msgs/srv/SetMBSMControllerParams.l)
Linked: (/home/constance/uuv_ws/devel/.private/uuv_control_msgs/share/roseus/ros/uuv_control_msgs/srv/Hold.l, /home/constance/uuv_ws/devel/share/roseus/ros/uuv_control_msgs/srv/Hold.l)
Linked: (/home/constance/uuv_ws/devel/.private/uuv_control_msgs/share/roseus/ros/uuv_control_msgs/srv/SwitchToAutomatic.l, /home/constance/uuv_ws/devel/share/roseus/ros/uuv_control_msgs/srv/SwitchToAutomatic.l)
Linked: (/home/constance/uuv_ws/devel/.private/uuv_control_msgs/share/roseus/ros/uuv_control_msgs/srv/SwitchToManual.l, /home/constance/uuv_ws/devel/share/roseus/ros/uuv_control_msgs/srv/SwitchToManual.l)
Linked: (/home/constance/uuv_ws/devel/.private/uuv_control_msgs/share/roseus/ros/uuv_control_msgs/srv/InitRectTrajectory.l, /home/constance/uuv_ws/devel/share/roseus/ros/uuv_control_msgs/srv/InitRectTrajectory.l)
Linked: (/home/constance/uuv_ws/devel/.private/uuv_control_msgs/share/roseus/ros/uuv_control_msgs/srv/GetPIDParams.l, /home/constance/uuv_ws/devel/share/roseus/ros/uuv_control_msgs/srv/GetPIDParams.l)
Linked: (/home/constance/uuv_ws/devel/.private/uuv_control_msgs/share/roseus/ros/uuv_control_msgs/srv/SetPIDParams.l, /home/constance/uuv_ws/devel/share/roseus/ros/uuv_control_msgs/srv/SetPIDParams.l)
Linked: (/home/constance/uuv_ws/devel/.private/uuv_control_msgs/share/roseus/ros/uuv_control_msgs/srv/GetSMControllerParams.l, /home/constance/uuv_ws/devel/share/roseus/ros/uuv_control_msgs/srv/GetSMControllerParams.l)
Linked: (/home/constance/uuv_ws/devel/.private/uuv_control_msgs/share/roseus/ros/uuv_control_msgs/srv/ClearWaypoints.l, /home/constance/uuv_ws/devel/share/roseus/ros/uuv_control_msgs/srv/ClearWaypoints.l)
Linked: (/home/constance/uuv_ws/devel/.private/uuv_control_msgs/share/roseus/ros/uuv_control_msgs/srv/IsRunningTrajectory.l, /home/constance/uuv_ws/devel/share/roseus/ros/uuv_control_msgs/srv/IsRunningTrajectory.l)
Linked: (/home/constance/uuv_ws/devel/.private/uuv_control_msgs/share/roseus/ros/uuv_control_msgs/srv/InitWaypointSet.l, /home/constance/uuv_ws/devel/share/roseus/ros/uuv_control_msgs/srv/InitWaypointSet.l)
Linked: (/home/constance/uuv_ws/devel/.private/uuv_control_msgs/share/roseus/ros/uuv_control_msgs/srv/AddWaypoint.l, /home/constance/uuv_ws/devel/share/roseus/ros/uuv_control_msgs/srv/AddWaypoint.l)
Linked: (/home/constance/uuv_ws/devel/.private/uuv_control_msgs/share/roseus/ros/uuv_control_msgs/srv/GoToIncremental.l, /home/constance/uuv_ws/devel/share/roseus/ros/uuv_control_msgs/srv/GoToIncremental.l)
Linked: (/home/constance/uuv_ws/devel/.private/uuv_control_msgs/share/roseus/ros/uuv_control_msgs/srv/InitWaypointsFromFile.l, /home/constance/uuv_ws/devel/share/roseus/ros/uuv_control_msgs/srv/InitWaypointsFromFile.l)
Linked: (/home/constance/uuv_ws/devel/.private/uuv_control_msgs/share/roseus/ros/uuv_control_msgs/srv/GetMBSMControllerParams.l, /home/constance/uuv_ws/devel/share/roseus/ros/uuv_control_msgs/srv/GetMBSMControllerParams.l)
Linked: (/home/constance/uuv_ws/devel/.private/uuv_control_msgs/share/roseus/ros/uuv_control_msgs/srv/SetSMControllerParams.l, /home/constance/uuv_ws/devel/share/roseus/ros/uuv_control_msgs/srv/SetSMControllerParams.l)
Linked: (/home/constance/uuv_ws/devel/.private/uuv_control_msgs/share/roseus/ros/uuv_control_msgs/srv/InitHelicalTrajectory.l, /home/constance/uuv_ws/devel/share/roseus/ros/uuv_control_msgs/srv/InitHelicalTrajectory.l)
Linked: (/home/constance/uuv_ws/devel/.private/uuv_control_msgs/share/roseus/ros/uuv_control_msgs/msg/Trajectory.l, /home/constance/uuv_ws/devel/share/roseus/ros/uuv_control_msgs/msg/Trajectory.l)
Linked: (/home/constance/uuv_ws/devel/.private/uuv_control_msgs/share/roseus/ros/uuv_control_msgs/msg/WaypointSet.l, /home/constance/uuv_ws/devel/share/roseus/ros/uuv_control_msgs/msg/WaypointSet.l)
Linked: (/home/constance/uuv_ws/devel/.private/uuv_control_msgs/share/roseus/ros/uuv_control_msgs/msg/Waypoint.l, /home/constance/uuv_ws/devel/share/roseus/ros/uuv_control_msgs/msg/Waypoint.l)
Linked: (/home/constance/uuv_ws/devel/.private/uuv_control_msgs/share/roseus/ros/uuv_control_msgs/msg/TrajectoryPoint.l, /home/constance/uuv_ws/devel/share/roseus/ros/uuv_control_msgs/msg/TrajectoryPoint.l)
Linked: (/home/constance/uuv_ws/devel/.private/uuv_control_msgs/share/uuv_control_msgs/cmake/uuv_control_msgs-msg-paths.cmake, /home/constance/uuv_ws/devel/share/uuv_control_msgs/cmake/uuv_control_msgs-msg-paths.cmake)
Linked: (/home/constance/uuv_ws/devel/.private/uuv_control_msgs/share/uuv_control_msgs/cmake/uuv_control_msgs-msg-extras.cmake, /home/constance/uuv_ws/devel/share/uuv_control_msgs/cmake/uuv_control_msgs-msg-extras.cmake)
Linked: (/home/constance/uuv_ws/devel/.private/uuv_control_msgs/share/uuv_control_msgs/cmake/uuv_control_msgsConfig.cmake, /home/constance/uuv_ws/devel/share/uuv_control_msgs/cmake/uuv_control_msgsConfig.cmake)
Linked: (/home/constance/uuv_ws/devel/.private/uuv_control_msgs/share/uuv_control_msgs/cmake/uuv_control_msgsConfig-version.cmake, /home/constance/uuv_ws/devel/share/uuv_control_msgs/cmake/uuv_control_msgsConfig-version.cmake)
Linked: (/home/constance/uuv_ws/devel/.private/uuv_control_msgs/share/common-lisp/ros/uuv_control_msgs/srv/AddWaypoint.lisp, /home/constance/uuv_ws/devel/share/common-lisp/ros/uuv_control_msgs/srv/AddWaypoint.lisp)
Linked: (/home/constance/uuv_ws/devel/.private/uuv_control_msgs/share/common-lisp/ros/uuv_control_msgs/srv/_package_SetSMControllerParams.lisp, /home/constance/uuv_ws/devel/share/common-lisp/ros/uuv_control_msgs/srv/_package_SetSMControllerParams.lisp)
Linked: (/home/constance/uuv_ws/devel/.private/uuv_control_msgs/share/common-lisp/ros/uuv_control_msgs/srv/GetWaypoints.lisp, /home/constance/uuv_ws/devel/share/common-lisp/ros/uuv_control_msgs/srv/GetWaypoints.lisp)
Linked: (/home/constance/uuv_ws/devel/.private/uuv_control_msgs/share/common-lisp/ros/uuv_control_msgs/srv/_package_GoToIncremental.lisp, /home/constance/uuv_ws/devel/share/common-lisp/ros/uuv_control_msgs/srv/_package_GoToIncremental.lisp)
Linked: (/home/constance/uuv_ws/devel/.private/uuv_control_msgs/share/common-lisp/ros/uuv_control_msgs/srv/SetPIDParams.lisp, /home/constance/uuv_ws/devel/share/common-lisp/ros/uuv_control_msgs/srv/SetPIDParams.lisp)
Linked: (/home/constance/uuv_ws/devel/.private/uuv_control_msgs/share/common-lisp/ros/uuv_control_msgs/srv/IsRunningTrajectory.lisp, /home/constance/uuv_ws/devel/share/common-lisp/ros/uuv_control_msgs/srv/IsRunningTrajectory.lisp)
Linked: (/home/constance/uuv_ws/devel/.private/uuv_control_msgs/share/common-lisp/ros/uuv_control_msgs/srv/GetMBSMControllerParams.lisp, /home/constance/uuv_ws/devel/share/common-lisp/ros/uuv_control_msgs/srv/GetMBSMControllerParams.lisp)
Linked: (/home/constance/uuv_ws/devel/.private/uuv_control_msgs/share/common-lisp/ros/uuv_control_msgs/srv/_package_InitRectTrajectory.lisp, /home/constance/uuv_ws/devel/share/common-lisp/ros/uuv_control_msgs/srv/_package_InitRectTrajectory.lisp)
Linked: (/home/constance/uuv_ws/devel/.private/uuv_control_msgs/share/common-lisp/ros/uuv_control_msgs/srv/_package_GetPIDParams.lisp, /home/constance/uuv_ws/devel/share/common-lisp/ros/uuv_control_msgs/srv/_package_GetPIDParams.lisp)
Linked: (/home/constance/uuv_ws/devel/.private/uuv_control_msgs/share/common-lisp/ros/uuv_control_msgs/srv/GoToIncremental.lisp, /home/constance/uuv_ws/devel/share/common-lisp/ros/uuv_control_msgs/srv/GoToIncremental.lisp)
Linked: (/home/constance/uuv_ws/devel/.private/uuv_control_msgs/share/common-lisp/ros/uuv_control_msgs/srv/InitRectTrajectory.lisp, /home/constance/uuv_ws/devel/share/common-lisp/ros/uuv_control_msgs/srv/InitRectTrajectory.lisp)
Linked: (/home/constance/uuv_ws/devel/.private/uuv_control_msgs/share/common-lisp/ros/uuv_control_msgs/srv/SetSMControllerParams.lisp, /home/constance/uuv_ws/devel/share/common-lisp/ros/uuv_control_msgs/srv/SetSMControllerParams.lisp)
Linked: (/home/constance/uuv_ws/devel/.private/uuv_control_msgs/share/common-lisp/ros/uuv_control_msgs/srv/GoTo.lisp, /home/constance/uuv_ws/devel/share/common-lisp/ros/uuv_control_msgs/srv/GoTo.lisp)
Linked: (/home/constance/uuv_ws/devel/.private/uuv_control_msgs/share/common-lisp/ros/uuv_control_msgs/srv/_package_GetSMControllerParams.lisp, /home/constance/uuv_ws/devel/share/common-lisp/ros/uuv_control_msgs/srv/_package_GetSMControllerParams.lisp)
Linked: (/home/constance/uuv_ws/devel/.private/uuv_control_msgs/share/common-lisp/ros/uuv_control_msgs/srv/GetPIDParams.lisp, /home/constance/uuv_ws/devel/share/common-lisp/ros/uuv_control_msgs/srv/GetPIDParams.lisp)
Linked: (/home/constance/uuv_ws/devel/.private/uuv_control_msgs/share/common-lisp/ros/uuv_control_msgs/srv/_package_GetMBSMControllerParams.lisp, /home/constance/uuv_ws/devel/share/common-lisp/ros/uuv_control_msgs/srv/_package_GetMBSMControllerParams.lisp)
Linked: (/home/constance/uuv_ws/devel/.private/uuv_control_msgs/share/common-lisp/ros/uuv_control_msgs/srv/_package_ClearWaypoints.lisp, /home/constance/uuv_ws/devel/share/common-lisp/ros/uuv_control_msgs/srv/_package_ClearWaypoints.lisp)
Linked: (/home/constance/uuv_ws/devel/.private/uuv_control_msgs/share/common-lisp/ros/uuv_control_msgs/srv/_package.lisp, /home/constance/uuv_ws/devel/share/common-lisp/ros/uuv_control_msgs/srv/_package.lisp)
Linked: (/home/constance/uuv_ws/devel/.private/uuv_control_msgs/share/common-lisp/ros/uuv_control_msgs/srv/InitCircularTrajectory.lisp, /home/constance/uuv_ws/devel/share/common-lisp/ros/uuv_control_msgs/srv/InitCircularTrajectory.lisp)
Linked: (/home/constance/uuv_ws/devel/.private/uuv_control_msgs/share/common-lisp/ros/uuv_control_msgs/srv/InitHelicalTrajectory.lisp, /home/constance/uuv_ws/devel/share/common-lisp/ros/uuv_control_msgs/srv/InitHelicalTrajectory.lisp)
Linked: (/home/constance/uuv_ws/devel/.private/uuv_control_msgs/share/common-lisp/ros/uuv_control_msgs/srv/SwitchToManual.lisp, /home/constance/uuv_ws/devel/share/common-lisp/ros/uuv_control_msgs/srv/SwitchToManual.lisp)
Linked: (/home/constance/uuv_ws/devel/.private/uuv_control_msgs/share/common-lisp/ros/uuv_control_msgs/srv/_package_InitWaypointsFromFile.lisp, /home/constance/uuv_ws/devel/share/common-lisp/ros/uuv_control_msgs/srv/_package_InitWaypointsFromFile.lisp)
Linked: (/home/constance/uuv_ws/devel/.private/uuv_control_msgs/share/common-lisp/ros/uuv_control_msgs/srv/_package_Hold.lisp, /home/constance/uuv_ws/devel/share/common-lisp/ros/uuv_control_msgs/srv/_package_Hold.lisp)
Linked: (/home/constance/uuv_ws/devel/.private/uuv_control_msgs/share/common-lisp/ros/uuv_control_msgs/srv/Hold.lisp, /home/constance/uuv_ws/devel/share/common-lisp/ros/uuv_control_msgs/srv/Hold.lisp)
Linked: (/home/constance/uuv_ws/devel/.private/uuv_control_msgs/share/common-lisp/ros/uuv_control_msgs/srv/_package_SetMBSMControllerParams.lisp, /home/constance/uuv_ws/devel/share/common-lisp/ros/uuv_control_msgs/srv/_package_SetMBSMControllerParams.lisp)
Linked: (/home/constance/uuv_ws/devel/.private/uuv_control_msgs/share/common-lisp/ros/uuv_control_msgs/srv/SetMBSMControllerParams.lisp, /home/constance/uuv_ws/devel/share/common-lisp/ros/uuv_control_msgs/srv/SetMBSMControllerParams.lisp)
Linked: (/home/constance/uuv_ws/devel/.private/uuv_control_msgs/share/common-lisp/ros/uuv_control_msgs/srv/ResetController.lisp, /home/constance/uuv_ws/devel/share/common-lisp/ros/uuv_control_msgs/srv/ResetController.lisp)
Linked: (/home/constance/uuv_ws/devel/.private/uuv_control_msgs/share/common-lisp/ros/uuv_control_msgs/srv/InitWaypointsFromFile.lisp, /home/constance/uuv_ws/devel/share/common-lisp/ros/uuv_control_msgs/srv/InitWaypointsFromFile.lisp)
Linked: (/home/constance/uuv_ws/devel/.private/uuv_control_msgs/share/common-lisp/ros/uuv_control_msgs/srv/InitWaypointSet.lisp, /home/constance/uuv_ws/devel/share/common-lisp/ros/uuv_control_msgs/srv/InitWaypointSet.lisp)
Linked: (/home/constance/uuv_ws/devel/.private/uuv_control_msgs/share/common-lisp/ros/uuv_control_msgs/srv/_package_SetPIDParams.lisp, /home/constance/uuv_ws/devel/share/common-lisp/ros/uuv_control_msgs/srv/_package_SetPIDParams.lisp)
Linked: (/home/constance/uuv_ws/devel/.private/uuv_control_msgs/share/common-lisp/ros/uuv_control_msgs/srv/_package_InitWaypointSet.lisp, /home/constance/uuv_ws/devel/share/common-lisp/ros/uuv_control_msgs/srv/_package_InitWaypointSet.lisp)
Linked: (/home/constance/uuv_ws/devel/.private/uuv_control_msgs/share/common-lisp/ros/uuv_control_msgs/srv/_package_ResetController.lisp, /home/constance/uuv_ws/devel/share/common-lisp/ros/uuv_control_msgs/srv/_package_ResetController.lisp)
Linked: (/home/constance/uuv_ws/devel/.private/uuv_control_msgs/share/common-lisp/ros/uuv_control_msgs/srv/uuv_control_msgs-srv.asd, /home/constance/uuv_ws/devel/share/common-lisp/ros/uuv_control_msgs/srv/uuv_control_msgs-srv.asd)
Linked: (/home/constance/uuv_ws/devel/.private/uuv_control_msgs/share/common-lisp/ros/uuv_control_msgs/srv/_package_InitHelicalTrajectory.lisp, /home/constance/uuv_ws/devel/share/common-lisp/ros/uuv_control_msgs/srv/_package_InitHelicalTrajectory.lisp)
Linked: (/home/constance/uuv_ws/devel/.private/uuv_control_msgs/share/common-lisp/ros/uuv_control_msgs/srv/_package_IsRunningTrajectory.lisp, /home/constance/uuv_ws/devel/share/common-lisp/ros/uuv_control_msgs/srv/_package_IsRunningTrajectory.lisp)
Linked: (/home/constance/uuv_ws/devel/.private/uuv_control_msgs/share/common-lisp/ros/uuv_control_msgs/srv/StartTrajectory.lisp, /home/constance/uuv_ws/devel/share/common-lisp/ros/uuv_control_msgs/srv/StartTrajectory.lisp)
Linked: (/home/constance/uuv_ws/devel/.private/uuv_control_msgs/share/common-lisp/ros/uuv_control_msgs/srv/ClearWaypoints.lisp, /home/constance/uuv_ws/devel/share/common-lisp/ros/uuv_control_msgs/srv/ClearWaypoints.lisp)
Linked: (/home/constance/uuv_ws/devel/.private/uuv_control_msgs/share/common-lisp/ros/uuv_control_msgs/srv/_package_SwitchToManual.lisp, /home/constance/uuv_ws/devel/share/common-lisp/ros/uuv_control_msgs/srv/_package_SwitchToManual.lisp)
Linked: (/home/constance/uuv_ws/devel/.private/uuv_control_msgs/share/common-lisp/ros/uuv_control_msgs/srv/GetSMControllerParams.lisp, /home/constance/uuv_ws/devel/share/common-lisp/ros/uuv_control_msgs/srv/GetSMControllerParams.lisp)
Linked: (/home/constance/uuv_ws/devel/.private/uuv_control_msgs/share/common-lisp/ros/uuv_control_msgs/srv/_package_InitCircularTrajectory.lisp, /home/constance/uuv_ws/devel/share/common-lisp/ros/uuv_control_msgs/srv/_package_InitCircularTrajectory.lisp)
Linked: (/home/constance/uuv_ws/devel/.private/uuv_control_msgs/share/common-lisp/ros/uuv_control_msgs/srv/_package_SwitchToAutomatic.lisp, /home/constance/uuv_ws/devel/share/common-lisp/ros/uuv_control_msgs/srv/_package_SwitchToAutomatic.lisp)
Linked: (/home/constance/uuv_ws/devel/.private/uuv_control_msgs/share/common-lisp/ros/uuv_control_msgs/srv/_package_GoTo.lisp, /home/constance/uuv_ws/devel/share/common-lisp/ros/uuv_control_msgs/srv/_package_GoTo.lisp)
Linked: (/home/constance/uuv_ws/devel/.private/uuv_control_msgs/share/common-lisp/ros/uuv_control_msgs/srv/_package_GetWaypoints.lisp, /home/constance/uuv_ws/devel/share/common-lisp/ros/uuv_control_msgs/srv/_package_GetWaypoints.lisp)
Linked: (/home/constance/uuv_ws/devel/.private/uuv_control_msgs/share/common-lisp/ros/uuv_control_msgs/srv/_package_StartTrajectory.lisp, /home/constance/uuv_ws/devel/share/common-lisp/ros/uuv_control_msgs/srv/_package_StartTrajectory.lisp)
Linked: (/home/constance/uuv_ws/devel/.private/uuv_control_msgs/share/common-lisp/ros/uuv_control_msgs/srv/_package_AddWaypoint.lisp, /home/constance/uuv_ws/devel/share/common-lisp/ros/uuv_control_msgs/srv/_package_AddWaypoint.lisp)
Linked: (/home/constance/uuv_ws/devel/.private/uuv_control_msgs/share/common-lisp/ros/uuv_control_msgs/srv/SwitchToAutomatic.lisp, /home/constance/uuv_ws/devel/share/common-lisp/ros/uuv_control_msgs/srv/SwitchToAutomatic.lisp)
Linked: (/home/constance/uuv_ws/devel/.private/uuv_control_msgs/share/common-lisp/ros/uuv_control_msgs/msg/Trajectory.lisp, /home/constance/uuv_ws/devel/share/common-lisp/ros/uuv_control_msgs/msg/Trajectory.lisp)
Linked: (/home/constance/uuv_ws/devel/.private/uuv_control_msgs/share/common-lisp/ros/uuv_control_msgs/msg/_package.lisp, /home/constance/uuv_ws/devel/share/common-lisp/ros/uuv_control_msgs/msg/_package.lisp)
Linked: (/home/constance/uuv_ws/devel/.private/uuv_control_msgs/share/common-lisp/ros/uuv_control_msgs/msg/WaypointSet.lisp, /home/constance/uuv_ws/devel/share/common-lisp/ros/uuv_control_msgs/msg/WaypointSet.lisp)
Linked: (/home/constance/uuv_ws/devel/.private/uuv_control_msgs/share/common-lisp/ros/uuv_control_msgs/msg/_package_Trajectory.lisp, /home/constance/uuv_ws/devel/share/common-lisp/ros/uuv_control_msgs/msg/_package_Trajectory.lisp)
Linked: (/home/constance/uuv_ws/devel/.private/uuv_control_msgs/share/common-lisp/ros/uuv_control_msgs/msg/uuv_control_msgs-msg.asd, /home/constance/uuv_ws/devel/share/common-lisp/ros/uuv_control_msgs/msg/uuv_control_msgs-msg.asd)
Linked: (/home/constance/uuv_ws/devel/.private/uuv_control_msgs/share/common-lisp/ros/uuv_control_msgs/msg/_package_TrajectoryPoint.lisp, /home/constance/uuv_ws/devel/share/common-lisp/ros/uuv_control_msgs/msg/_package_TrajectoryPoint.lisp)
Linked: (/home/constance/uuv_ws/devel/.private/uuv_control_msgs/share/common-lisp/ros/uuv_control_msgs/msg/_package_Waypoint.lisp, /home/constance/uuv_ws/devel/share/common-lisp/ros/uuv_control_msgs/msg/_package_Waypoint.lisp)
Linked: (/home/constance/uuv_ws/devel/.private/uuv_control_msgs/share/common-lisp/ros/uuv_control_msgs/msg/Waypoint.lisp, /home/constance/uuv_ws/devel/share/common-lisp/ros/uuv_control_msgs/msg/Waypoint.lisp)
Linked: (/home/constance/uuv_ws/devel/.private/uuv_control_msgs/share/common-lisp/ros/uuv_control_msgs/msg/TrajectoryPoint.lisp, /home/constance/uuv_ws/devel/share/common-lisp/ros/uuv_control_msgs/msg/TrajectoryPoint.lisp)
Linked: (/home/constance/uuv_ws/devel/.private/uuv_control_msgs/share/common-lisp/ros/uuv_control_msgs/msg/_package_WaypointSet.lisp, /home/constance/uuv_ws/devel/share/common-lisp/ros/uuv_control_msgs/msg/_package_WaypointSet.lisp)
Linked: (/home/constance/uuv_ws/devel/.private/uuv_control_msgs/share/gennodejs/ros/uuv_control_msgs/_index.js, /home/constance/uuv_ws/devel/share/gennodejs/ros/uuv_control_msgs/_index.js)
Linked: (/home/constance/uuv_ws/devel/.private/uuv_control_msgs/share/gennodejs/ros/uuv_control_msgs/srv/InitWaypointsFromFile.js, /home/constance/uuv_ws/devel/share/gennodejs/ros/uuv_control_msgs/srv/InitWaypointsFromFile.js)
Linked: (/home/constance/uuv_ws/devel/.private/uuv_control_msgs/share/gennodejs/ros/uuv_control_msgs/srv/GetMBSMControllerParams.js, /home/constance/uuv_ws/devel/share/gennodejs/ros/uuv_control_msgs/srv/GetMBSMControllerParams.js)
Linked: (/home/constance/uuv_ws/devel/.private/uuv_control_msgs/share/gennodejs/ros/uuv_control_msgs/srv/AddWaypoint.js, /home/constance/uuv_ws/devel/share/gennodejs/ros/uuv_control_msgs/srv/AddWaypoint.js)
Linked: (/home/constance/uuv_ws/devel/.private/uuv_control_msgs/share/gennodejs/ros/uuv_control_msgs/srv/GetSMControllerParams.js, /home/constance/uuv_ws/devel/share/gennodejs/ros/uuv_control_msgs/srv/GetSMControllerParams.js)
Linked: (/home/constance/uuv_ws/devel/.private/uuv_control_msgs/share/gennodejs/ros/uuv_control_msgs/srv/InitWaypointSet.js, /home/constance/uuv_ws/devel/share/gennodejs/ros/uuv_control_msgs/srv/InitWaypointSet.js)
Linked: (/home/constance/uuv_ws/devel/.private/uuv_control_msgs/share/gennodejs/ros/uuv_control_msgs/srv/GoToIncremental.js, /home/constance/uuv_ws/devel/share/gennodejs/ros/uuv_control_msgs/srv/GoToIncremental.js)
Linked: (/home/constance/uuv_ws/devel/.private/uuv_control_msgs/share/gennodejs/ros/uuv_control_msgs/srv/_index.js, /home/constance/uuv_ws/devel/share/gennodejs/ros/uuv_control_msgs/srv/_index.js)
Linked: (/home/constance/uuv_ws/devel/.private/uuv_control_msgs/share/gennodejs/ros/uuv_control_msgs/srv/SwitchToAutomatic.js, /home/constance/uuv_ws/devel/share/gennodejs/ros/uuv_control_msgs/srv/SwitchToAutomatic.js)
Linked: (/home/constance/uuv_ws/devel/.private/uuv_control_msgs/share/gennodejs/ros/uuv_control_msgs/srv/GetWaypoints.js, /home/constance/uuv_ws/devel/share/gennodejs/ros/uuv_control_msgs/srv/GetWaypoints.js)
Linked: (/home/constance/uuv_ws/devel/.private/uuv_control_msgs/share/gennodejs/ros/uuv_control_msgs/srv/SetPIDParams.js, /home/constance/uuv_ws/devel/share/gennodejs/ros/uuv_control_msgs/srv/SetPIDParams.js)
Linked: (/home/constance/uuv_ws/devel/.private/uuv_control_msgs/share/gennodejs/ros/uuv_control_msgs/srv/InitRectTrajectory.js, /home/constance/uuv_ws/devel/share/gennodejs/ros/uuv_control_msgs/srv/InitRectTrajectory.js)
Linked: (/home/constance/uuv_ws/devel/.private/uuv_control_msgs/share/gennodejs/ros/uuv_control_msgs/srv/ClearWaypoints.js, /home/constance/uuv_ws/devel/share/gennodejs/ros/uuv_control_msgs/srv/ClearWaypoints.js)
Linked: (/home/constance/uuv_ws/devel/.private/uuv_control_msgs/share/gennodejs/ros/uuv_control_msgs/srv/IsRunningTrajectory.js, /home/constance/uuv_ws/devel/share/gennodejs/ros/uuv_control_msgs/srv/IsRunningTrajectory.js)
Linked: (/home/constance/uuv_ws/devel/.private/uuv_control_msgs/share/gennodejs/ros/uuv_control_msgs/srv/GetPIDParams.js, /home/constance/uuv_ws/devel/share/gennodejs/ros/uuv_control_msgs/srv/GetPIDParams.js)
Linked: (/home/constance/uuv_ws/devel/.private/uuv_control_msgs/share/gennodejs/ros/uuv_control_msgs/srv/InitCircularTrajectory.js, /home/constance/uuv_ws/devel/share/gennodejs/ros/uuv_control_msgs/srv/InitCircularTrajectory.js)
Linked: (/home/constance/uuv_ws/devel/.private/uuv_control_msgs/share/gennodejs/ros/uuv_control_msgs/srv/GoTo.js, /home/constance/uuv_ws/devel/share/gennodejs/ros/uuv_control_msgs/srv/GoTo.js)
Linked: (/home/constance/uuv_ws/devel/.private/uuv_control_msgs/share/gennodejs/ros/uuv_control_msgs/srv/ResetController.js, /home/constance/uuv_ws/devel/share/gennodejs/ros/uuv_control_msgs/srv/ResetController.js)
Linked: (/home/constance/uuv_ws/devel/.private/uuv_control_msgs/share/gennodejs/ros/uuv_control_msgs/srv/InitHelicalTrajectory.js, /home/constance/uuv_ws/devel/share/gennodejs/ros/uuv_control_msgs/srv/InitHelicalTrajectory.js)
Linked: (/home/constance/uuv_ws/devel/.private/uuv_control_msgs/share/gennodejs/ros/uuv_control_msgs/srv/SetSMControllerParams.js, /home/constance/uuv_ws/devel/share/gennodejs/ros/uuv_control_msgs/srv/SetSMControllerParams.js)
Linked: (/home/constance/uuv_ws/devel/.private/uuv_control_msgs/share/gennodejs/ros/uuv_control_msgs/srv/StartTrajectory.js, /home/constance/uuv_ws/devel/share/gennodejs/ros/uuv_control_msgs/srv/StartTrajectory.js)
Linked: (/home/constance/uuv_ws/devel/.private/uuv_control_msgs/share/gennodejs/ros/uuv_control_msgs/srv/Hold.js, /home/constance/uuv_ws/devel/share/gennodejs/ros/uuv_control_msgs/srv/Hold.js)
Linked: (/home/constance/uuv_ws/devel/.private/uuv_control_msgs/share/gennodejs/ros/uuv_control_msgs/srv/SetMBSMControllerParams.js, /home/constance/uuv_ws/devel/share/gennodejs/ros/uuv_control_msgs/srv/SetMBSMControllerParams.js)
Linked: (/home/constance/uuv_ws/devel/.private/uuv_control_msgs/share/gennodejs/ros/uuv_control_msgs/srv/SwitchToManual.js, /home/constance/uuv_ws/devel/share/gennodejs/ros/uuv_control_msgs/srv/SwitchToManual.js)
Linked: (/home/constance/uuv_ws/devel/.private/uuv_control_msgs/share/gennodejs/ros/uuv_control_msgs/msg/Trajectory.js, /home/constance/uuv_ws/devel/share/gennodejs/ros/uuv_control_msgs/msg/Trajectory.js)
Linked: (/home/constance/uuv_ws/devel/.private/uuv_control_msgs/share/gennodejs/ros/uuv_control_msgs/msg/_index.js, /home/constance/uuv_ws/devel/share/gennodejs/ros/uuv_control_msgs/msg/_index.js)
Linked: (/home/constance/uuv_ws/devel/.private/uuv_control_msgs/share/gennodejs/ros/uuv_control_msgs/msg/Waypoint.js, /home/constance/uuv_ws/devel/share/gennodejs/ros/uuv_control_msgs/msg/Waypoint.js)
Linked: (/home/constance/uuv_ws/devel/.private/uuv_control_msgs/share/gennodejs/ros/uuv_control_msgs/msg/TrajectoryPoint.js, /home/constance/uuv_ws/devel/share/gennodejs/ros/uuv_control_msgs/msg/TrajectoryPoint.js)
Linked: (/home/constance/uuv_ws/devel/.private/uuv_control_msgs/share/gennodejs/ros/uuv_control_msgs/msg/WaypointSet.js, /home/constance/uuv_ws/devel/share/gennodejs/ros/uuv_control_msgs/msg/WaypointSet.js)
Linked: (/home/constance/uuv_ws/devel/.private/uuv_control_msgs/lib/python3/dist-packages/uuv_control_msgs/__init__.py, /home/constance/uuv_ws/devel/lib/python3/dist-packages/uuv_control_msgs/__init__.py)
Linked: (/home/constance/uuv_ws/devel/.private/uuv_control_msgs/lib/python3/dist-packages/uuv_control_msgs/srv/_IsRunningTrajectory.py, /home/constance/uuv_ws/devel/lib/python3/dist-packages/uuv_control_msgs/srv/_IsRunningTrajectory.py)
Linked: (/home/constance/uuv_ws/devel/.private/uuv_control_msgs/lib/python3/dist-packages/uuv_control_msgs/srv/_InitCircularTrajectory.py, /home/constance/uuv_ws/devel/lib/python3/dist-packages/uuv_control_msgs/srv/_InitCircularTrajectory.py)
Linked: (/home/constance/uuv_ws/devel/.private/uuv_control_msgs/lib/python3/dist-packages/uuv_control_msgs/srv/_SetMBSMControllerParams.py, /home/constance/uuv_ws/devel/lib/python3/dist-packages/uuv_control_msgs/srv/_SetMBSMControllerParams.py)
Linked: (/home/constance/uuv_ws/devel/.private/uuv_control_msgs/lib/python3/dist-packages/uuv_control_msgs/srv/_ResetController.py, /home/constance/uuv_ws/devel/lib/python3/dist-packages/uuv_control_msgs/srv/_ResetController.py)
Linked: (/home/constance/uuv_ws/devel/.private/uuv_control_msgs/lib/python3/dist-packages/uuv_control_msgs/srv/_GetWaypoints.py, /home/constance/uuv_ws/devel/lib/python3/dist-packages/uuv_control_msgs/srv/_GetWaypoints.py)
Linked: (/home/constance/uuv_ws/devel/.private/uuv_control_msgs/lib/python3/dist-packages/uuv_control_msgs/srv/_ClearWaypoints.py, /home/constance/uuv_ws/devel/lib/python3/dist-packages/uuv_control_msgs/srv/_ClearWaypoints.py)
Linked: (/home/constance/uuv_ws/devel/.private/uuv_control_msgs/lib/python3/dist-packages/uuv_control_msgs/srv/_GetPIDParams.py, /home/constance/uuv_ws/devel/lib/python3/dist-packages/uuv_control_msgs/srv/_GetPIDParams.py)
Linked: (/home/constance/uuv_ws/devel/.private/uuv_control_msgs/lib/python3/dist-packages/uuv_control_msgs/srv/_GoToIncremental.py, /home/constance/uuv_ws/devel/lib/python3/dist-packages/uuv_control_msgs/srv/_GoToIncremental.py)
Linked: (/home/constance/uuv_ws/devel/.private/uuv_control_msgs/lib/python3/dist-packages/uuv_control_msgs/srv/_StartTrajectory.py, /home/constance/uuv_ws/devel/lib/python3/dist-packages/uuv_control_msgs/srv/_StartTrajectory.py)
Linked: (/home/constance/uuv_ws/devel/.private/uuv_control_msgs/lib/python3/dist-packages/uuv_control_msgs/srv/_InitWaypointsFromFile.py, /home/constance/uuv_ws/devel/lib/python3/dist-packages/uuv_control_msgs/srv/_InitWaypointsFromFile.py)
Linked: (/home/constance/uuv_ws/devel/.private/uuv_control_msgs/lib/python3/dist-packages/uuv_control_msgs/srv/_InitRectTrajectory.py, /home/constance/uuv_ws/devel/lib/python3/dist-packages/uuv_control_msgs/srv/_InitRectTrajectory.py)
Linked: (/home/constance/uuv_ws/devel/.private/uuv_control_msgs/lib/python3/dist-packages/uuv_control_msgs/srv/_SwitchToManual.py, /home/constance/uuv_ws/devel/lib/python3/dist-packages/uuv_control_msgs/srv/_SwitchToManual.py)
Linked: (/home/constance/uuv_ws/devel/.private/uuv_control_msgs/lib/python3/dist-packages/uuv_control_msgs/srv/_SwitchToAutomatic.py, /home/constance/uuv_ws/devel/lib/python3/dist-packages/uuv_control_msgs/srv/_SwitchToAutomatic.py)
Linked: (/home/constance/uuv_ws/devel/.private/uuv_control_msgs/lib/python3/dist-packages/uuv_control_msgs/srv/_Hold.py, /home/constance/uuv_ws/devel/lib/python3/dist-packages/uuv_control_msgs/srv/_Hold.py)
Linked: (/home/constance/uuv_ws/devel/.private/uuv_control_msgs/lib/python3/dist-packages/uuv_control_msgs/srv/_SetPIDParams.py, /home/constance/uuv_ws/devel/lib/python3/dist-packages/uuv_control_msgs/srv/_SetPIDParams.py)
Linked: (/home/constance/uuv_ws/devel/.private/uuv_control_msgs/lib/python3/dist-packages/uuv_control_msgs/srv/_GetSMControllerParams.py, /home/constance/uuv_ws/devel/lib/python3/dist-packages/uuv_control_msgs/srv/_GetSMControllerParams.py)
Linked: (/home/constance/uuv_ws/devel/.private/uuv_control_msgs/lib/python3/dist-packages/uuv_control_msgs/srv/_SetSMControllerParams.py, /home/constance/uuv_ws/devel/lib/python3/dist-packages/uuv_control_msgs/srv/_SetSMControllerParams.py)
Linked: (/home/constance/uuv_ws/devel/.private/uuv_control_msgs/lib/python3/dist-packages/uuv_control_msgs/srv/_GoTo.py, /home/constance/uuv_ws/devel/lib/python3/dist-packages/uuv_control_msgs/srv/_GoTo.py)
Linked: (/home/constance/uuv_ws/devel/.private/uuv_control_msgs/lib/python3/dist-packages/uuv_control_msgs/srv/_GetMBSMControllerParams.py, /home/constance/uuv_ws/devel/lib/python3/dist-packages/uuv_control_msgs/srv/_GetMBSMControllerParams.py)
Linked: (/home/constance/uuv_ws/devel/.private/uuv_control_msgs/lib/python3/dist-packages/uuv_control_msgs/srv/__init__.py, /home/constance/uuv_ws/devel/lib/python3/dist-packages/uuv_control_msgs/srv/__init__.py)
Linked: (/home/constance/uuv_ws/devel/.private/uuv_control_msgs/lib/python3/dist-packages/uuv_control_msgs/srv/_AddWaypoint.py, /home/constance/uuv_ws/devel/lib/python3/dist-packages/uuv_control_msgs/srv/_AddWaypoint.py)
Linked: (/home/constance/uuv_ws/devel/.private/uuv_control_msgs/lib/python3/dist-packages/uuv_control_msgs/srv/_InitWaypointSet.py, /home/constance/uuv_ws/devel/lib/python3/dist-packages/uuv_control_msgs/srv/_InitWaypointSet.py)
Linked: (/home/constance/uuv_ws/devel/.private/uuv_control_msgs/lib/python3/dist-packages/uuv_control_msgs/srv/_InitHelicalTrajectory.py, /home/constance/uuv_ws/devel/lib/python3/dist-packages/uuv_control_msgs/srv/_InitHelicalTrajectory.py)
Linked: (/home/constance/uuv_ws/devel/.private/uuv_control_msgs/lib/python3/dist-packages/uuv_control_msgs/msg/_Trajectory.py, /home/constance/uuv_ws/devel/lib/python3/dist-packages/uuv_control_msgs/msg/_Trajectory.py)
Linked: (/home/constance/uuv_ws/devel/.private/uuv_control_msgs/lib/python3/dist-packages/uuv_control_msgs/msg/_Waypoint.py, /home/constance/uuv_ws/devel/lib/python3/dist-packages/uuv_control_msgs/msg/_Waypoint.py)
Linked: (/home/constance/uuv_ws/devel/.private/uuv_control_msgs/lib/python3/dist-packages/uuv_control_msgs/msg/_WaypointSet.py, /home/constance/uuv_ws/devel/lib/python3/dist-packages/uuv_control_msgs/msg/_WaypointSet.py)
Linked: (/home/constance/uuv_ws/devel/.private/uuv_control_msgs/lib/python3/dist-packages/uuv_control_msgs/msg/_TrajectoryPoint.py, /home/constance/uuv_ws/devel/lib/python3/dist-packages/uuv_control_msgs/msg/_TrajectoryPoint.py)
Linked: (/home/constance/uuv_ws/devel/.private/uuv_control_msgs/lib/python3/dist-packages/uuv_control_msgs/msg/__init__.py, /home/constance/uuv_ws/devel/lib/python3/dist-packages/uuv_control_msgs/msg/__init__.py)
Linked: (/home/constance/uuv_ws/devel/.private/uuv_control_msgs/lib/pkgconfig/uuv_control_msgs.pc, /home/constance/uuv_ws/devel/lib/pkgconfig/uuv_control_msgs.pc)
