Symlinking /home/constance/uuv_ws/devel/include/ds_ocomms_msgs/PwrCmdRequest.h
Symlinking /home/constance/uuv_ws/devel/include/ds_ocomms_msgs/PingCmdResponse.h
Symlinking /home/constance/uuv_ws/devel/include/ds_ocomms_msgs/TransferCmdResponse.h
Symlinking /home/constance/uuv_ws/devel/include/ds_ocomms_msgs/PingCmdRequest.h
Symlinking /home/constance/uuv_ws/devel/include/ds_ocomms_msgs/SettingsCmdRequest.h
Symlinking /home/constance/uuv_ws/devel/include/ds_ocomms_msgs/ModemStatus.h
Symlinking /home/constance/uuv_ws/devel/include/ds_ocomms_msgs/PwrCmd.h
Symlinking /home/constance/uuv_ws/devel/include/ds_ocomms_msgs/SettingsCmdResponse.h
Symlinking /home/constance/uuv_ws/devel/include/ds_ocomms_msgs/SettingsCmd.h
Symlinking /home/constance/uuv_ws/devel/include/ds_ocomms_msgs/QueryCmd.h
Symlinking /home/constance/uuv_ws/devel/include/ds_ocomms_msgs/XfrStatus.h
Symlinking /home/constance/uuv_ws/devel/include/ds_ocomms_msgs/TransferCmd.h
Symlinking /home/constance/uuv_ws/devel/include/ds_ocomms_msgs/EmitterStatus.h
Symlinking /home/constance/uuv_ws/devel/include/ds_ocomms_msgs/TransferCmdRequest.h
Symlinking /home/constance/uuv_ws/devel/include/ds_ocomms_msgs/PwrCmdResponse.h
Symlinking /home/constance/uuv_ws/devel/include/ds_ocomms_msgs/EnvStatus.h
Symlinking /home/constance/uuv_ws/devel/include/ds_ocomms_msgs/PingCmd.h
Symlinking /home/constance/uuv_ws/devel/include/ds_ocomms_msgs/ModemSettings.h
Symlinking /home/constance/uuv_ws/devel/include/ds_ocomms_msgs/QueryCmdResponse.h
Symlinking /home/constance/uuv_ws/devel/include/ds_ocomms_msgs/QueryCmdRequest.h
Symlinking /home/constance/uuv_ws/devel/share/roseus/ros/ds_ocomms_msgs/manifest.l
Symlinking /home/constance/uuv_ws/devel/share/roseus/ros/ds_ocomms_msgs/srv/TransferCmd.l
Symlinking /home/constance/uuv_ws/devel/share/roseus/ros/ds_ocomms_msgs/srv/QueryCmd.l
Symlinking /home/constance/uuv_ws/devel/share/roseus/ros/ds_ocomms_msgs/srv/PingCmd.l
Symlinking /home/constance/uuv_ws/devel/share/roseus/ros/ds_ocomms_msgs/srv/PwrCmd.l
Symlinking /home/constance/uuv_ws/devel/share/roseus/ros/ds_ocomms_msgs/srv/SettingsCmd.l
Symlinking /home/constance/uuv_ws/devel/share/roseus/ros/ds_ocomms_msgs/msg/EmitterStatus.l
Symlinking /home/constance/uuv_ws/devel/share/roseus/ros/ds_ocomms_msgs/msg/EnvStatus.l
Symlinking /home/constance/uuv_ws/devel/share/roseus/ros/ds_ocomms_msgs/msg/XfrStatus.l
Symlinking /home/constance/uuv_ws/devel/share/roseus/ros/ds_ocomms_msgs/msg/ModemStatus.l
Symlinking /home/constance/uuv_ws/devel/share/roseus/ros/ds_ocomms_msgs/msg/ModemSettings.l
Symlinking /home/constance/uuv_ws/devel/share/common-lisp/ros/ds_ocomms_msgs/srv/_package_PingCmd.lisp
Symlinking /home/constance/uuv_ws/devel/share/common-lisp/ros/ds_ocomms_msgs/srv/_package_TransferCmd.lisp
Symlinking /home/constance/uuv_ws/devel/share/common-lisp/ros/ds_ocomms_msgs/srv/PwrCmd.lisp
Symlinking /home/constance/uuv_ws/devel/share/common-lisp/ros/ds_ocomms_msgs/srv/PingCmd.lisp
Symlinking /home/constance/uuv_ws/devel/share/common-lisp/ros/ds_ocomms_msgs/srv/QueryCmd.lisp
Symlinking /home/constance/uuv_ws/devel/share/common-lisp/ros/ds_ocomms_msgs/srv/_package.lisp
Symlinking /home/constance/uuv_ws/devel/share/common-lisp/ros/ds_ocomms_msgs/srv/ds_ocomms_msgs-srv.asd
Symlinking /home/constance/uuv_ws/devel/share/common-lisp/ros/ds_ocomms_msgs/srv/_package_SettingsCmd.lisp
Symlinking /home/constance/uuv_ws/devel/share/common-lisp/ros/ds_ocomms_msgs/srv/_package_QueryCmd.lisp
Symlinking /home/constance/uuv_ws/devel/share/common-lisp/ros/ds_ocomms_msgs/srv/SettingsCmd.lisp
Symlinking /home/constance/uuv_ws/devel/share/common-lisp/ros/ds_ocomms_msgs/srv/_package_PwrCmd.lisp
Symlinking /home/constance/uuv_ws/devel/share/common-lisp/ros/ds_ocomms_msgs/srv/TransferCmd.lisp
Symlinking /home/constance/uuv_ws/devel/share/common-lisp/ros/ds_ocomms_msgs/msg/EmitterStatus.lisp
Symlinking /home/constance/uuv_ws/devel/share/common-lisp/ros/ds_ocomms_msgs/msg/_package_EmitterStatus.lisp
Symlinking /home/constance/uuv_ws/devel/share/common-lisp/ros/ds_ocomms_msgs/msg/ModemStatus.lisp
Symlinking /home/constance/uuv_ws/devel/share/common-lisp/ros/ds_ocomms_msgs/msg/_package.lisp
Symlinking /home/constance/uuv_ws/devel/share/common-lisp/ros/ds_ocomms_msgs/msg/ModemSettings.lisp
Symlinking /home/constance/uuv_ws/devel/share/common-lisp/ros/ds_ocomms_msgs/msg/XfrStatus.lisp
Symlinking /home/constance/uuv_ws/devel/share/common-lisp/ros/ds_ocomms_msgs/msg/_package_ModemStatus.lisp
Symlinking /home/constance/uuv_ws/devel/share/common-lisp/ros/ds_ocomms_msgs/msg/ds_ocomms_msgs-msg.asd
Symlinking /home/constance/uuv_ws/devel/share/common-lisp/ros/ds_ocomms_msgs/msg/EnvStatus.lisp
Symlinking /home/constance/uuv_ws/devel/share/common-lisp/ros/ds_ocomms_msgs/msg/_package_EnvStatus.lisp
Symlinking /home/constance/uuv_ws/devel/share/common-lisp/ros/ds_ocomms_msgs/msg/_package_XfrStatus.lisp
Symlinking /home/constance/uuv_ws/devel/share/common-lisp/ros/ds_ocomms_msgs/msg/_package_ModemSettings.lisp
Symlinking /home/constance/uuv_ws/devel/share/gennodejs/ros/ds_ocomms_msgs/_index.js
Symlinking /home/constance/uuv_ws/devel/share/gennodejs/ros/ds_ocomms_msgs/srv/TransferCmd.js
Symlinking /home/constance/uuv_ws/devel/share/gennodejs/ros/ds_ocomms_msgs/srv/QueryCmd.js
Symlinking /home/constance/uuv_ws/devel/share/gennodejs/ros/ds_ocomms_msgs/srv/PwrCmd.js
Symlinking /home/constance/uuv_ws/devel/share/gennodejs/ros/ds_ocomms_msgs/srv/PingCmd.js
Symlinking /home/constance/uuv_ws/devel/share/gennodejs/ros/ds_ocomms_msgs/srv/_index.js
Symlinking /home/constance/uuv_ws/devel/share/gennodejs/ros/ds_ocomms_msgs/srv/SettingsCmd.js
Symlinking /home/constance/uuv_ws/devel/share/gennodejs/ros/ds_ocomms_msgs/msg/XfrStatus.js
Symlinking /home/constance/uuv_ws/devel/share/gennodejs/ros/ds_ocomms_msgs/msg/_index.js
Symlinking /home/constance/uuv_ws/devel/share/gennodejs/ros/ds_ocomms_msgs/msg/ModemSettings.js
Symlinking /home/constance/uuv_ws/devel/share/gennodejs/ros/ds_ocomms_msgs/msg/ModemStatus.js
Symlinking /home/constance/uuv_ws/devel/share/gennodejs/ros/ds_ocomms_msgs/msg/EnvStatus.js
Symlinking /home/constance/uuv_ws/devel/share/gennodejs/ros/ds_ocomms_msgs/msg/EmitterStatus.js
Symlinking /home/constance/uuv_ws/devel/share/ds_ocomms_msgs/cmake/ds_ocomms_msgsConfig-version.cmake
Symlinking /home/constance/uuv_ws/devel/share/ds_ocomms_msgs/cmake/ds_ocomms_msgs-msg-extras.cmake
Symlinking /home/constance/uuv_ws/devel/share/ds_ocomms_msgs/cmake/ds_ocomms_msgs-msg-paths.cmake
Symlinking /home/constance/uuv_ws/devel/share/ds_ocomms_msgs/cmake/ds_ocomms_msgsConfig.cmake
Symlinking /home/constance/uuv_ws/devel/lib/python3/dist-packages/ds_ocomms_msgs/__init__.py
Symlinking /home/constance/uuv_ws/devel/lib/python3/dist-packages/ds_ocomms_msgs/srv/_SettingsCmd.py
Symlinking /home/constance/uuv_ws/devel/lib/python3/dist-packages/ds_ocomms_msgs/srv/_PingCmd.py
Symlinking /home/constance/uuv_ws/devel/lib/python3/dist-packages/ds_ocomms_msgs/srv/_PwrCmd.py
Symlinking /home/constance/uuv_ws/devel/lib/python3/dist-packages/ds_ocomms_msgs/srv/__init__.py
Symlinking /home/constance/uuv_ws/devel/lib/python3/dist-packages/ds_ocomms_msgs/srv/_QueryCmd.py
Symlinking /home/constance/uuv_ws/devel/lib/python3/dist-packages/ds_ocomms_msgs/srv/_TransferCmd.py
Symlinking /home/constance/uuv_ws/devel/lib/python3/dist-packages/ds_ocomms_msgs/msg/_EnvStatus.py
Symlinking /home/constance/uuv_ws/devel/lib/python3/dist-packages/ds_ocomms_msgs/msg/_ModemSettings.py
Symlinking /home/constance/uuv_ws/devel/lib/python3/dist-packages/ds_ocomms_msgs/msg/_ModemStatus.py
Symlinking /home/constance/uuv_ws/devel/lib/python3/dist-packages/ds_ocomms_msgs/msg/_EmitterStatus.py
Symlinking /home/constance/uuv_ws/devel/lib/python3/dist-packages/ds_ocomms_msgs/msg/_XfrStatus.py
Symlinking /home/constance/uuv_ws/devel/lib/python3/dist-packages/ds_ocomms_msgs/msg/__init__.py
Symlinking /home/constance/uuv_ws/devel/lib/pkgconfig/ds_ocomms_msgs.pc
