[35m[1mScanning dependencies of target _ds_ocomms_msgs_generate_messages_check_deps_QueryCmd[0m
[  0%] Built target _ds_ocomms_msgs_generate_messages_check_deps_QueryCmd
[35m[1mScanning dependencies of target std_msgs_generate_messages_cpp[0m
[  0%] Built target std_msgs_generate_messages_cpp
[35m[1mScanning dependencies of target ds_core_msgs_generate_messages_cpp[0m
[  0%] Built target ds_core_msgs_generate_messages_cpp
[35m[1mScanning dependencies of target _ds_ocomms_msgs_generate_messages_check_deps_EmitterStatus[0m
[  0%] Built target _ds_ocomms_msgs_generate_messages_check_deps_EmitterStatus
[35m[1mScanning dependencies of target _ds_ocomms_msgs_generate_messages_check_deps_EnvStatus[0m
[  0%] Built target _ds_ocomms_msgs_generate_messages_check_deps_EnvStatus
[35m[1mScanning dependencies of target _ds_ocomms_msgs_generate_messages_check_deps_PingCmd[0m
[  0%] Built target _ds_ocomms_msgs_generate_messages_check_deps_PingCmd
[35m[1mScanning dependencies of target _ds_ocomms_msgs_generate_messages_check_deps_TransferCmd[0m
[  0%] Built target _ds_ocomms_msgs_generate_messages_check_deps_TransferCmd
[35m[1mScanning dependencies of target _ds_ocomms_msgs_generate_messages_check_deps_ModemSettings[0m
[  0%] Built target _ds_ocomms_msgs_generate_messages_check_deps_ModemSettings
[35m[1mScanning dependencies of target _ds_ocomms_msgs_generate_messages_check_deps_ModemStatus[0m
[  0%] Built target _ds_ocomms_msgs_generate_messages_check_deps_ModemStatus
[35m[1mScanning dependencies of target _ds_ocomms_msgs_generate_messages_check_deps_PwrCmd[0m
[  0%] Built target _ds_ocomms_msgs_generate_messages_check_deps_PwrCmd
[35m[1mScanning dependencies of target _ds_ocomms_msgs_generate_messages_check_deps_XfrStatus[0m
[  0%] Built target _ds_ocomms_msgs_generate_messages_check_deps_XfrStatus
[35m[1mScanning dependencies of target _ds_ocomms_msgs_generate_messages_check_deps_SettingsCmd[0m
[  0%] Built target _ds_ocomms_msgs_generate_messages_check_deps_SettingsCmd
[35m[1mScanning dependencies of target ds_core_msgs_generate_messages_py[0m
[  0%] Built target ds_core_msgs_generate_messages_py
[35m[1mScanning dependencies of target std_msgs_generate_messages_py[0m
[  0%] Built target std_msgs_generate_messages_py
[35m[1mScanning dependencies of target ds_core_msgs_generate_messages_lisp[0m
[  0%] Built target ds_core_msgs_generate_messages_lisp
[35m[1mScanning dependencies of target std_msgs_generate_messages_lisp[0m
[  0%] Built target std_msgs_generate_messages_lisp
[35m[1mScanning dependencies of target std_msgs_generate_messages_eus[0m
[  0%] Built target std_msgs_generate_messages_eus
[35m[1mScanning dependencies of target ds_core_msgs_generate_messages_eus[0m
[  0%] Built target ds_core_msgs_generate_messages_eus
[35m[1mScanning dependencies of target ds_core_msgs_generate_messages_nodejs[0m
[  0%] Built target ds_core_msgs_generate_messages_nodejs
[35m[1mScanning dependencies of target std_msgs_generate_messages_nodejs[0m
[  0%] Built target std_msgs_generate_messages_nodejs
[35m[1mScanning dependencies of target ds_ocomms_msgs_generate_messages_cpp[0m
[  1%] [34m[1mGenerating C++ code from ds_ocomms_msgs/EmitterStatus.msg[0m
[  3%] [34m[1mGenerating C++ code from ds_ocomms_msgs/EnvStatus.msg[0m
[  5%] [34m[1mGenerating C++ code from ds_ocomms_msgs/ModemSettings.msg[0m
[  7%] [34m[1mGenerating C++ code from ds_ocomms_msgs/ModemStatus.msg[0m
[  9%] [34m[1mGenerating C++ code from ds_ocomms_msgs/XfrStatus.msg[0m
[ 11%] [34m[1mGenerating C++ code from ds_ocomms_msgs/PingCmd.srv[0m
[ 13%] [34m[1mGenerating C++ code from ds_ocomms_msgs/PwrCmd.srv[0m
[ 15%] [34m[1mGenerating C++ code from ds_ocomms_msgs/QueryCmd.srv[0m
[ 16%] [34m[1mGenerating C++ code from ds_ocomms_msgs/SettingsCmd.srv[0m
[ 18%] [34m[1mGenerating C++ code from ds_ocomms_msgs/TransferCmd.srv[0m
[35m[1mScanning dependencies of target ds_ocomms_msgs_generate_messages_py[0m
[ 20%] [34m[1mGenerating Python from MSG ds_ocomms_msgs/EmitterStatus[0m
[ 20%] Built target ds_ocomms_msgs_generate_messages_cpp
[ 22%] [34m[1mGenerating Python from MSG ds_ocomms_msgs/EnvStatus[0m
[35m[1mScanning dependencies of target ds_ocomms_msgs_generate_messages_lisp[0m
[ 24%] [34m[1mGenerating Lisp code from ds_ocomms_msgs/EmitterStatus.msg[0m
[ 26%] [34m[1mGenerating Lisp code from ds_ocomms_msgs/EnvStatus.msg[0m
[ 28%] [34m[1mGenerating Lisp code from ds_ocomms_msgs/ModemSettings.msg[0m
[ 30%] [34m[1mGenerating Lisp code from ds_ocomms_msgs/ModemStatus.msg[0m
[ 32%] [34m[1mGenerating Python from MSG ds_ocomms_msgs/ModemSettings[0m
[ 33%] [34m[1mGenerating Lisp code from ds_ocomms_msgs/XfrStatus.msg[0m
[ 35%] [34m[1mGenerating Lisp code from ds_ocomms_msgs/PingCmd.srv[0m
[ 37%] [34m[1mGenerating Lisp code from ds_ocomms_msgs/PwrCmd.srv[0m
[ 39%] [34m[1mGenerating Lisp code from ds_ocomms_msgs/QueryCmd.srv[0m
[ 41%] [34m[1mGenerating Python from MSG ds_ocomms_msgs/ModemStatus[0m
[ 43%] [34m[1mGenerating Lisp code from ds_ocomms_msgs/SettingsCmd.srv[0m
[ 45%] [34m[1mGenerating Lisp code from ds_ocomms_msgs/TransferCmd.srv[0m
[ 47%] [34m[1mGenerating Python from MSG ds_ocomms_msgs/XfrStatus[0m
[ 47%] Built target ds_ocomms_msgs_generate_messages_lisp
[35m[1mScanning dependencies of target ds_ocomms_msgs_generate_messages_eus[0m
[ 49%] [34m[1mGenerating EusLisp code from ds_ocomms_msgs/EmitterStatus.msg[0m
[ 50%] [34m[1mGenerating EusLisp code from ds_ocomms_msgs/EnvStatus.msg[0m
[ 52%] [34m[1mGenerating Python code from SRV ds_ocomms_msgs/PingCmd[0m
[ 54%] [34m[1mGenerating EusLisp code from ds_ocomms_msgs/ModemSettings.msg[0m
[ 56%] [34m[1mGenerating EusLisp code from ds_ocomms_msgs/ModemStatus.msg[0m
[ 58%] [34m[1mGenerating EusLisp code from ds_ocomms_msgs/XfrStatus.msg[0m
[ 60%] [34m[1mGenerating Python code from SRV ds_ocomms_msgs/PwrCmd[0m
[ 62%] [34m[1mGenerating EusLisp code from ds_ocomms_msgs/PingCmd.srv[0m
[35m[1mScanning dependencies of target ds_ocomms_msgs_generate_messages_nodejs[0m
[ 64%] [34m[1mGenerating Javascript code from ds_ocomms_msgs/EmitterStatus.msg[0m
[ 66%] [34m[1mGenerating EusLisp code from ds_ocomms_msgs/PwrCmd.srv[0m
[ 67%] [34m[1mGenerating Javascript code from ds_ocomms_msgs/EnvStatus.msg[0m
[ 69%] [34m[1mGenerating Javascript code from ds_ocomms_msgs/ModemSettings.msg[0m
[ 71%] [34m[1mGenerating Python code from SRV ds_ocomms_msgs/QueryCmd[0m
[ 73%] [34m[1mGenerating EusLisp code from ds_ocomms_msgs/QueryCmd.srv[0m
[ 75%] [34m[1mGenerating Javascript code from ds_ocomms_msgs/ModemStatus.msg[0m
[ 77%] [34m[1mGenerating EusLisp code from ds_ocomms_msgs/SettingsCmd.srv[0m
[ 79%] [34m[1mGenerating Javascript code from ds_ocomms_msgs/XfrStatus.msg[0m
[ 81%] [34m[1mGenerating Javascript code from ds_ocomms_msgs/PingCmd.srv[0m
[ 83%] [34m[1mGenerating EusLisp code from ds_ocomms_msgs/TransferCmd.srv[0m
[ 84%] [34m[1mGenerating Python code from SRV ds_ocomms_msgs/SettingsCmd[0m
[ 86%] [34m[1mGenerating Javascript code from ds_ocomms_msgs/PwrCmd.srv[0m
[ 88%] [34m[1mGenerating EusLisp manifest code for ds_ocomms_msgs[0m
[ 90%] [34m[1mGenerating Javascript code from ds_ocomms_msgs/QueryCmd.srv[0m
[ 92%] [34m[1mGenerating Javascript code from ds_ocomms_msgs/SettingsCmd.srv[0m
[ 94%] [34m[1mGenerating Python code from SRV ds_ocomms_msgs/TransferCmd[0m
[ 96%] [34m[1mGenerating Javascript code from ds_ocomms_msgs/TransferCmd.srv[0m
[ 96%] Built target ds_ocomms_msgs_generate_messages_nodejs
[ 98%] [34m[1mGenerating Python msg __init__.py for ds_ocomms_msgs[0m
[100%] [34m[1mGenerating Python srv __init__.py for ds_ocomms_msgs[0m
[100%] Built target ds_ocomms_msgs_generate_messages_eus
[100%] Built target ds_ocomms_msgs_generate_messages_py
[35m[1mScanning dependencies of target ds_ocomms_msgs_generate_messages[0m
[100%] Built target ds_ocomms_msgs_generate_messages
