[  0%] Built target _ds_actuator_msgs_generate_messages_check_deps_XrCmd
[  0%] Built target _ds_actuator_msgs_generate_messages_check_deps_ServoState
[  0%] Built target ds_core_msgs_generate_messages_lisp
[  0%] Built target std_msgs_generate_messages_lisp
[  0%] Built target _ds_actuator_msgs_generate_messages_check_deps_ServoCmd
[  0%] Built target _ds_actuator_msgs_generate_messages_check_deps_Tecnadyne561
[  0%] Built target _ds_actuator_msgs_generate_messages_check_deps_ThrusterCmd
[  0%] Built target _ds_actuator_msgs_generate_messages_check_deps_ThrusterState
[  0%] Built target _ds_actuator_msgs_generate_messages_check_deps_DropweightCmd
[ 18%] Built target ds_actuator_msgs_generate_messages_lisp
[ 18%] Built target std_msgs_generate_messages_cpp
[ 18%] Built target ds_core_msgs_generate_messages_cpp
[ 36%] Built target ds_actuator_msgs_generate_messages_cpp
[ 36%] Built target ds_core_msgs_generate_messages_nodejs
[ 36%] Built target std_msgs_generate_messages_nodejs
[ 55%] Built target ds_actuator_msgs_generate_messages_nodejs
[ 55%] Built target std_msgs_generate_messages_eus
[ 55%] Built target ds_core_msgs_generate_messages_eus
[ 76%] Built target ds_actuator_msgs_generate_messages_eus
[ 76%] Built target ds_core_msgs_generate_messages_py
[ 76%] Built target std_msgs_generate_messages_py
[100%] Built target ds_actuator_msgs_generate_messages_py
[100%] Built target ds_actuator_msgs_generate_messages
[36mInstall the project...[0m
-- Install configuration: ""
-- Installing: /home/constance/uuv_ws/install/_setup_util.py
-- Installing: /home/constance/uuv_ws/install/env.sh
-- Installing: /home/constance/uuv_ws/install/setup.bash
-- Installing: /home/constance/uuv_ws/install/local_setup.bash
-- Installing: /home/constance/uuv_ws/install/setup.sh
-- Installing: /home/constance/uuv_ws/install/local_setup.sh
-- Installing: /home/constance/uuv_ws/install/setup.zsh
-- Installing: /home/constance/uuv_ws/install/local_setup.zsh
-- Installing: /home/constance/uuv_ws/install/.rosinstall
-- Up-to-date: /home/constance/uuv_ws/install/share/ds_actuator_msgs/msg/ServoCmd.msg
-- Up-to-date: /home/constance/uuv_ws/install/share/ds_actuator_msgs/msg/ServoState.msg
-- Up-to-date: /home/constance/uuv_ws/install/share/ds_actuator_msgs/msg/Tecnadyne561.msg
-- Up-to-date: /home/constance/uuv_ws/install/share/ds_actuator_msgs/msg/ThrusterCmd.msg
-- Up-to-date: /home/constance/uuv_ws/install/share/ds_actuator_msgs/msg/ThrusterState.msg
-- Up-to-date: /home/constance/uuv_ws/install/share/ds_actuator_msgs/msg/DropweightCmd.msg
-- Up-to-date: /home/constance/uuv_ws/install/share/ds_actuator_msgs/srv/XrCmd.srv
-- Up-to-date: /home/constance/uuv_ws/install/share/ds_actuator_msgs/cmake/ds_actuator_msgs-msg-paths.cmake
-- Up-to-date: /home/constance/uuv_ws/install/include/ds_actuator_msgs
-- Up-to-date: /home/constance/uuv_ws/install/include/ds_actuator_msgs/XrCmdRequest.h
-- Up-to-date: /home/constance/uuv_ws/install/include/ds_actuator_msgs/ThrusterCmd.h
-- Up-to-date: /home/constance/uuv_ws/install/include/ds_actuator_msgs/ServoCmd.h
-- Up-to-date: /home/constance/uuv_ws/install/include/ds_actuator_msgs/DropweightCmd.h
-- Up-to-date: /home/constance/uuv_ws/install/include/ds_actuator_msgs/XrCmdResponse.h
-- Up-to-date: /home/constance/uuv_ws/install/include/ds_actuator_msgs/XrCmd.h
-- Up-to-date: /home/constance/uuv_ws/install/include/ds_actuator_msgs/ThrusterState.h
-- Up-to-date: /home/constance/uuv_ws/install/include/ds_actuator_msgs/ServoState.h
-- Up-to-date: /home/constance/uuv_ws/install/include/ds_actuator_msgs/Tecnadyne561.h
-- Up-to-date: /home/constance/uuv_ws/install/share/roseus/ros/ds_actuator_msgs
-- Up-to-date: /home/constance/uuv_ws/install/share/roseus/ros/ds_actuator_msgs/srv
-- Up-to-date: /home/constance/uuv_ws/install/share/roseus/ros/ds_actuator_msgs/srv/XrCmd.l
-- Up-to-date: /home/constance/uuv_ws/install/share/roseus/ros/ds_actuator_msgs/manifest.l
-- Up-to-date: /home/constance/uuv_ws/install/share/roseus/ros/ds_actuator_msgs/msg
-- Up-to-date: /home/constance/uuv_ws/install/share/roseus/ros/ds_actuator_msgs/msg/Tecnadyne561.l
-- Up-to-date: /home/constance/uuv_ws/install/share/roseus/ros/ds_actuator_msgs/msg/ServoCmd.l
-- Up-to-date: /home/constance/uuv_ws/install/share/roseus/ros/ds_actuator_msgs/msg/ServoState.l
-- Up-to-date: /home/constance/uuv_ws/install/share/roseus/ros/ds_actuator_msgs/msg/ThrusterState.l
-- Up-to-date: /home/constance/uuv_ws/install/share/roseus/ros/ds_actuator_msgs/msg/ThrusterCmd.l
-- Up-to-date: /home/constance/uuv_ws/install/share/roseus/ros/ds_actuator_msgs/msg/DropweightCmd.l
-- Up-to-date: /home/constance/uuv_ws/install/share/common-lisp/ros/ds_actuator_msgs
-- Up-to-date: /home/constance/uuv_ws/install/share/common-lisp/ros/ds_actuator_msgs/srv
-- Up-to-date: /home/constance/uuv_ws/install/share/common-lisp/ros/ds_actuator_msgs/srv/_package_XrCmd.lisp
-- Up-to-date: /home/constance/uuv_ws/install/share/common-lisp/ros/ds_actuator_msgs/srv/_package.lisp
-- Up-to-date: /home/constance/uuv_ws/install/share/common-lisp/ros/ds_actuator_msgs/srv/ds_actuator_msgs-srv.asd
-- Up-to-date: /home/constance/uuv_ws/install/share/common-lisp/ros/ds_actuator_msgs/srv/XrCmd.lisp
-- Up-to-date: /home/constance/uuv_ws/install/share/common-lisp/ros/ds_actuator_msgs/msg
-- Up-to-date: /home/constance/uuv_ws/install/share/common-lisp/ros/ds_actuator_msgs/msg/_package_ServoCmd.lisp
-- Up-to-date: /home/constance/uuv_ws/install/share/common-lisp/ros/ds_actuator_msgs/msg/DropweightCmd.lisp
-- Up-to-date: /home/constance/uuv_ws/install/share/common-lisp/ros/ds_actuator_msgs/msg/_package_Tecnadyne561.lisp
-- Up-to-date: /home/constance/uuv_ws/install/share/common-lisp/ros/ds_actuator_msgs/msg/ServoCmd.lisp
-- Up-to-date: /home/constance/uuv_ws/install/share/common-lisp/ros/ds_actuator_msgs/msg/_package_ThrusterCmd.lisp
-- Up-to-date: /home/constance/uuv_ws/install/share/common-lisp/ros/ds_actuator_msgs/msg/ds_actuator_msgs-msg.asd
-- Up-to-date: /home/constance/uuv_ws/install/share/common-lisp/ros/ds_actuator_msgs/msg/_package_ServoState.lisp
-- Up-to-date: /home/constance/uuv_ws/install/share/common-lisp/ros/ds_actuator_msgs/msg/_package_DropweightCmd.lisp
-- Up-to-date: /home/constance/uuv_ws/install/share/common-lisp/ros/ds_actuator_msgs/msg/_package_ThrusterState.lisp
-- Up-to-date: /home/constance/uuv_ws/install/share/common-lisp/ros/ds_actuator_msgs/msg/_package.lisp
-- Up-to-date: /home/constance/uuv_ws/install/share/common-lisp/ros/ds_actuator_msgs/msg/ServoState.lisp
-- Up-to-date: /home/constance/uuv_ws/install/share/common-lisp/ros/ds_actuator_msgs/msg/ThrusterState.lisp
-- Up-to-date: /home/constance/uuv_ws/install/share/common-lisp/ros/ds_actuator_msgs/msg/Tecnadyne561.lisp
-- Up-to-date: /home/constance/uuv_ws/install/share/common-lisp/ros/ds_actuator_msgs/msg/ThrusterCmd.lisp
-- Up-to-date: /home/constance/uuv_ws/install/share/gennodejs/ros/ds_actuator_msgs
-- Up-to-date: /home/constance/uuv_ws/install/share/gennodejs/ros/ds_actuator_msgs/srv
-- Up-to-date: /home/constance/uuv_ws/install/share/gennodejs/ros/ds_actuator_msgs/srv/_index.js
-- Up-to-date: /home/constance/uuv_ws/install/share/gennodejs/ros/ds_actuator_msgs/srv/XrCmd.js
-- Up-to-date: /home/constance/uuv_ws/install/share/gennodejs/ros/ds_actuator_msgs/_index.js
-- Up-to-date: /home/constance/uuv_ws/install/share/gennodejs/ros/ds_actuator_msgs/msg
-- Up-to-date: /home/constance/uuv_ws/install/share/gennodejs/ros/ds_actuator_msgs/msg/DropweightCmd.js
-- Up-to-date: /home/constance/uuv_ws/install/share/gennodejs/ros/ds_actuator_msgs/msg/Tecnadyne561.js
-- Up-to-date: /home/constance/uuv_ws/install/share/gennodejs/ros/ds_actuator_msgs/msg/_index.js
-- Up-to-date: /home/constance/uuv_ws/install/share/gennodejs/ros/ds_actuator_msgs/msg/ThrusterState.js
-- Up-to-date: /home/constance/uuv_ws/install/share/gennodejs/ros/ds_actuator_msgs/msg/ThrusterCmd.js
-- Up-to-date: /home/constance/uuv_ws/install/share/gennodejs/ros/ds_actuator_msgs/msg/ServoState.js
-- Up-to-date: /home/constance/uuv_ws/install/share/gennodejs/ros/ds_actuator_msgs/msg/ServoCmd.js
Listing '/home/constance/uuv_ws/devel/.private/ds_actuator_msgs/lib/python3/dist-packages/ds_actuator_msgs'...
Listing '/home/constance/uuv_ws/devel/.private/ds_actuator_msgs/lib/python3/dist-packages/ds_actuator_msgs/msg'...
Listing '/home/constance/uuv_ws/devel/.private/ds_actuator_msgs/lib/python3/dist-packages/ds_actuator_msgs/srv'...
-- Up-to-date: /home/constance/uuv_ws/install/lib/python3/dist-packages/ds_actuator_msgs
-- Up-to-date: /home/constance/uuv_ws/install/lib/python3/dist-packages/ds_actuator_msgs/srv
-- Up-to-date: /home/constance/uuv_ws/install/lib/python3/dist-packages/ds_actuator_msgs/srv/_XrCmd.py
-- Up-to-date: /home/constance/uuv_ws/install/lib/python3/dist-packages/ds_actuator_msgs/srv/__pycache__
-- Up-to-date: /home/constance/uuv_ws/install/lib/python3/dist-packages/ds_actuator_msgs/srv/__pycache__/__init__.cpython-38.pyc
-- Up-to-date: /home/constance/uuv_ws/install/lib/python3/dist-packages/ds_actuator_msgs/srv/__pycache__/_XrCmd.cpython-38.pyc
-- Up-to-date: /home/constance/uuv_ws/install/lib/python3/dist-packages/ds_actuator_msgs/srv/__init__.py
-- Up-to-date: /home/constance/uuv_ws/install/lib/python3/dist-packages/ds_actuator_msgs/__pycache__
-- Up-to-date: /home/constance/uuv_ws/install/lib/python3/dist-packages/ds_actuator_msgs/__pycache__/__init__.cpython-38.pyc
-- Up-to-date: /home/constance/uuv_ws/install/lib/python3/dist-packages/ds_actuator_msgs/msg
-- Up-to-date: /home/constance/uuv_ws/install/lib/python3/dist-packages/ds_actuator_msgs/msg/_ThrusterState.py
-- Up-to-date: /home/constance/uuv_ws/install/lib/python3/dist-packages/ds_actuator_msgs/msg/__pycache__
-- Up-to-date: /home/constance/uuv_ws/install/lib/python3/dist-packages/ds_actuator_msgs/msg/__pycache__/_ServoState.cpython-38.pyc
-- Up-to-date: /home/constance/uuv_ws/install/lib/python3/dist-packages/ds_actuator_msgs/msg/__pycache__/__init__.cpython-38.pyc
-- Up-to-date: /home/constance/uuv_ws/install/lib/python3/dist-packages/ds_actuator_msgs/msg/__pycache__/_Tecnadyne561.cpython-38.pyc
-- Up-to-date: /home/constance/uuv_ws/install/lib/python3/dist-packages/ds_actuator_msgs/msg/__pycache__/_ThrusterState.cpython-38.pyc
-- Up-to-date: /home/constance/uuv_ws/install/lib/python3/dist-packages/ds_actuator_msgs/msg/__pycache__/_DropweightCmd.cpython-38.pyc
-- Up-to-date: /home/constance/uuv_ws/install/lib/python3/dist-packages/ds_actuator_msgs/msg/__pycache__/_ThrusterCmd.cpython-38.pyc
-- Up-to-date: /home/constance/uuv_ws/install/lib/python3/dist-packages/ds_actuator_msgs/msg/__pycache__/_ServoCmd.cpython-38.pyc
-- Up-to-date: /home/constance/uuv_ws/install/lib/python3/dist-packages/ds_actuator_msgs/msg/_ServoState.py
-- Up-to-date: /home/constance/uuv_ws/install/lib/python3/dist-packages/ds_actuator_msgs/msg/_Tecnadyne561.py
-- Up-to-date: /home/constance/uuv_ws/install/lib/python3/dist-packages/ds_actuator_msgs/msg/_ThrusterCmd.py
-- Up-to-date: /home/constance/uuv_ws/install/lib/python3/dist-packages/ds_actuator_msgs/msg/_DropweightCmd.py
-- Up-to-date: /home/constance/uuv_ws/install/lib/python3/dist-packages/ds_actuator_msgs/msg/__init__.py
-- Up-to-date: /home/constance/uuv_ws/install/lib/python3/dist-packages/ds_actuator_msgs/msg/_ServoCmd.py
-- Up-to-date: /home/constance/uuv_ws/install/lib/python3/dist-packages/ds_actuator_msgs/__init__.py
-- Up-to-date: /home/constance/uuv_ws/install/lib/pkgconfig/ds_actuator_msgs.pc
-- Up-to-date: /home/constance/uuv_ws/install/share/ds_actuator_msgs/cmake/ds_actuator_msgs-msg-extras.cmake
-- Up-to-date: /home/constance/uuv_ws/install/share/ds_actuator_msgs/cmake/ds_actuator_msgsConfig.cmake
-- Up-to-date: /home/constance/uuv_ws/install/share/ds_actuator_msgs/cmake/ds_actuator_msgsConfig-version.cmake
-- Up-to-date: /home/constance/uuv_ws/install/share/ds_actuator_msgs/package.xml
