[  0%] Built target std_msgs_generate_messages_lisp
[  0%] Built target ds_core_msgs_generate_messages_lisp
[  0%] Built target _ds_actuator_msgs_generate_messages_check_deps_ServoState
[  0%] Built target _ds_actuator_msgs_generate_messages_check_deps_XrCmd
[  0%] Built target _ds_actuator_msgs_generate_messages_check_deps_ServoCmd
[  0%] Built target _ds_actuator_msgs_generate_messages_check_deps_Tecnadyne561
[  0%] Built target std_msgs_generate_messages_cpp
[  0%] Built target _ds_actuator_msgs_generate_messages_check_deps_ThrusterCmd
[  0%] Built target _ds_actuator_msgs_generate_messages_check_deps_ThrusterState
[  0%] Built target ds_core_msgs_generate_messages_cpp
[  0%] Built target ds_core_msgs_generate_messages_nodejs
[  0%] Built target std_msgs_generate_messages_nodejs
[  0%] Built target _ds_actuator_msgs_generate_messages_check_deps_DropweightCmd
[  0%] Built target std_msgs_generate_messages_eus
[  0%] Built target ds_core_msgs_generate_messages_eus
[  0%] Built target ds_core_msgs_generate_messages_py
[  0%] Built target std_msgs_generate_messages_py
[ 18%] Built target ds_actuator_msgs_generate_messages_lisp
[ 36%] Built target ds_actuator_msgs_generate_messages_cpp
[ 55%] Built target ds_actuator_msgs_generate_messages_nodejs
[ 76%] Built target ds_actuator_msgs_generate_messages_eus
[100%] Built target ds_actuator_msgs_generate_messages_py
[100%] Built target ds_actuator_msgs_generate_messages
