[35m[1mScanning dependencies of target _ds_actuator_msgs_generate_messages_check_deps_XrCmd[0m
[  0%] Built target _ds_actuator_msgs_generate_messages_check_deps_XrCmd
[35m[1mScanning dependencies of target _ds_actuator_msgs_generate_messages_check_deps_ServoState[0m
[  0%] Built target _ds_actuator_msgs_generate_messages_check_deps_ServoState
[35m[1mScanning dependencies of target ds_core_msgs_generate_messages_lisp[0m
[  0%] Built target ds_core_msgs_generate_messages_lisp
[35m[1mScanning dependencies of target std_msgs_generate_messages_lisp[0m
[  0%] Built target std_msgs_generate_messages_lisp
[35m[1mScanning dependencies of target _ds_actuator_msgs_generate_messages_check_deps_ServoCmd[0m
[  0%] Built target _ds_actuator_msgs_generate_messages_check_deps_ServoCmd
[35m[1mScanning dependencies of target _ds_actuator_msgs_generate_messages_check_deps_Tecnadyne561[0m
[  0%] Built target _ds_actuator_msgs_generate_messages_check_deps_Tecnadyne561
[35m[1mScanning dependencies of target _ds_actuator_msgs_generate_messages_check_deps_ThrusterCmd[0m
[  0%] Built target _ds_actuator_msgs_generate_messages_check_deps_ThrusterCmd
[35m[1mScanning dependencies of target _ds_actuator_msgs_generate_messages_check_deps_ThrusterState[0m
[  0%] Built target _ds_actuator_msgs_generate_messages_check_deps_ThrusterState
[35m[1mScanning dependencies of target _ds_actuator_msgs_generate_messages_check_deps_DropweightCmd[0m
[  0%] Built target _ds_actuator_msgs_generate_messages_check_deps_DropweightCmd
[35m[1mScanning dependencies of target std_msgs_generate_messages_cpp[0m
[  0%] Built target std_msgs_generate_messages_cpp
[35m[1mScanning dependencies of target ds_core_msgs_generate_messages_cpp[0m
[  0%] Built target ds_core_msgs_generate_messages_cpp
[35m[1mScanning dependencies of target ds_core_msgs_generate_messages_nodejs[0m
[  0%] Built target ds_core_msgs_generate_messages_nodejs
[35m[1mScanning dependencies of target std_msgs_generate_messages_nodejs[0m
[  0%] Built target std_msgs_generate_messages_nodejs
[35m[1mScanning dependencies of target std_msgs_generate_messages_eus[0m
[  0%] Built target std_msgs_generate_messages_eus
[35m[1mScanning dependencies of target ds_core_msgs_generate_messages_eus[0m
[  0%] Built target ds_core_msgs_generate_messages_eus
[35m[1mScanning dependencies of target ds_core_msgs_generate_messages_py[0m
[  0%] Built target ds_core_msgs_generate_messages_py
[35m[1mScanning dependencies of target std_msgs_generate_messages_py[0m
[  0%] Built target std_msgs_generate_messages_py
[35m[1mScanning dependencies of target ds_actuator_msgs_generate_messages_lisp[0m
[  2%] [34m[1mGenerating Lisp code from ds_actuator_msgs/ServoCmd.msg[0m
[  5%] [34m[1mGenerating Lisp code from ds_actuator_msgs/ServoState.msg[0m
[  7%] [34m[1mGenerating Lisp code from ds_actuator_msgs/Tecnadyne561.msg[0m
[ 10%] [34m[1mGenerating Lisp code from ds_actuator_msgs/ThrusterCmd.msg[0m
[ 13%] [34m[1mGenerating Lisp code from ds_actuator_msgs/ThrusterState.msg[0m
[ 15%] [34m[1mGenerating Lisp code from ds_actuator_msgs/DropweightCmd.msg[0m
[ 18%] [34m[1mGenerating Lisp code from ds_actuator_msgs/XrCmd.srv[0m
[ 18%] Built target ds_actuator_msgs_generate_messages_lisp
[35m[1mScanning dependencies of target ds_actuator_msgs_generate_messages_cpp[0m
[ 21%] [34m[1mGenerating C++ code from ds_actuator_msgs/ServoCmd.msg[0m
[ 23%] [34m[1mGenerating C++ code from ds_actuator_msgs/ServoState.msg[0m
[ 26%] [34m[1mGenerating C++ code from ds_actuator_msgs/Tecnadyne561.msg[0m
[ 28%] [34m[1mGenerating C++ code from ds_actuator_msgs/ThrusterCmd.msg[0m
[ 31%] [34m[1mGenerating C++ code from ds_actuator_msgs/ThrusterState.msg[0m
[ 34%] [34m[1mGenerating C++ code from ds_actuator_msgs/DropweightCmd.msg[0m
[ 36%] [34m[1mGenerating C++ code from ds_actuator_msgs/XrCmd.srv[0m
[ 36%] Built target ds_actuator_msgs_generate_messages_cpp
[35m[1mScanning dependencies of target ds_actuator_msgs_generate_messages_nodejs[0m
[ 39%] [34m[1mGenerating Javascript code from ds_actuator_msgs/ServoCmd.msg[0m
[ 42%] [34m[1mGenerating Javascript code from ds_actuator_msgs/ServoState.msg[0m
[ 44%] [34m[1mGenerating Javascript code from ds_actuator_msgs/Tecnadyne561.msg[0m
[ 47%] [34m[1mGenerating Javascript code from ds_actuator_msgs/ThrusterCmd.msg[0m
[ 50%] [34m[1mGenerating Javascript code from ds_actuator_msgs/ThrusterState.msg[0m
[ 52%] [34m[1mGenerating Javascript code from ds_actuator_msgs/DropweightCmd.msg[0m
[ 55%] [34m[1mGenerating Javascript code from ds_actuator_msgs/XrCmd.srv[0m
[ 55%] Built target ds_actuator_msgs_generate_messages_nodejs
[35m[1mScanning dependencies of target ds_actuator_msgs_generate_messages_eus[0m
[ 57%] [34m[1mGenerating EusLisp code from ds_actuator_msgs/ServoCmd.msg[0m
[ 60%] [34m[1mGenerating EusLisp code from ds_actuator_msgs/ServoState.msg[0m
[ 63%] [34m[1mGenerating EusLisp code from ds_actuator_msgs/Tecnadyne561.msg[0m
[ 65%] [34m[1mGenerating EusLisp code from ds_actuator_msgs/ThrusterCmd.msg[0m
[ 68%] [34m[1mGenerating EusLisp code from ds_actuator_msgs/ThrusterState.msg[0m
[ 71%] [34m[1mGenerating EusLisp code from ds_actuator_msgs/DropweightCmd.msg[0m
[ 73%] [34m[1mGenerating EusLisp code from ds_actuator_msgs/XrCmd.srv[0m
[ 76%] [34m[1mGenerating EusLisp manifest code for ds_actuator_msgs[0m
[ 76%] Built target ds_actuator_msgs_generate_messages_eus
[35m[1mScanning dependencies of target ds_actuator_msgs_generate_messages_py[0m
[ 78%] [34m[1mGenerating Python from MSG ds_actuator_msgs/ServoCmd[0m
[ 81%] [34m[1mGenerating Python from MSG ds_actuator_msgs/ServoState[0m
[ 84%] [34m[1mGenerating Python from MSG ds_actuator_msgs/Tecnadyne561[0m
[ 86%] [34m[1mGenerating Python from MSG ds_actuator_msgs/ThrusterCmd[0m
[ 89%] [34m[1mGenerating Python from MSG ds_actuator_msgs/ThrusterState[0m
[ 92%] [34m[1mGenerating Python from MSG ds_actuator_msgs/DropweightCmd[0m
[ 94%] [34m[1mGenerating Python code from SRV ds_actuator_msgs/XrCmd[0m
[ 97%] [34m[1mGenerating Python msg __init__.py for ds_actuator_msgs[0m
[100%] [34m[1mGenerating Python srv __init__.py for ds_actuator_msgs[0m
[100%] Built target ds_actuator_msgs_generate_messages_py
[35m[1mScanning dependencies of target ds_actuator_msgs_generate_messages[0m
[100%] Built target ds_actuator_msgs_generate_messages
