Symlinking /home/constance/uuv_ws/devel/include/ds_actuator_msgs/XrCmdRequest.h
Symlinking /home/constance/uuv_ws/devel/include/ds_actuator_msgs/ThrusterCmd.h
Symlinking /home/constance/uuv_ws/devel/include/ds_actuator_msgs/ServoCmd.h
Symlinking /home/constance/uuv_ws/devel/include/ds_actuator_msgs/DropweightCmd.h
Symlinking /home/constance/uuv_ws/devel/include/ds_actuator_msgs/XrCmdResponse.h
Symlinking /home/constance/uuv_ws/devel/include/ds_actuator_msgs/XrCmd.h
Symlinking /home/constance/uuv_ws/devel/include/ds_actuator_msgs/ThrusterState.h
Symlinking /home/constance/uuv_ws/devel/include/ds_actuator_msgs/ServoState.h
Symlinking /home/constance/uuv_ws/devel/include/ds_actuator_msgs/Tecnadyne561.h
Symlinking /home/constance/uuv_ws/devel/share/roseus/ros/ds_actuator_msgs/manifest.l
Symlinking /home/constance/uuv_ws/devel/share/roseus/ros/ds_actuator_msgs/srv/XrCmd.l
Symlinking /home/constance/uuv_ws/devel/share/roseus/ros/ds_actuator_msgs/msg/Tecnadyne561.l
Symlinking /home/constance/uuv_ws/devel/share/roseus/ros/ds_actuator_msgs/msg/ServoCmd.l
Symlinking /home/constance/uuv_ws/devel/share/roseus/ros/ds_actuator_msgs/msg/ServoState.l
Symlinking /home/constance/uuv_ws/devel/share/roseus/ros/ds_actuator_msgs/msg/ThrusterState.l
Symlinking /home/constance/uuv_ws/devel/share/roseus/ros/ds_actuator_msgs/msg/ThrusterCmd.l
Symlinking /home/constance/uuv_ws/devel/share/roseus/ros/ds_actuator_msgs/msg/DropweightCmd.l
Symlinking /home/constance/uuv_ws/devel/share/common-lisp/ros/ds_actuator_msgs/srv/_package_XrCmd.lisp
Symlinking /home/constance/uuv_ws/devel/share/common-lisp/ros/ds_actuator_msgs/srv/_package.lisp
Symlinking /home/constance/uuv_ws/devel/share/common-lisp/ros/ds_actuator_msgs/srv/ds_actuator_msgs-srv.asd
Symlinking /home/constance/uuv_ws/devel/share/common-lisp/ros/ds_actuator_msgs/srv/XrCmd.lisp
Symlinking /home/constance/uuv_ws/devel/share/common-lisp/ros/ds_actuator_msgs/msg/_package_ServoCmd.lisp
Symlinking /home/constance/uuv_ws/devel/share/common-lisp/ros/ds_actuator_msgs/msg/DropweightCmd.lisp
Symlinking /home/constance/uuv_ws/devel/share/common-lisp/ros/ds_actuator_msgs/msg/_package_Tecnadyne561.lisp
Symlinking /home/constance/uuv_ws/devel/share/common-lisp/ros/ds_actuator_msgs/msg/ServoCmd.lisp
Symlinking /home/constance/uuv_ws/devel/share/common-lisp/ros/ds_actuator_msgs/msg/_package_ThrusterCmd.lisp
Symlinking /home/constance/uuv_ws/devel/share/common-lisp/ros/ds_actuator_msgs/msg/ds_actuator_msgs-msg.asd
Symlinking /home/constance/uuv_ws/devel/share/common-lisp/ros/ds_actuator_msgs/msg/_package_ServoState.lisp
Symlinking /home/constance/uuv_ws/devel/share/common-lisp/ros/ds_actuator_msgs/msg/_package_DropweightCmd.lisp
Symlinking /home/constance/uuv_ws/devel/share/common-lisp/ros/ds_actuator_msgs/msg/_package_ThrusterState.lisp
Symlinking /home/constance/uuv_ws/devel/share/common-lisp/ros/ds_actuator_msgs/msg/_package.lisp
Symlinking /home/constance/uuv_ws/devel/share/common-lisp/ros/ds_actuator_msgs/msg/ServoState.lisp
Symlinking /home/constance/uuv_ws/devel/share/common-lisp/ros/ds_actuator_msgs/msg/ThrusterState.lisp
Symlinking /home/constance/uuv_ws/devel/share/common-lisp/ros/ds_actuator_msgs/msg/Tecnadyne561.lisp
Symlinking /home/constance/uuv_ws/devel/share/common-lisp/ros/ds_actuator_msgs/msg/ThrusterCmd.lisp
Symlinking /home/constance/uuv_ws/devel/share/gennodejs/ros/ds_actuator_msgs/_index.js
Symlinking /home/constance/uuv_ws/devel/share/gennodejs/ros/ds_actuator_msgs/srv/_index.js
Symlinking /home/constance/uuv_ws/devel/share/gennodejs/ros/ds_actuator_msgs/srv/XrCmd.js
Symlinking /home/constance/uuv_ws/devel/share/gennodejs/ros/ds_actuator_msgs/msg/DropweightCmd.js
Symlinking /home/constance/uuv_ws/devel/share/gennodejs/ros/ds_actuator_msgs/msg/Tecnadyne561.js
Symlinking /home/constance/uuv_ws/devel/share/gennodejs/ros/ds_actuator_msgs/msg/_index.js
Symlinking /home/constance/uuv_ws/devel/share/gennodejs/ros/ds_actuator_msgs/msg/ThrusterState.js
Symlinking /home/constance/uuv_ws/devel/share/gennodejs/ros/ds_actuator_msgs/msg/ThrusterCmd.js
Symlinking /home/constance/uuv_ws/devel/share/gennodejs/ros/ds_actuator_msgs/msg/ServoState.js
Symlinking /home/constance/uuv_ws/devel/share/gennodejs/ros/ds_actuator_msgs/msg/ServoCmd.js
Symlinking /home/constance/uuv_ws/devel/share/ds_actuator_msgs/cmake/ds_actuator_msgs-msg-extras.cmake
Symlinking /home/constance/uuv_ws/devel/share/ds_actuator_msgs/cmake/ds_actuator_msgs-msg-paths.cmake
Symlinking /home/constance/uuv_ws/devel/share/ds_actuator_msgs/cmake/ds_actuator_msgsConfig-version.cmake
Symlinking /home/constance/uuv_ws/devel/share/ds_actuator_msgs/cmake/ds_actuator_msgsConfig.cmake
Symlinking /home/constance/uuv_ws/devel/lib/python3/dist-packages/ds_actuator_msgs/__init__.py
Symlinking /home/constance/uuv_ws/devel/lib/python3/dist-packages/ds_actuator_msgs/srv/_XrCmd.py
Symlinking /home/constance/uuv_ws/devel/lib/python3/dist-packages/ds_actuator_msgs/srv/__init__.py
Symlinking /home/constance/uuv_ws/devel/lib/python3/dist-packages/ds_actuator_msgs/msg/_ThrusterState.py
Symlinking /home/constance/uuv_ws/devel/lib/python3/dist-packages/ds_actuator_msgs/msg/_ServoState.py
Symlinking /home/constance/uuv_ws/devel/lib/python3/dist-packages/ds_actuator_msgs/msg/_Tecnadyne561.py
Symlinking /home/constance/uuv_ws/devel/lib/python3/dist-packages/ds_actuator_msgs/msg/_ThrusterCmd.py
Symlinking /home/constance/uuv_ws/devel/lib/python3/dist-packages/ds_actuator_msgs/msg/_DropweightCmd.py
Symlinking /home/constance/uuv_ws/devel/lib/python3/dist-packages/ds_actuator_msgs/msg/__init__.py
Symlinking /home/constance/uuv_ws/devel/lib/python3/dist-packages/ds_actuator_msgs/msg/_ServoCmd.py
Symlinking /home/constance/uuv_ws/devel/lib/pkgconfig/ds_actuator_msgs.pc
