Linked: (/home/constance/uuv_ws/devel/.private/ds_nmea_msgs/include/ds_nmea_msgs/PixseAtitud.h, /home/constance/uuv_ws/devel/include/ds_nmea_msgs/PixseAtitud.h)
Linked: (/home/constance/uuv_ws/devel/.private/ds_nmea_msgs/include/ds_nmea_msgs/PixseConfig2Int.h, /home/constance/uuv_ws/devel/include/ds_nmea_msgs/PixseConfig2Int.h)
Linked: (/home/constance/uuv_ws/devel/.private/ds_nmea_msgs/include/ds_nmea_msgs/PixseHspos.h, /home/constance/uuv_ws/devel/include/ds_nmea_msgs/PixseHspos.h)
Linked: (/home/constance/uuv_ws/devel/.private/ds_nmea_msgs/include/ds_nmea_msgs/PixseHeave.h, /home/constance/uuv_ws/devel/include/ds_nmea_msgs/PixseHeave.h)
Linked: (/home/constance/uuv_ws/devel/.private/ds_nmea_msgs/include/ds_nmea_msgs/PixseHtsts.h, /home/constance/uuv_ws/devel/include/ds_nmea_msgs/PixseHtsts.h)
Linked: (/home/constance/uuv_ws/devel/.private/ds_nmea_msgs/include/ds_nmea_msgs/Zda.h, /home/constance/uuv_ws/devel/include/ds_nmea_msgs/Zda.h)
Linked: (/home/constance/uuv_ws/devel/.private/ds_nmea_msgs/include/ds_nmea_msgs/PixseAccest.h, /home/constance/uuv_ws/devel/include/ds_nmea_msgs/PixseAccest.h)
Linked: (/home/constance/uuv_ws/devel/.private/ds_nmea_msgs/include/ds_nmea_msgs/Gll.h, /home/constance/uuv_ws/devel/include/ds_nmea_msgs/Gll.h)
Linked: (/home/constance/uuv_ws/devel/.private/ds_nmea_msgs/include/ds_nmea_msgs/PixseStatus.h, /home/constance/uuv_ws/devel/include/ds_nmea_msgs/PixseStatus.h)
Linked: (/home/constance/uuv_ws/devel/.private/ds_nmea_msgs/include/ds_nmea_msgs/Inf.h, /home/constance/uuv_ws/devel/include/ds_nmea_msgs/Inf.h)
Linked: (/home/constance/uuv_ws/devel/.private/ds_nmea_msgs/include/ds_nmea_msgs/PixsePositi.h, /home/constance/uuv_ws/devel/include/ds_nmea_msgs/PixsePositi.h)
Linked: (/home/constance/uuv_ws/devel/.private/ds_nmea_msgs/include/ds_nmea_msgs/PixseStdhrp.h, /home/constance/uuv_ws/devel/include/ds_nmea_msgs/PixseStdhrp.h)
Linked: (/home/constance/uuv_ws/devel/.private/ds_nmea_msgs/include/ds_nmea_msgs/Vtg.h, /home/constance/uuv_ws/devel/include/ds_nmea_msgs/Vtg.h)
Linked: (/home/constance/uuv_ws/devel/.private/ds_nmea_msgs/include/ds_nmea_msgs/PixseAlgsts.h, /home/constance/uuv_ws/devel/include/ds_nmea_msgs/PixseAlgsts.h)
Linked: (/home/constance/uuv_ws/devel/.private/ds_nmea_msgs/include/ds_nmea_msgs/PixseStdspd.h, /home/constance/uuv_ws/devel/include/ds_nmea_msgs/PixseStdspd.h)
Linked: (/home/constance/uuv_ws/devel/.private/ds_nmea_msgs/include/ds_nmea_msgs/Gga.h, /home/constance/uuv_ws/devel/include/ds_nmea_msgs/Gga.h)
Linked: (/home/constance/uuv_ws/devel/.private/ds_nmea_msgs/include/ds_nmea_msgs/PixseFogest.h, /home/constance/uuv_ws/devel/include/ds_nmea_msgs/PixseFogest.h)
Linked: (/home/constance/uuv_ws/devel/.private/ds_nmea_msgs/include/ds_nmea_msgs/PixseConfig1Int.h, /home/constance/uuv_ws/devel/include/ds_nmea_msgs/PixseConfig1Int.h)
Linked: (/home/constance/uuv_ws/devel/.private/ds_nmea_msgs/include/ds_nmea_msgs/PixseSpeed.h, /home/constance/uuv_ws/devel/include/ds_nmea_msgs/PixseSpeed.h)
Linked: (/home/constance/uuv_ws/devel/.private/ds_nmea_msgs/include/ds_nmea_msgs/Hdt.h, /home/constance/uuv_ws/devel/include/ds_nmea_msgs/Hdt.h)
Linked: (/home/constance/uuv_ws/devel/.private/ds_nmea_msgs/include/ds_nmea_msgs/PixseUtmwgs.h, /home/constance/uuv_ws/devel/include/ds_nmea_msgs/PixseUtmwgs.h)
Linked: (/home/constance/uuv_ws/devel/.private/ds_nmea_msgs/include/ds_nmea_msgs/Tro.h, /home/constance/uuv_ws/devel/include/ds_nmea_msgs/Tro.h)
Linked: (/home/constance/uuv_ws/devel/.private/ds_nmea_msgs/include/ds_nmea_msgs/PixseStdpos.h, /home/constance/uuv_ws/devel/include/ds_nmea_msgs/PixseStdpos.h)
Linked: (/home/constance/uuv_ws/devel/.private/ds_nmea_msgs/share/roseus/ros/ds_nmea_msgs/manifest.l, /home/constance/uuv_ws/devel/share/roseus/ros/ds_nmea_msgs/manifest.l)
Linked: (/home/constance/uuv_ws/devel/.private/ds_nmea_msgs/share/roseus/ros/ds_nmea_msgs/msg/Zda.l, /home/constance/uuv_ws/devel/share/roseus/ros/ds_nmea_msgs/msg/Zda.l)
Linked: (/home/constance/uuv_ws/devel/.private/ds_nmea_msgs/share/roseus/ros/ds_nmea_msgs/msg/PixseFogest.l, /home/constance/uuv_ws/devel/share/roseus/ros/ds_nmea_msgs/msg/PixseFogest.l)
Linked: (/home/constance/uuv_ws/devel/.private/ds_nmea_msgs/share/roseus/ros/ds_nmea_msgs/msg/PixseStdspd.l, /home/constance/uuv_ws/devel/share/roseus/ros/ds_nmea_msgs/msg/PixseStdspd.l)
Linked: (/home/constance/uuv_ws/devel/.private/ds_nmea_msgs/share/roseus/ros/ds_nmea_msgs/msg/PixseSpeed.l, /home/constance/uuv_ws/devel/share/roseus/ros/ds_nmea_msgs/msg/PixseSpeed.l)
Linked: (/home/constance/uuv_ws/devel/.private/ds_nmea_msgs/share/roseus/ros/ds_nmea_msgs/msg/Inf.l, /home/constance/uuv_ws/devel/share/roseus/ros/ds_nmea_msgs/msg/Inf.l)
Linked: (/home/constance/uuv_ws/devel/.private/ds_nmea_msgs/share/roseus/ros/ds_nmea_msgs/msg/Gga.l, /home/constance/uuv_ws/devel/share/roseus/ros/ds_nmea_msgs/msg/Gga.l)
Linked: (/home/constance/uuv_ws/devel/.private/ds_nmea_msgs/share/roseus/ros/ds_nmea_msgs/msg/PixseUtmwgs.l, /home/constance/uuv_ws/devel/share/roseus/ros/ds_nmea_msgs/msg/PixseUtmwgs.l)
Linked: (/home/constance/uuv_ws/devel/.private/ds_nmea_msgs/share/roseus/ros/ds_nmea_msgs/msg/PixseStatus.l, /home/constance/uuv_ws/devel/share/roseus/ros/ds_nmea_msgs/msg/PixseStatus.l)
Linked: (/home/constance/uuv_ws/devel/.private/ds_nmea_msgs/share/roseus/ros/ds_nmea_msgs/msg/PixseStdhrp.l, /home/constance/uuv_ws/devel/share/roseus/ros/ds_nmea_msgs/msg/PixseStdhrp.l)
Linked: (/home/constance/uuv_ws/devel/.private/ds_nmea_msgs/share/roseus/ros/ds_nmea_msgs/msg/Hdt.l, /home/constance/uuv_ws/devel/share/roseus/ros/ds_nmea_msgs/msg/Hdt.l)
Linked: (/home/constance/uuv_ws/devel/.private/ds_nmea_msgs/share/roseus/ros/ds_nmea_msgs/msg/PixseStdpos.l, /home/constance/uuv_ws/devel/share/roseus/ros/ds_nmea_msgs/msg/PixseStdpos.l)
Linked: (/home/constance/uuv_ws/devel/.private/ds_nmea_msgs/share/roseus/ros/ds_nmea_msgs/msg/PixseConfig2Int.l, /home/constance/uuv_ws/devel/share/roseus/ros/ds_nmea_msgs/msg/PixseConfig2Int.l)
Linked: (/home/constance/uuv_ws/devel/.private/ds_nmea_msgs/share/roseus/ros/ds_nmea_msgs/msg/PixseHeave.l, /home/constance/uuv_ws/devel/share/roseus/ros/ds_nmea_msgs/msg/PixseHeave.l)
Linked: (/home/constance/uuv_ws/devel/.private/ds_nmea_msgs/share/roseus/ros/ds_nmea_msgs/msg/Vtg.l, /home/constance/uuv_ws/devel/share/roseus/ros/ds_nmea_msgs/msg/Vtg.l)
Linked: (/home/constance/uuv_ws/devel/.private/ds_nmea_msgs/share/roseus/ros/ds_nmea_msgs/msg/Tro.l, /home/constance/uuv_ws/devel/share/roseus/ros/ds_nmea_msgs/msg/Tro.l)
Linked: (/home/constance/uuv_ws/devel/.private/ds_nmea_msgs/share/roseus/ros/ds_nmea_msgs/msg/PixseAccest.l, /home/constance/uuv_ws/devel/share/roseus/ros/ds_nmea_msgs/msg/PixseAccest.l)
Linked: (/home/constance/uuv_ws/devel/.private/ds_nmea_msgs/share/roseus/ros/ds_nmea_msgs/msg/PixseHspos.l, /home/constance/uuv_ws/devel/share/roseus/ros/ds_nmea_msgs/msg/PixseHspos.l)
Linked: (/home/constance/uuv_ws/devel/.private/ds_nmea_msgs/share/roseus/ros/ds_nmea_msgs/msg/PixseAtitud.l, /home/constance/uuv_ws/devel/share/roseus/ros/ds_nmea_msgs/msg/PixseAtitud.l)
Linked: (/home/constance/uuv_ws/devel/.private/ds_nmea_msgs/share/roseus/ros/ds_nmea_msgs/msg/PixseHtsts.l, /home/constance/uuv_ws/devel/share/roseus/ros/ds_nmea_msgs/msg/PixseHtsts.l)
Linked: (/home/constance/uuv_ws/devel/.private/ds_nmea_msgs/share/roseus/ros/ds_nmea_msgs/msg/PixsePositi.l, /home/constance/uuv_ws/devel/share/roseus/ros/ds_nmea_msgs/msg/PixsePositi.l)
Linked: (/home/constance/uuv_ws/devel/.private/ds_nmea_msgs/share/roseus/ros/ds_nmea_msgs/msg/PixseConfig1Int.l, /home/constance/uuv_ws/devel/share/roseus/ros/ds_nmea_msgs/msg/PixseConfig1Int.l)
Linked: (/home/constance/uuv_ws/devel/.private/ds_nmea_msgs/share/roseus/ros/ds_nmea_msgs/msg/Gll.l, /home/constance/uuv_ws/devel/share/roseus/ros/ds_nmea_msgs/msg/Gll.l)
Linked: (/home/constance/uuv_ws/devel/.private/ds_nmea_msgs/share/roseus/ros/ds_nmea_msgs/msg/PixseAlgsts.l, /home/constance/uuv_ws/devel/share/roseus/ros/ds_nmea_msgs/msg/PixseAlgsts.l)
Linked: (/home/constance/uuv_ws/devel/.private/ds_nmea_msgs/share/common-lisp/ros/ds_nmea_msgs/msg/PixseAtitud.lisp, /home/constance/uuv_ws/devel/share/common-lisp/ros/ds_nmea_msgs/msg/PixseAtitud.lisp)
Linked: (/home/constance/uuv_ws/devel/.private/ds_nmea_msgs/share/common-lisp/ros/ds_nmea_msgs/msg/PixseStdhrp.lisp, /home/constance/uuv_ws/devel/share/common-lisp/ros/ds_nmea_msgs/msg/PixseStdhrp.lisp)
Linked: (/home/constance/uuv_ws/devel/.private/ds_nmea_msgs/share/common-lisp/ros/ds_nmea_msgs/msg/_package_PixseUtmwgs.lisp, /home/constance/uuv_ws/devel/share/common-lisp/ros/ds_nmea_msgs/msg/_package_PixseUtmwgs.lisp)
Linked: (/home/constance/uuv_ws/devel/.private/ds_nmea_msgs/share/common-lisp/ros/ds_nmea_msgs/msg/_package_PixseHspos.lisp, /home/constance/uuv_ws/devel/share/common-lisp/ros/ds_nmea_msgs/msg/_package_PixseHspos.lisp)
Linked: (/home/constance/uuv_ws/devel/.private/ds_nmea_msgs/share/common-lisp/ros/ds_nmea_msgs/msg/PixseStatus.lisp, /home/constance/uuv_ws/devel/share/common-lisp/ros/ds_nmea_msgs/msg/PixseStatus.lisp)
Linked: (/home/constance/uuv_ws/devel/.private/ds_nmea_msgs/share/common-lisp/ros/ds_nmea_msgs/msg/_package_PixseHtsts.lisp, /home/constance/uuv_ws/devel/share/common-lisp/ros/ds_nmea_msgs/msg/_package_PixseHtsts.lisp)
Linked: (/home/constance/uuv_ws/devel/.private/ds_nmea_msgs/share/common-lisp/ros/ds_nmea_msgs/msg/_package_PixseConfig2Int.lisp, /home/constance/uuv_ws/devel/share/common-lisp/ros/ds_nmea_msgs/msg/_package_PixseConfig2Int.lisp)
Linked: (/home/constance/uuv_ws/devel/.private/ds_nmea_msgs/share/common-lisp/ros/ds_nmea_msgs/msg/_package_PixseConfig1Int.lisp, /home/constance/uuv_ws/devel/share/common-lisp/ros/ds_nmea_msgs/msg/_package_PixseConfig1Int.lisp)
Linked: (/home/constance/uuv_ws/devel/.private/ds_nmea_msgs/share/common-lisp/ros/ds_nmea_msgs/msg/PixseStdspd.lisp, /home/constance/uuv_ws/devel/share/common-lisp/ros/ds_nmea_msgs/msg/PixseStdspd.lisp)
Linked: (/home/constance/uuv_ws/devel/.private/ds_nmea_msgs/share/common-lisp/ros/ds_nmea_msgs/msg/_package_Gga.lisp, /home/constance/uuv_ws/devel/share/common-lisp/ros/ds_nmea_msgs/msg/_package_Gga.lisp)
Linked: (/home/constance/uuv_ws/devel/.private/ds_nmea_msgs/share/common-lisp/ros/ds_nmea_msgs/msg/_package_Vtg.lisp, /home/constance/uuv_ws/devel/share/common-lisp/ros/ds_nmea_msgs/msg/_package_Vtg.lisp)
Linked: (/home/constance/uuv_ws/devel/.private/ds_nmea_msgs/share/common-lisp/ros/ds_nmea_msgs/msg/_package_PixseStdspd.lisp, /home/constance/uuv_ws/devel/share/common-lisp/ros/ds_nmea_msgs/msg/_package_PixseStdspd.lisp)
Linked: (/home/constance/uuv_ws/devel/.private/ds_nmea_msgs/share/common-lisp/ros/ds_nmea_msgs/msg/_package_PixsePositi.lisp, /home/constance/uuv_ws/devel/share/common-lisp/ros/ds_nmea_msgs/msg/_package_PixsePositi.lisp)
Linked: (/home/constance/uuv_ws/devel/.private/ds_nmea_msgs/share/common-lisp/ros/ds_nmea_msgs/msg/PixseHeave.lisp, /home/constance/uuv_ws/devel/share/common-lisp/ros/ds_nmea_msgs/msg/PixseHeave.lisp)
Linked: (/home/constance/uuv_ws/devel/.private/ds_nmea_msgs/share/common-lisp/ros/ds_nmea_msgs/msg/PixseConfig1Int.lisp, /home/constance/uuv_ws/devel/share/common-lisp/ros/ds_nmea_msgs/msg/PixseConfig1Int.lisp)
Linked: (/home/constance/uuv_ws/devel/.private/ds_nmea_msgs/share/common-lisp/ros/ds_nmea_msgs/msg/_package_PixseStdhrp.lisp, /home/constance/uuv_ws/devel/share/common-lisp/ros/ds_nmea_msgs/msg/_package_PixseStdhrp.lisp)
Linked: (/home/constance/uuv_ws/devel/.private/ds_nmea_msgs/share/common-lisp/ros/ds_nmea_msgs/msg/_package_PixseAccest.lisp, /home/constance/uuv_ws/devel/share/common-lisp/ros/ds_nmea_msgs/msg/_package_PixseAccest.lisp)
Linked: (/home/constance/uuv_ws/devel/.private/ds_nmea_msgs/share/common-lisp/ros/ds_nmea_msgs/msg/_package_PixseSpeed.lisp, /home/constance/uuv_ws/devel/share/common-lisp/ros/ds_nmea_msgs/msg/_package_PixseSpeed.lisp)
Linked: (/home/constance/uuv_ws/devel/.private/ds_nmea_msgs/share/common-lisp/ros/ds_nmea_msgs/msg/PixseAlgsts.lisp, /home/constance/uuv_ws/devel/share/common-lisp/ros/ds_nmea_msgs/msg/PixseAlgsts.lisp)
Linked: (/home/constance/uuv_ws/devel/.private/ds_nmea_msgs/share/common-lisp/ros/ds_nmea_msgs/msg/PixseAccest.lisp, /home/constance/uuv_ws/devel/share/common-lisp/ros/ds_nmea_msgs/msg/PixseAccest.lisp)
Linked: (/home/constance/uuv_ws/devel/.private/ds_nmea_msgs/share/common-lisp/ros/ds_nmea_msgs/msg/_package_PixseStatus.lisp, /home/constance/uuv_ws/devel/share/common-lisp/ros/ds_nmea_msgs/msg/_package_PixseStatus.lisp)
Linked: (/home/constance/uuv_ws/devel/.private/ds_nmea_msgs/share/common-lisp/ros/ds_nmea_msgs/msg/_package.lisp, /home/constance/uuv_ws/devel/share/common-lisp/ros/ds_nmea_msgs/msg/_package.lisp)
Linked: (/home/constance/uuv_ws/devel/.private/ds_nmea_msgs/share/common-lisp/ros/ds_nmea_msgs/msg/Tro.lisp, /home/constance/uuv_ws/devel/share/common-lisp/ros/ds_nmea_msgs/msg/Tro.lisp)
Linked: (/home/constance/uuv_ws/devel/.private/ds_nmea_msgs/share/common-lisp/ros/ds_nmea_msgs/msg/Inf.lisp, /home/constance/uuv_ws/devel/share/common-lisp/ros/ds_nmea_msgs/msg/Inf.lisp)
Linked: (/home/constance/uuv_ws/devel/.private/ds_nmea_msgs/share/common-lisp/ros/ds_nmea_msgs/msg/PixseSpeed.lisp, /home/constance/uuv_ws/devel/share/common-lisp/ros/ds_nmea_msgs/msg/PixseSpeed.lisp)
Linked: (/home/constance/uuv_ws/devel/.private/ds_nmea_msgs/share/common-lisp/ros/ds_nmea_msgs/msg/PixseUtmwgs.lisp, /home/constance/uuv_ws/devel/share/common-lisp/ros/ds_nmea_msgs/msg/PixseUtmwgs.lisp)
Linked: (/home/constance/uuv_ws/devel/.private/ds_nmea_msgs/share/common-lisp/ros/ds_nmea_msgs/msg/Gll.lisp, /home/constance/uuv_ws/devel/share/common-lisp/ros/ds_nmea_msgs/msg/Gll.lisp)
Linked: (/home/constance/uuv_ws/devel/.private/ds_nmea_msgs/share/common-lisp/ros/ds_nmea_msgs/msg/Gga.lisp, /home/constance/uuv_ws/devel/share/common-lisp/ros/ds_nmea_msgs/msg/Gga.lisp)
Linked: (/home/constance/uuv_ws/devel/.private/ds_nmea_msgs/share/common-lisp/ros/ds_nmea_msgs/msg/Hdt.lisp, /home/constance/uuv_ws/devel/share/common-lisp/ros/ds_nmea_msgs/msg/Hdt.lisp)
Linked: (/home/constance/uuv_ws/devel/.private/ds_nmea_msgs/share/common-lisp/ros/ds_nmea_msgs/msg/_package_Gll.lisp, /home/constance/uuv_ws/devel/share/common-lisp/ros/ds_nmea_msgs/msg/_package_Gll.lisp)
Linked: (/home/constance/uuv_ws/devel/.private/ds_nmea_msgs/share/common-lisp/ros/ds_nmea_msgs/msg/PixseHspos.lisp, /home/constance/uuv_ws/devel/share/common-lisp/ros/ds_nmea_msgs/msg/PixseHspos.lisp)
Linked: (/home/constance/uuv_ws/devel/.private/ds_nmea_msgs/share/common-lisp/ros/ds_nmea_msgs/msg/_package_Inf.lisp, /home/constance/uuv_ws/devel/share/common-lisp/ros/ds_nmea_msgs/msg/_package_Inf.lisp)
Linked: (/home/constance/uuv_ws/devel/.private/ds_nmea_msgs/share/common-lisp/ros/ds_nmea_msgs/msg/_package_PixseHeave.lisp, /home/constance/uuv_ws/devel/share/common-lisp/ros/ds_nmea_msgs/msg/_package_PixseHeave.lisp)
Linked: (/home/constance/uuv_ws/devel/.private/ds_nmea_msgs/share/common-lisp/ros/ds_nmea_msgs/msg/_package_Hdt.lisp, /home/constance/uuv_ws/devel/share/common-lisp/ros/ds_nmea_msgs/msg/_package_Hdt.lisp)
Linked: (/home/constance/uuv_ws/devel/.private/ds_nmea_msgs/share/common-lisp/ros/ds_nmea_msgs/msg/_package_PixseAtitud.lisp, /home/constance/uuv_ws/devel/share/common-lisp/ros/ds_nmea_msgs/msg/_package_PixseAtitud.lisp)
Linked: (/home/constance/uuv_ws/devel/.private/ds_nmea_msgs/share/common-lisp/ros/ds_nmea_msgs/msg/PixseConfig2Int.lisp, /home/constance/uuv_ws/devel/share/common-lisp/ros/ds_nmea_msgs/msg/PixseConfig2Int.lisp)
Linked: (/home/constance/uuv_ws/devel/.private/ds_nmea_msgs/share/common-lisp/ros/ds_nmea_msgs/msg/Vtg.lisp, /home/constance/uuv_ws/devel/share/common-lisp/ros/ds_nmea_msgs/msg/Vtg.lisp)
Linked: (/home/constance/uuv_ws/devel/.private/ds_nmea_msgs/share/common-lisp/ros/ds_nmea_msgs/msg/PixseHtsts.lisp, /home/constance/uuv_ws/devel/share/common-lisp/ros/ds_nmea_msgs/msg/PixseHtsts.lisp)
Linked: (/home/constance/uuv_ws/devel/.private/ds_nmea_msgs/share/common-lisp/ros/ds_nmea_msgs/msg/ds_nmea_msgs-msg.asd, /home/constance/uuv_ws/devel/share/common-lisp/ros/ds_nmea_msgs/msg/ds_nmea_msgs-msg.asd)
Linked: (/home/constance/uuv_ws/devel/.private/ds_nmea_msgs/share/common-lisp/ros/ds_nmea_msgs/msg/_package_PixseAlgsts.lisp, /home/constance/uuv_ws/devel/share/common-lisp/ros/ds_nmea_msgs/msg/_package_PixseAlgsts.lisp)
Linked: (/home/constance/uuv_ws/devel/.private/ds_nmea_msgs/share/common-lisp/ros/ds_nmea_msgs/msg/PixseFogest.lisp, /home/constance/uuv_ws/devel/share/common-lisp/ros/ds_nmea_msgs/msg/PixseFogest.lisp)
Linked: (/home/constance/uuv_ws/devel/.private/ds_nmea_msgs/share/common-lisp/ros/ds_nmea_msgs/msg/Zda.lisp, /home/constance/uuv_ws/devel/share/common-lisp/ros/ds_nmea_msgs/msg/Zda.lisp)
Linked: (/home/constance/uuv_ws/devel/.private/ds_nmea_msgs/share/common-lisp/ros/ds_nmea_msgs/msg/_package_PixseFogest.lisp, /home/constance/uuv_ws/devel/share/common-lisp/ros/ds_nmea_msgs/msg/_package_PixseFogest.lisp)
Linked: (/home/constance/uuv_ws/devel/.private/ds_nmea_msgs/share/common-lisp/ros/ds_nmea_msgs/msg/_package_Tro.lisp, /home/constance/uuv_ws/devel/share/common-lisp/ros/ds_nmea_msgs/msg/_package_Tro.lisp)
Linked: (/home/constance/uuv_ws/devel/.private/ds_nmea_msgs/share/common-lisp/ros/ds_nmea_msgs/msg/_package_Zda.lisp, /home/constance/uuv_ws/devel/share/common-lisp/ros/ds_nmea_msgs/msg/_package_Zda.lisp)
Linked: (/home/constance/uuv_ws/devel/.private/ds_nmea_msgs/share/common-lisp/ros/ds_nmea_msgs/msg/PixsePositi.lisp, /home/constance/uuv_ws/devel/share/common-lisp/ros/ds_nmea_msgs/msg/PixsePositi.lisp)
Linked: (/home/constance/uuv_ws/devel/.private/ds_nmea_msgs/share/common-lisp/ros/ds_nmea_msgs/msg/PixseStdpos.lisp, /home/constance/uuv_ws/devel/share/common-lisp/ros/ds_nmea_msgs/msg/PixseStdpos.lisp)
Linked: (/home/constance/uuv_ws/devel/.private/ds_nmea_msgs/share/common-lisp/ros/ds_nmea_msgs/msg/_package_PixseStdpos.lisp, /home/constance/uuv_ws/devel/share/common-lisp/ros/ds_nmea_msgs/msg/_package_PixseStdpos.lisp)
Linked: (/home/constance/uuv_ws/devel/.private/ds_nmea_msgs/share/gennodejs/ros/ds_nmea_msgs/_index.js, /home/constance/uuv_ws/devel/share/gennodejs/ros/ds_nmea_msgs/_index.js)
Linked: (/home/constance/uuv_ws/devel/.private/ds_nmea_msgs/share/gennodejs/ros/ds_nmea_msgs/msg/PixsePositi.js, /home/constance/uuv_ws/devel/share/gennodejs/ros/ds_nmea_msgs/msg/PixsePositi.js)
Linked: (/home/constance/uuv_ws/devel/.private/ds_nmea_msgs/share/gennodejs/ros/ds_nmea_msgs/msg/PixseAlgsts.js, /home/constance/uuv_ws/devel/share/gennodejs/ros/ds_nmea_msgs/msg/PixseAlgsts.js)
Linked: (/home/constance/uuv_ws/devel/.private/ds_nmea_msgs/share/gennodejs/ros/ds_nmea_msgs/msg/PixseHtsts.js, /home/constance/uuv_ws/devel/share/gennodejs/ros/ds_nmea_msgs/msg/PixseHtsts.js)
Linked: (/home/constance/uuv_ws/devel/.private/ds_nmea_msgs/share/gennodejs/ros/ds_nmea_msgs/msg/PixseHspos.js, /home/constance/uuv_ws/devel/share/gennodejs/ros/ds_nmea_msgs/msg/PixseHspos.js)
Linked: (/home/constance/uuv_ws/devel/.private/ds_nmea_msgs/share/gennodejs/ros/ds_nmea_msgs/msg/PixseStdhrp.js, /home/constance/uuv_ws/devel/share/gennodejs/ros/ds_nmea_msgs/msg/PixseStdhrp.js)
Linked: (/home/constance/uuv_ws/devel/.private/ds_nmea_msgs/share/gennodejs/ros/ds_nmea_msgs/msg/PixseSpeed.js, /home/constance/uuv_ws/devel/share/gennodejs/ros/ds_nmea_msgs/msg/PixseSpeed.js)
Linked: (/home/constance/uuv_ws/devel/.private/ds_nmea_msgs/share/gennodejs/ros/ds_nmea_msgs/msg/_index.js, /home/constance/uuv_ws/devel/share/gennodejs/ros/ds_nmea_msgs/msg/_index.js)
Linked: (/home/constance/uuv_ws/devel/.private/ds_nmea_msgs/share/gennodejs/ros/ds_nmea_msgs/msg/PixseStdpos.js, /home/constance/uuv_ws/devel/share/gennodejs/ros/ds_nmea_msgs/msg/PixseStdpos.js)
Linked: (/home/constance/uuv_ws/devel/.private/ds_nmea_msgs/share/gennodejs/ros/ds_nmea_msgs/msg/PixseConfig1Int.js, /home/constance/uuv_ws/devel/share/gennodejs/ros/ds_nmea_msgs/msg/PixseConfig1Int.js)
Linked: (/home/constance/uuv_ws/devel/.private/ds_nmea_msgs/share/gennodejs/ros/ds_nmea_msgs/msg/PixseHeave.js, /home/constance/uuv_ws/devel/share/gennodejs/ros/ds_nmea_msgs/msg/PixseHeave.js)
Linked: (/home/constance/uuv_ws/devel/.private/ds_nmea_msgs/share/gennodejs/ros/ds_nmea_msgs/msg/Vtg.js, /home/constance/uuv_ws/devel/share/gennodejs/ros/ds_nmea_msgs/msg/Vtg.js)
Linked: (/home/constance/uuv_ws/devel/.private/ds_nmea_msgs/share/gennodejs/ros/ds_nmea_msgs/msg/PixseAtitud.js, /home/constance/uuv_ws/devel/share/gennodejs/ros/ds_nmea_msgs/msg/PixseAtitud.js)
Linked: (/home/constance/uuv_ws/devel/.private/ds_nmea_msgs/share/gennodejs/ros/ds_nmea_msgs/msg/PixseAccest.js, /home/constance/uuv_ws/devel/share/gennodejs/ros/ds_nmea_msgs/msg/PixseAccest.js)
Linked: (/home/constance/uuv_ws/devel/.private/ds_nmea_msgs/share/gennodejs/ros/ds_nmea_msgs/msg/PixseStdspd.js, /home/constance/uuv_ws/devel/share/gennodejs/ros/ds_nmea_msgs/msg/PixseStdspd.js)
Linked: (/home/constance/uuv_ws/devel/.private/ds_nmea_msgs/share/gennodejs/ros/ds_nmea_msgs/msg/Tro.js, /home/constance/uuv_ws/devel/share/gennodejs/ros/ds_nmea_msgs/msg/Tro.js)
Linked: (/home/constance/uuv_ws/devel/.private/ds_nmea_msgs/share/gennodejs/ros/ds_nmea_msgs/msg/Zda.js, /home/constance/uuv_ws/devel/share/gennodejs/ros/ds_nmea_msgs/msg/Zda.js)
Linked: (/home/constance/uuv_ws/devel/.private/ds_nmea_msgs/share/gennodejs/ros/ds_nmea_msgs/msg/PixseUtmwgs.js, /home/constance/uuv_ws/devel/share/gennodejs/ros/ds_nmea_msgs/msg/PixseUtmwgs.js)
Linked: (/home/constance/uuv_ws/devel/.private/ds_nmea_msgs/share/gennodejs/ros/ds_nmea_msgs/msg/PixseFogest.js, /home/constance/uuv_ws/devel/share/gennodejs/ros/ds_nmea_msgs/msg/PixseFogest.js)
Linked: (/home/constance/uuv_ws/devel/.private/ds_nmea_msgs/share/gennodejs/ros/ds_nmea_msgs/msg/Gga.js, /home/constance/uuv_ws/devel/share/gennodejs/ros/ds_nmea_msgs/msg/Gga.js)
Linked: (/home/constance/uuv_ws/devel/.private/ds_nmea_msgs/share/gennodejs/ros/ds_nmea_msgs/msg/Gll.js, /home/constance/uuv_ws/devel/share/gennodejs/ros/ds_nmea_msgs/msg/Gll.js)
Linked: (/home/constance/uuv_ws/devel/.private/ds_nmea_msgs/share/gennodejs/ros/ds_nmea_msgs/msg/Inf.js, /home/constance/uuv_ws/devel/share/gennodejs/ros/ds_nmea_msgs/msg/Inf.js)
Linked: (/home/constance/uuv_ws/devel/.private/ds_nmea_msgs/share/gennodejs/ros/ds_nmea_msgs/msg/Hdt.js, /home/constance/uuv_ws/devel/share/gennodejs/ros/ds_nmea_msgs/msg/Hdt.js)
Linked: (/home/constance/uuv_ws/devel/.private/ds_nmea_msgs/share/gennodejs/ros/ds_nmea_msgs/msg/PixseConfig2Int.js, /home/constance/uuv_ws/devel/share/gennodejs/ros/ds_nmea_msgs/msg/PixseConfig2Int.js)
Linked: (/home/constance/uuv_ws/devel/.private/ds_nmea_msgs/share/gennodejs/ros/ds_nmea_msgs/msg/PixseStatus.js, /home/constance/uuv_ws/devel/share/gennodejs/ros/ds_nmea_msgs/msg/PixseStatus.js)
Linked: (/home/constance/uuv_ws/devel/.private/ds_nmea_msgs/share/ds_nmea_msgs/cmake/ds_nmea_msgs-msg-paths.cmake, /home/constance/uuv_ws/devel/share/ds_nmea_msgs/cmake/ds_nmea_msgs-msg-paths.cmake)
Linked: (/home/constance/uuv_ws/devel/.private/ds_nmea_msgs/share/ds_nmea_msgs/cmake/ds_nmea_msgsConfig.cmake, /home/constance/uuv_ws/devel/share/ds_nmea_msgs/cmake/ds_nmea_msgsConfig.cmake)
Linked: (/home/constance/uuv_ws/devel/.private/ds_nmea_msgs/share/ds_nmea_msgs/cmake/ds_nmea_msgsConfig-version.cmake, /home/constance/uuv_ws/devel/share/ds_nmea_msgs/cmake/ds_nmea_msgsConfig-version.cmake)
Linked: (/home/constance/uuv_ws/devel/.private/ds_nmea_msgs/share/ds_nmea_msgs/cmake/ds_nmea_msgs-msg-extras.cmake, /home/constance/uuv_ws/devel/share/ds_nmea_msgs/cmake/ds_nmea_msgs-msg-extras.cmake)
Linked: (/home/constance/uuv_ws/devel/.private/ds_nmea_msgs/lib/python3/dist-packages/ds_nmea_msgs/__init__.py, /home/constance/uuv_ws/devel/lib/python3/dist-packages/ds_nmea_msgs/__init__.py)
Linked: (/home/constance/uuv_ws/devel/.private/ds_nmea_msgs/lib/python3/dist-packages/ds_nmea_msgs/msg/_Gga.py, /home/constance/uuv_ws/devel/lib/python3/dist-packages/ds_nmea_msgs/msg/_Gga.py)
Linked: (/home/constance/uuv_ws/devel/.private/ds_nmea_msgs/lib/python3/dist-packages/ds_nmea_msgs/msg/_PixseStdpos.py, /home/constance/uuv_ws/devel/lib/python3/dist-packages/ds_nmea_msgs/msg/_PixseStdpos.py)
Linked: (/home/constance/uuv_ws/devel/.private/ds_nmea_msgs/lib/python3/dist-packages/ds_nmea_msgs/msg/_PixseAtitud.py, /home/constance/uuv_ws/devel/lib/python3/dist-packages/ds_nmea_msgs/msg/_PixseAtitud.py)
Linked: (/home/constance/uuv_ws/devel/.private/ds_nmea_msgs/lib/python3/dist-packages/ds_nmea_msgs/msg/_PixsePositi.py, /home/constance/uuv_ws/devel/lib/python3/dist-packages/ds_nmea_msgs/msg/_PixsePositi.py)
Linked: (/home/constance/uuv_ws/devel/.private/ds_nmea_msgs/lib/python3/dist-packages/ds_nmea_msgs/msg/_PixseUtmwgs.py, /home/constance/uuv_ws/devel/lib/python3/dist-packages/ds_nmea_msgs/msg/_PixseUtmwgs.py)
Linked: (/home/constance/uuv_ws/devel/.private/ds_nmea_msgs/lib/python3/dist-packages/ds_nmea_msgs/msg/_Vtg.py, /home/constance/uuv_ws/devel/lib/python3/dist-packages/ds_nmea_msgs/msg/_Vtg.py)
Linked: (/home/constance/uuv_ws/devel/.private/ds_nmea_msgs/lib/python3/dist-packages/ds_nmea_msgs/msg/_PixseStdhrp.py, /home/constance/uuv_ws/devel/lib/python3/dist-packages/ds_nmea_msgs/msg/_PixseStdhrp.py)
Linked: (/home/constance/uuv_ws/devel/.private/ds_nmea_msgs/lib/python3/dist-packages/ds_nmea_msgs/msg/_PixseAlgsts.py, /home/constance/uuv_ws/devel/lib/python3/dist-packages/ds_nmea_msgs/msg/_PixseAlgsts.py)
Linked: (/home/constance/uuv_ws/devel/.private/ds_nmea_msgs/lib/python3/dist-packages/ds_nmea_msgs/msg/_PixseHeave.py, /home/constance/uuv_ws/devel/lib/python3/dist-packages/ds_nmea_msgs/msg/_PixseHeave.py)
Linked: (/home/constance/uuv_ws/devel/.private/ds_nmea_msgs/lib/python3/dist-packages/ds_nmea_msgs/msg/_PixseSpeed.py, /home/constance/uuv_ws/devel/lib/python3/dist-packages/ds_nmea_msgs/msg/_PixseSpeed.py)
Linked: (/home/constance/uuv_ws/devel/.private/ds_nmea_msgs/lib/python3/dist-packages/ds_nmea_msgs/msg/_PixseFogest.py, /home/constance/uuv_ws/devel/lib/python3/dist-packages/ds_nmea_msgs/msg/_PixseFogest.py)
Linked: (/home/constance/uuv_ws/devel/.private/ds_nmea_msgs/lib/python3/dist-packages/ds_nmea_msgs/msg/_Zda.py, /home/constance/uuv_ws/devel/lib/python3/dist-packages/ds_nmea_msgs/msg/_Zda.py)
Linked: (/home/constance/uuv_ws/devel/.private/ds_nmea_msgs/lib/python3/dist-packages/ds_nmea_msgs/msg/_Tro.py, /home/constance/uuv_ws/devel/lib/python3/dist-packages/ds_nmea_msgs/msg/_Tro.py)
Linked: (/home/constance/uuv_ws/devel/.private/ds_nmea_msgs/lib/python3/dist-packages/ds_nmea_msgs/msg/_PixseConfig1Int.py, /home/constance/uuv_ws/devel/lib/python3/dist-packages/ds_nmea_msgs/msg/_PixseConfig1Int.py)
Linked: (/home/constance/uuv_ws/devel/.private/ds_nmea_msgs/lib/python3/dist-packages/ds_nmea_msgs/msg/_PixseHtsts.py, /home/constance/uuv_ws/devel/lib/python3/dist-packages/ds_nmea_msgs/msg/_PixseHtsts.py)
Linked: (/home/constance/uuv_ws/devel/.private/ds_nmea_msgs/lib/python3/dist-packages/ds_nmea_msgs/msg/_PixseStdspd.py, /home/constance/uuv_ws/devel/lib/python3/dist-packages/ds_nmea_msgs/msg/_PixseStdspd.py)
Linked: (/home/constance/uuv_ws/devel/.private/ds_nmea_msgs/lib/python3/dist-packages/ds_nmea_msgs/msg/_Inf.py, /home/constance/uuv_ws/devel/lib/python3/dist-packages/ds_nmea_msgs/msg/_Inf.py)
Linked: (/home/constance/uuv_ws/devel/.private/ds_nmea_msgs/lib/python3/dist-packages/ds_nmea_msgs/msg/_PixseConfig2Int.py, /home/constance/uuv_ws/devel/lib/python3/dist-packages/ds_nmea_msgs/msg/_PixseConfig2Int.py)
Linked: (/home/constance/uuv_ws/devel/.private/ds_nmea_msgs/lib/python3/dist-packages/ds_nmea_msgs/msg/_PixseHspos.py, /home/constance/uuv_ws/devel/lib/python3/dist-packages/ds_nmea_msgs/msg/_PixseHspos.py)
Linked: (/home/constance/uuv_ws/devel/.private/ds_nmea_msgs/lib/python3/dist-packages/ds_nmea_msgs/msg/__init__.py, /home/constance/uuv_ws/devel/lib/python3/dist-packages/ds_nmea_msgs/msg/__init__.py)
Linked: (/home/constance/uuv_ws/devel/.private/ds_nmea_msgs/lib/python3/dist-packages/ds_nmea_msgs/msg/_Hdt.py, /home/constance/uuv_ws/devel/lib/python3/dist-packages/ds_nmea_msgs/msg/_Hdt.py)
Linked: (/home/constance/uuv_ws/devel/.private/ds_nmea_msgs/lib/python3/dist-packages/ds_nmea_msgs/msg/_PixseStatus.py, /home/constance/uuv_ws/devel/lib/python3/dist-packages/ds_nmea_msgs/msg/_PixseStatus.py)
Linked: (/home/constance/uuv_ws/devel/.private/ds_nmea_msgs/lib/python3/dist-packages/ds_nmea_msgs/msg/_PixseAccest.py, /home/constance/uuv_ws/devel/lib/python3/dist-packages/ds_nmea_msgs/msg/_PixseAccest.py)
Linked: (/home/constance/uuv_ws/devel/.private/ds_nmea_msgs/lib/python3/dist-packages/ds_nmea_msgs/msg/_Gll.py, /home/constance/uuv_ws/devel/lib/python3/dist-packages/ds_nmea_msgs/msg/_Gll.py)
Linked: (/home/constance/uuv_ws/devel/.private/ds_nmea_msgs/lib/pkgconfig/ds_nmea_msgs.pc, /home/constance/uuv_ws/devel/lib/pkgconfig/ds_nmea_msgs.pc)
