Symlinking /home/constance/uuv_ws/devel/include/ds_nmea_msgs/PixseAtitud.h
Symlinking /home/constance/uuv_ws/devel/include/ds_nmea_msgs/PixseConfig2Int.h
Symlinking /home/constance/uuv_ws/devel/include/ds_nmea_msgs/PixseHspos.h
Symlinking /home/constance/uuv_ws/devel/include/ds_nmea_msgs/PixseHeave.h
Symlinking /home/constance/uuv_ws/devel/include/ds_nmea_msgs/PixseHtsts.h
Symlinking /home/constance/uuv_ws/devel/include/ds_nmea_msgs/Zda.h
Symlinking /home/constance/uuv_ws/devel/include/ds_nmea_msgs/PixseAccest.h
Symlinking /home/constance/uuv_ws/devel/include/ds_nmea_msgs/Gll.h
Symlinking /home/constance/uuv_ws/devel/include/ds_nmea_msgs/PixseStatus.h
Symlinking /home/constance/uuv_ws/devel/include/ds_nmea_msgs/Inf.h
Symlinking /home/constance/uuv_ws/devel/include/ds_nmea_msgs/PixsePositi.h
Symlinking /home/constance/uuv_ws/devel/include/ds_nmea_msgs/PixseStdhrp.h
Symlinking /home/constance/uuv_ws/devel/include/ds_nmea_msgs/Vtg.h
Symlinking /home/constance/uuv_ws/devel/include/ds_nmea_msgs/PixseAlgsts.h
Symlinking /home/constance/uuv_ws/devel/include/ds_nmea_msgs/PixseStdspd.h
Symlinking /home/constance/uuv_ws/devel/include/ds_nmea_msgs/Gga.h
Symlinking /home/constance/uuv_ws/devel/include/ds_nmea_msgs/PixseFogest.h
Symlinking /home/constance/uuv_ws/devel/include/ds_nmea_msgs/PixseConfig1Int.h
Symlinking /home/constance/uuv_ws/devel/include/ds_nmea_msgs/PixseSpeed.h
Symlinking /home/constance/uuv_ws/devel/include/ds_nmea_msgs/Hdt.h
Symlinking /home/constance/uuv_ws/devel/include/ds_nmea_msgs/PixseUtmwgs.h
Symlinking /home/constance/uuv_ws/devel/include/ds_nmea_msgs/Tro.h
Symlinking /home/constance/uuv_ws/devel/include/ds_nmea_msgs/PixseStdpos.h
Symlinking /home/constance/uuv_ws/devel/share/roseus/ros/ds_nmea_msgs/manifest.l
Symlinking /home/constance/uuv_ws/devel/share/roseus/ros/ds_nmea_msgs/msg/Zda.l
Symlinking /home/constance/uuv_ws/devel/share/roseus/ros/ds_nmea_msgs/msg/PixseFogest.l
Symlinking /home/constance/uuv_ws/devel/share/roseus/ros/ds_nmea_msgs/msg/PixseStdspd.l
Symlinking /home/constance/uuv_ws/devel/share/roseus/ros/ds_nmea_msgs/msg/PixseSpeed.l
Symlinking /home/constance/uuv_ws/devel/share/roseus/ros/ds_nmea_msgs/msg/Inf.l
Symlinking /home/constance/uuv_ws/devel/share/roseus/ros/ds_nmea_msgs/msg/Gga.l
Symlinking /home/constance/uuv_ws/devel/share/roseus/ros/ds_nmea_msgs/msg/PixseUtmwgs.l
Symlinking /home/constance/uuv_ws/devel/share/roseus/ros/ds_nmea_msgs/msg/PixseStatus.l
Symlinking /home/constance/uuv_ws/devel/share/roseus/ros/ds_nmea_msgs/msg/PixseStdhrp.l
Symlinking /home/constance/uuv_ws/devel/share/roseus/ros/ds_nmea_msgs/msg/Hdt.l
Symlinking /home/constance/uuv_ws/devel/share/roseus/ros/ds_nmea_msgs/msg/PixseStdpos.l
Symlinking /home/constance/uuv_ws/devel/share/roseus/ros/ds_nmea_msgs/msg/PixseConfig2Int.l
Symlinking /home/constance/uuv_ws/devel/share/roseus/ros/ds_nmea_msgs/msg/PixseHeave.l
Symlinking /home/constance/uuv_ws/devel/share/roseus/ros/ds_nmea_msgs/msg/Vtg.l
Symlinking /home/constance/uuv_ws/devel/share/roseus/ros/ds_nmea_msgs/msg/Tro.l
Symlinking /home/constance/uuv_ws/devel/share/roseus/ros/ds_nmea_msgs/msg/PixseAccest.l
Symlinking /home/constance/uuv_ws/devel/share/roseus/ros/ds_nmea_msgs/msg/PixseHspos.l
Symlinking /home/constance/uuv_ws/devel/share/roseus/ros/ds_nmea_msgs/msg/PixseAtitud.l
Symlinking /home/constance/uuv_ws/devel/share/roseus/ros/ds_nmea_msgs/msg/PixseHtsts.l
Symlinking /home/constance/uuv_ws/devel/share/roseus/ros/ds_nmea_msgs/msg/PixsePositi.l
Symlinking /home/constance/uuv_ws/devel/share/roseus/ros/ds_nmea_msgs/msg/PixseConfig1Int.l
Symlinking /home/constance/uuv_ws/devel/share/roseus/ros/ds_nmea_msgs/msg/Gll.l
Symlinking /home/constance/uuv_ws/devel/share/roseus/ros/ds_nmea_msgs/msg/PixseAlgsts.l
Symlinking /home/constance/uuv_ws/devel/share/common-lisp/ros/ds_nmea_msgs/msg/PixseAtitud.lisp
Symlinking /home/constance/uuv_ws/devel/share/common-lisp/ros/ds_nmea_msgs/msg/PixseStdhrp.lisp
Symlinking /home/constance/uuv_ws/devel/share/common-lisp/ros/ds_nmea_msgs/msg/_package_PixseUtmwgs.lisp
Symlinking /home/constance/uuv_ws/devel/share/common-lisp/ros/ds_nmea_msgs/msg/_package_PixseHspos.lisp
Symlinking /home/constance/uuv_ws/devel/share/common-lisp/ros/ds_nmea_msgs/msg/PixseStatus.lisp
Symlinking /home/constance/uuv_ws/devel/share/common-lisp/ros/ds_nmea_msgs/msg/_package_PixseHtsts.lisp
Symlinking /home/constance/uuv_ws/devel/share/common-lisp/ros/ds_nmea_msgs/msg/_package_PixseConfig2Int.lisp
Symlinking /home/constance/uuv_ws/devel/share/common-lisp/ros/ds_nmea_msgs/msg/_package_PixseConfig1Int.lisp
Symlinking /home/constance/uuv_ws/devel/share/common-lisp/ros/ds_nmea_msgs/msg/PixseStdspd.lisp
Symlinking /home/constance/uuv_ws/devel/share/common-lisp/ros/ds_nmea_msgs/msg/_package_Gga.lisp
Symlinking /home/constance/uuv_ws/devel/share/common-lisp/ros/ds_nmea_msgs/msg/_package_Vtg.lisp
Symlinking /home/constance/uuv_ws/devel/share/common-lisp/ros/ds_nmea_msgs/msg/_package_PixseStdspd.lisp
Symlinking /home/constance/uuv_ws/devel/share/common-lisp/ros/ds_nmea_msgs/msg/_package_PixsePositi.lisp
Symlinking /home/constance/uuv_ws/devel/share/common-lisp/ros/ds_nmea_msgs/msg/PixseHeave.lisp
Symlinking /home/constance/uuv_ws/devel/share/common-lisp/ros/ds_nmea_msgs/msg/PixseConfig1Int.lisp
Symlinking /home/constance/uuv_ws/devel/share/common-lisp/ros/ds_nmea_msgs/msg/_package_PixseStdhrp.lisp
Symlinking /home/constance/uuv_ws/devel/share/common-lisp/ros/ds_nmea_msgs/msg/_package_PixseAccest.lisp
Symlinking /home/constance/uuv_ws/devel/share/common-lisp/ros/ds_nmea_msgs/msg/_package_PixseSpeed.lisp
Symlinking /home/constance/uuv_ws/devel/share/common-lisp/ros/ds_nmea_msgs/msg/PixseAlgsts.lisp
Symlinking /home/constance/uuv_ws/devel/share/common-lisp/ros/ds_nmea_msgs/msg/PixseAccest.lisp
Symlinking /home/constance/uuv_ws/devel/share/common-lisp/ros/ds_nmea_msgs/msg/_package_PixseStatus.lisp
Symlinking /home/constance/uuv_ws/devel/share/common-lisp/ros/ds_nmea_msgs/msg/_package.lisp
Symlinking /home/constance/uuv_ws/devel/share/common-lisp/ros/ds_nmea_msgs/msg/Tro.lisp
Symlinking /home/constance/uuv_ws/devel/share/common-lisp/ros/ds_nmea_msgs/msg/Inf.lisp
Symlinking /home/constance/uuv_ws/devel/share/common-lisp/ros/ds_nmea_msgs/msg/PixseSpeed.lisp
Symlinking /home/constance/uuv_ws/devel/share/common-lisp/ros/ds_nmea_msgs/msg/PixseUtmwgs.lisp
Symlinking /home/constance/uuv_ws/devel/share/common-lisp/ros/ds_nmea_msgs/msg/Gll.lisp
Symlinking /home/constance/uuv_ws/devel/share/common-lisp/ros/ds_nmea_msgs/msg/Gga.lisp
Symlinking /home/constance/uuv_ws/devel/share/common-lisp/ros/ds_nmea_msgs/msg/Hdt.lisp
Symlinking /home/constance/uuv_ws/devel/share/common-lisp/ros/ds_nmea_msgs/msg/_package_Gll.lisp
Symlinking /home/constance/uuv_ws/devel/share/common-lisp/ros/ds_nmea_msgs/msg/PixseHspos.lisp
Symlinking /home/constance/uuv_ws/devel/share/common-lisp/ros/ds_nmea_msgs/msg/_package_Inf.lisp
Symlinking /home/constance/uuv_ws/devel/share/common-lisp/ros/ds_nmea_msgs/msg/_package_PixseHeave.lisp
Symlinking /home/constance/uuv_ws/devel/share/common-lisp/ros/ds_nmea_msgs/msg/_package_Hdt.lisp
Symlinking /home/constance/uuv_ws/devel/share/common-lisp/ros/ds_nmea_msgs/msg/_package_PixseAtitud.lisp
Symlinking /home/constance/uuv_ws/devel/share/common-lisp/ros/ds_nmea_msgs/msg/PixseConfig2Int.lisp
Symlinking /home/constance/uuv_ws/devel/share/common-lisp/ros/ds_nmea_msgs/msg/Vtg.lisp
Symlinking /home/constance/uuv_ws/devel/share/common-lisp/ros/ds_nmea_msgs/msg/PixseHtsts.lisp
Symlinking /home/constance/uuv_ws/devel/share/common-lisp/ros/ds_nmea_msgs/msg/ds_nmea_msgs-msg.asd
Symlinking /home/constance/uuv_ws/devel/share/common-lisp/ros/ds_nmea_msgs/msg/_package_PixseAlgsts.lisp
Symlinking /home/constance/uuv_ws/devel/share/common-lisp/ros/ds_nmea_msgs/msg/PixseFogest.lisp
Symlinking /home/constance/uuv_ws/devel/share/common-lisp/ros/ds_nmea_msgs/msg/Zda.lisp
Symlinking /home/constance/uuv_ws/devel/share/common-lisp/ros/ds_nmea_msgs/msg/_package_PixseFogest.lisp
Symlinking /home/constance/uuv_ws/devel/share/common-lisp/ros/ds_nmea_msgs/msg/_package_Tro.lisp
Symlinking /home/constance/uuv_ws/devel/share/common-lisp/ros/ds_nmea_msgs/msg/_package_Zda.lisp
Symlinking /home/constance/uuv_ws/devel/share/common-lisp/ros/ds_nmea_msgs/msg/PixsePositi.lisp
Symlinking /home/constance/uuv_ws/devel/share/common-lisp/ros/ds_nmea_msgs/msg/PixseStdpos.lisp
Symlinking /home/constance/uuv_ws/devel/share/common-lisp/ros/ds_nmea_msgs/msg/_package_PixseStdpos.lisp
Symlinking /home/constance/uuv_ws/devel/share/gennodejs/ros/ds_nmea_msgs/_index.js
Symlinking /home/constance/uuv_ws/devel/share/gennodejs/ros/ds_nmea_msgs/msg/PixsePositi.js
Symlinking /home/constance/uuv_ws/devel/share/gennodejs/ros/ds_nmea_msgs/msg/PixseAlgsts.js
Symlinking /home/constance/uuv_ws/devel/share/gennodejs/ros/ds_nmea_msgs/msg/PixseHtsts.js
Symlinking /home/constance/uuv_ws/devel/share/gennodejs/ros/ds_nmea_msgs/msg/PixseHspos.js
Symlinking /home/constance/uuv_ws/devel/share/gennodejs/ros/ds_nmea_msgs/msg/PixseStdhrp.js
Symlinking /home/constance/uuv_ws/devel/share/gennodejs/ros/ds_nmea_msgs/msg/PixseSpeed.js
Symlinking /home/constance/uuv_ws/devel/share/gennodejs/ros/ds_nmea_msgs/msg/_index.js
Symlinking /home/constance/uuv_ws/devel/share/gennodejs/ros/ds_nmea_msgs/msg/PixseStdpos.js
Symlinking /home/constance/uuv_ws/devel/share/gennodejs/ros/ds_nmea_msgs/msg/PixseConfig1Int.js
Symlinking /home/constance/uuv_ws/devel/share/gennodejs/ros/ds_nmea_msgs/msg/PixseHeave.js
Symlinking /home/constance/uuv_ws/devel/share/gennodejs/ros/ds_nmea_msgs/msg/Vtg.js
Symlinking /home/constance/uuv_ws/devel/share/gennodejs/ros/ds_nmea_msgs/msg/PixseAtitud.js
Symlinking /home/constance/uuv_ws/devel/share/gennodejs/ros/ds_nmea_msgs/msg/PixseAccest.js
Symlinking /home/constance/uuv_ws/devel/share/gennodejs/ros/ds_nmea_msgs/msg/PixseStdspd.js
Symlinking /home/constance/uuv_ws/devel/share/gennodejs/ros/ds_nmea_msgs/msg/Tro.js
Symlinking /home/constance/uuv_ws/devel/share/gennodejs/ros/ds_nmea_msgs/msg/Zda.js
Symlinking /home/constance/uuv_ws/devel/share/gennodejs/ros/ds_nmea_msgs/msg/PixseUtmwgs.js
Symlinking /home/constance/uuv_ws/devel/share/gennodejs/ros/ds_nmea_msgs/msg/PixseFogest.js
Symlinking /home/constance/uuv_ws/devel/share/gennodejs/ros/ds_nmea_msgs/msg/Gga.js
Symlinking /home/constance/uuv_ws/devel/share/gennodejs/ros/ds_nmea_msgs/msg/Gll.js
Symlinking /home/constance/uuv_ws/devel/share/gennodejs/ros/ds_nmea_msgs/msg/Inf.js
Symlinking /home/constance/uuv_ws/devel/share/gennodejs/ros/ds_nmea_msgs/msg/Hdt.js
Symlinking /home/constance/uuv_ws/devel/share/gennodejs/ros/ds_nmea_msgs/msg/PixseConfig2Int.js
Symlinking /home/constance/uuv_ws/devel/share/gennodejs/ros/ds_nmea_msgs/msg/PixseStatus.js
Symlinking /home/constance/uuv_ws/devel/share/ds_nmea_msgs/cmake/ds_nmea_msgs-msg-paths.cmake
Symlinking /home/constance/uuv_ws/devel/share/ds_nmea_msgs/cmake/ds_nmea_msgsConfig.cmake
Symlinking /home/constance/uuv_ws/devel/share/ds_nmea_msgs/cmake/ds_nmea_msgsConfig-version.cmake
Symlinking /home/constance/uuv_ws/devel/share/ds_nmea_msgs/cmake/ds_nmea_msgs-msg-extras.cmake
Symlinking /home/constance/uuv_ws/devel/lib/python3/dist-packages/ds_nmea_msgs/__init__.py
Symlinking /home/constance/uuv_ws/devel/lib/python3/dist-packages/ds_nmea_msgs/msg/_Gga.py
Symlinking /home/constance/uuv_ws/devel/lib/python3/dist-packages/ds_nmea_msgs/msg/_PixseStdpos.py
Symlinking /home/constance/uuv_ws/devel/lib/python3/dist-packages/ds_nmea_msgs/msg/_PixseAtitud.py
Symlinking /home/constance/uuv_ws/devel/lib/python3/dist-packages/ds_nmea_msgs/msg/_PixsePositi.py
Symlinking /home/constance/uuv_ws/devel/lib/python3/dist-packages/ds_nmea_msgs/msg/_PixseUtmwgs.py
Symlinking /home/constance/uuv_ws/devel/lib/python3/dist-packages/ds_nmea_msgs/msg/_Vtg.py
Symlinking /home/constance/uuv_ws/devel/lib/python3/dist-packages/ds_nmea_msgs/msg/_PixseStdhrp.py
Symlinking /home/constance/uuv_ws/devel/lib/python3/dist-packages/ds_nmea_msgs/msg/_PixseAlgsts.py
Symlinking /home/constance/uuv_ws/devel/lib/python3/dist-packages/ds_nmea_msgs/msg/_PixseHeave.py
Symlinking /home/constance/uuv_ws/devel/lib/python3/dist-packages/ds_nmea_msgs/msg/_PixseSpeed.py
Symlinking /home/constance/uuv_ws/devel/lib/python3/dist-packages/ds_nmea_msgs/msg/_PixseFogest.py
Symlinking /home/constance/uuv_ws/devel/lib/python3/dist-packages/ds_nmea_msgs/msg/_Zda.py
Symlinking /home/constance/uuv_ws/devel/lib/python3/dist-packages/ds_nmea_msgs/msg/_Tro.py
Symlinking /home/constance/uuv_ws/devel/lib/python3/dist-packages/ds_nmea_msgs/msg/_PixseConfig1Int.py
Symlinking /home/constance/uuv_ws/devel/lib/python3/dist-packages/ds_nmea_msgs/msg/_PixseHtsts.py
Symlinking /home/constance/uuv_ws/devel/lib/python3/dist-packages/ds_nmea_msgs/msg/_PixseStdspd.py
Symlinking /home/constance/uuv_ws/devel/lib/python3/dist-packages/ds_nmea_msgs/msg/_Inf.py
Symlinking /home/constance/uuv_ws/devel/lib/python3/dist-packages/ds_nmea_msgs/msg/_PixseConfig2Int.py
Symlinking /home/constance/uuv_ws/devel/lib/python3/dist-packages/ds_nmea_msgs/msg/_PixseHspos.py
Symlinking /home/constance/uuv_ws/devel/lib/python3/dist-packages/ds_nmea_msgs/msg/__init__.py
Symlinking /home/constance/uuv_ws/devel/lib/python3/dist-packages/ds_nmea_msgs/msg/_Hdt.py
Symlinking /home/constance/uuv_ws/devel/lib/python3/dist-packages/ds_nmea_msgs/msg/_PixseStatus.py
Symlinking /home/constance/uuv_ws/devel/lib/python3/dist-packages/ds_nmea_msgs/msg/_PixseAccest.py
Symlinking /home/constance/uuv_ws/devel/lib/python3/dist-packages/ds_nmea_msgs/msg/_Gll.py
Symlinking /home/constance/uuv_ws/devel/lib/pkgconfig/ds_nmea_msgs.pc
