[35m[1mScanning dependencies of target _ds_nmea_msgs_generate_messages_check_deps_PixseConfig1Int[0m
[  0%] Built target _ds_nmea_msgs_generate_messages_check_deps_PixseConfig1Int
[35m[1mScanning dependencies of target _ds_nmea_msgs_generate_messages_check_deps_PixseConfig2Int[0m
[  0%] Built target _ds_nmea_msgs_generate_messages_check_deps_PixseConfig2Int
[35m[1mScanning dependencies of target _ds_nmea_msgs_generate_messages_check_deps_PixsePositi[0m
[  0%] Built target _ds_nmea_msgs_generate_messages_check_deps_PixsePositi
[35m[1mScanning dependencies of target _ds_nmea_msgs_generate_messages_check_deps_Gga[0m
[  0%] Built target _ds_nmea_msgs_generate_messages_check_deps_Gga
[35m[1mScanning dependencies of target _ds_nmea_msgs_generate_messages_check_deps_Gll[0m
[  0%] Built target _ds_nmea_msgs_generate_messages_check_deps_Gll
[35m[1mScanning dependencies of target _ds_nmea_msgs_generate_messages_check_deps_PixseStdhrp[0m
[  0%] Built target _ds_nmea_msgs_generate_messages_check_deps_PixseStdhrp
[35m[1mScanning dependencies of target _ds_nmea_msgs_generate_messages_check_deps_PixseSpeed[0m
[  0%] Built target _ds_nmea_msgs_generate_messages_check_deps_PixseSpeed
[35m[1mScanning dependencies of target _ds_nmea_msgs_generate_messages_check_deps_Inf[0m
[  0%] Built target _ds_nmea_msgs_generate_messages_check_deps_Inf
[35m[1mScanning dependencies of target _ds_nmea_msgs_generate_messages_check_deps_PixseFogest[0m
[  0%] Built target _ds_nmea_msgs_generate_messages_check_deps_PixseFogest
[35m[1mScanning dependencies of target _ds_nmea_msgs_generate_messages_check_deps_PixseHtsts[0m
[  0%] Built target _ds_nmea_msgs_generate_messages_check_deps_PixseHtsts
[35m[1mScanning dependencies of target _ds_nmea_msgs_generate_messages_check_deps_Hdt[0m
[  0%] Built target _ds_nmea_msgs_generate_messages_check_deps_Hdt
[35m[1mScanning dependencies of target _ds_nmea_msgs_generate_messages_check_deps_PixseStdspd[0m
[  0%] Built target _ds_nmea_msgs_generate_messages_check_deps_PixseStdspd
[35m[1mScanning dependencies of target _ds_nmea_msgs_generate_messages_check_deps_PixseAtitud[0m
[  0%] Built target _ds_nmea_msgs_generate_messages_check_deps_PixseAtitud
[35m[1mScanning dependencies of target _ds_nmea_msgs_generate_messages_check_deps_Tro[0m
[  0%] Built target _ds_nmea_msgs_generate_messages_check_deps_Tro
[35m[1mScanning dependencies of target _ds_nmea_msgs_generate_messages_check_deps_PixseUtmwgs[0m
[  0%] Built target _ds_nmea_msgs_generate_messages_check_deps_PixseUtmwgs
[35m[1mScanning dependencies of target _ds_nmea_msgs_generate_messages_check_deps_PixseHeave[0m
[  0%] Built target _ds_nmea_msgs_generate_messages_check_deps_PixseHeave
[35m[1mScanning dependencies of target _ds_nmea_msgs_generate_messages_check_deps_PixseStatus[0m
[  0%] Built target _ds_nmea_msgs_generate_messages_check_deps_PixseStatus
[35m[1mScanning dependencies of target _ds_nmea_msgs_generate_messages_check_deps_PixseStdpos[0m
[  0%] Built target _ds_nmea_msgs_generate_messages_check_deps_PixseStdpos
[35m[1mScanning dependencies of target _ds_nmea_msgs_generate_messages_check_deps_PixseAlgsts[0m
[  0%] Built target _ds_nmea_msgs_generate_messages_check_deps_PixseAlgsts
[35m[1mScanning dependencies of target _ds_nmea_msgs_generate_messages_check_deps_PixseHspos[0m
[  0%] Built target _ds_nmea_msgs_generate_messages_check_deps_PixseHspos
[35m[1mScanning dependencies of target _ds_nmea_msgs_generate_messages_check_deps_Vtg[0m
[  0%] Built target _ds_nmea_msgs_generate_messages_check_deps_Vtg
[35m[1mScanning dependencies of target _ds_nmea_msgs_generate_messages_check_deps_Zda[0m
[  0%] Built target _ds_nmea_msgs_generate_messages_check_deps_Zda
[35m[1mScanning dependencies of target _ds_nmea_msgs_generate_messages_check_deps_PixseAccest[0m
[  0%] Built target _ds_nmea_msgs_generate_messages_check_deps_PixseAccest
[35m[1mScanning dependencies of target ds_nmea_msgs_generate_messages_eus[0m
[  1%] [34m[1mGenerating EusLisp code from ds_nmea_msgs/Hdt.msg[0m
[  2%] [34m[1mGenerating EusLisp code from ds_nmea_msgs/Gga.msg[0m
[  2%] [34m[1mGenerating EusLisp code from ds_nmea_msgs/Gll.msg[0m
[  3%] [34m[1mGenerating EusLisp code from ds_nmea_msgs/PixseAtitud.msg[0m
[  4%] [34m[1mGenerating EusLisp code from ds_nmea_msgs/PixsePositi.msg[0m
[  5%] [34m[1mGenerating EusLisp code from ds_nmea_msgs/PixseSpeed.msg[0m
[  6%] [34m[1mGenerating EusLisp code from ds_nmea_msgs/PixseUtmwgs.msg[0m
[  6%] [34m[1mGenerating EusLisp code from ds_nmea_msgs/PixseHeave.msg[0m
[  7%] [34m[1mGenerating EusLisp code from ds_nmea_msgs/PixseStdhrp.msg[0m
[  8%] [34m[1mGenerating EusLisp code from ds_nmea_msgs/PixseStdspd.msg[0m
[  9%] [34m[1mGenerating EusLisp code from ds_nmea_msgs/PixseStdpos.msg[0m
[ 10%] [34m[1mGenerating EusLisp code from ds_nmea_msgs/PixseAlgsts.msg[0m
[ 10%] [34m[1mGenerating EusLisp code from ds_nmea_msgs/PixseStatus.msg[0m
[ 11%] [34m[1mGenerating EusLisp code from ds_nmea_msgs/PixseHtsts.msg[0m
[ 12%] [34m[1mGenerating EusLisp code from ds_nmea_msgs/PixseHspos.msg[0m
[ 13%] [34m[1mGenerating EusLisp code from ds_nmea_msgs/Vtg.msg[0m
[ 15%] [34m[1mGenerating EusLisp code from ds_nmea_msgs/Zda.msg[0m
[ 15%] [34m[1mGenerating EusLisp code from ds_nmea_msgs/Tro.msg[0m
[ 16%] [34m[1mGenerating EusLisp code from ds_nmea_msgs/Inf.msg[0m
[ 17%] [34m[1mGenerating EusLisp code from ds_nmea_msgs/PixseAccest.msg[0m
[ 18%] [34m[1mGenerating EusLisp code from ds_nmea_msgs/PixseFogest.msg[0m
[ 19%] [34m[1mGenerating EusLisp code from ds_nmea_msgs/PixseConfig1Int.msg[0m
[ 19%] [34m[1mGenerating EusLisp code from ds_nmea_msgs/PixseConfig2Int.msg[0m
[ 20%] [34m[1mGenerating EusLisp manifest code for ds_nmea_msgs[0m
[ 20%] Built target ds_nmea_msgs_generate_messages_eus
[35m[1mScanning dependencies of target ds_nmea_msgs_generate_messages_py[0m
[ 21%] [34m[1mGenerating Python from MSG ds_nmea_msgs/Hdt[0m
[ 22%] [34m[1mGenerating Python from MSG ds_nmea_msgs/Gga[0m
[ 22%] [34m[1mGenerating Python from MSG ds_nmea_msgs/Gll[0m
[ 23%] [34m[1mGenerating Python from MSG ds_nmea_msgs/PixseAtitud[0m
[ 24%] [34m[1mGenerating Python from MSG ds_nmea_msgs/PixsePositi[0m
[ 25%] [34m[1mGenerating Python from MSG ds_nmea_msgs/PixseSpeed[0m
[ 26%] [34m[1mGenerating Python from MSG ds_nmea_msgs/PixseUtmwgs[0m
[ 26%] [34m[1mGenerating Python from MSG ds_nmea_msgs/PixseHeave[0m
[ 27%] [34m[1mGenerating Python from MSG ds_nmea_msgs/PixseStdhrp[0m
[ 29%] [34m[1mGenerating Python from MSG ds_nmea_msgs/PixseStdspd[0m
[ 30%] [34m[1mGenerating Python from MSG ds_nmea_msgs/PixseStdpos[0m
[ 31%] [34m[1mGenerating Python from MSG ds_nmea_msgs/PixseAlgsts[0m
[ 31%] [34m[1mGenerating Python from MSG ds_nmea_msgs/PixseStatus[0m
[ 32%] [34m[1mGenerating Python from MSG ds_nmea_msgs/PixseHtsts[0m
[ 33%] [34m[1mGenerating Python from MSG ds_nmea_msgs/PixseHspos[0m
[ 34%] [34m[1mGenerating Python from MSG ds_nmea_msgs/Vtg[0m
[ 35%] [34m[1mGenerating Python from MSG ds_nmea_msgs/Zda[0m
[ 35%] [34m[1mGenerating Python from MSG ds_nmea_msgs/Tro[0m
[ 36%] [34m[1mGenerating Python from MSG ds_nmea_msgs/Inf[0m
[ 37%] [34m[1mGenerating Python from MSG ds_nmea_msgs/PixseAccest[0m
[35m[1mScanning dependencies of target ds_nmea_msgs_generate_messages_lisp[0m
[ 38%] [34m[1mGenerating Lisp code from ds_nmea_msgs/Hdt.msg[0m
[ 39%] [34m[1mGenerating Lisp code from ds_nmea_msgs/Gga.msg[0m
[35m[1mScanning dependencies of target ds_nmea_msgs_generate_messages_cpp[0m
[ 40%] [34m[1mGenerating Lisp code from ds_nmea_msgs/Gll.msg[0m
[ 40%] [34m[1mGenerating C++ code from ds_nmea_msgs/Hdt.msg[0m
[ 40%] [34m[1mGenerating Lisp code from ds_nmea_msgs/PixseAtitud.msg[0m
[ 41%] [34m[1mGenerating Python from MSG ds_nmea_msgs/PixseFogest[0m
[ 43%] [34m[1mGenerating Lisp code from ds_nmea_msgs/PixsePositi.msg[0m
[ 44%] [34m[1mGenerating C++ code from ds_nmea_msgs/Gga.msg[0m
[ 45%] [34m[1mGenerating Lisp code from ds_nmea_msgs/PixseSpeed.msg[0m
[ 46%] [34m[1mGenerating Lisp code from ds_nmea_msgs/PixseUtmwgs.msg[0m
[ 47%] [34m[1mGenerating Python from MSG ds_nmea_msgs/PixseConfig1Int[0m
[ 48%] [34m[1mGenerating C++ code from ds_nmea_msgs/Gll.msg[0m
[ 49%] [34m[1mGenerating Lisp code from ds_nmea_msgs/PixseHeave.msg[0m
[ 49%] [34m[1mGenerating Lisp code from ds_nmea_msgs/PixseStdhrp.msg[0m
[ 50%] [34m[1mGenerating Lisp code from ds_nmea_msgs/PixseStdspd.msg[0m
[ 51%] [34m[1mGenerating C++ code from ds_nmea_msgs/PixseAtitud.msg[0m
[ 52%] [34m[1mGenerating Lisp code from ds_nmea_msgs/PixseStdpos.msg[0m
[ 52%] [34m[1mGenerating Python from MSG ds_nmea_msgs/PixseConfig2Int[0m
[ 53%] [34m[1mGenerating Lisp code from ds_nmea_msgs/PixseAlgsts.msg[0m
[ 54%] [34m[1mGenerating C++ code from ds_nmea_msgs/PixsePositi.msg[0m
[ 55%] [34m[1mGenerating Lisp code from ds_nmea_msgs/PixseStatus.msg[0m
[ 55%] [34m[1mGenerating Lisp code from ds_nmea_msgs/PixseHtsts.msg[0m
[ 56%] [34m[1mGenerating Python msg __init__.py for ds_nmea_msgs[0m
[ 56%] [34m[1mGenerating C++ code from ds_nmea_msgs/PixseSpeed.msg[0m
[ 58%] [34m[1mGenerating Lisp code from ds_nmea_msgs/PixseHspos.msg[0m
[ 59%] [34m[1mGenerating Lisp code from ds_nmea_msgs/Vtg.msg[0m
[ 60%] [34m[1mGenerating C++ code from ds_nmea_msgs/PixseUtmwgs.msg[0m
[ 61%] [34m[1mGenerating Lisp code from ds_nmea_msgs/Zda.msg[0m
[ 61%] Built target ds_nmea_msgs_generate_messages_py
[35m[1mScanning dependencies of target ds_nmea_msgs_generate_messages_nodejs[0m
[ 61%] [34m[1mGenerating Javascript code from ds_nmea_msgs/Hdt.msg[0m
[ 62%] [34m[1mGenerating Lisp code from ds_nmea_msgs/Tro.msg[0m
[ 63%] [34m[1mGenerating Javascript code from ds_nmea_msgs/Gga.msg[0m
[ 64%] [34m[1mGenerating C++ code from ds_nmea_msgs/PixseHeave.msg[0m
[ 64%] [34m[1mGenerating Lisp code from ds_nmea_msgs/Inf.msg[0m
[ 65%] [34m[1mGenerating Javascript code from ds_nmea_msgs/Gll.msg[0m
[ 66%] [34m[1mGenerating Lisp code from ds_nmea_msgs/PixseAccest.msg[0m
[ 67%] [34m[1mGenerating Javascript code from ds_nmea_msgs/PixseAtitud.msg[0m
[ 68%] [34m[1mGenerating Lisp code from ds_nmea_msgs/PixseFogest.msg[0m
[ 69%] [34m[1mGenerating C++ code from ds_nmea_msgs/PixseStdhrp.msg[0m
[ 70%] [34m[1mGenerating Javascript code from ds_nmea_msgs/PixsePositi.msg[0m
[ 72%] [34m[1mGenerating Lisp code from ds_nmea_msgs/PixseConfig1Int.msg[0m
[ 72%] [34m[1mGenerating Javascript code from ds_nmea_msgs/PixseSpeed.msg[0m
[ 73%] [34m[1mGenerating Lisp code from ds_nmea_msgs/PixseConfig2Int.msg[0m
[ 74%] [34m[1mGenerating Javascript code from ds_nmea_msgs/PixseUtmwgs.msg[0m
[ 75%] [34m[1mGenerating C++ code from ds_nmea_msgs/PixseStdspd.msg[0m
[ 75%] Built target ds_nmea_msgs_generate_messages_lisp
[ 75%] [34m[1mGenerating C++ code from ds_nmea_msgs/PixseStdpos.msg[0m
[ 76%] [34m[1mGenerating Javascript code from ds_nmea_msgs/PixseHeave.msg[0m
[ 77%] [34m[1mGenerating Javascript code from ds_nmea_msgs/PixseStdhrp.msg[0m
[ 78%] [34m[1mGenerating C++ code from ds_nmea_msgs/PixseAlgsts.msg[0m
[ 79%] [34m[1mGenerating C++ code from ds_nmea_msgs/PixseStatus.msg[0m
[ 80%] [34m[1mGenerating Javascript code from ds_nmea_msgs/PixseStdspd.msg[0m
[ 80%] [34m[1mGenerating Javascript code from ds_nmea_msgs/PixseStdpos.msg[0m
[ 81%] [34m[1mGenerating C++ code from ds_nmea_msgs/PixseHtsts.msg[0m
[ 82%] [34m[1mGenerating Javascript code from ds_nmea_msgs/PixseAlgsts.msg[0m
[ 83%] [34m[1mGenerating C++ code from ds_nmea_msgs/PixseHspos.msg[0m
[ 84%] [34m[1mGenerating Javascript code from ds_nmea_msgs/PixseStatus.msg[0m
[ 86%] [34m[1mGenerating Javascript code from ds_nmea_msgs/PixseHtsts.msg[0m
[ 86%] [34m[1mGenerating C++ code from ds_nmea_msgs/Vtg.msg[0m
[ 87%] [34m[1mGenerating C++ code from ds_nmea_msgs/Zda.msg[0m
[ 88%] [34m[1mGenerating Javascript code from ds_nmea_msgs/PixseHspos.msg[0m
[ 88%] [34m[1mGenerating Javascript code from ds_nmea_msgs/Vtg.msg[0m
[ 89%] [34m[1mGenerating Javascript code from ds_nmea_msgs/Zda.msg[0m
[ 90%] [34m[1mGenerating C++ code from ds_nmea_msgs/Tro.msg[0m
[ 91%] [34m[1mGenerating C++ code from ds_nmea_msgs/Inf.msg[0m
[ 92%] [34m[1mGenerating Javascript code from ds_nmea_msgs/Tro.msg[0m
[ 93%] [34m[1mGenerating Javascript code from ds_nmea_msgs/Inf.msg[0m
[ 94%] [34m[1mGenerating Javascript code from ds_nmea_msgs/PixseAccest.msg[0m
[ 95%] [34m[1mGenerating C++ code from ds_nmea_msgs/PixseAccest.msg[0m
[ 95%] [34m[1mGenerating C++ code from ds_nmea_msgs/PixseFogest.msg[0m
[ 95%] [34m[1mGenerating Javascript code from ds_nmea_msgs/PixseFogest.msg[0m
[ 96%] [34m[1mGenerating Javascript code from ds_nmea_msgs/PixseConfig1Int.msg[0m
[ 97%] [34m[1mGenerating C++ code from ds_nmea_msgs/PixseConfig1Int.msg[0m
[ 98%] [34m[1mGenerating C++ code from ds_nmea_msgs/PixseConfig2Int.msg[0m
[100%] [34m[1mGenerating Javascript code from ds_nmea_msgs/PixseConfig2Int.msg[0m
[100%] Built target ds_nmea_msgs_generate_messages_nodejs
[100%] Built target ds_nmea_msgs_generate_messages_cpp
[35m[1mScanning dependencies of target ds_nmea_msgs_generate_messages[0m
[100%] Built target ds_nmea_msgs_generate_messages
