[  0%] Built target _ds_nmea_msgs_generate_messages_check_deps_PixseConfig2Int
[  0%] Built target _ds_nmea_msgs_generate_messages_check_deps_PixseConfig1Int
[  0%] Built target _ds_nmea_msgs_generate_messages_check_deps_PixsePositi
[  0%] Built target _ds_nmea_msgs_generate_messages_check_deps_Gga
[  0%] Built target _ds_nmea_msgs_generate_messages_check_deps_PixseStdhrp
[  0%] Built target _ds_nmea_msgs_generate_messages_check_deps_Gll
[  0%] Built target _ds_nmea_msgs_generate_messages_check_deps_Inf
[  0%] Built target _ds_nmea_msgs_generate_messages_check_deps_PixseSpeed
[  0%] Built target _ds_nmea_msgs_generate_messages_check_deps_PixseFogest
[  0%] Built target _ds_nmea_msgs_generate_messages_check_deps_PixseStdspd
[  0%] Built target _ds_nmea_msgs_generate_messages_check_deps_PixseHtsts
[  0%] Built target _ds_nmea_msgs_generate_messages_check_deps_Hdt
[  0%] Built target _ds_nmea_msgs_generate_messages_check_deps_PixseAtitud
[  0%] Built target _ds_nmea_msgs_generate_messages_check_deps_Tro
[  0%] Built target _ds_nmea_msgs_generate_messages_check_deps_PixseHeave
[  0%] Built target _ds_nmea_msgs_generate_messages_check_deps_PixseUtmwgs
[  0%] Built target _ds_nmea_msgs_generate_messages_check_deps_PixseStdpos
[  0%] Built target _ds_nmea_msgs_generate_messages_check_deps_PixseStatus
[  0%] Built target _ds_nmea_msgs_generate_messages_check_deps_PixseAlgsts
[  0%] Built target _ds_nmea_msgs_generate_messages_check_deps_PixseHspos
[  0%] Built target _ds_nmea_msgs_generate_messages_check_deps_Vtg
[  0%] Built target _ds_nmea_msgs_generate_messages_check_deps_Zda
[  0%] Built target _ds_nmea_msgs_generate_messages_check_deps_PixseAccest
[ 80%] Built target ds_nmea_msgs_generate_messages_eus
[ 80%] Built target ds_nmea_msgs_generate_messages_cpp
[ 80%] Built target ds_nmea_msgs_generate_messages_lisp
[ 80%] Built target ds_nmea_msgs_generate_messages_py
[100%] Built target ds_nmea_msgs_generate_messages_nodejs
[100%] Built target ds_nmea_msgs_generate_messages
