[35m[1mScanning dependencies of target _ds_nav_msgs_generate_messages_check_deps_DeadReck[0m
[  0%] Built target _ds_nav_msgs_generate_messages_check_deps_DeadReck
[35m[1mScanning dependencies of target _ds_nav_msgs_generate_messages_check_deps_ZuptCmd[0m
[  0%] Built target _ds_nav_msgs_generate_messages_check_deps_ZuptCmd
[35m[1mScanning dependencies of target _ds_nav_msgs_generate_messages_check_deps_ResetDvl[0m
[  0%] Built target _ds_nav_msgs_generate_messages_check_deps_ResetDvl
[35m[1mScanning dependencies of target _ds_nav_msgs_generate_messages_check_deps_LatLon[0m
[  0%] Built target _ds_nav_msgs_generate_messages_check_deps_LatLon
[35m[1mScanning dependencies of target _ds_nav_msgs_generate_messages_check_deps_ZuptStatus[0m
[  0%] Built target _ds_nav_msgs_generate_messages_check_deps_ZuptStatus
[35m[1mScanning dependencies of target _ds_nav_msgs_generate_messages_check_deps_AggregatedState[0m
[  0%] Built target _ds_nav_msgs_generate_messages_check_deps_AggregatedState
[35m[1mScanning dependencies of target _ds_nav_msgs_generate_messages_check_deps_NavState[0m
[  0%] Built target _ds_nav_msgs_generate_messages_check_deps_NavState
[35m[1mScanning dependencies of target _ds_nav_msgs_generate_messages_check_deps_Buoyancy[0m
[  0%] Built target _ds_nav_msgs_generate_messages_check_deps_Buoyancy
[35m[1mScanning dependencies of target _ds_nav_msgs_generate_messages_check_deps_FlaggedDouble[0m
[  0%] Built target _ds_nav_msgs_generate_messages_check_deps_FlaggedDouble
[35m[1mScanning dependencies of target ds_core_msgs_generate_messages_nodejs[0m
[  0%] Built target ds_core_msgs_generate_messages_nodejs
[35m[1mScanning dependencies of target _ds_nav_msgs_generate_messages_check_deps_RejPolicyCmd[0m
[  0%] Built target _ds_nav_msgs_generate_messages_check_deps_RejPolicyCmd
[35m[1mScanning dependencies of target geometry_msgs_generate_messages_nodejs[0m
[  0%] Built target geometry_msgs_generate_messages_nodejs
[35m[1mScanning dependencies of target std_msgs_generate_messages_nodejs[0m
[  0%] Built target std_msgs_generate_messages_nodejs
[35m[1mScanning dependencies of target _ds_nav_msgs_generate_messages_check_deps_RejPolicyStatus[0m
[  0%] Built target _ds_nav_msgs_generate_messages_check_deps_RejPolicyStatus
[35m[1mScanning dependencies of target _ds_nav_msgs_generate_messages_check_deps_ModelState[0m
[  0%] Built target _ds_nav_msgs_generate_messages_check_deps_ModelState
[35m[1mScanning dependencies of target _ds_nav_msgs_generate_messages_check_deps_Shift[0m
[  0%] Built target _ds_nav_msgs_generate_messages_check_deps_Shift
[35m[1mScanning dependencies of target geometry_msgs_generate_messages_lisp[0m
[  0%] Built target geometry_msgs_generate_messages_lisp
[35m[1mScanning dependencies of target ds_core_msgs_generate_messages_lisp[0m
[  0%] Built target ds_core_msgs_generate_messages_lisp
[35m[1mScanning dependencies of target std_msgs_generate_messages_lisp[0m
[  0%] Built target std_msgs_generate_messages_lisp
[35m[1mScanning dependencies of target ds_core_msgs_generate_messages_cpp[0m
[  0%] Built target ds_core_msgs_generate_messages_cpp
[35m[1mScanning dependencies of target std_msgs_generate_messages_cpp[0m
[  0%] Built target std_msgs_generate_messages_cpp
[35m[1mScanning dependencies of target geometry_msgs_generate_messages_cpp[0m
[  0%] Built target geometry_msgs_generate_messages_cpp
[35m[1mScanning dependencies of target std_msgs_generate_messages_py[0m
[  0%] Built target std_msgs_generate_messages_py
[35m[1mScanning dependencies of target ds_core_msgs_generate_messages_py[0m
[  0%] Built target ds_core_msgs_generate_messages_py
[35m[1mScanning dependencies of target geometry_msgs_generate_messages_py[0m
[  0%] Built target geometry_msgs_generate_messages_py
[35m[1mScanning dependencies of target std_msgs_generate_messages_eus[0m
[  0%] Built target std_msgs_generate_messages_eus
[35m[1mScanning dependencies of target ds_core_msgs_generate_messages_eus[0m
[  0%] Built target ds_core_msgs_generate_messages_eus
[35m[1mScanning dependencies of target geometry_msgs_generate_messages_eus[0m
[  0%] Built target geometry_msgs_generate_messages_eus
[35m[1mScanning dependencies of target ds_nav_msgs_generate_messages_nodejs[0m
[  1%] [34m[1mGenerating Javascript code from ds_nav_msgs/ModelState.msg[0m
[  2%] [34m[1mGenerating Javascript code from ds_nav_msgs/NavState.msg[0m
[  4%] [34m[1mGenerating Javascript code from ds_nav_msgs/FlaggedDouble.msg[0m
[  5%] [34m[1mGenerating Javascript code from ds_nav_msgs/AggregatedState.msg[0m
[  7%] [34m[1mGenerating Javascript code from ds_nav_msgs/Buoyancy.msg[0m
[  8%] [34m[1mGenerating Javascript code from ds_nav_msgs/Shift.msg[0m
[ 10%] [34m[1mGenerating Javascript code from ds_nav_msgs/DeadReck.msg[0m
[ 11%] [34m[1mGenerating Javascript code from ds_nav_msgs/LatLon.msg[0m
[ 13%] [34m[1mGenerating Javascript code from ds_nav_msgs/RejPolicyStatus.msg[0m
[ 14%] [34m[1mGenerating Javascript code from ds_nav_msgs/ZuptStatus.msg[0m
[ 16%] [34m[1mGenerating Javascript code from ds_nav_msgs/ResetDvl.srv[0m
[ 17%] [34m[1mGenerating Javascript code from ds_nav_msgs/ZuptCmd.srv[0m
[ 19%] [34m[1mGenerating Javascript code from ds_nav_msgs/RejPolicyCmd.srv[0m
[ 19%] Built target ds_nav_msgs_generate_messages_nodejs
[35m[1mScanning dependencies of target ds_nav_msgs_generate_messages_lisp[0m
[ 20%] [34m[1mGenerating Lisp code from ds_nav_msgs/ModelState.msg[0m
[ 22%] [34m[1mGenerating Lisp code from ds_nav_msgs/NavState.msg[0m
[ 23%] [34m[1mGenerating Lisp code from ds_nav_msgs/FlaggedDouble.msg[0m
[ 25%] [34m[1mGenerating Lisp code from ds_nav_msgs/AggregatedState.msg[0m
[ 26%] [34m[1mGenerating Lisp code from ds_nav_msgs/Buoyancy.msg[0m
[ 27%] [34m[1mGenerating Lisp code from ds_nav_msgs/Shift.msg[0m
[ 29%] [34m[1mGenerating Lisp code from ds_nav_msgs/DeadReck.msg[0m
[ 30%] [34m[1mGenerating Lisp code from ds_nav_msgs/LatLon.msg[0m
[ 32%] [34m[1mGenerating Lisp code from ds_nav_msgs/RejPolicyStatus.msg[0m
[ 33%] [34m[1mGenerating Lisp code from ds_nav_msgs/ZuptStatus.msg[0m
[ 35%] [34m[1mGenerating Lisp code from ds_nav_msgs/ResetDvl.srv[0m
[ 36%] [34m[1mGenerating Lisp code from ds_nav_msgs/ZuptCmd.srv[0m
[ 38%] [34m[1mGenerating Lisp code from ds_nav_msgs/RejPolicyCmd.srv[0m
[ 38%] Built target ds_nav_msgs_generate_messages_lisp
[35m[1mScanning dependencies of target ds_nav_msgs_generate_messages_cpp[0m
[ 39%] [34m[1mGenerating C++ code from ds_nav_msgs/ModelState.msg[0m
[ 41%] [34m[1mGenerating C++ code from ds_nav_msgs/NavState.msg[0m
[ 42%] [34m[1mGenerating C++ code from ds_nav_msgs/FlaggedDouble.msg[0m
[ 44%] [34m[1mGenerating C++ code from ds_nav_msgs/AggregatedState.msg[0m
[ 45%] [34m[1mGenerating C++ code from ds_nav_msgs/Buoyancy.msg[0m
[ 47%] [34m[1mGenerating C++ code from ds_nav_msgs/Shift.msg[0m
[ 48%] [34m[1mGenerating C++ code from ds_nav_msgs/DeadReck.msg[0m
[ 50%] [34m[1mGenerating C++ code from ds_nav_msgs/LatLon.msg[0m
[ 51%] [34m[1mGenerating C++ code from ds_nav_msgs/RejPolicyStatus.msg[0m
[ 52%] [34m[1mGenerating C++ code from ds_nav_msgs/ZuptStatus.msg[0m
[ 54%] [34m[1mGenerating C++ code from ds_nav_msgs/ResetDvl.srv[0m
[ 55%] [34m[1mGenerating C++ code from ds_nav_msgs/ZuptCmd.srv[0m
[ 57%] [34m[1mGenerating C++ code from ds_nav_msgs/RejPolicyCmd.srv[0m
[ 57%] Built target ds_nav_msgs_generate_messages_cpp
[35m[1mScanning dependencies of target ds_nav_msgs_generate_messages_py[0m
[ 58%] [34m[1mGenerating Python from MSG ds_nav_msgs/ModelState[0m
[ 60%] [34m[1mGenerating Python from MSG ds_nav_msgs/NavState[0m
[ 61%] [34m[1mGenerating Python from MSG ds_nav_msgs/FlaggedDouble[0m
[ 63%] [34m[1mGenerating Python from MSG ds_nav_msgs/AggregatedState[0m
[ 64%] [34m[1mGenerating Python from MSG ds_nav_msgs/Buoyancy[0m
[ 66%] [34m[1mGenerating Python from MSG ds_nav_msgs/Shift[0m
[ 67%] [34m[1mGenerating Python from MSG ds_nav_msgs/DeadReck[0m
[ 69%] [34m[1mGenerating Python from MSG ds_nav_msgs/LatLon[0m
[ 70%] [34m[1mGenerating Python from MSG ds_nav_msgs/RejPolicyStatus[0m
[ 72%] [34m[1mGenerating Python from MSG ds_nav_msgs/ZuptStatus[0m
[ 73%] [34m[1mGenerating Python code from SRV ds_nav_msgs/ResetDvl[0m
[ 75%] [34m[1mGenerating Python code from SRV ds_nav_msgs/ZuptCmd[0m
[35m[1mScanning dependencies of target ds_nav_msgs_generate_messages_eus[0m
[ 76%] [34m[1mGenerating EusLisp code from ds_nav_msgs/ModelState.msg[0m
[ 77%] [34m[1mGenerating EusLisp code from ds_nav_msgs/NavState.msg[0m
[ 79%] [34m[1mGenerating Python code from SRV ds_nav_msgs/RejPolicyCmd[0m
[ 80%] [34m[1mGenerating EusLisp code from ds_nav_msgs/FlaggedDouble.msg[0m
[ 82%] [34m[1mGenerating EusLisp code from ds_nav_msgs/AggregatedState.msg[0m
[ 83%] [34m[1mGenerating Python msg __init__.py for ds_nav_msgs[0m
[ 85%] [34m[1mGenerating EusLisp code from ds_nav_msgs/Buoyancy.msg[0m
[ 86%] [34m[1mGenerating EusLisp code from ds_nav_msgs/Shift.msg[0m
[ 88%] [34m[1mGenerating Python srv __init__.py for ds_nav_msgs[0m
[ 89%] [34m[1mGenerating EusLisp code from ds_nav_msgs/DeadReck.msg[0m
[ 91%] [34m[1mGenerating EusLisp code from ds_nav_msgs/LatLon.msg[0m
[ 91%] Built target ds_nav_msgs_generate_messages_py
[ 92%] [34m[1mGenerating EusLisp code from ds_nav_msgs/RejPolicyStatus.msg[0m
[ 94%] [34m[1mGenerating EusLisp code from ds_nav_msgs/ZuptStatus.msg[0m
[ 95%] [34m[1mGenerating EusLisp code from ds_nav_msgs/ResetDvl.srv[0m
[ 97%] [34m[1mGenerating EusLisp code from ds_nav_msgs/ZuptCmd.srv[0m
[ 98%] [34m[1mGenerating EusLisp code from ds_nav_msgs/RejPolicyCmd.srv[0m
[100%] [34m[1mGenerating EusLisp manifest code for ds_nav_msgs[0m
[100%] Built target ds_nav_msgs_generate_messages_eus
[35m[1mScanning dependencies of target ds_nav_msgs_generate_messages[0m
[100%] Built target ds_nav_msgs_generate_messages
