[  0%] Built target _ds_nav_msgs_generate_messages_check_deps_ZuptCmd
[  0%] Built target _ds_nav_msgs_generate_messages_check_deps_DeadReck
[  0%] Built target _ds_nav_msgs_generate_messages_check_deps_LatLon
[  0%] Built target _ds_nav_msgs_generate_messages_check_deps_ResetDvl
[  0%] Built target _ds_nav_msgs_generate_messages_check_deps_AggregatedState
[  0%] Built target _ds_nav_msgs_generate_messages_check_deps_Buoyancy
[  0%] Built target _ds_nav_msgs_generate_messages_check_deps_NavState
[  0%] Built target _ds_nav_msgs_generate_messages_check_deps_ZuptStatus
[  0%] Built target ds_core_msgs_generate_messages_nodejs
[  0%] Built target geometry_msgs_generate_messages_nodejs
[  0%] Built target std_msgs_generate_messages_nodejs
[  0%] Built target _ds_nav_msgs_generate_messages_check_deps_RejPolicyCmd
[  0%] Built target _ds_nav_msgs_generate_messages_check_deps_FlaggedDouble
[  0%] Built target geometry_msgs_generate_messages_lisp
[  0%] Built target _ds_nav_msgs_generate_messages_check_deps_RejPolicyStatus
[  0%] Built target ds_core_msgs_generate_messages_lisp
[  0%] Built target _ds_nav_msgs_generate_messages_check_deps_ModelState
[  0%] Built target std_msgs_generate_messages_lisp
[  0%] Built target _ds_nav_msgs_generate_messages_check_deps_Shift
[  0%] Built target ds_core_msgs_generate_messages_cpp
[  0%] Built target std_msgs_generate_messages_cpp
[  0%] Built target geometry_msgs_generate_messages_cpp
[  0%] Built target std_msgs_generate_messages_py
[  0%] Built target ds_core_msgs_generate_messages_py
[  0%] Built target geometry_msgs_generate_messages_py
[  0%] Built target std_msgs_generate_messages_eus
[  0%] Built target ds_core_msgs_generate_messages_eus
[  0%] Built target geometry_msgs_generate_messages_eus
[ 19%] Built target ds_nav_msgs_generate_messages_nodejs
[ 38%] Built target ds_nav_msgs_generate_messages_lisp
[ 57%] Built target ds_nav_msgs_generate_messages_cpp
[ 79%] Built target ds_nav_msgs_generate_messages_py
[100%] Built target ds_nav_msgs_generate_messages_eus
[100%] Built target ds_nav_msgs_generate_messages
