Symlinking /home/constance/uuv_ws/devel/include/ds_nav_msgs/AggregatedState.h
Symlinking /home/constance/uuv_ws/devel/include/ds_nav_msgs/ZuptCmdRequest.h
Symlinking /home/constance/uuv_ws/devel/include/ds_nav_msgs/ZuptStatus.h
Symlinking /home/constance/uuv_ws/devel/include/ds_nav_msgs/LatLon.h
Symlinking /home/constance/uuv_ws/devel/include/ds_nav_msgs/RejPolicyCmdResponse.h
Symlinking /home/constance/uuv_ws/devel/include/ds_nav_msgs/RejPolicyStatus.h
Symlinking /home/constance/uuv_ws/devel/include/ds_nav_msgs/FlaggedDouble.h
Symlinking /home/constance/uuv_ws/devel/include/ds_nav_msgs/NavState.h
Symlinking /home/constance/uuv_ws/devel/include/ds_nav_msgs/RejPolicyCmdRequest.h
Symlinking /home/constance/uuv_ws/devel/include/ds_nav_msgs/ModelState.h
Symlinking /home/constance/uuv_ws/devel/include/ds_nav_msgs/ZuptCmdResponse.h
Symlinking /home/constance/uuv_ws/devel/include/ds_nav_msgs/ZuptCmd.h
Symlinking /home/constance/uuv_ws/devel/include/ds_nav_msgs/ResetDvl.h
Symlinking /home/constance/uuv_ws/devel/include/ds_nav_msgs/RejPolicyCmd.h
Symlinking /home/constance/uuv_ws/devel/include/ds_nav_msgs/Buoyancy.h
Symlinking /home/constance/uuv_ws/devel/include/ds_nav_msgs/ResetDvlRequest.h
Symlinking /home/constance/uuv_ws/devel/include/ds_nav_msgs/DeadReck.h
Symlinking /home/constance/uuv_ws/devel/include/ds_nav_msgs/Shift.h
Symlinking /home/constance/uuv_ws/devel/include/ds_nav_msgs/ResetDvlResponse.h
Symlinking /home/constance/uuv_ws/devel/share/roseus/ros/ds_nav_msgs/manifest.l
Symlinking /home/constance/uuv_ws/devel/share/roseus/ros/ds_nav_msgs/srv/ResetDvl.l
Symlinking /home/constance/uuv_ws/devel/share/roseus/ros/ds_nav_msgs/srv/ZuptCmd.l
Symlinking /home/constance/uuv_ws/devel/share/roseus/ros/ds_nav_msgs/srv/RejPolicyCmd.l
Symlinking /home/constance/uuv_ws/devel/share/roseus/ros/ds_nav_msgs/msg/DeadReck.l
Symlinking /home/constance/uuv_ws/devel/share/roseus/ros/ds_nav_msgs/msg/FlaggedDouble.l
Symlinking /home/constance/uuv_ws/devel/share/roseus/ros/ds_nav_msgs/msg/Buoyancy.l
Symlinking /home/constance/uuv_ws/devel/share/roseus/ros/ds_nav_msgs/msg/ModelState.l
Symlinking /home/constance/uuv_ws/devel/share/roseus/ros/ds_nav_msgs/msg/NavState.l
Symlinking /home/constance/uuv_ws/devel/share/roseus/ros/ds_nav_msgs/msg/Shift.l
Symlinking /home/constance/uuv_ws/devel/share/roseus/ros/ds_nav_msgs/msg/AggregatedState.l
Symlinking /home/constance/uuv_ws/devel/share/roseus/ros/ds_nav_msgs/msg/ZuptStatus.l
Symlinking /home/constance/uuv_ws/devel/share/roseus/ros/ds_nav_msgs/msg/RejPolicyStatus.l
Symlinking /home/constance/uuv_ws/devel/share/roseus/ros/ds_nav_msgs/msg/LatLon.l
Symlinking /home/constance/uuv_ws/devel/share/ds_nav_msgs/cmake/ds_nav_msgs-msg-paths.cmake
Symlinking /home/constance/uuv_ws/devel/share/ds_nav_msgs/cmake/ds_nav_msgsConfig-version.cmake
Symlinking /home/constance/uuv_ws/devel/share/ds_nav_msgs/cmake/ds_nav_msgsConfig.cmake
Symlinking /home/constance/uuv_ws/devel/share/ds_nav_msgs/cmake/ds_nav_msgs-msg-extras.cmake
Symlinking /home/constance/uuv_ws/devel/share/common-lisp/ros/ds_nav_msgs/srv/ResetDvl.lisp
Symlinking /home/constance/uuv_ws/devel/share/common-lisp/ros/ds_nav_msgs/srv/_package_ZuptCmd.lisp
Symlinking /home/constance/uuv_ws/devel/share/common-lisp/ros/ds_nav_msgs/srv/_package_RejPolicyCmd.lisp
Symlinking /home/constance/uuv_ws/devel/share/common-lisp/ros/ds_nav_msgs/srv/_package.lisp
Symlinking /home/constance/uuv_ws/devel/share/common-lisp/ros/ds_nav_msgs/srv/RejPolicyCmd.lisp
Symlinking /home/constance/uuv_ws/devel/share/common-lisp/ros/ds_nav_msgs/srv/ds_nav_msgs-srv.asd
Symlinking /home/constance/uuv_ws/devel/share/common-lisp/ros/ds_nav_msgs/srv/ZuptCmd.lisp
Symlinking /home/constance/uuv_ws/devel/share/common-lisp/ros/ds_nav_msgs/srv/_package_ResetDvl.lisp
Symlinking /home/constance/uuv_ws/devel/share/common-lisp/ros/ds_nav_msgs/msg/ZuptStatus.lisp
Symlinking /home/constance/uuv_ws/devel/share/common-lisp/ros/ds_nav_msgs/msg/_package_ModelState.lisp
Symlinking /home/constance/uuv_ws/devel/share/common-lisp/ros/ds_nav_msgs/msg/_package_AggregatedState.lisp
Symlinking /home/constance/uuv_ws/devel/share/common-lisp/ros/ds_nav_msgs/msg/FlaggedDouble.lisp
Symlinking /home/constance/uuv_ws/devel/share/common-lisp/ros/ds_nav_msgs/msg/_package.lisp
Symlinking /home/constance/uuv_ws/devel/share/common-lisp/ros/ds_nav_msgs/msg/NavState.lisp
Symlinking /home/constance/uuv_ws/devel/share/common-lisp/ros/ds_nav_msgs/msg/Buoyancy.lisp
Symlinking /home/constance/uuv_ws/devel/share/common-lisp/ros/ds_nav_msgs/msg/ModelState.lisp
Symlinking /home/constance/uuv_ws/devel/share/common-lisp/ros/ds_nav_msgs/msg/_package_RejPolicyStatus.lisp
Symlinking /home/constance/uuv_ws/devel/share/common-lisp/ros/ds_nav_msgs/msg/Shift.lisp
Symlinking /home/constance/uuv_ws/devel/share/common-lisp/ros/ds_nav_msgs/msg/_package_ZuptStatus.lisp
Symlinking /home/constance/uuv_ws/devel/share/common-lisp/ros/ds_nav_msgs/msg/ds_nav_msgs-msg.asd
Symlinking /home/constance/uuv_ws/devel/share/common-lisp/ros/ds_nav_msgs/msg/_package_FlaggedDouble.lisp
Symlinking /home/constance/uuv_ws/devel/share/common-lisp/ros/ds_nav_msgs/msg/_package_Buoyancy.lisp
Symlinking /home/constance/uuv_ws/devel/share/common-lisp/ros/ds_nav_msgs/msg/_package_LatLon.lisp
Symlinking /home/constance/uuv_ws/devel/share/common-lisp/ros/ds_nav_msgs/msg/RejPolicyStatus.lisp
Symlinking /home/constance/uuv_ws/devel/share/common-lisp/ros/ds_nav_msgs/msg/AggregatedState.lisp
Symlinking /home/constance/uuv_ws/devel/share/common-lisp/ros/ds_nav_msgs/msg/_package_Shift.lisp
Symlinking /home/constance/uuv_ws/devel/share/common-lisp/ros/ds_nav_msgs/msg/DeadReck.lisp
Symlinking /home/constance/uuv_ws/devel/share/common-lisp/ros/ds_nav_msgs/msg/_package_NavState.lisp
Symlinking /home/constance/uuv_ws/devel/share/common-lisp/ros/ds_nav_msgs/msg/LatLon.lisp
Symlinking /home/constance/uuv_ws/devel/share/common-lisp/ros/ds_nav_msgs/msg/_package_DeadReck.lisp
Symlinking /home/constance/uuv_ws/devel/share/gennodejs/ros/ds_nav_msgs/_index.js
Symlinking /home/constance/uuv_ws/devel/share/gennodejs/ros/ds_nav_msgs/srv/_index.js
Symlinking /home/constance/uuv_ws/devel/share/gennodejs/ros/ds_nav_msgs/srv/ResetDvl.js
Symlinking /home/constance/uuv_ws/devel/share/gennodejs/ros/ds_nav_msgs/srv/RejPolicyCmd.js
Symlinking /home/constance/uuv_ws/devel/share/gennodejs/ros/ds_nav_msgs/srv/ZuptCmd.js
Symlinking /home/constance/uuv_ws/devel/share/gennodejs/ros/ds_nav_msgs/msg/AggregatedState.js
Symlinking /home/constance/uuv_ws/devel/share/gennodejs/ros/ds_nav_msgs/msg/NavState.js
Symlinking /home/constance/uuv_ws/devel/share/gennodejs/ros/ds_nav_msgs/msg/RejPolicyStatus.js
Symlinking /home/constance/uuv_ws/devel/share/gennodejs/ros/ds_nav_msgs/msg/_index.js
Symlinking /home/constance/uuv_ws/devel/share/gennodejs/ros/ds_nav_msgs/msg/DeadReck.js
Symlinking /home/constance/uuv_ws/devel/share/gennodejs/ros/ds_nav_msgs/msg/Shift.js
Symlinking /home/constance/uuv_ws/devel/share/gennodejs/ros/ds_nav_msgs/msg/LatLon.js
Symlinking /home/constance/uuv_ws/devel/share/gennodejs/ros/ds_nav_msgs/msg/Buoyancy.js
Symlinking /home/constance/uuv_ws/devel/share/gennodejs/ros/ds_nav_msgs/msg/FlaggedDouble.js
Symlinking /home/constance/uuv_ws/devel/share/gennodejs/ros/ds_nav_msgs/msg/ZuptStatus.js
Symlinking /home/constance/uuv_ws/devel/share/gennodejs/ros/ds_nav_msgs/msg/ModelState.js
Symlinking /home/constance/uuv_ws/devel/lib/python3/dist-packages/ds_nav_msgs/__init__.py
Symlinking /home/constance/uuv_ws/devel/lib/python3/dist-packages/ds_nav_msgs/srv/_ResetDvl.py
Symlinking /home/constance/uuv_ws/devel/lib/python3/dist-packages/ds_nav_msgs/srv/_ZuptCmd.py
Symlinking /home/constance/uuv_ws/devel/lib/python3/dist-packages/ds_nav_msgs/srv/_RejPolicyCmd.py
Symlinking /home/constance/uuv_ws/devel/lib/python3/dist-packages/ds_nav_msgs/srv/__init__.py
Symlinking /home/constance/uuv_ws/devel/lib/python3/dist-packages/ds_nav_msgs/msg/_Buoyancy.py
Symlinking /home/constance/uuv_ws/devel/lib/python3/dist-packages/ds_nav_msgs/msg/_Shift.py
Symlinking /home/constance/uuv_ws/devel/lib/python3/dist-packages/ds_nav_msgs/msg/_DeadReck.py
Symlinking /home/constance/uuv_ws/devel/lib/python3/dist-packages/ds_nav_msgs/msg/_NavState.py
Symlinking /home/constance/uuv_ws/devel/lib/python3/dist-packages/ds_nav_msgs/msg/_ModelState.py
Symlinking /home/constance/uuv_ws/devel/lib/python3/dist-packages/ds_nav_msgs/msg/_RejPolicyStatus.py
Symlinking /home/constance/uuv_ws/devel/lib/python3/dist-packages/ds_nav_msgs/msg/_FlaggedDouble.py
Symlinking /home/constance/uuv_ws/devel/lib/python3/dist-packages/ds_nav_msgs/msg/_LatLon.py
Symlinking /home/constance/uuv_ws/devel/lib/python3/dist-packages/ds_nav_msgs/msg/_ZuptStatus.py
Symlinking /home/constance/uuv_ws/devel/lib/python3/dist-packages/ds_nav_msgs/msg/_AggregatedState.py
Symlinking /home/constance/uuv_ws/devel/lib/python3/dist-packages/ds_nav_msgs/msg/__init__.py
Symlinking /home/constance/uuv_ws/devel/lib/pkgconfig/ds_nav_msgs.pc
