Linked: (/home/constance/uuv_ws/devel/.private/ds_nav_msgs/include/ds_nav_msgs/AggregatedState.h, /home/constance/uuv_ws/devel/include/ds_nav_msgs/AggregatedState.h)
Linked: (/home/constance/uuv_ws/devel/.private/ds_nav_msgs/include/ds_nav_msgs/ZuptCmdRequest.h, /home/constance/uuv_ws/devel/include/ds_nav_msgs/ZuptCmdRequest.h)
Linked: (/home/constance/uuv_ws/devel/.private/ds_nav_msgs/include/ds_nav_msgs/ZuptStatus.h, /home/constance/uuv_ws/devel/include/ds_nav_msgs/ZuptStatus.h)
Linked: (/home/constance/uuv_ws/devel/.private/ds_nav_msgs/include/ds_nav_msgs/LatLon.h, /home/constance/uuv_ws/devel/include/ds_nav_msgs/LatLon.h)
Linked: (/home/constance/uuv_ws/devel/.private/ds_nav_msgs/include/ds_nav_msgs/RejPolicyCmdResponse.h, /home/constance/uuv_ws/devel/include/ds_nav_msgs/RejPolicyCmdResponse.h)
Linked: (/home/constance/uuv_ws/devel/.private/ds_nav_msgs/include/ds_nav_msgs/RejPolicyStatus.h, /home/constance/uuv_ws/devel/include/ds_nav_msgs/RejPolicyStatus.h)
Linked: (/home/constance/uuv_ws/devel/.private/ds_nav_msgs/include/ds_nav_msgs/FlaggedDouble.h, /home/constance/uuv_ws/devel/include/ds_nav_msgs/FlaggedDouble.h)
Linked: (/home/constance/uuv_ws/devel/.private/ds_nav_msgs/include/ds_nav_msgs/NavState.h, /home/constance/uuv_ws/devel/include/ds_nav_msgs/NavState.h)
Linked: (/home/constance/uuv_ws/devel/.private/ds_nav_msgs/include/ds_nav_msgs/RejPolicyCmdRequest.h, /home/constance/uuv_ws/devel/include/ds_nav_msgs/RejPolicyCmdRequest.h)
Linked: (/home/constance/uuv_ws/devel/.private/ds_nav_msgs/include/ds_nav_msgs/ModelState.h, /home/constance/uuv_ws/devel/include/ds_nav_msgs/ModelState.h)
Linked: (/home/constance/uuv_ws/devel/.private/ds_nav_msgs/include/ds_nav_msgs/ZuptCmdResponse.h, /home/constance/uuv_ws/devel/include/ds_nav_msgs/ZuptCmdResponse.h)
Linked: (/home/constance/uuv_ws/devel/.private/ds_nav_msgs/include/ds_nav_msgs/ZuptCmd.h, /home/constance/uuv_ws/devel/include/ds_nav_msgs/ZuptCmd.h)
Linked: (/home/constance/uuv_ws/devel/.private/ds_nav_msgs/include/ds_nav_msgs/ResetDvl.h, /home/constance/uuv_ws/devel/include/ds_nav_msgs/ResetDvl.h)
Linked: (/home/constance/uuv_ws/devel/.private/ds_nav_msgs/include/ds_nav_msgs/RejPolicyCmd.h, /home/constance/uuv_ws/devel/include/ds_nav_msgs/RejPolicyCmd.h)
Linked: (/home/constance/uuv_ws/devel/.private/ds_nav_msgs/include/ds_nav_msgs/Buoyancy.h, /home/constance/uuv_ws/devel/include/ds_nav_msgs/Buoyancy.h)
Linked: (/home/constance/uuv_ws/devel/.private/ds_nav_msgs/include/ds_nav_msgs/ResetDvlRequest.h, /home/constance/uuv_ws/devel/include/ds_nav_msgs/ResetDvlRequest.h)
Linked: (/home/constance/uuv_ws/devel/.private/ds_nav_msgs/include/ds_nav_msgs/DeadReck.h, /home/constance/uuv_ws/devel/include/ds_nav_msgs/DeadReck.h)
Linked: (/home/constance/uuv_ws/devel/.private/ds_nav_msgs/include/ds_nav_msgs/Shift.h, /home/constance/uuv_ws/devel/include/ds_nav_msgs/Shift.h)
Linked: (/home/constance/uuv_ws/devel/.private/ds_nav_msgs/include/ds_nav_msgs/ResetDvlResponse.h, /home/constance/uuv_ws/devel/include/ds_nav_msgs/ResetDvlResponse.h)
Linked: (/home/constance/uuv_ws/devel/.private/ds_nav_msgs/share/roseus/ros/ds_nav_msgs/manifest.l, /home/constance/uuv_ws/devel/share/roseus/ros/ds_nav_msgs/manifest.l)
Linked: (/home/constance/uuv_ws/devel/.private/ds_nav_msgs/share/roseus/ros/ds_nav_msgs/srv/ResetDvl.l, /home/constance/uuv_ws/devel/share/roseus/ros/ds_nav_msgs/srv/ResetDvl.l)
Linked: (/home/constance/uuv_ws/devel/.private/ds_nav_msgs/share/roseus/ros/ds_nav_msgs/srv/ZuptCmd.l, /home/constance/uuv_ws/devel/share/roseus/ros/ds_nav_msgs/srv/ZuptCmd.l)
Linked: (/home/constance/uuv_ws/devel/.private/ds_nav_msgs/share/roseus/ros/ds_nav_msgs/srv/RejPolicyCmd.l, /home/constance/uuv_ws/devel/share/roseus/ros/ds_nav_msgs/srv/RejPolicyCmd.l)
Linked: (/home/constance/uuv_ws/devel/.private/ds_nav_msgs/share/roseus/ros/ds_nav_msgs/msg/DeadReck.l, /home/constance/uuv_ws/devel/share/roseus/ros/ds_nav_msgs/msg/DeadReck.l)
Linked: (/home/constance/uuv_ws/devel/.private/ds_nav_msgs/share/roseus/ros/ds_nav_msgs/msg/FlaggedDouble.l, /home/constance/uuv_ws/devel/share/roseus/ros/ds_nav_msgs/msg/FlaggedDouble.l)
Linked: (/home/constance/uuv_ws/devel/.private/ds_nav_msgs/share/roseus/ros/ds_nav_msgs/msg/Buoyancy.l, /home/constance/uuv_ws/devel/share/roseus/ros/ds_nav_msgs/msg/Buoyancy.l)
Linked: (/home/constance/uuv_ws/devel/.private/ds_nav_msgs/share/roseus/ros/ds_nav_msgs/msg/ModelState.l, /home/constance/uuv_ws/devel/share/roseus/ros/ds_nav_msgs/msg/ModelState.l)
Linked: (/home/constance/uuv_ws/devel/.private/ds_nav_msgs/share/roseus/ros/ds_nav_msgs/msg/NavState.l, /home/constance/uuv_ws/devel/share/roseus/ros/ds_nav_msgs/msg/NavState.l)
Linked: (/home/constance/uuv_ws/devel/.private/ds_nav_msgs/share/roseus/ros/ds_nav_msgs/msg/Shift.l, /home/constance/uuv_ws/devel/share/roseus/ros/ds_nav_msgs/msg/Shift.l)
Linked: (/home/constance/uuv_ws/devel/.private/ds_nav_msgs/share/roseus/ros/ds_nav_msgs/msg/AggregatedState.l, /home/constance/uuv_ws/devel/share/roseus/ros/ds_nav_msgs/msg/AggregatedState.l)
Linked: (/home/constance/uuv_ws/devel/.private/ds_nav_msgs/share/roseus/ros/ds_nav_msgs/msg/ZuptStatus.l, /home/constance/uuv_ws/devel/share/roseus/ros/ds_nav_msgs/msg/ZuptStatus.l)
Linked: (/home/constance/uuv_ws/devel/.private/ds_nav_msgs/share/roseus/ros/ds_nav_msgs/msg/RejPolicyStatus.l, /home/constance/uuv_ws/devel/share/roseus/ros/ds_nav_msgs/msg/RejPolicyStatus.l)
Linked: (/home/constance/uuv_ws/devel/.private/ds_nav_msgs/share/roseus/ros/ds_nav_msgs/msg/LatLon.l, /home/constance/uuv_ws/devel/share/roseus/ros/ds_nav_msgs/msg/LatLon.l)
Linked: (/home/constance/uuv_ws/devel/.private/ds_nav_msgs/share/ds_nav_msgs/cmake/ds_nav_msgs-msg-paths.cmake, /home/constance/uuv_ws/devel/share/ds_nav_msgs/cmake/ds_nav_msgs-msg-paths.cmake)
Linked: (/home/constance/uuv_ws/devel/.private/ds_nav_msgs/share/ds_nav_msgs/cmake/ds_nav_msgsConfig-version.cmake, /home/constance/uuv_ws/devel/share/ds_nav_msgs/cmake/ds_nav_msgsConfig-version.cmake)
Linked: (/home/constance/uuv_ws/devel/.private/ds_nav_msgs/share/ds_nav_msgs/cmake/ds_nav_msgsConfig.cmake, /home/constance/uuv_ws/devel/share/ds_nav_msgs/cmake/ds_nav_msgsConfig.cmake)
Linked: (/home/constance/uuv_ws/devel/.private/ds_nav_msgs/share/ds_nav_msgs/cmake/ds_nav_msgs-msg-extras.cmake, /home/constance/uuv_ws/devel/share/ds_nav_msgs/cmake/ds_nav_msgs-msg-extras.cmake)
Linked: (/home/constance/uuv_ws/devel/.private/ds_nav_msgs/share/common-lisp/ros/ds_nav_msgs/srv/ResetDvl.lisp, /home/constance/uuv_ws/devel/share/common-lisp/ros/ds_nav_msgs/srv/ResetDvl.lisp)
Linked: (/home/constance/uuv_ws/devel/.private/ds_nav_msgs/share/common-lisp/ros/ds_nav_msgs/srv/_package_ZuptCmd.lisp, /home/constance/uuv_ws/devel/share/common-lisp/ros/ds_nav_msgs/srv/_package_ZuptCmd.lisp)
Linked: (/home/constance/uuv_ws/devel/.private/ds_nav_msgs/share/common-lisp/ros/ds_nav_msgs/srv/_package_RejPolicyCmd.lisp, /home/constance/uuv_ws/devel/share/common-lisp/ros/ds_nav_msgs/srv/_package_RejPolicyCmd.lisp)
Linked: (/home/constance/uuv_ws/devel/.private/ds_nav_msgs/share/common-lisp/ros/ds_nav_msgs/srv/_package.lisp, /home/constance/uuv_ws/devel/share/common-lisp/ros/ds_nav_msgs/srv/_package.lisp)
Linked: (/home/constance/uuv_ws/devel/.private/ds_nav_msgs/share/common-lisp/ros/ds_nav_msgs/srv/RejPolicyCmd.lisp, /home/constance/uuv_ws/devel/share/common-lisp/ros/ds_nav_msgs/srv/RejPolicyCmd.lisp)
Linked: (/home/constance/uuv_ws/devel/.private/ds_nav_msgs/share/common-lisp/ros/ds_nav_msgs/srv/ds_nav_msgs-srv.asd, /home/constance/uuv_ws/devel/share/common-lisp/ros/ds_nav_msgs/srv/ds_nav_msgs-srv.asd)
Linked: (/home/constance/uuv_ws/devel/.private/ds_nav_msgs/share/common-lisp/ros/ds_nav_msgs/srv/ZuptCmd.lisp, /home/constance/uuv_ws/devel/share/common-lisp/ros/ds_nav_msgs/srv/ZuptCmd.lisp)
Linked: (/home/constance/uuv_ws/devel/.private/ds_nav_msgs/share/common-lisp/ros/ds_nav_msgs/srv/_package_ResetDvl.lisp, /home/constance/uuv_ws/devel/share/common-lisp/ros/ds_nav_msgs/srv/_package_ResetDvl.lisp)
Linked: (/home/constance/uuv_ws/devel/.private/ds_nav_msgs/share/common-lisp/ros/ds_nav_msgs/msg/ZuptStatus.lisp, /home/constance/uuv_ws/devel/share/common-lisp/ros/ds_nav_msgs/msg/ZuptStatus.lisp)
Linked: (/home/constance/uuv_ws/devel/.private/ds_nav_msgs/share/common-lisp/ros/ds_nav_msgs/msg/_package_ModelState.lisp, /home/constance/uuv_ws/devel/share/common-lisp/ros/ds_nav_msgs/msg/_package_ModelState.lisp)
Linked: (/home/constance/uuv_ws/devel/.private/ds_nav_msgs/share/common-lisp/ros/ds_nav_msgs/msg/_package_AggregatedState.lisp, /home/constance/uuv_ws/devel/share/common-lisp/ros/ds_nav_msgs/msg/_package_AggregatedState.lisp)
Linked: (/home/constance/uuv_ws/devel/.private/ds_nav_msgs/share/common-lisp/ros/ds_nav_msgs/msg/FlaggedDouble.lisp, /home/constance/uuv_ws/devel/share/common-lisp/ros/ds_nav_msgs/msg/FlaggedDouble.lisp)
Linked: (/home/constance/uuv_ws/devel/.private/ds_nav_msgs/share/common-lisp/ros/ds_nav_msgs/msg/_package.lisp, /home/constance/uuv_ws/devel/share/common-lisp/ros/ds_nav_msgs/msg/_package.lisp)
Linked: (/home/constance/uuv_ws/devel/.private/ds_nav_msgs/share/common-lisp/ros/ds_nav_msgs/msg/NavState.lisp, /home/constance/uuv_ws/devel/share/common-lisp/ros/ds_nav_msgs/msg/NavState.lisp)
Linked: (/home/constance/uuv_ws/devel/.private/ds_nav_msgs/share/common-lisp/ros/ds_nav_msgs/msg/Buoyancy.lisp, /home/constance/uuv_ws/devel/share/common-lisp/ros/ds_nav_msgs/msg/Buoyancy.lisp)
Linked: (/home/constance/uuv_ws/devel/.private/ds_nav_msgs/share/common-lisp/ros/ds_nav_msgs/msg/ModelState.lisp, /home/constance/uuv_ws/devel/share/common-lisp/ros/ds_nav_msgs/msg/ModelState.lisp)
Linked: (/home/constance/uuv_ws/devel/.private/ds_nav_msgs/share/common-lisp/ros/ds_nav_msgs/msg/_package_RejPolicyStatus.lisp, /home/constance/uuv_ws/devel/share/common-lisp/ros/ds_nav_msgs/msg/_package_RejPolicyStatus.lisp)
Linked: (/home/constance/uuv_ws/devel/.private/ds_nav_msgs/share/common-lisp/ros/ds_nav_msgs/msg/Shift.lisp, /home/constance/uuv_ws/devel/share/common-lisp/ros/ds_nav_msgs/msg/Shift.lisp)
Linked: (/home/constance/uuv_ws/devel/.private/ds_nav_msgs/share/common-lisp/ros/ds_nav_msgs/msg/_package_ZuptStatus.lisp, /home/constance/uuv_ws/devel/share/common-lisp/ros/ds_nav_msgs/msg/_package_ZuptStatus.lisp)
Linked: (/home/constance/uuv_ws/devel/.private/ds_nav_msgs/share/common-lisp/ros/ds_nav_msgs/msg/ds_nav_msgs-msg.asd, /home/constance/uuv_ws/devel/share/common-lisp/ros/ds_nav_msgs/msg/ds_nav_msgs-msg.asd)
Linked: (/home/constance/uuv_ws/devel/.private/ds_nav_msgs/share/common-lisp/ros/ds_nav_msgs/msg/_package_FlaggedDouble.lisp, /home/constance/uuv_ws/devel/share/common-lisp/ros/ds_nav_msgs/msg/_package_FlaggedDouble.lisp)
Linked: (/home/constance/uuv_ws/devel/.private/ds_nav_msgs/share/common-lisp/ros/ds_nav_msgs/msg/_package_Buoyancy.lisp, /home/constance/uuv_ws/devel/share/common-lisp/ros/ds_nav_msgs/msg/_package_Buoyancy.lisp)
Linked: (/home/constance/uuv_ws/devel/.private/ds_nav_msgs/share/common-lisp/ros/ds_nav_msgs/msg/_package_LatLon.lisp, /home/constance/uuv_ws/devel/share/common-lisp/ros/ds_nav_msgs/msg/_package_LatLon.lisp)
Linked: (/home/constance/uuv_ws/devel/.private/ds_nav_msgs/share/common-lisp/ros/ds_nav_msgs/msg/RejPolicyStatus.lisp, /home/constance/uuv_ws/devel/share/common-lisp/ros/ds_nav_msgs/msg/RejPolicyStatus.lisp)
Linked: (/home/constance/uuv_ws/devel/.private/ds_nav_msgs/share/common-lisp/ros/ds_nav_msgs/msg/AggregatedState.lisp, /home/constance/uuv_ws/devel/share/common-lisp/ros/ds_nav_msgs/msg/AggregatedState.lisp)
Linked: (/home/constance/uuv_ws/devel/.private/ds_nav_msgs/share/common-lisp/ros/ds_nav_msgs/msg/_package_Shift.lisp, /home/constance/uuv_ws/devel/share/common-lisp/ros/ds_nav_msgs/msg/_package_Shift.lisp)
Linked: (/home/constance/uuv_ws/devel/.private/ds_nav_msgs/share/common-lisp/ros/ds_nav_msgs/msg/DeadReck.lisp, /home/constance/uuv_ws/devel/share/common-lisp/ros/ds_nav_msgs/msg/DeadReck.lisp)
Linked: (/home/constance/uuv_ws/devel/.private/ds_nav_msgs/share/common-lisp/ros/ds_nav_msgs/msg/_package_NavState.lisp, /home/constance/uuv_ws/devel/share/common-lisp/ros/ds_nav_msgs/msg/_package_NavState.lisp)
Linked: (/home/constance/uuv_ws/devel/.private/ds_nav_msgs/share/common-lisp/ros/ds_nav_msgs/msg/LatLon.lisp, /home/constance/uuv_ws/devel/share/common-lisp/ros/ds_nav_msgs/msg/LatLon.lisp)
Linked: (/home/constance/uuv_ws/devel/.private/ds_nav_msgs/share/common-lisp/ros/ds_nav_msgs/msg/_package_DeadReck.lisp, /home/constance/uuv_ws/devel/share/common-lisp/ros/ds_nav_msgs/msg/_package_DeadReck.lisp)
Linked: (/home/constance/uuv_ws/devel/.private/ds_nav_msgs/share/gennodejs/ros/ds_nav_msgs/_index.js, /home/constance/uuv_ws/devel/share/gennodejs/ros/ds_nav_msgs/_index.js)
Linked: (/home/constance/uuv_ws/devel/.private/ds_nav_msgs/share/gennodejs/ros/ds_nav_msgs/srv/_index.js, /home/constance/uuv_ws/devel/share/gennodejs/ros/ds_nav_msgs/srv/_index.js)
Linked: (/home/constance/uuv_ws/devel/.private/ds_nav_msgs/share/gennodejs/ros/ds_nav_msgs/srv/ResetDvl.js, /home/constance/uuv_ws/devel/share/gennodejs/ros/ds_nav_msgs/srv/ResetDvl.js)
Linked: (/home/constance/uuv_ws/devel/.private/ds_nav_msgs/share/gennodejs/ros/ds_nav_msgs/srv/RejPolicyCmd.js, /home/constance/uuv_ws/devel/share/gennodejs/ros/ds_nav_msgs/srv/RejPolicyCmd.js)
Linked: (/home/constance/uuv_ws/devel/.private/ds_nav_msgs/share/gennodejs/ros/ds_nav_msgs/srv/ZuptCmd.js, /home/constance/uuv_ws/devel/share/gennodejs/ros/ds_nav_msgs/srv/ZuptCmd.js)
Linked: (/home/constance/uuv_ws/devel/.private/ds_nav_msgs/share/gennodejs/ros/ds_nav_msgs/msg/AggregatedState.js, /home/constance/uuv_ws/devel/share/gennodejs/ros/ds_nav_msgs/msg/AggregatedState.js)
Linked: (/home/constance/uuv_ws/devel/.private/ds_nav_msgs/share/gennodejs/ros/ds_nav_msgs/msg/NavState.js, /home/constance/uuv_ws/devel/share/gennodejs/ros/ds_nav_msgs/msg/NavState.js)
Linked: (/home/constance/uuv_ws/devel/.private/ds_nav_msgs/share/gennodejs/ros/ds_nav_msgs/msg/RejPolicyStatus.js, /home/constance/uuv_ws/devel/share/gennodejs/ros/ds_nav_msgs/msg/RejPolicyStatus.js)
Linked: (/home/constance/uuv_ws/devel/.private/ds_nav_msgs/share/gennodejs/ros/ds_nav_msgs/msg/_index.js, /home/constance/uuv_ws/devel/share/gennodejs/ros/ds_nav_msgs/msg/_index.js)
Linked: (/home/constance/uuv_ws/devel/.private/ds_nav_msgs/share/gennodejs/ros/ds_nav_msgs/msg/DeadReck.js, /home/constance/uuv_ws/devel/share/gennodejs/ros/ds_nav_msgs/msg/DeadReck.js)
Linked: (/home/constance/uuv_ws/devel/.private/ds_nav_msgs/share/gennodejs/ros/ds_nav_msgs/msg/Shift.js, /home/constance/uuv_ws/devel/share/gennodejs/ros/ds_nav_msgs/msg/Shift.js)
Linked: (/home/constance/uuv_ws/devel/.private/ds_nav_msgs/share/gennodejs/ros/ds_nav_msgs/msg/LatLon.js, /home/constance/uuv_ws/devel/share/gennodejs/ros/ds_nav_msgs/msg/LatLon.js)
Linked: (/home/constance/uuv_ws/devel/.private/ds_nav_msgs/share/gennodejs/ros/ds_nav_msgs/msg/Buoyancy.js, /home/constance/uuv_ws/devel/share/gennodejs/ros/ds_nav_msgs/msg/Buoyancy.js)
Linked: (/home/constance/uuv_ws/devel/.private/ds_nav_msgs/share/gennodejs/ros/ds_nav_msgs/msg/FlaggedDouble.js, /home/constance/uuv_ws/devel/share/gennodejs/ros/ds_nav_msgs/msg/FlaggedDouble.js)
Linked: (/home/constance/uuv_ws/devel/.private/ds_nav_msgs/share/gennodejs/ros/ds_nav_msgs/msg/ZuptStatus.js, /home/constance/uuv_ws/devel/share/gennodejs/ros/ds_nav_msgs/msg/ZuptStatus.js)
Linked: (/home/constance/uuv_ws/devel/.private/ds_nav_msgs/share/gennodejs/ros/ds_nav_msgs/msg/ModelState.js, /home/constance/uuv_ws/devel/share/gennodejs/ros/ds_nav_msgs/msg/ModelState.js)
Linked: (/home/constance/uuv_ws/devel/.private/ds_nav_msgs/lib/python3/dist-packages/ds_nav_msgs/__init__.py, /home/constance/uuv_ws/devel/lib/python3/dist-packages/ds_nav_msgs/__init__.py)
Linked: (/home/constance/uuv_ws/devel/.private/ds_nav_msgs/lib/python3/dist-packages/ds_nav_msgs/srv/_ResetDvl.py, /home/constance/uuv_ws/devel/lib/python3/dist-packages/ds_nav_msgs/srv/_ResetDvl.py)
Linked: (/home/constance/uuv_ws/devel/.private/ds_nav_msgs/lib/python3/dist-packages/ds_nav_msgs/srv/_ZuptCmd.py, /home/constance/uuv_ws/devel/lib/python3/dist-packages/ds_nav_msgs/srv/_ZuptCmd.py)
Linked: (/home/constance/uuv_ws/devel/.private/ds_nav_msgs/lib/python3/dist-packages/ds_nav_msgs/srv/_RejPolicyCmd.py, /home/constance/uuv_ws/devel/lib/python3/dist-packages/ds_nav_msgs/srv/_RejPolicyCmd.py)
Linked: (/home/constance/uuv_ws/devel/.private/ds_nav_msgs/lib/python3/dist-packages/ds_nav_msgs/srv/__init__.py, /home/constance/uuv_ws/devel/lib/python3/dist-packages/ds_nav_msgs/srv/__init__.py)
Linked: (/home/constance/uuv_ws/devel/.private/ds_nav_msgs/lib/python3/dist-packages/ds_nav_msgs/msg/_Buoyancy.py, /home/constance/uuv_ws/devel/lib/python3/dist-packages/ds_nav_msgs/msg/_Buoyancy.py)
Linked: (/home/constance/uuv_ws/devel/.private/ds_nav_msgs/lib/python3/dist-packages/ds_nav_msgs/msg/_Shift.py, /home/constance/uuv_ws/devel/lib/python3/dist-packages/ds_nav_msgs/msg/_Shift.py)
Linked: (/home/constance/uuv_ws/devel/.private/ds_nav_msgs/lib/python3/dist-packages/ds_nav_msgs/msg/_DeadReck.py, /home/constance/uuv_ws/devel/lib/python3/dist-packages/ds_nav_msgs/msg/_DeadReck.py)
Linked: (/home/constance/uuv_ws/devel/.private/ds_nav_msgs/lib/python3/dist-packages/ds_nav_msgs/msg/_NavState.py, /home/constance/uuv_ws/devel/lib/python3/dist-packages/ds_nav_msgs/msg/_NavState.py)
Linked: (/home/constance/uuv_ws/devel/.private/ds_nav_msgs/lib/python3/dist-packages/ds_nav_msgs/msg/_ModelState.py, /home/constance/uuv_ws/devel/lib/python3/dist-packages/ds_nav_msgs/msg/_ModelState.py)
Linked: (/home/constance/uuv_ws/devel/.private/ds_nav_msgs/lib/python3/dist-packages/ds_nav_msgs/msg/_RejPolicyStatus.py, /home/constance/uuv_ws/devel/lib/python3/dist-packages/ds_nav_msgs/msg/_RejPolicyStatus.py)
Linked: (/home/constance/uuv_ws/devel/.private/ds_nav_msgs/lib/python3/dist-packages/ds_nav_msgs/msg/_FlaggedDouble.py, /home/constance/uuv_ws/devel/lib/python3/dist-packages/ds_nav_msgs/msg/_FlaggedDouble.py)
Linked: (/home/constance/uuv_ws/devel/.private/ds_nav_msgs/lib/python3/dist-packages/ds_nav_msgs/msg/_LatLon.py, /home/constance/uuv_ws/devel/lib/python3/dist-packages/ds_nav_msgs/msg/_LatLon.py)
Linked: (/home/constance/uuv_ws/devel/.private/ds_nav_msgs/lib/python3/dist-packages/ds_nav_msgs/msg/_ZuptStatus.py, /home/constance/uuv_ws/devel/lib/python3/dist-packages/ds_nav_msgs/msg/_ZuptStatus.py)
Linked: (/home/constance/uuv_ws/devel/.private/ds_nav_msgs/lib/python3/dist-packages/ds_nav_msgs/msg/_AggregatedState.py, /home/constance/uuv_ws/devel/lib/python3/dist-packages/ds_nav_msgs/msg/_AggregatedState.py)
Linked: (/home/constance/uuv_ws/devel/.private/ds_nav_msgs/lib/python3/dist-packages/ds_nav_msgs/msg/__init__.py, /home/constance/uuv_ws/devel/lib/python3/dist-packages/ds_nav_msgs/msg/__init__.py)
Linked: (/home/constance/uuv_ws/devel/.private/ds_nav_msgs/lib/pkgconfig/ds_nav_msgs.pc, /home/constance/uuv_ws/devel/lib/pkgconfig/ds_nav_msgs.pc)
