[  0%] Built target roscpp_generate_messages_lisp
[  0%] Built target rosgraph_msgs_generate_messages_nodejs
[  0%] Built target ds_nmea_msgs_generate_messages_lisp
[  0%] Built target roscpp_generate_messages_py
[  0%] Built target std_msgs_generate_messages_py
[  0%] Built target std_msgs_generate_messages_cpp
[  0%] Built target ds_nmea_msgs_generate_messages_py
[  0%] Built target roscpp_generate_messages_eus
[  0%] Built target ds_nmea_msgs_generate_messages_nodejs
[  0%] Built target std_msgs_generate_messages_lisp
[  0%] Built target rosgraph_msgs_generate_messages_lisp
[  0%] Built target rosgraph_msgs_generate_messages_py
[  0%] Built target ds_nmea_msgs_generate_messages_eus
[  0%] Built target roscpp_generate_messages_nodejs
[  0%] Built target rosgraph_msgs_generate_messages_cpp
[  0%] Built target std_msgs_generate_messages_eus
[  0%] Built target rosgraph_msgs_generate_messages_eus
[  0%] Built target ds_nmea_msgs_generate_messages_cpp
[  0%] Built target std_msgs_generate_messages_nodejs
[  0%] Built target roscpp_generate_messages_cpp
[100%] Built target ds_nmea_parsers
[36mInstall the project...[0m
-- Install configuration: ""
-- Installing: /home/constance/uuv_ws/install/_setup_util.py
-- Installing: /home/constance/uuv_ws/install/env.sh
-- Installing: /home/constance/uuv_ws/install/setup.bash
-- Installing: /home/constance/uuv_ws/install/local_setup.bash
-- Installing: /home/constance/uuv_ws/install/setup.sh
-- Installing: /home/constance/uuv_ws/install/local_setup.sh
-- Installing: /home/constance/uuv_ws/install/setup.zsh
-- Installing: /home/constance/uuv_ws/install/local_setup.zsh
-- Installing: /home/constance/uuv_ws/install/.rosinstall
-- Up-to-date: /home/constance/uuv_ws/install/lib/pkgconfig/ds_nmea_parsers.pc
-- Up-to-date: /home/constance/uuv_ws/install/share/ds_nmea_parsers/cmake/ds_nmea_parsersConfig.cmake
-- Up-to-date: /home/constance/uuv_ws/install/share/ds_nmea_parsers/cmake/ds_nmea_parsersConfig-version.cmake
-- Up-to-date: /home/constance/uuv_ws/install/share/ds_nmea_parsers/package.xml
-- Up-to-date: /home/constance/uuv_ws/install/lib/libds_nmea_parsers.so
-- Up-to-date: /home/constance/uuv_ws/install/include/ds_nmea_parsers
-- Up-to-date: /home/constance/uuv_ws/install/include/ds_nmea_parsers/PixseAtitud.h
-- Up-to-date: /home/constance/uuv_ws/install/include/ds_nmea_parsers/PixseConfig2Int.h
-- Up-to-date: /home/constance/uuv_ws/install/include/ds_nmea_parsers/PixseHspos.h
-- Up-to-date: /home/constance/uuv_ws/install/include/ds_nmea_parsers/PixseHeave.h
-- Up-to-date: /home/constance/uuv_ws/install/include/ds_nmea_parsers/PixseHtsts.h
-- Up-to-date: /home/constance/uuv_ws/install/include/ds_nmea_parsers/Zda.h
-- Up-to-date: /home/constance/uuv_ws/install/include/ds_nmea_parsers/PixseAccest.h
-- Up-to-date: /home/constance/uuv_ws/install/include/ds_nmea_parsers/Gll.h
-- Up-to-date: /home/constance/uuv_ws/install/include/ds_nmea_parsers/PixseStatus.h
-- Up-to-date: /home/constance/uuv_ws/install/include/ds_nmea_parsers/Inf.h
-- Up-to-date: /home/constance/uuv_ws/install/include/ds_nmea_parsers/PixsePositi.h
-- Up-to-date: /home/constance/uuv_ws/install/include/ds_nmea_parsers/PixseStdhrp.h
-- Up-to-date: /home/constance/uuv_ws/install/include/ds_nmea_parsers/Vtg.h
-- Up-to-date: /home/constance/uuv_ws/install/include/ds_nmea_parsers/PixseAlgsts.h
-- Up-to-date: /home/constance/uuv_ws/install/include/ds_nmea_parsers/PixseStdspd.h
-- Up-to-date: /home/constance/uuv_ws/install/include/ds_nmea_parsers/Gga.h
-- Up-to-date: /home/constance/uuv_ws/install/include/ds_nmea_parsers/PixseFogest.h
-- Up-to-date: /home/constance/uuv_ws/install/include/ds_nmea_parsers/PixseConfig1Int.h
-- Up-to-date: /home/constance/uuv_ws/install/include/ds_nmea_parsers/PixseSpeed.h
-- Up-to-date: /home/constance/uuv_ws/install/include/ds_nmea_parsers/util.h
-- Up-to-date: /home/constance/uuv_ws/install/include/ds_nmea_parsers/Hdt.h
-- Up-to-date: /home/constance/uuv_ws/install/include/ds_nmea_parsers/PixseUtmwgs.h
-- Up-to-date: /home/constance/uuv_ws/install/include/ds_nmea_parsers/Tro.h
-- Up-to-date: /home/constance/uuv_ws/install/include/ds_nmea_parsers/PixseStdpos.h
