[35m[1mScanning dependencies of target roscpp_generate_messages_lisp[0m
[  0%] Built target roscpp_generate_messages_lisp
[35m[1mScanning dependencies of target rosgraph_msgs_generate_messages_nodejs[0m
[  0%] Built target rosgraph_msgs_generate_messages_nodejs
[35m[1mScanning dependencies of target ds_nmea_msgs_generate_messages_lisp[0m
[  0%] Built target ds_nmea_msgs_generate_messages_lisp
[35m[1mScanning dependencies of target roscpp_generate_messages_py[0m
[  0%] Built target roscpp_generate_messages_py
[35m[1mScanning dependencies of target std_msgs_generate_messages_py[0m
[  0%] Built target std_msgs_generate_messages_py
[35m[1mScanning dependencies of target std_msgs_generate_messages_cpp[0m
[  0%] Built target std_msgs_generate_messages_cpp
[35m[1mScanning dependencies of target ds_nmea_msgs_generate_messages_py[0m
[  0%] Built target ds_nmea_msgs_generate_messages_py
[35m[1mScanning dependencies of target roscpp_generate_messages_eus[0m
[  0%] Built target roscpp_generate_messages_eus
[35m[1mScanning dependencies of target ds_nmea_msgs_generate_messages_nodejs[0m
[  0%] Built target ds_nmea_msgs_generate_messages_nodejs
[35m[1mScanning dependencies of target std_msgs_generate_messages_lisp[0m
[  0%] Built target std_msgs_generate_messages_lisp
[35m[1mScanning dependencies of target rosgraph_msgs_generate_messages_lisp[0m
[  0%] Built target rosgraph_msgs_generate_messages_lisp
[35m[1mScanning dependencies of target rosgraph_msgs_generate_messages_py[0m
[  0%] Built target rosgraph_msgs_generate_messages_py
[35m[1mScanning dependencies of target ds_nmea_msgs_generate_messages_eus[0m
[  0%] Built target ds_nmea_msgs_generate_messages_eus
[35m[1mScanning dependencies of target roscpp_generate_messages_nodejs[0m
[  0%] Built target roscpp_generate_messages_nodejs
[35m[1mScanning dependencies of target rosgraph_msgs_generate_messages_cpp[0m
[  0%] Built target rosgraph_msgs_generate_messages_cpp
[35m[1mScanning dependencies of target std_msgs_generate_messages_eus[0m
[  0%] Built target std_msgs_generate_messages_eus
[35m[1mScanning dependencies of target rosgraph_msgs_generate_messages_eus[0m
[  0%] Built target rosgraph_msgs_generate_messages_eus
[35m[1mScanning dependencies of target ds_nmea_msgs_generate_messages_cpp[0m
[  0%] Built target ds_nmea_msgs_generate_messages_cpp
[35m[1mScanning dependencies of target std_msgs_generate_messages_nodejs[0m
[  0%] Built target std_msgs_generate_messages_nodejs
[35m[1mScanning dependencies of target roscpp_generate_messages_cpp[0m
[  0%] Built target roscpp_generate_messages_cpp
[35m[1mScanning dependencies of target ds_nmea_parsers[0m
[  4%] [32mBuilding CXX object CMakeFiles/ds_nmea_parsers.dir/src/ds_nmea_parsers/Hdt.cpp.o[0m
[  8%] [32mBuilding CXX object CMakeFiles/ds_nmea_parsers.dir/src/ds_nmea_parsers/Gll.cpp.o[0m
[ 12%] [32mBuilding CXX object CMakeFiles/ds_nmea_parsers.dir/src/ds_nmea_parsers/Vtg.cpp.o[0m
[ 16%] [32mBuilding CXX object CMakeFiles/ds_nmea_parsers.dir/src/ds_nmea_parsers/Gga.cpp.o[0m
[ 20%] [32mBuilding CXX object CMakeFiles/ds_nmea_parsers.dir/src/ds_nmea_parsers/Zda.cpp.o[0m
[ 24%] [32mBuilding CXX object CMakeFiles/ds_nmea_parsers.dir/src/ds_nmea_parsers/PixseAlgsts.cpp.o[0m
[ 28%] [32mBuilding CXX object CMakeFiles/ds_nmea_parsers.dir/src/ds_nmea_parsers/PixseAtitud.cpp.o[0m
[ 32%] [32mBuilding CXX object CMakeFiles/ds_nmea_parsers.dir/src/ds_nmea_parsers/PixseHeave.cpp.o[0m
[ 36%] [32mBuilding CXX object CMakeFiles/ds_nmea_parsers.dir/src/ds_nmea_parsers/PixseHspos.cpp.o[0m
[ 40%] [32mBuilding CXX object CMakeFiles/ds_nmea_parsers.dir/src/ds_nmea_parsers/PixseHtsts.cpp.o[0m
[ 44%] [32mBuilding CXX object CMakeFiles/ds_nmea_parsers.dir/src/ds_nmea_parsers/PixsePositi.cpp.o[0m
[ 48%] [32mBuilding CXX object CMakeFiles/ds_nmea_parsers.dir/src/ds_nmea_parsers/PixseSpeed.cpp.o[0m
[ 52%] [32mBuilding CXX object CMakeFiles/ds_nmea_parsers.dir/src/ds_nmea_parsers/PixseStatus.cpp.o[0m
[ 56%] [32mBuilding CXX object CMakeFiles/ds_nmea_parsers.dir/src/ds_nmea_parsers/PixseStdhrp.cpp.o[0m
[ 60%] [32mBuilding CXX object CMakeFiles/ds_nmea_parsers.dir/src/ds_nmea_parsers/PixseStdpos.cpp.o[0m
[ 64%] [32mBuilding CXX object CMakeFiles/ds_nmea_parsers.dir/src/ds_nmea_parsers/PixseStdspd.cpp.o[0m
[ 68%] [32mBuilding CXX object CMakeFiles/ds_nmea_parsers.dir/src/ds_nmea_parsers/PixseUtmwgs.cpp.o[0m
[ 72%] [32mBuilding CXX object CMakeFiles/ds_nmea_parsers.dir/src/ds_nmea_parsers/util.cpp.o[0m
[ 76%] [32mBuilding CXX object CMakeFiles/ds_nmea_parsers.dir/src/ds_nmea_parsers/Inf.cpp.o[0m
[ 80%] [32mBuilding CXX object CMakeFiles/ds_nmea_parsers.dir/src/ds_nmea_parsers/Tro.cpp.o[0m
[ 84%] [32mBuilding CXX object CMakeFiles/ds_nmea_parsers.dir/src/ds_nmea_parsers/PixseFogest.cpp.o[0m
[ 88%] [32mBuilding CXX object CMakeFiles/ds_nmea_parsers.dir/src/ds_nmea_parsers/PixseAccest.cpp.o[0m
[ 92%] [32mBuilding CXX object CMakeFiles/ds_nmea_parsers.dir/src/ds_nmea_parsers/PixseConfig1Int.cpp.o[0m
[ 96%] [32mBuilding CXX object CMakeFiles/ds_nmea_parsers.dir/src/ds_nmea_parsers/PixseConfig2Int.cpp.o[0m
[100%] [32m[1mLinking CXX shared library /home/constance/uuv_ws/devel/.private/ds_nmea_parsers/lib/libds_nmea_parsers.so[0m
[100%] Built target ds_nmea_parsers
